#
# A fatal error has been detected by the Java Runtime Environment:
#
#  SIGSEGV (0xb) at pc=0x00007f4fd3aad1db, pid=3163, tid=139982107735808
#
# JRE version: OpenJDK Runtime Environment (7.0_79-b14) (build 1.7.0_79-b14)
# Java VM: OpenJDK 64-Bit Server VM (24.79-b02 mixed mode linux-amd64 compressed oops)
# Derivative: IcedTea 2.5.5
# Distribution: Ubuntu 14.10, package 7u79-2.5.5-0ubuntu0.14.10.2
# Problematic frame:
# C  [libtesseract.so+0x25f1db]  ERRCODE::error(char const*, TessErrorLogCode, char const*, ...) const+0x16b
#
# Failed to write core dump. Core dumps have been disabled. To enable core dumping, try "ulimit -c unlimited" before starting Java again
#
# If you would like to submit a bug report, please include
# instructions on how to reproduce the bug and visit:
#   http://icedtea.classpath.org/bugzilla
# The crash happened outside the Java Virtual Machine in native code.
# See problematic frame for where to report the bug.
#

---------------  T H R E A D  ---------------

Current thread (0x00007f501800a000):  JavaThread "main" [_thread_in_native, id=3165, stack(0x00007f501fbe7000,0x00007f501fce8000)]

siginfo:si_signo=SIGSEGV: si_errno=0, si_code=1 (SEGV_MAPERR), si_addr=0x0000000000000000

Registers:
RAX=0x000000000000004e, RBX=0x00007f501fce4bbd, RCX=0x00007f501f6045bd, RDX=0x00007f501f8d89f0
RSP=0x00007f501fce4b70, RBP=0x00007f501fce4b90, RSI=0x000000000000004e, RDI=0x00007f501fce2340
R8 =0x00007f501fce7700, R9 =0x61646120656c6966, R10=0x00007f501f8d4be0, R11=0x0000000000000000
R12=0x0000000000000002, R13=0x00007f4fd3ab8277, R14=0x00007f4fd3d6d7c0, R15=0x00007f5018523ac0
RIP=0x00007f4fd3aad1db, EFLAGS=0x0000000000010246, CSGSFS=0x0000000000000033, ERR=0x0000000000000004
  TRAPNO=0x000000000000000e

Top of Stack: (sp=0x00007f501fce4b70)
0x00007f501fce4b70:   0000000000000000 0000003000000030
0x00007f501fce4b80:   00007f501fce5080 00007f501fce4fa0
0x00007f501fce4b90:   5464657470616441 736574616c706d65
0x00007f501fce4ba0:   4c4c554e203d2120 413a726f7272453a
0x00007f501fce4bb0:   6166207472657373 206e693a64656c69
0x00007f501fce4bc0:   61646120656c6966 2e686374616d7470
0x00007f501fce4bd0:   6e696c202c707063 00000a3938312065
0x00007f501fce4be0:   0000000000000000 0000000000000000
0x00007f501fce4bf0:   0000000000000000 0000000000000000
0x00007f501fce4c00:   0000000000000000 0000000000000000
0x00007f501fce4c10:   0000000000000000 0000000000000000
0x00007f501fce4c20:   0000000000000000 0000000000000000
0x00007f501fce4c30:   0000000000000000 0000000000000000
0x00007f501fce4c40:   0000000000000000 0000000000000000
0x00007f501fce4c50:   0000000000000000 0000000000000000
0x00007f501fce4c60:   0000000000000000 0000000000000000
0x00007f501fce4c70:   0000000000000000 0000000000000000
0x00007f501fce4c80:   0000000000000000 0000000000000000
0x00007f501fce4c90:   0000000000000000 0000000000000000
0x00007f501fce4ca0:   0000000000000000 0000000000000000
0x00007f501fce4cb0:   0000000000000000 0000000000000000
0x00007f501fce4cc0:   0000000000000000 0000000000000000
0x00007f501fce4cd0:   0000000000000000 0000000000000000
0x00007f501fce4ce0:   0000000000000000 0000000000000000
0x00007f501fce4cf0:   0000000000000000 0000000000000000
0x00007f501fce4d00:   0000000000000000 0000000000000000
0x00007f501fce4d10:   0000000000000000 0000000000000000
0x00007f501fce4d20:   0000000000000000 0000000000000000
0x00007f501fce4d30:   0000000000000000 0000000000000000
0x00007f501fce4d40:   0000000000000000 0000000000000000
0x00007f501fce4d50:   0000000000000000 0000000000000000
0x00007f501fce4d60:   0000000000000000 0000000000000000 

Instructions: (pc=0x00007f4fd3aad1db)
0x00007f4fd3aad1bb:   be 01 00 00 00 48 8b 38 31 c0 e8 c6 91 e3 ff 41
0x00007f4fd3aad1cb:   83 fc ff 7c 18 45 85 e4 7e 2f 41 83 fc 02 7f 0d
0x00007f4fd3aad1db:   8b 04 25 00 00 00 00 0f 0b 0f 1f 40 00 48 8d 35
0x00007f4fd3aad1eb:   d1 b0 01 00 48 8d 3d 92 26 50 00 31 c9 ba 02 00 

Register to memory mapping:

RAX=0x000000000000004e is an unknown value
RBX=0x00007f501fce4bbd is pointing into the stack for thread: 0x00007f501800a000
RCX=0x00007f501f6045bd: __write+0x2d in /lib/x86_64-linux-gnu/libc.so.6 at 0x00007f501f519000
RDX=0x00007f501f8d89f0: <offset 0x3bf9f0> in /lib/x86_64-linux-gnu/libc.so.6 at 0x00007f501f519000
RSP=0x00007f501fce4b70 is pointing into the stack for thread: 0x00007f501800a000
RBP=0x00007f501fce4b90 is pointing into the stack for thread: 0x00007f501800a000
RSI=0x000000000000004e is an unknown value
RDI=0x00007f501fce2340 is pointing into the stack for thread: 0x00007f501800a000
R8 =0x00007f501fce7700 is pointing into the stack for thread: 0x00007f501800a000
R9 =0x61646120656c6966 is an unknown value
R10=0x00007f501f8d4be0: <offset 0x3bbbe0> in /lib/x86_64-linux-gnu/libc.so.6 at 0x00007f501f519000
R11=0x0000000000000000 is an unknown value
R12=0x0000000000000002 is an unknown value
R13=0x00007f4fd3ab8277: <offset 0x26a277> in /usr/local/lib/libtesseract.so at 0x00007f4fd384e000
R14=0x00007f4fd3d6d7c0: <offset 0x51f7c0> in /usr/local/lib/libtesseract.so at 0x00007f4fd384e000
R15=0x00007f5018523ac0 is an unknown value


Stack: [0x00007f501fbe7000,0x00007f501fce8000],  sp=0x00007f501fce4b70,  free space=1014k
Native frames: (J=compiled Java code, j=interpreted, Vv=VM code, C=native code)
C  [libtesseract.so+0x25f1db]  ERRCODE::error(char const*, TessErrorLogCode, char const*, ...) const+0x16b

Java frames: (J=compiled Java code, j=interpreted, Vv=VM code)
j  com.sun.jna.Native.invokePointer(JI[Ljava/lang/Object;)J+0
j  com.sun.jna.Function.invokePointer(I[Ljava/lang/Object;)Lcom/sun/jna/Pointer;+6
j  com.sun.jna.Function.invoke([Ljava/lang/Object;Ljava/lang/Class;Z)Ljava/lang/Object;+426
j  com.sun.jna.Function.invoke(Ljava/lang/Class;[Ljava/lang/Object;Ljava/util/Map;)Ljava/lang/Object;+262
j  com.sun.jna.Library$Handler.invoke(Ljava/lang/Object;Ljava/lang/reflect/Method;[Ljava/lang/Object;)Ljava/lang/Object;+316
j  com.sun.proxy.$Proxy0.TessBaseAPIGetUTF8Text(Lnet/sourceforge/tess4j/ITessAPI$TessBaseAPI;)Lcom/sun/jna/Pointer;+16
j  net.sourceforge.tess4j.Tesseract.getOCRText(Ljava/lang/String;I)Ljava/lang/String;+62
j  net.sourceforge.tess4j.Tesseract.doOCR(Ljava/util/List;Ljava/lang/String;Ljava/awt/Rectangle;)Ljava/lang/String;+69
j  net.sourceforge.tess4j.Tesseract.doOCR(Ljava/io/File;Ljava/awt/Rectangle;)Ljava/lang/String;+10
j  net.sourceforge.tess4j.Tesseract.doOCR(Ljava/io/File;)Ljava/lang/String;+3
j  OCREngine.doOCR(Ljava/io/File;)Ljava/lang/String;+5
j  Main.main([Ljava/lang/String;)V+23
v  ~StubRoutines::call_stub

---------------  P R O C E S S  ---------------

Java Threads: ( => current thread )
  0x00007f50181d0800 JavaThread "Java2D Disposer" daemon [_thread_blocked, id=3182, stack(0x00007f4ff8679000,0x00007f4ff877a000)]
  0x00007f50180af000 JavaThread "Service Thread" daemon [_thread_blocked, id=3180, stack(0x00007f500e7cb000,0x00007f500e8cc000)]
  0x00007f50180ad000 JavaThread "C2 CompilerThread1" daemon [_thread_blocked, id=3179, stack(0x00007f500e8cc000,0x00007f500e9cd000)]
  0x00007f50180aa000 JavaThread "C2 CompilerThread0" daemon [_thread_blocked, id=3178, stack(0x00007f500e9cd000,0x00007f500eace000)]
  0x00007f50180a7800 JavaThread "Signal Dispatcher" daemon [_thread_blocked, id=3177, stack(0x00007f500eace000,0x00007f500ebcf000)]
  0x00007f501807c800 JavaThread "Finalizer" daemon [_thread_blocked, id=3176, stack(0x00007f500f2b1000,0x00007f500f3b2000)]
  0x00007f501807a000 JavaThread "Reference Handler" daemon [_thread_blocked, id=3175, stack(0x00007f500f3b2000,0x00007f500f4b3000)]
=>0x00007f501800a000 JavaThread "main" [_thread_in_native, id=3165, stack(0x00007f501fbe7000,0x00007f501fce8000)]

Other Threads:
  0x00007f5018075800 VMThread [stack: 0x00007f500f4b3000,0x00007f500f5b4000] [id=3174]
  0x00007f50180ba000 WatcherThread [stack: 0x00007f500e6ca000,0x00007f500e7cb000] [id=3181]

VM state:not at safepoint (normal execution)

VM Mutex/Monitor currently owned by a thread: None

Heap
 PSYoungGen      total 37376K, used 14248K [0x00000007d6e80000, 0x00000007d9800000, 0x0000000800000000)
  eden space 32256K, 44% used [0x00000007d6e80000,0x00000007d7c6a008,0x00000007d8e00000)
  from space 5120K, 0% used [0x00000007d9300000,0x00000007d9300000,0x00000007d9800000)
  to   space 5120K, 0% used [0x00000007d8e00000,0x00000007d8e00000,0x00000007d9300000)
 ParOldGen       total 83968K, used 0K [0x0000000784c00000, 0x0000000789e00000, 0x00000007d6e80000)
  object space 83968K, 0% used [0x0000000784c00000,0x0000000784c00000,0x0000000789e00000)
 PSPermGen       total 21504K, used 7742K [0x000000077a600000, 0x000000077bb00000, 0x0000000784c00000)
  object space 21504K, 36% used [0x000000077a600000,0x000000077ad8fac0,0x000000077bb00000)

Card table byte_map: [0x00007f501c3b7000,0x00007f501c7e5000] byte_map_base: 0x00007f50187e4000

Polling page: 0x00007f501fd0a000

Code Cache  [0x00007f5015000000, 0x00007f5015270000, 0x00007f5018000000)
 total_blobs=312 nmethods=37 adapters=228 free_code_cache=48633Kb largest_free_block=49777472

Compilation events (10 events):
Event: 0.394 Thread 0x00007f50180aa000 nmethod 32% 0x00007f5015080190 code [0x00007f5015080340, 0x00007f5015080c18]
Event: 0.412 Thread 0x00007f50180aa000   34             java.lang.AbstractStringBuilder::append (48 bytes)
Event: 0.418 Thread 0x00007f50180aa000 nmethod 34 0x00007f5015081590 code [0x00007f5015081700, 0x00007f5015081ad8]
Event: 0.418 Thread 0x00007f50180aa000   35             java.lang.String::getChars (62 bytes)
Event: 0.420 Thread 0x00007f50180aa000 nmethod 35 0x00007f501507a9d0 code [0x00007f501507ab20, 0x00007f501507ac58]
Event: 0.428 Thread 0x00007f50180ad000 nmethod 33 0x00007f5015084f50 code [0x00007f5015085120, 0x00007f5015086af8]
Event: 0.428 Thread 0x00007f50180aa000   36             java.lang.StringBuilder::append (8 bytes)
Event: 0.429 Thread 0x00007f50180ad000   37             java.util.Arrays::copyOfRange (63 bytes)
Event: 0.432 Thread 0x00007f50180ad000 nmethod 37 0x00007f501507fcd0 code [0x00007f501507fe20, 0x00007f5015080038]
Event: 0.433 Thread 0x00007f50180aa000 nmethod 36 0x00007f5015084650 code [0x00007f50150847c0, 0x00007f5015084b98]

GC Heap History (0 events):
No events

Deoptimization events (5 events):
Event: 0.315 Thread 0x00007f501800a000 Uncommon trap: reason=bimorphic action=maybe_recompile pc=0x00007f5015078304 method=java.util.HashMap.getEntry(Ljava/lang/Object;)Ljava/util/HashMap$Entry; @ 68
Event: 0.316 Thread 0x00007f501800a000 Uncommon trap: reason=bimorphic action=maybe_recompile pc=0x00007f5015078304 method=java.util.HashMap.getEntry(Ljava/lang/Object;)Ljava/util/HashMap$Entry; @ 68
Event: 0.317 Thread 0x00007f501800a000 Uncommon trap: reason=bimorphic action=maybe_recompile pc=0x00007f5015078304 method=java.util.HashMap.getEntry(Ljava/lang/Object;)Ljava/util/HashMap$Entry; @ 68
Event: 0.317 Thread 0x00007f501800a000 Uncommon trap: reason=bimorphic action=maybe_recompile pc=0x00007f5015078304 method=java.util.HashMap.getEntry(Ljava/lang/Object;)Ljava/util/HashMap$Entry; @ 68
Event: 0.318 Thread 0x00007f501800a000 Uncommon trap: reason=bimorphic action=maybe_recompile pc=0x00007f501506e724 method=java.util.HashMap.getEntry(Ljava/lang/Object;)Ljava/util/HashMap$Entry; @ 68

Internal exceptions (10 events):
Event: 0.431 Thread 0x00007f501800a000 Threw 0x00000007d7bbb2d8 at /build/buildd/openjdk-7-7u79-2.5.5/build/openjdk/hotspot/src/share/vm/prims/jvm.cpp:1284
Event: 0.431 Thread 0x00007f501800a000 Threw 0x00000007d7bc0e28 at /build/buildd/openjdk-7-7u79-2.5.5/build/openjdk/hotspot/src/share/vm/prims/jvm.cpp:1284
Event: 0.431 Thread 0x00007f501800a000 Threw 0x00000007d7bc61d8 at /build/buildd/openjdk-7-7u79-2.5.5/build/openjdk/hotspot/src/share/vm/prims/jvm.cpp:1284
Event: 0.432 Thread 0x00007f501800a000 Threw 0x00000007d7bcc898 at /build/buildd/openjdk-7-7u79-2.5.5/build/openjdk/hotspot/src/share/vm/prims/jvm.cpp:1284
Event: 0.432 Thread 0x00007f501800a000 Threw 0x00000007d7bd1e40 at /build/buildd/openjdk-7-7u79-2.5.5/build/openjdk/hotspot/src/share/vm/prims/jvm.cpp:1284
Event: 0.432 Thread 0x00007f501800a000 Threw 0x00000007d7bd73d8 at /build/buildd/openjdk-7-7u79-2.5.5/build/openjdk/hotspot/src/share/vm/prims/jvm.cpp:1284
Event: 0.433 Thread 0x00007f501800a000 Threw 0x00000007d7bdc7f0 at /build/buildd/openjdk-7-7u79-2.5.5/build/openjdk/hotspot/src/share/vm/prims/jvm.cpp:1284
Event: 0.433 Thread 0x00007f501800a000 Threw 0x00000007d7be1c88 at /build/buildd/openjdk-7-7u79-2.5.5/build/openjdk/hotspot/src/share/vm/prims/jvm.cpp:1284
Event: 0.433 Thread 0x00007f501800a000 Threw 0x00000007d7be70e8 at /build/buildd/openjdk-7-7u79-2.5.5/build/openjdk/hotspot/src/share/vm/prims/jvm.cpp:1284
Event: 0.437 Thread 0x00007f501800a000 Threw 0x00000007d7c427a8 at /build/buildd/openjdk-7-7u79-2.5.5/build/openjdk/hotspot/src/share/vm/prims/jvm.cpp:1284

Events (10 events):
Event: 0.434 loading class 0x00007f501819f650
Event: 0.434 loading class 0x00007f501819f650 done
Event: 0.434 loading class 0x00007f5018199ca0
Event: 0.434 loading class 0x00007f5018199ca0 done
Event: 0.434 loading class 0x00007f4fdc015c10
Event: 0.434 loading class 0x00007f4fdc015c10 done
Event: 0.437 loading class 0x00007f5018011700
Event: 0.437 loading class 0x00007f5018011700 done
Event: 0.437 loading class 0x00007f501822f1d0
Event: 0.437 loading class 0x00007f501822f1d0 done


Dynamic libraries:
00400000-00401000 r-xp 00000000 08:05 298468                             /usr/lib/jvm/java-7-openjdk-amd64/jre/bin/java
00600000-00601000 r--p 00000000 08:05 298468                             /usr/lib/jvm/java-7-openjdk-amd64/jre/bin/java
00601000-00602000 rw-p 00001000 08:05 298468                             /usr/lib/jvm/java-7-openjdk-amd64/jre/bin/java
01698000-016b9000 rw-p 00000000 00:00 0                                  [heap]
77a600000-77bb00000 rw-p 00000000 00:00 0 
77bb00000-784c00000 rw-p 00000000 00:00 0 
784c00000-789e00000 rw-p 00000000 00:00 0 
789e00000-7d6e80000 rw-p 00000000 00:00 0 
7d6e80000-7d9800000 rw-p 00000000 00:00 0 
7d9800000-800000000 rw-p 00000000 00:00 0 
7f4fd291f000-7f4fd2936000 r-xp 00000000 08:05 298523                     /usr/lib/jvm/java-7-openjdk-amd64/jre/lib/amd64/libnet.so
7f4fd2936000-7f4fd2b35000 ---p 00017000 08:05 298523                     /usr/lib/jvm/java-7-openjdk-amd64/jre/lib/amd64/libnet.so
7f4fd2b35000-7f4fd2b36000 r--p 00016000 08:05 298523                     /usr/lib/jvm/java-7-openjdk-amd64/jre/lib/amd64/libnet.so
7f4fd2b36000-7f4fd2b37000 rw-p 00017000 08:05 298523                     /usr/lib/jvm/java-7-openjdk-amd64/jre/lib/amd64/libnet.so
7f4fd2b37000-7f4fd2b48000 r-xp 00000000 08:05 298494                     /usr/lib/jvm/java-7-openjdk-amd64/jre/lib/amd64/libnio.so
7f4fd2b48000-7f4fd2d47000 ---p 00011000 08:05 298494                     /usr/lib/jvm/java-7-openjdk-amd64/jre/lib/amd64/libnio.so
7f4fd2d47000-7f4fd2d48000 r--p 00010000 08:05 298494                     /usr/lib/jvm/java-7-openjdk-amd64/jre/lib/amd64/libnio.so
7f4fd2d48000-7f4fd2d49000 rw-p 00011000 08:05 298494                     /usr/lib/jvm/java-7-openjdk-amd64/jre/lib/amd64/libnio.so
7f4fd2d49000-7f4fd2d54000 r-xp 00000000 08:05 275200                     /usr/lib/x86_64-linux-gnu/libjbig.so.0
7f4fd2d54000-7f4fd2f53000 ---p 0000b000 08:05 275200                     /usr/lib/x86_64-linux-gnu/libjbig.so.0
7f4fd2f53000-7f4fd2f54000 r--p 0000a000 08:05 275200                     /usr/lib/x86_64-linux-gnu/libjbig.so.0
7f4fd2f54000-7f4fd2f57000 rw-p 0000b000 08:05 275200                     /usr/lib/x86_64-linux-gnu/libjbig.so.0
7f4fd2f57000-7f4fd2f78000 r-xp 00000000 08:05 5508                       /lib/x86_64-linux-gnu/liblzma.so.5.0.0
7f4fd2f78000-7f4fd3177000 ---p 00021000 08:05 5508                       /lib/x86_64-linux-gnu/liblzma.so.5.0.0
7f4fd3177000-7f4fd3178000 r--p 00020000 08:05 5508                       /lib/x86_64-linux-gnu/liblzma.so.5.0.0
7f4fd3178000-7f4fd3179000 rw-p 00021000 08:05 5508                       /lib/x86_64-linux-gnu/liblzma.so.5.0.0
7f4fd3179000-7f4fd31cf000 r-xp 00000000 08:05 275649                     /usr/lib/x86_64-linux-gnu/libwebp.so.5.0.1
7f4fd31cf000-7f4fd33ce000 ---p 00056000 08:05 275649                     /usr/lib/x86_64-linux-gnu/libwebp.so.5.0.1
7f4fd33ce000-7f4fd33cf000 r--p 00055000 08:05 275649                     /usr/lib/x86_64-linux-gnu/libwebp.so.5.0.1
7f4fd33cf000-7f4fd33d1000 rw-p 00056000 08:05 275649                     /usr/lib/x86_64-linux-gnu/libwebp.so.5.0.1
7f4fd33d1000-7f4fd3441000 r-xp 00000000 08:05 282436                     /usr/lib/x86_64-linux-gnu/libtiff.so.5.2.0
7f4fd3441000-7f4fd3640000 ---p 00070000 08:05 282436                     /usr/lib/x86_64-linux-gnu/libtiff.so.5.2.0
7f4fd3640000-7f4fd3642000 r--p 0006f000 08:05 282436                     /usr/lib/x86_64-linux-gnu/libtiff.so.5.2.0
7f4fd3642000-7f4fd3645000 rw-p 00071000 08:05 282436                     /usr/lib/x86_64-linux-gnu/libtiff.so.5.2.0
7f4fd3645000-7f4fd364d000 r-xp 00000000 08:05 298656                     /usr/lib/x86_64-linux-gnu/libgif.so.4.1.6
7f4fd364d000-7f4fd384c000 ---p 00008000 08:05 298656                     /usr/lib/x86_64-linux-gnu/libgif.so.4.1.6
7f4fd384c000-7f4fd384d000 r--p 00007000 08:05 298656                     /usr/lib/x86_64-linux-gnu/libgif.so.4.1.6
7f4fd384d000-7f4fd384e000 rw-p 00008000 08:05 298656                     /usr/lib/x86_64-linux-gnu/libgif.so.4.1.6
7f4fd384e000-7f4fd3b5d000 r-xp 00000000 08:05 310073                     /usr/local/lib/libtesseract.so.3.0.4
7f4fd3b5d000-7f4fd3d5c000 ---p 0030f000 08:05 310073                     /usr/local/lib/libtesseract.so.3.0.4
7f4fd3d5c000-7f4fd3d62000 r--p 0030e000 08:05 310073                     /usr/local/lib/libtesseract.so.3.0.4
7f4fd3d62000-7f4fd3d6a000 rw-p 00314000 08:05 310073                     /usr/local/lib/libtesseract.so.3.0.4
7f4fd3d6a000-7f4fd4000000 rw-p 00000000 00:00 0 
7f4fd4000000-7f4fd4021000 rw-p 00000000 00:00 0 
7f4fd4021000-7f4fd8000000 ---p 00000000 00:00 0 
7f4fd8000000-7f4fd8021000 rw-p 00000000 00:00 0 
7f4fd8021000-7f4fdc000000 ---p 00000000 00:00 0 
7f4fdc000000-7f4fdc256000 rw-p 00000000 00:00 0 
7f4fdc256000-7f4fe0000000 ---p 00000000 00:00 0 
7f4fe0000000-7f4fe0021000 rw-p 00000000 00:00 0 
7f4fe0021000-7f4fe4000000 ---p 00000000 00:00 0 
7f4fe4000000-7f4fe4021000 rw-p 00000000 00:00 0 
7f4fe4021000-7f4fe8000000 ---p 00000000 00:00 0 
7f4fe8000000-7f4fe8285000 rw-p 00000000 00:00 0 
7f4fe8285000-7f4fec000000 ---p 00000000 00:00 0 
7f4fec000000-7f4fec021000 rw-p 00000000 00:00 0 
7f4fec021000-7f4ff0000000 ---p 00000000 00:00 0 
7f4ff0000000-7f4ff0021000 rw-p 00000000 00:00 0 
7f4ff0021000-7f4ff4000000 ---p 00000000 00:00 0 
7f4ff4000000-7f4ff4021000 rw-p 00000000 00:00 0 
7f4ff4021000-7f4ff8000000 ---p 00000000 00:00 0 
7f4ff8155000-7f4ff835a000 r-xp 00000000 08:05 310004                     /usr/lib/liblept.so.4.0.2
7f4ff835a000-7f4ff855a000 ---p 00205000 08:05 310004                     /usr/lib/liblept.so.4.0.2
7f4ff855a000-7f4ff855b000 r--p 00205000 08:05 310004                     /usr/lib/liblept.so.4.0.2
7f4ff855b000-7f4ff8561000 rw-p 00206000 08:05 310004                     /usr/lib/liblept.so.4.0.2
7f4ff8561000-7f4ff8578000 r-xp 00000000 08:05 35011                      /tmp/jna-105408/jna3911000729978769766.tmp (deleted)
7f4ff8578000-7f4ff8677000 ---p 00017000 08:05 35011                      /tmp/jna-105408/jna3911000729978769766.tmp (deleted)
7f4ff8677000-7f4ff8679000 rw-p 00016000 08:05 35011                      /tmp/jna-105408/jna3911000729978769766.tmp (deleted)
7f4ff8679000-7f4ff867c000 ---p 00000000 00:00 0 
7f4ff867c000-7f4ff877a000 rw-p 00000000 00:00 0                          [stack:3182]
7f4ff877a000-7f4ff87bd000 r-xp 00000000 08:05 275202                     /usr/lib/x86_64-linux-gnu/libjpeg.so.8.0.2
7f4ff87bd000-7f4ff89bd000 ---p 00043000 08:05 275202                     /usr/lib/x86_64-linux-gnu/libjpeg.so.8.0.2
7f4ff89bd000-7f4ff89be000 r--p 00043000 08:05 275202                     /usr/lib/x86_64-linux-gnu/libjpeg.so.8.0.2
7f4ff89be000-7f4ff89bf000 rw-p 00044000 08:05 275202                     /usr/lib/x86_64-linux-gnu/libjpeg.so.8.0.2
7f4ff89bf000-7f4ff89cf000 rw-p 00000000 00:00 0 
7f4ff89cf000-7f4ff89d9000 r-xp 00000000 08:05 298497                     /usr/lib/jvm/java-7-openjdk-amd64/jre/lib/amd64/libjavajpeg.so
7f4ff89d9000-7f4ff8bd8000 ---p 0000a000 08:05 298497                     /usr/lib/jvm/java-7-openjdk-amd64/jre/lib/amd64/libjavajpeg.so
7f4ff8bd8000-7f4ff8bd9000 r--p 00009000 08:05 298497                     /usr/lib/jvm/java-7-openjdk-amd64/jre/lib/amd64/libjavajpeg.so
7f4ff8bd9000-7f4ff8bda000 rw-p 0000a000 08:05 298497                     /usr/lib/jvm/java-7-openjdk-amd64/jre/lib/amd64/libjavajpeg.so
7f4ff8bda000-7f4ff8bdd000 r-xp 00000000 08:05 5504                       /lib/x86_64-linux-gnu/libkeyutils.so.1.5
7f4ff8bdd000-7f4ff8ddc000 ---p 00003000 08:05 5504                       /lib/x86_64-linux-gnu/libkeyutils.so.1.5
7f4ff8ddc000-7f4ff8ddd000 r--p 00002000 08:05 5504                       /lib/x86_64-linux-gnu/libkeyutils.so.1.5
7f4ff8ddd000-7f4ff8dde000 rw-p 00003000 08:05 5504                       /lib/x86_64-linux-gnu/libkeyutils.so.1.5
7f4ff8dde000-7f4ff8e4a000 r-xp 00000000 08:05 5568                       /lib/x86_64-linux-gnu/libpcre.so.3.13.1
7f4ff8e4a000-7f4ff9049000 ---p 0006c000 08:05 5568                       /lib/x86_64-linux-gnu/libpcre.so.3.13.1
7f4ff9049000-7f4ff904a000 r--p 0006b000 08:05 5568                       /lib/x86_64-linux-gnu/libpcre.so.3.13.1
7f4ff904a000-7f4ff904b000 rw-p 0006c000 08:05 5568                       /lib/x86_64-linux-gnu/libpcre.so.3.13.1
7f4ff904b000-7f4ff9070000 r-xp 00000000 08:05 5580                       /lib/x86_64-linux-gnu/libpng12.so.0.51.0
7f4ff9070000-7f4ff926f000 ---p 00025000 08:05 5580                       /lib/x86_64-linux-gnu/libpng12.so.0.51.0
7f4ff926f000-7f4ff9270000 r--p 00024000 08:05 5580                       /lib/x86_64-linux-gnu/libpng12.so.0.51.0
7f4ff9270000-7f4ff9271000 rw-p 00025000 08:05 5580                       /lib/x86_64-linux-gnu/libpng12.so.0.51.0
7f4ff9271000-7f4ff92b7000 r-xp 00000000 08:05 20376                      /lib/x86_64-linux-gnu/libdbus-1.so.3.8.7
7f4ff92b7000-7f4ff94b6000 ---p 00046000 08:05 20376                      /lib/x86_64-linux-gnu/libdbus-1.so.3.8.7
7f4ff94b6000-7f4ff94b8000 r--p 00045000 08:05 20376                      /lib/x86_64-linux-gnu/libdbus-1.so.3.8.7
7f4ff94b8000-7f4ff94b9000 rw-p 00047000 08:05 20376                      /lib/x86_64-linux-gnu/libdbus-1.so.3.8.7
7f4ff94b9000-7f4ff9537000 r-xp 00000000 08:05 274990                     /usr/lib/x86_64-linux-gnu/libgmp.so.10.2.0
7f4ff9537000-7f4ff9737000 ---p 0007e000 08:05 274990                     /usr/lib/x86_64-linux-gnu/libgmp.so.10.2.0
7f4ff9737000-7f4ff9738000 r--p 0007e000 08:05 274990                     /usr/lib/x86_64-linux-gnu/libgmp.so.10.2.0
7f4ff9738000-7f4ff9739000 rw-p 0007f000 08:05 274990                     /usr/lib/x86_64-linux-gnu/libgmp.so.10.2.0
7f4ff9739000-7f4ff9765000 r-xp 00000000 08:05 275147                     /usr/lib/x86_64-linux-gnu/libhogweed.so.2.5
7f4ff9765000-7f4ff9965000 ---p 0002c000 08:05 275147                     /usr/lib/x86_64-linux-gnu/libhogweed.so.2.5
7f4ff9965000-7f4ff9966000 r--p 0002c000 08:05 275147                     /usr/lib/x86_64-linux-gnu/libhogweed.so.2.5
7f4ff9966000-7f4ff9967000 rw-p 0002d000 08:05 275147                     /usr/lib/x86_64-linux-gnu/libhogweed.so.2.5
7f4ff9967000-7f4ff9996000 r-xp 00000000 08:05 275284                     /usr/lib/x86_64-linux-gnu/libnettle.so.4.7
7f4ff9996000-7f4ff9b96000 ---p 0002f000 08:05 275284                     /usr/lib/x86_64-linux-gnu/libnettle.so.4.7
7f4ff9b96000-7f4ff9b97000 r--p 0002f000 08:05 275284                     /usr/lib/x86_64-linux-gnu/libnettle.so.4.7
7f4ff9b97000-7f4ff9b98000 rw-p 00030000 08:05 275284                     /usr/lib/x86_64-linux-gnu/libnettle.so.4.7
7f4ff9b98000-7f4ff9ba9000 r-xp 00000000 08:05 268069                     /usr/lib/x86_64-linux-gnu/libtasn1.so.6.3.0
7f4ff9ba9000-7f4ff9da9000 ---p 00011000 08:05 268069                     /usr/lib/x86_64-linux-gnu/libtasn1.so.6.3.0
7f4ff9da9000-7f4ff9daa000 r--p 00011000 08:05 268069                     /usr/lib/x86_64-linux-gnu/libtasn1.so.6.3.0
7f4ff9daa000-7f4ff9dab000 rw-p 00012000 08:05 268069                     /usr/lib/x86_64-linux-gnu/libtasn1.so.6.3.0
7f4ff9dab000-7f4ff9de6000 r-xp 00000000 08:05 275334                     /usr/lib/x86_64-linux-gnu/libp11-kit.so.0.0.0
7f4ff9de6000-7f4ff9fe5000 ---p 0003b000 08:05 275334                     /usr/lib/x86_64-linux-gnu/libp11-kit.so.0.0.0
7f4ff9fe5000-7f4ff9feb000 r--p 0003a000 08:05 275334                     /usr/lib/x86_64-linux-gnu/libp11-kit.so.0.0.0
7f4ff9feb000-7f4ff9fed000 rw-p 00040000 08:05 275334                     /usr/lib/x86_64-linux-gnu/libp11-kit.so.0.0.0
7f4ff9fed000-7f4ff9ff7000 r-xp 00000000 08:05 274434                     /usr/lib/x86_64-linux-gnu/libkrb5support.so.0.1
7f4ff9ff7000-7f4ffa1f6000 ---p 0000a000 08:05 274434                     /usr/lib/x86_64-linux-gnu/libkrb5support.so.0.1
7f4ffa1f6000-7f4ffa1f7000 r--p 00009000 08:05 274434                     /usr/lib/x86_64-linux-gnu/libkrb5support.so.0.1
7f4ffa1f7000-7f4ffa1f8000 rw-p 0000a000 08:05 274434                     /usr/lib/x86_64-linux-gnu/libkrb5support.so.0.1
7f4ffa1f8000-7f4ffa1fb000 r-xp 00000000 08:05 19397                      /lib/x86_64-linux-gnu/libcom_err.so.2.1
7f4ffa1fb000-7f4ffa3fa000 ---p 00003000 08:05 19397                      /lib/x86_64-linux-gnu/libcom_err.so.2.1
7f4ffa3fa000-7f4ffa3fb000 r--p 00002000 08:05 19397                      /lib/x86_64-linux-gnu/libcom_err.so.2.1
7f4ffa3fb000-7f4ffa3fc000 rw-p 00003000 08:05 19397                      /lib/x86_64-linux-gnu/libcom_err.so.2.1
7f4ffa3fc000-7f4ffa429000 r-xp 00000000 08:05 274437                     /usr/lib/x86_64-linux-gnu/libk5crypto.so.3.1
7f4ffa429000-7f4ffa628000 ---p 0002d000 08:05 274437                     /usr/lib/x86_64-linux-gnu/libk5crypto.so.3.1
7f4ffa628000-7f4ffa62a000 r--p 0002c000 08:05 274437                     /usr/lib/x86_64-linux-gnu/libk5crypto.so.3.1
7f4ffa62a000-7f4ffa62b000 rw-p 0002e000 08:05 274437                     /usr/lib/x86_64-linux-gnu/libk5crypto.so.3.1
7f4ffa62b000-7f4ffa62c000 rw-p 00000000 00:00 0 
7f4ffa62c000-7f4ffa6ec000 r-xp 00000000 08:05 274432                     /usr/lib/x86_64-linux-gnu/libkrb5.so.3.3
7f4ffa6ec000-7f4ffa8ec000 ---p 000c0000 08:05 274432                     /usr/lib/x86_64-linux-gnu/libkrb5.so.3.3
7f4ffa8ec000-7f4ffa8f9000 r--p 000c0000 08:05 274432                     /usr/lib/x86_64-linux-gnu/libkrb5.so.3.3
7f4ffa8f9000-7f4ffa8fb000 rw-p 000cd000 08:05 274432                     /usr/lib/x86_64-linux-gnu/libkrb5.so.3.3
7f4ffa8fb000-7f4ffa900000 r-xp 00000000 08:05 274588                     /usr/lib/x86_64-linux-gnu/libXdmcp.so.6.0.0
7f4ffa900000-7f4ffaaff000 ---p 00005000 08:05 274588                     /usr/lib/x86_64-linux-gnu/libXdmcp.so.6.0.0
7f4ffaaff000-7f4ffab00000 r--p 00004000 08:05 274588                     /usr/lib/x86_64-linux-gnu/libXdmcp.so.6.0.0
7f4ffab00000-7f4ffab01000 rw-p 00005000 08:05 274588                     /usr/lib/x86_64-linux-gnu/libXdmcp.so.6.0.0
7f4ffab01000-7f4ffab03000 r-xp 00000000 08:05 274577                     /usr/lib/x86_64-linux-gnu/libXau.so.6.0.0
7f4ffab03000-7f4ffad03000 ---p 00002000 08:05 274577                     /usr/lib/x86_64-linux-gnu/libXau.so.6.0.0
7f4ffad03000-7f4ffad04000 r--p 00002000 08:05 274577                     /usr/lib/x86_64-linux-gnu/libXau.so.6.0.0
7f4ffad04000-7f4ffad05000 rw-p 00003000 08:05 274577                     /usr/lib/x86_64-linux-gnu/libXau.so.6.0.0
7f4ffad05000-7f4ffad0c000 r-xp 00000000 08:05 274877                     /usr/lib/x86_64-linux-gnu/libffi.so.6.0.2
7f4ffad0c000-7f4ffaf0b000 ---p 00007000 08:05 274877                     /usr/lib/x86_64-linux-gnu/libffi.so.6.0.2
7f4ffaf0b000-7f4ffaf0c000 r--p 00006000 08:05 274877                     /usr/lib/x86_64-linux-gnu/libffi.so.6.0.2
7f4ffaf0c000-7f4ffaf0d000 rw-p 00007000 08:05 274877                     /usr/lib/x86_64-linux-gnu/libffi.so.6.0.2
7f4ffaf0d000-7f4ffaf24000 r-xp 00000000 08:05 19311                      /lib/x86_64-linux-gnu/libresolv-2.19.so
7f4ffaf24000-7f4ffb124000 ---p 00017000 08:05 19311                      /lib/x86_64-linux-gnu/libresolv-2.19.so
7f4ffb124000-7f4ffb125000 r--p 00017000 08:05 19311                      /lib/x86_64-linux-gnu/libresolv-2.19.so
7f4ffb125000-7f4ffb126000 rw-p 00018000 08:05 19311                      /lib/x86_64-linux-gnu/libresolv-2.19.so
7f4ffb126000-7f4ffb128000 rw-p 00000000 00:00 0 
7f4ffb128000-7f4ffb149000 r-xp 00000000 08:05 5595                       /lib/x86_64-linux-gnu/libselinux.so.1
7f4ffb149000-7f4ffb348000 ---p 00021000 08:05 5595                       /lib/x86_64-linux-gnu/libselinux.so.1
7f4ffb348000-7f4ffb349000 r--p 00020000 08:05 5595                       /lib/x86_64-linux-gnu/libselinux.so.1
7f4ffb349000-7f4ffb34a000 rw-p 00021000 08:05 5595                       /lib/x86_64-linux-gnu/libselinux.so.1
7f4ffb34a000-7f4ffb34c000 rw-p 00000000 00:00 0 
7f4ffb34c000-7f4ffb458000 r-xp 00000000 08:05 5294                       /lib/x86_64-linux-gnu/libglib-2.0.so.0.4200.1
7f4ffb458000-7f4ffb658000 ---p 0010c000 08:05 5294                       /lib/x86_64-linux-gnu/libglib-2.0.so.0.4200.1
7f4ffb658000-7f4ffb659000 r--p 0010c000 08:05 5294                       /lib/x86_64-linux-gnu/libglib-2.0.so.0.4200.1
7f4ffb659000-7f4ffb65a000 rw-p 0010d000 08:05 5294                       /lib/x86_64-linux-gnu/libglib-2.0.so.0.4200.1
7f4ffb65a000-7f4ffb65b000 rw-p 00000000 00:00 0 
7f4ffb65b000-7f4ffb65e000 r-xp 00000000 08:05 268184                     /usr/lib/x86_64-linux-gnu/libgmodule-2.0.so.0.4200.1
7f4ffb65e000-7f4ffb85d000 ---p 00003000 08:05 268184                     /usr/lib/x86_64-linux-gnu/libgmodule-2.0.so.0.4200.1
7f4ffb85d000-7f4ffb85e000 r--p 00002000 08:05 268184                     /usr/lib/x86_64-linux-gnu/libgmodule-2.0.so.0.4200.1
7f4ffb85e000-7f4ffb85f000 rw-p 00003000 08:05 268184                     /usr/lib/x86_64-linux-gnu/libgmodule-2.0.so.0.4200.1
7f4ffb85f000-7f4ffb885000 r-xp 00000000 08:05 5481                       /lib/x86_64-linux-gnu/libexpat.so.1.6.0
7f4ffb885000-7f4ffba84000 ---p 00026000 08:05 5481                       /lib/x86_64-linux-gnu/libexpat.so.1.6.0
7f4ffba84000-7f4ffba87000 r--p 00025000 08:05 5481                       /lib/x86_64-linux-gnu/libexpat.so.1.6.0
7f4ffba87000-7f4ffba88000 rw-p 00028000 08:05 5481                       /lib/x86_64-linux-gnu/libexpat.so.1.6.0
7f4ffba88000-7f4ffbb2a000 r-xp 00000000 08:05 267920                     /usr/lib/x86_64-linux-gnu/libfreetype.so.6.11.1
7f4ffbb2a000-7f4ffbd29000 ---p 000a2000 08:05 267920                     /usr/lib/x86_64-linux-gnu/libfreetype.so.6.11.1
7f4ffbd29000-7f4ffbd2f000 r--p 000a1000 08:05 267920                     /usr/lib/x86_64-linux-gnu/libfreetype.so.6.11.1
7f4ffbd2f000-7f4ffbd30000 rw-p 000a7000 08:05 267920                     /usr/lib/x86_64-linux-gnu/libfreetype.so.6.11.1
7f4ffbd30000-7f5000000000 rw-p 00000000 00:00 0 
7f5000000000-7f5000021000 rw-p 00000000 00:00 0 
7f5000021000-7f5004000000 ---p 00000000 00:00 0 
7f5004000000-7f5004021000 rw-p 00000000 00:00 0 
7f5004021000-7f5008000000 ---p 00000000 00:00 0 
7f5008000000-7f5008021000 rw-p 00000000 00:00 0 
7f5008021000-7f500c000000 ---p 00000000 00:00 0 
7f500c019000-7f500c029000 r-xp 00000000 08:05 274681                     /usr/lib/x86_64-linux-gnu/libavahi-client.so.3.2.9
7f500c029000-7f500c228000 ---p 00010000 08:05 274681                     /usr/lib/x86_64-linux-gnu/libavahi-client.so.3.2.9
7f500c228000-7f500c229000 r--p 0000f000 08:05 274681                     /usr/lib/x86_64-linux-gnu/libavahi-client.so.3.2.9
7f500c229000-7f500c22a000 rw-p 00010000 08:05 274681                     /usr/lib/x86_64-linux-gnu/libavahi-client.so.3.2.9
7f500c22a000-7f500c235000 r-xp 00000000 08:05 274683                     /usr/lib/x86_64-linux-gnu/libavahi-common.so.3.5.3
7f500c235000-7f500c434000 ---p 0000b000 08:05 274683                     /usr/lib/x86_64-linux-gnu/libavahi-common.so.3.5.3
7f500c434000-7f500c435000 r--p 0000a000 08:05 274683                     /usr/lib/x86_64-linux-gnu/libavahi-common.so.3.5.3
7f500c435000-7f500c436000 rw-p 0000b000 08:05 274683                     /usr/lib/x86_64-linux-gnu/libavahi-common.so.3.5.3
7f500c436000-7f500c535000 r-xp 00000000 08:05 268077                     /usr/lib/x86_64-linux-gnu/libgnutls-deb0.so.28.30.7
7f500c535000-7f500c734000 ---p 000ff000 08:05 268077                     /usr/lib/x86_64-linux-gnu/libgnutls-deb0.so.28.30.7
7f500c734000-7f500c73d000 r--p 000fe000 08:05 268077                     /usr/lib/x86_64-linux-gnu/libgnutls-deb0.so.28.30.7
7f500c73d000-7f500c73f000 rw-p 00107000 08:05 268077                     /usr/lib/x86_64-linux-gnu/libgnutls-deb0.so.28.30.7
7f500c73f000-7f500c784000 r-xp 00000000 08:05 274243                     /usr/lib/x86_64-linux-gnu/libgssapi_krb5.so.2.2
7f500c784000-7f500c983000 ---p 00045000 08:05 274243                     /usr/lib/x86_64-linux-gnu/libgssapi_krb5.so.2.2
7f500c983000-7f500c985000 r--p 00044000 08:05 274243                     /usr/lib/x86_64-linux-gnu/libgssapi_krb5.so.2.2
7f500c985000-7f500c986000 rw-p 00046000 08:05 274243                     /usr/lib/x86_64-linux-gnu/libgssapi_krb5.so.2.2
7f500c986000-7f500c987000 rw-p 00000000 00:00 0 
7f500c987000-7f500c9a4000 r-xp 00000000 08:05 275697                     /usr/lib/x86_64-linux-gnu/libxcb.so.1.1.0
7f500c9a4000-7f500cba4000 ---p 0001d000 08:05 275697                     /usr/lib/x86_64-linux-gnu/libxcb.so.1.1.0
7f500cba4000-7f500cba5000 r--p 0001d000 08:05 275697                     /usr/lib/x86_64-linux-gnu/libxcb.so.1.1.0
7f500cba5000-7f500cba6000 rw-p 0001e000 08:05 275697                     /usr/lib/x86_64-linux-gnu/libxcb.so.1.1.0
7f500cba6000-7f500cbf6000 r-xp 00000000 08:05 268182                     /usr/lib/x86_64-linux-gnu/libgobject-2.0.so.0.4200.1
7f500cbf6000-7f500cdf6000 ---p 00050000 08:05 268182                     /usr/lib/x86_64-linux-gnu/libgobject-2.0.so.0.4200.1
7f500cdf6000-7f500cdf7000 r--p 00050000 08:05 268182                     /usr/lib/x86_64-linux-gnu/libgobject-2.0.so.0.4200.1
7f500cdf7000-7f500cdf8000 rw-p 00051000 08:05 268182                     /usr/lib/x86_64-linux-gnu/libgobject-2.0.so.0.4200.1
7f500cdf8000-7f500cf69000 r-xp 00000000 08:05 268183                     /usr/lib/x86_64-linux-gnu/libgio-2.0.so.0.4200.1
7f500cf69000-7f500d169000 ---p 00171000 08:05 268183                     /usr/lib/x86_64-linux-gnu/libgio-2.0.so.0.4200.1
7f500d169000-7f500d16d000 r--p 00171000 08:05 268183                     /usr/lib/x86_64-linux-gnu/libgio-2.0.so.0.4200.1
7f500d16d000-7f500d16f000 rw-p 00175000 08:05 268183                     /usr/lib/x86_64-linux-gnu/libgio-2.0.so.0.4200.1
7f500d16f000-7f500d171000 rw-p 00000000 00:00 0 
7f500d171000-7f500d1ac000 r-xp 00000000 08:05 274891                     /usr/lib/x86_64-linux-gnu/libfontconfig.so.1.8.0
7f500d1ac000-7f500d3ab000 ---p 0003b000 08:05 274891                     /usr/lib/x86_64-linux-gnu/libfontconfig.so.1.8.0
7f500d3ab000-7f500d3ad000 r--p 0003a000 08:05 274891                     /usr/lib/x86_64-linux-gnu/libfontconfig.so.1.8.0
7f500d3ad000-7f500d3ae000 rw-p 0003c000 08:05 274891                     /usr/lib/x86_64-linux-gnu/libfontconfig.so.1.8.0
7f500d3ae000-7f500d41b000 r-xp 00000000 08:05 263551                     /usr/lib/x86_64-linux-gnu/libcups.so.2
7f500d41b000-7f500d61b000 ---p 0006d000 08:05 263551                     /usr/lib/x86_64-linux-gnu/libcups.so.2
7f500d61b000-7f500d622000 r--p 0006d000 08:05 263551                     /usr/lib/x86_64-linux-gnu/libcups.so.2
7f500d622000-7f500d623000 rw-p 00074000 08:05 263551                     /usr/lib/x86_64-linux-gnu/libcups.so.2
7f500d623000-7f500d632000 r-xp 00000000 08:05 274598                     /usr/lib/x86_64-linux-gnu/libXi.so.6.1.0
7f500d632000-7f500d831000 ---p 0000f000 08:05 274598                     /usr/lib/x86_64-linux-gnu/libXi.so.6.1.0
7f500d831000-7f500d832000 r--p 0000e000 08:05 274598                     /usr/lib/x86_64-linux-gnu/libXi.so.6.1.0
7f500d832000-7f500d833000 rw-p 0000f000 08:05 274598                     /usr/lib/x86_64-linux-gnu/libXi.so.6.1.0
7f500d833000-7f500d838000 r-xp 00000000 08:05 274618                     /usr/lib/x86_64-linux-gnu/libXtst.so.6.1.0
7f500d838000-7f500da37000 ---p 00005000 08:05 274618                     /usr/lib/x86_64-linux-gnu/libXtst.so.6.1.0
7f500da37000-7f500da38000 r--p 00004000 08:05 274618                     /usr/lib/x86_64-linux-gnu/libXtst.so.6.1.0
7f500da38000-7f500da39000 rw-p 00005000 08:05 274618                     /usr/lib/x86_64-linux-gnu/libXtst.so.6.1.0
7f500da39000-7f500da42000 r-xp 00000000 08:05 274918                     /usr/lib/x86_64-linux-gnu/libXrender.so.1.3.0
7f500da42000-7f500dc41000 ---p 00009000 08:05 274918                     /usr/lib/x86_64-linux-gnu/libXrender.so.1.3.0
7f500dc41000-7f500dc42000 r--p 00008000 08:05 274918                     /usr/lib/x86_64-linux-gnu/libXrender.so.1.3.0
7f500dc42000-7f500dc43000 rw-p 00009000 08:05 274918                     /usr/lib/x86_64-linux-gnu/libXrender.so.1.3.0
7f500dc43000-7f500dd76000 r-xp 00000000 08:05 274573                     /usr/lib/x86_64-linux-gnu/libX11.so.6.3.0
7f500dd76000-7f500df76000 ---p 00133000 08:05 274573                     /usr/lib/x86_64-linux-gnu/libX11.so.6.3.0
7f500df76000-7f500df77000 r--p 00133000 08:05 274573                     /usr/lib/x86_64-linux-gnu/libX11.so.6.3.0
7f500df77000-7f500df7b000 rw-p 00134000 08:05 274573                     /usr/lib/x86_64-linux-gnu/libX11.so.6.3.0
7f500df7b000-7f500df7c000 rw-p 00000000 00:00 0 
7f500df7c000-7f500df8d000 r-xp 00000000 08:05 275558                     /usr/lib/x86_64-linux-gnu/libXext.so.6.4.0
7f500df8d000-7f500e18c000 ---p 00011000 08:05 275558                     /usr/lib/x86_64-linux-gnu/libXext.so.6.4.0
7f500e18c000-7f500e18d000 r--p 00010000 08:05 275558                     /usr/lib/x86_64-linux-gnu/libXext.so.6.4.0
7f500e18d000-7f500e18e000 rw-p 00011000 08:05 275558                     /usr/lib/x86_64-linux-gnu/libXext.so.6.4.0
7f500e1ac000-7f500e1f4000 r-xp 00000000 08:05 298669                     /usr/lib/jvm/java-7-openjdk-amd64/jre/lib/amd64/xawt/libmawt.so
7f500e1f4000-7f500e3f4000 ---p 00048000 08:05 298669                     /usr/lib/jvm/java-7-openjdk-amd64/jre/lib/amd64/xawt/libmawt.so
7f500e3f4000-7f500e3f5000 r--p 00048000 08:05 298669                     /usr/lib/jvm/java-7-openjdk-amd64/jre/lib/amd64/xawt/libmawt.so
7f500e3f5000-7f500e3f8000 rw-p 00049000 08:05 298669                     /usr/lib/jvm/java-7-openjdk-amd64/jre/lib/amd64/xawt/libmawt.so
7f500e3f8000-7f500e3f9000 rw-p 00000000 00:00 0 
7f500e3f9000-7f500e499000 r-xp 00000000 08:05 298500                     /usr/lib/jvm/java-7-openjdk-amd64/jre/lib/amd64/libawt.so
7f500e499000-7f500e699000 ---p 000a0000 08:05 298500                     /usr/lib/jvm/java-7-openjdk-amd64/jre/lib/amd64/libawt.so
7f500e699000-7f500e69a000 r--p 000a0000 08:05 298500                     /usr/lib/jvm/java-7-openjdk-amd64/jre/lib/amd64/libawt.so
7f500e69a000-7f500e6a5000 rw-p 000a1000 08:05 298500                     /usr/lib/jvm/java-7-openjdk-amd64/jre/lib/amd64/libawt.so
7f500e6a5000-7f500e6ca000 rw-p 00000000 00:00 0 
7f500e6ca000-7f500e6cb000 ---p 00000000 00:00 0 
7f500e6cb000-7f500e7cb000 rw-p 00000000 00:00 0                          [stack:3181]
7f500e7cb000-7f500e7ce000 ---p 00000000 00:00 0 
7f500e7ce000-7f500e8cc000 rw-p 00000000 00:00 0                          [stack:3180]
7f500e8cc000-7f500e8cf000 ---p 00000000 00:00 0 
7f500e8cf000-7f500e9cd000 rw-p 00000000 00:00 0                          [stack:3179]
7f500e9cd000-7f500e9d0000 ---p 00000000 00:00 0 
7f500e9d0000-7f500eace000 rw-p 00000000 00:00 0                          [stack:3178]
7f500eace000-7f500ead1000 ---p 00000000 00:00 0 
7f500ead1000-7f500ebcf000 rw-p 00000000 00:00 0                          [stack:3177]
7f500ebcf000-7f500f2b1000 r--p 00000000 08:05 272413                     /usr/lib/locale/locale-archive
7f500f2b1000-7f500f2b4000 ---p 00000000 00:00 0 
7f500f2b4000-7f500f3b2000 rw-p 00000000 00:00 0                          [stack:3176]
7f500f3b2000-7f500f3b5000 ---p 00000000 00:00 0 
7f500f3b5000-7f500f4b3000 rw-p 00000000 00:00 0                          [stack:3175]
7f500f4b3000-7f500f4b4000 ---p 00000000 00:00 0 
7f500f4b4000-7f5010000000 rw-p 00000000 00:00 0                          [stack:3174]
7f5010000000-7f5010021000 rw-p 00000000 00:00 0 
7f5010021000-7f5014000000 ---p 00000000 00:00 0 
7f5014013000-7f5014018000 r--s 0004d000 08:05 298533                     /usr/lib/jvm/java-7-openjdk-amd64/jre/lib/jsse.jar
7f5014018000-7f50145a8000 rw-p 00000000 00:00 0 
7f50145a8000-7f5014759000 r--s 01d27000 08:05 298530                     /usr/lib/jvm/java-7-openjdk-amd64/jre/lib/rt.jar
7f5014759000-7f5014bfc000 rw-p 00000000 00:00 0 
7f5014bfc000-7f5014bfd000 ---p 00000000 00:00 0 
7f5014bfd000-7f5014cfd000 rw-p 00000000 00:00 0                          [stack:3169]
7f5014cfd000-7f5014cfe000 ---p 00000000 00:00 0 
7f5014cfe000-7f5014dfe000 rw-p 00000000 00:00 0                          [stack:3168]
7f5014dfe000-7f5014dff000 ---p 00000000 00:00 0 
7f5014dff000-7f5014eff000 rw-p 00000000 00:00 0                          [stack:3167]
7f5014eff000-7f5014f00000 ---p 00000000 00:00 0 
7f5014f00000-7f5015000000 rw-p 00000000 00:00 0                          [stack:3166]
7f5015000000-7f5015270000 rwxp 00000000 00:00 0 
7f5015270000-7f5018579000 rw-p 00000000 00:00 0 
7f5018579000-7f501c000000 ---p 00000000 00:00 0 
7f501c004000-7f501c0dd000 rw-p 00000000 00:00 0 
7f501c0dd000-7f501c125000 rw-p 00000000 00:00 0 
7f501c125000-7f501c14e000 rw-p 00000000 00:00 0 
7f501c14e000-7f501c3b7000 rw-p 00000000 00:00 0 
7f501c3b7000-7f501c3c2000 rw-p 00000000 00:00 0 
7f501c3c2000-7f501c40a000 rw-p 00000000 00:00 0 
7f501c40a000-7f501c433000 rw-p 00000000 00:00 0 
7f501c433000-7f501c69b000 rw-p 00000000 00:00 0 
7f501c69b000-7f501c6b0000 rw-p 00000000 00:00 0 
7f501c6b0000-7f501c7e4000 rw-p 00000000 00:00 0 
7f501c7e4000-7f501c7e5000 rw-p 00000000 00:00 0 
7f501c7e5000-7f501c7ed000 r-xp 00000000 08:05 298496                     /usr/lib/jvm/java-7-openjdk-amd64/jre/lib/amd64/libzip.so
7f501c7ed000-7f501c9ec000 ---p 00008000 08:05 298496                     /usr/lib/jvm/java-7-openjdk-amd64/jre/lib/amd64/libzip.so
7f501c9ec000-7f501c9ed000 r--p 00007000 08:05 298496                     /usr/lib/jvm/java-7-openjdk-amd64/jre/lib/amd64/libzip.so
7f501c9ed000-7f501c9ee000 rw-p 00008000 08:05 298496                     /usr/lib/jvm/java-7-openjdk-amd64/jre/lib/amd64/libzip.so
7f501c9ee000-7f501c9f9000 r-xp 00000000 08:05 19316                      /lib/x86_64-linux-gnu/libnss_files-2.19.so
7f501c9f9000-7f501cbf8000 ---p 0000b000 08:05 19316                      /lib/x86_64-linux-gnu/libnss_files-2.19.so
7f501cbf8000-7f501cbf9000 r--p 0000a000 08:05 19316                      /lib/x86_64-linux-gnu/libnss_files-2.19.so
7f501cbf9000-7f501cbfa000 rw-p 0000b000 08:05 19316                      /lib/x86_64-linux-gnu/libnss_files-2.19.so
7f501cbfa000-7f501cc05000 r-xp 00000000 08:05 19318                      /lib/x86_64-linux-gnu/libnss_nis-2.19.so
7f501cc05000-7f501ce04000 ---p 0000b000 08:05 19318                      /lib/x86_64-linux-gnu/libnss_nis-2.19.so
7f501ce04000-7f501ce05000 r--p 0000a000 08:05 19318                      /lib/x86_64-linux-gnu/libnss_nis-2.19.so
7f501ce05000-7f501ce06000 rw-p 0000b000 08:05 19318                      /lib/x86_64-linux-gnu/libnss_nis-2.19.so
7f501ce06000-7f501ce1d000 r-xp 00000000 08:05 19302                      /lib/x86_64-linux-gnu/libnsl-2.19.so
7f501ce1d000-7f501d01c000 ---p 00017000 08:05 19302                      /lib/x86_64-linux-gnu/libnsl-2.19.so
7f501d01c000-7f501d01d000 r--p 00016000 08:05 19302                      /lib/x86_64-linux-gnu/libnsl-2.19.so
7f501d01d000-7f501d01e000 rw-p 00017000 08:05 19302                      /lib/x86_64-linux-gnu/libnsl-2.19.so
7f501d01e000-7f501d020000 rw-p 00000000 00:00 0 
7f501d020000-7f501d029000 r-xp 00000000 08:05 19303                      /lib/x86_64-linux-gnu/libnss_compat-2.19.so
7f501d029000-7f501d228000 ---p 00009000 08:05 19303                      /lib/x86_64-linux-gnu/libnss_compat-2.19.so
7f501d228000-7f501d229000 r--p 00008000 08:05 19303                      /lib/x86_64-linux-gnu/libnss_compat-2.19.so
7f501d229000-7f501d22a000 rw-p 00009000 08:05 19303                      /lib/x86_64-linux-gnu/libnss_compat-2.19.so
7f501d22a000-7f501d257000 r-xp 00000000 08:05 298506                     /usr/lib/jvm/java-7-openjdk-amd64/jre/lib/amd64/libjava.so
7f501d257000-7f501d456000 ---p 0002d000 08:05 298506                     /usr/lib/jvm/java-7-openjdk-amd64/jre/lib/amd64/libjava.so
7f501d456000-7f501d457000 r--p 0002c000 08:05 298506                     /usr/lib/jvm/java-7-openjdk-amd64/jre/lib/amd64/libjava.so
7f501d457000-7f501d459000 rw-p 0002d000 08:05 298506                     /usr/lib/jvm/java-7-openjdk-amd64/jre/lib/amd64/libjava.so
7f501d459000-7f501d46a000 r-xp 00000000 08:05 298509                     /usr/lib/jvm/java-7-openjdk-amd64/jre/lib/amd64/libverify.so
7f501d46a000-7f501d669000 ---p 00011000 08:05 298509                     /usr/lib/jvm/java-7-openjdk-amd64/jre/lib/amd64/libverify.so
7f501d669000-7f501d66b000 r--p 00010000 08:05 298509                     /usr/lib/jvm/java-7-openjdk-amd64/jre/lib/amd64/libverify.so
7f501d66b000-7f501d66c000 rw-p 00012000 08:05 298509                     /usr/lib/jvm/java-7-openjdk-amd64/jre/lib/amd64/libverify.so
7f501d66c000-7f501d673000 r-xp 00000000 08:05 19319                      /lib/x86_64-linux-gnu/librt-2.19.so
7f501d673000-7f501d872000 ---p 00007000 08:05 19319                      /lib/x86_64-linux-gnu/librt-2.19.so
7f501d872000-7f501d873000 r--p 00006000 08:05 19319                      /lib/x86_64-linux-gnu/librt-2.19.so
7f501d873000-7f501d874000 rw-p 00007000 08:05 19319                      /lib/x86_64-linux-gnu/librt-2.19.so
7f501d874000-7f501d88a000 r-xp 00000000 08:05 5486                       /lib/x86_64-linux-gnu/libgcc_s.so.1
7f501d88a000-7f501da89000 ---p 00016000 08:05 5486                       /lib/x86_64-linux-gnu/libgcc_s.so.1
7f501da89000-7f501da8a000 r--p 00015000 08:05 5486                       /lib/x86_64-linux-gnu/libgcc_s.so.1
7f501da8a000-7f501da8b000 rw-p 00016000 08:05 5486                       /lib/x86_64-linux-gnu/libgcc_s.so.1
7f501da8b000-7f501db90000 r-xp 00000000 08:05 19298                      /lib/x86_64-linux-gnu/libm-2.19.so
7f501db90000-7f501dd8f000 ---p 00105000 08:05 19298                      /lib/x86_64-linux-gnu/libm-2.19.so
7f501dd8f000-7f501dd90000 r--p 00104000 08:05 19298                      /lib/x86_64-linux-gnu/libm-2.19.so
7f501dd90000-7f501dd91000 rw-p 00105000 08:05 19298                      /lib/x86_64-linux-gnu/libm-2.19.so
7f501dd91000-7f501de81000 r-xp 00000000 08:05 275529                     /usr/lib/x86_64-linux-gnu/libstdc++.so.6.0.20
7f501de81000-7f501e081000 ---p 000f0000 08:05 275529                     /usr/lib/x86_64-linux-gnu/libstdc++.so.6.0.20
7f501e081000-7f501e089000 r--p 000f0000 08:05 275529                     /usr/lib/x86_64-linux-gnu/libstdc++.so.6.0.20
7f501e089000-7f501e08b000 rw-p 000f8000 08:05 275529                     /usr/lib/x86_64-linux-gnu/libstdc++.so.6.0.20
7f501e08b000-7f501e0a0000 rw-p 00000000 00:00 0 
7f501e0a0000-7f501ebf0000 r-xp 00000000 08:05 298521                     /usr/lib/jvm/java-7-openjdk-amd64/jre/lib/amd64/server/libjvm.so
7f501ebf0000-7f501edef000 ---p 00b50000 08:05 298521                     /usr/lib/jvm/java-7-openjdk-amd64/jre/lib/amd64/server/libjvm.so
7f501edef000-7f501ee8e000 r--p 00b4f000 08:05 298521                     /usr/lib/jvm/java-7-openjdk-amd64/jre/lib/amd64/server/libjvm.so
7f501ee8e000-7f501eeb1000 rw-p 00bee000 08:05 298521                     /usr/lib/jvm/java-7-openjdk-amd64/jre/lib/amd64/server/libjvm.so
7f501eeb1000-7f501eede000 rw-p 00000000 00:00 0 
7f501eede000-7f501eef6000 r-xp 00000000 08:05 5630                       /lib/x86_64-linux-gnu/libz.so.1.2.8
7f501eef6000-7f501f0f5000 ---p 00018000 08:05 5630                       /lib/x86_64-linux-gnu/libz.so.1.2.8
7f501f0f5000-7f501f0f6000 r--p 00017000 08:05 5630                       /lib/x86_64-linux-gnu/libz.so.1.2.8
7f501f0f6000-7f501f0f7000 rw-p 00018000 08:05 5630                       /lib/x86_64-linux-gnu/libz.so.1.2.8
7f501f0f7000-7f501f110000 r-xp 00000000 08:05 19306                      /lib/x86_64-linux-gnu/libpthread-2.19.so
7f501f110000-7f501f30f000 ---p 00019000 08:05 19306                      /lib/x86_64-linux-gnu/libpthread-2.19.so
7f501f30f000-7f501f310000 r--p 00018000 08:05 19306                      /lib/x86_64-linux-gnu/libpthread-2.19.so
7f501f310000-7f501f311000 rw-p 00019000 08:05 19306                      /lib/x86_64-linux-gnu/libpthread-2.19.so
7f501f311000-7f501f315000 rw-p 00000000 00:00 0 
7f501f315000-7f501f318000 r-xp 00000000 08:05 19305                      /lib/x86_64-linux-gnu/libdl-2.19.so
7f501f318000-7f501f517000 ---p 00003000 08:05 19305                      /lib/x86_64-linux-gnu/libdl-2.19.so
7f501f517000-7f501f518000 r--p 00002000 08:05 19305                      /lib/x86_64-linux-gnu/libdl-2.19.so
7f501f518000-7f501f519000 rw-p 00003000 08:05 19305                      /lib/x86_64-linux-gnu/libdl-2.19.so
7f501f519000-7f501f6d3000 r-xp 00000000 08:05 19317                      /lib/x86_64-linux-gnu/libc-2.19.so
7f501f6d3000-7f501f8d2000 ---p 001ba000 08:05 19317                      /lib/x86_64-linux-gnu/libc-2.19.so
7f501f8d2000-7f501f8d6000 r--p 001b9000 08:05 19317                      /lib/x86_64-linux-gnu/libc-2.19.so
7f501f8d6000-7f501f8d8000 rw-p 001bd000 08:05 19317                      /lib/x86_64-linux-gnu/libc-2.19.so
7f501f8d8000-7f501f8dd000 rw-p 00000000 00:00 0 
7f501f8dd000-7f501f8ea000 r-xp 00000000 08:05 298514                     /usr/lib/jvm/java-7-openjdk-amd64/jre/lib/amd64/jli/libjli.so
7f501f8ea000-7f501fae9000 ---p 0000d000 08:05 298514                     /usr/lib/jvm/java-7-openjdk-amd64/jre/lib/amd64/jli/libjli.so
7f501fae9000-7f501faea000 r--p 0000c000 08:05 298514                     /usr/lib/jvm/java-7-openjdk-amd64/jre/lib/amd64/jli/libjli.so
7f501faea000-7f501faeb000 rw-p 0000d000 08:05 298514                     /usr/lib/jvm/java-7-openjdk-amd64/jre/lib/amd64/jli/libjli.so
7f501faeb000-7f501fb0e000 r-xp 00000000 08:05 19312                      /lib/x86_64-linux-gnu/ld-2.19.so
7f501fb0f000-7f501fb12000 r--s 0233b000 08:07 4599929                    /home/joe/Documents/OCR Project/workspace/workspace/Tesseract/libs/tess4j.jar
7f501fb12000-7f501fb16000 r--s 000dc000 08:07 4599931                    /home/joe/Documents/OCR Project/workspace/workspace/Tesseract/libs/jna.jar
7f501fb16000-7f501fb27000 r--s 00106000 08:07 4599930                    /home/joe/Documents/OCR Project/workspace/workspace/Tesseract/libs/jai_imageio.jar
7f501fb27000-7f501fb31000 rw-p 00000000 00:00 0 
7f501fb31000-7f501fbe7000 rw-p 00000000 00:00 0 
7f501fbe7000-7f501fbea000 ---p 00000000 00:00 0 
7f501fbea000-7f501fced000 rw-p 00000000 00:00 0                          [stack:3165]
7f501fcee000-7f501fcf2000 r--s 00034000 08:05 298549                     /usr/lib/jvm/java-7-openjdk-amd64/jre/lib/ext/sunjce_provider.jar
7f501fcf2000-7f501fcf5000 r--s 0000f000 08:05 298547                     /usr/lib/jvm/java-7-openjdk-amd64/jre/lib/ext/icedtea-sound.jar
7f501fcf5000-7f501fcf8000 r--s 00086000 08:05 298550                     /usr/lib/jvm/java-7-openjdk-amd64/jre/lib/ext/localedata.jar
7f501fcf8000-7f501fcfa000 r--s 00012000 08:05 298546                     /usr/lib/jvm/java-7-openjdk-amd64/jre/lib/ext/zipfs.jar
7f501fcfa000-7f501fcfb000 r--s 00002000 08:05 298548                     /usr/lib/jvm/java-7-openjdk-amd64/jre/lib/ext/dnsns.jar
7f501fcfb000-7f501fcfd000 r--s 00006000 08:05 522850                     /usr/share/java/java-atk-wrapper.jar
7f501fcfd000-7f501fd01000 r--s 0003c000 08:05 298545                     /usr/lib/jvm/java-7-openjdk-amd64/jre/lib/ext/sunpkcs11.jar
7f501fd01000-7f501fd09000 rw-s 00000000 08:05 35010                      /tmp/hsperfdata_joe/3163
7f501fd09000-7f501fd0a000 rw-p 00000000 00:00 0 
7f501fd0a000-7f501fd0b000 r--p 00000000 00:00 0 
7f501fd0b000-7f501fd0d000 rw-p 00000000 00:00 0 
7f501fd0d000-7f501fd0e000 r--p 00022000 08:05 19312                      /lib/x86_64-linux-gnu/ld-2.19.so
7f501fd0e000-7f501fd0f000 rw-p 00023000 08:05 19312                      /lib/x86_64-linux-gnu/ld-2.19.so
7f501fd0f000-7f501fd10000 rw-p 00000000 00:00 0 
7fffc28b0000-7fffc28d1000 rw-p 00000000 00:00 0                          [stack]
7fffc29ee000-7fffc29f0000 r-xp 00000000 00:00 0                          [vdso]
7fffc29f0000-7fffc29f2000 r--p 00000000 00:00 0                          [vvar]
ffffffffff600000-ffffffffff601000 r-xp 00000000 00:00 0                  [vsyscall]

VM Arguments:
jvm_args: -Dfile.encoding=UTF-8 
java_command: Main
Launcher Type: SUN_STANDARD

Environment Variables:
PATH=/home/joe/tesseract-ocr/training:/home/joe/tesseract-ocr:/usr/local/sbin:/usr/local/bin:/usr/sbin:/usr/bin:/sbin:/bin:/usr/games:/usr/local/games
SHELL=/bin/bash
DISPLAY=:0.0

Signal Handlers:
SIGSEGV: [libjvm.so+0x983740], sa_mask[0]=0x7ffbfeff, sa_flags=0x10000004
SIGBUS: [libjvm.so+0x983740], sa_mask[0]=0x7ffbfeff, sa_flags=0x10000004
SIGFPE: [libjvm.so+0x7f0180], sa_mask[0]=0x7ffbfeff, sa_flags=0x10000004
SIGPIPE: [libjvm.so+0x7f0180], sa_mask[0]=0x7ffbfeff, sa_flags=0x10000004
SIGXFSZ: [libjvm.so+0x7f0180], sa_mask[0]=0x7ffbfeff, sa_flags=0x10000004
SIGILL: [libjvm.so+0x7f0180], sa_mask[0]=0x7ffbfeff, sa_flags=0x10000004
SIGUSR1: SIG_DFL, sa_mask[0]=0x00000000, sa_flags=0x00000000
SIGUSR2: [libjvm.so+0x7f0000], sa_mask[0]=0x00000004, sa_flags=0x10000004
SIGHUP: [libjvm.so+0x7f0200], sa_mask[0]=0x7ffbfeff, sa_flags=0x10000004
SIGINT: [libjvm.so+0x7f0200], sa_mask[0]=0x7ffbfeff, sa_flags=0x10000004
SIGTERM: [libjvm.so+0x7f0200], sa_mask[0]=0x7ffbfeff, sa_flags=0x10000004
SIGQUIT: [libjvm.so+0x7f0200], sa_mask[0]=0x7ffbfeff, sa_flags=0x10000004
SIGTRAP: SIG_DFL, sa_mask[0]=0x00000000, sa_flags=0x00000000


---------------  S Y S T E M  ---------------

OS:Ubuntu 14.10 (utopic)
uname:Linux 3.16.0-23-generic #31-Ubuntu SMP Tue Oct 21 17:56:17 UTC 2014 x86_64
libc:glibc 2.19 NPTL 2.19 
rlimit: STACK 8192k, CORE 0k, NPROC 31440, NOFILE 4096, AS infinity
load average:0.09 0.17 0.20

/proc/meminfo:
MemTotal:        8070928 kB
MemFree:         5572976 kB
MemAvailable:    6241328 kB
Buffers:           61024 kB
Cached:          1133852 kB
SwapCached:            0 kB
Active:          1551604 kB
Inactive:         722020 kB
Active(anon):    1085256 kB
Inactive(anon):   384084 kB
Active(file):     466348 kB
Inactive(file):   337936 kB
Unevictable:           0 kB
Mlocked:               0 kB
SwapTotal:       7811068 kB
SwapFree:        7811068 kB
Dirty:                56 kB
Writeback:             0 kB
AnonPages:       1078852 kB
Mapped:           345780 kB
Shmem:            390596 kB
Slab:              98280 kB
SReclaimable:      66024 kB
SUnreclaim:        32256 kB
KernelStack:        7264 kB
PageTables:        32584 kB
NFS_Unstable:          0 kB
Bounce:                0 kB
WritebackTmp:          0 kB
CommitLimit:    11846532 kB
Committed_AS:    4288304 kB
VmallocTotal:   34359738367 kB
VmallocUsed:      557608 kB
VmallocChunk:   34359118772 kB
HardwareCorrupted:     0 kB
AnonHugePages:    565248 kB
HugePages_Total:       0
HugePages_Free:        0
HugePages_Rsvd:        0
HugePages_Surp:        0
Hugepagesize:       2048 kB
DirectMap4k:       62976 kB
DirectMap2M:     2977792 kB
DirectMap1G:     5242880 kB


CPU:total 4 (2 cores per cpu, 2 threads per core) family 6 model 69 stepping 1, cmov, cx8, fxsr, mmx, sse, sse2, sse3, ssse3, sse4.1, sse4.2, popcnt, avx, avx2, aes, erms, ht, tsc, tscinvbit

/proc/cpuinfo:
processor	: 0
vendor_id	: GenuineIntel
cpu family	: 6
model		: 69
model name	: Intel(R) Core(TM) i5-4300U CPU @ 1.90GHz
stepping	: 1
microcode	: 0x1c
cpu MHz		: 2600.000
cache size	: 3072 KB
physical id	: 0
siblings	: 4
core id		: 0
cpu cores	: 2
apicid		: 0
initial apicid	: 0
fpu		: yes
fpu_exception	: yes
cpuid level	: 13
wp		: yes
flags		: fpu vme de pse tsc msr pae mce cx8 apic sep mtrr pge mca cmov pat pse36 clflush dts acpi mmx fxsr sse sse2 ss ht tm pbe syscall nx pdpe1gb rdtscp lm constant_tsc arch_perfmon pebs bts rep_good nopl xtopology nonstop_tsc aperfmperf eagerfpu pni pclmulqdq dtes64 monitor ds_cpl vmx smx est tm2 ssse3 fma cx16 xtpr pdcm pcid sse4_1 sse4_2 x2apic movbe popcnt tsc_deadline_timer aes xsave avx f16c rdrand lahf_lm abm ida arat epb xsaveopt pln pts dtherm tpr_shadow vnmi flexpriority ept vpid fsgsbase tsc_adjust bmi1 avx2 smep bmi2 erms invpcid
bogomips	: 4988.31
clflush size	: 64
cache_alignment	: 64
address sizes	: 39 bits physical, 48 bits virtual
power management:

processor	: 1
vendor_id	: GenuineIntel
cpu family	: 6
model		: 69
model name	: Intel(R) Core(TM) i5-4300U CPU @ 1.90GHz
stepping	: 1
microcode	: 0x1c
cpu MHz		: 2774.707
cache size	: 3072 KB
physical id	: 0
siblings	: 4
core id		: 0
cpu cores	: 2
apicid		: 1
initial apicid	: 1
fpu		: yes
fpu_exception	: yes
cpuid level	: 13
wp		: yes
flags		: fpu vme de pse tsc msr pae mce cx8 apic sep mtrr pge mca cmov pat pse36 clflush dts acpi mmx fxsr sse sse2 ss ht tm pbe syscall nx pdpe1gb rdtscp lm constant_tsc arch_perfmon pebs bts rep_good nopl xtopology nonstop_tsc aperfmperf eagerfpu pni pclmulqdq dtes64 monitor ds_cpl vmx smx est tm2 ssse3 fma cx16 xtpr pdcm pcid sse4_1 sse4_2 x2apic movbe popcnt tsc_deadline_timer aes xsave avx f16c rdrand lahf_lm abm ida arat epb xsaveopt pln pts dtherm tpr_shadow vnmi flexpriority ept vpid fsgsbase tsc_adjust bmi1 avx2 smep bmi2 erms invpcid
bogomips	: 4988.31
clflush size	: 64
cache_alignment	: 64
address sizes	: 39 bits physical, 48 bits virtual
power management:

processor	: 2
vendor_id	: GenuineIntel
cpu family	: 6
model		: 69
model name	: Intel(R) Core(TM) i5-4300U CPU @ 1.90GHz
stepping	: 1
microcode	: 0x1c
cpu MHz		: 2600.000
cache size	: 3072 KB
physical id	: 0
siblings	: 4
core id		: 1
cpu cores	: 2
apicid		: 2
initial apicid	: 2
fpu		: yes
fpu_exception	: yes
cpuid level	: 13
wp		: yes
flags		: fpu vme de pse tsc msr pae mce cx8 apic sep mtrr pge mca cmov pat pse36 clflush dts acpi mmx fxsr sse sse2 ss ht tm pbe syscall nx pdpe1gb rdtscp lm constant_tsc arch_perfmon pebs bts rep_good nopl xtopology nonstop_tsc aperfmperf eagerfpu pni pclmulqdq dtes64 monitor ds_cpl vmx smx est tm2 ssse3 fma cx16 xtpr pdcm pcid sse4_1 sse4_2 x2apic movbe popcnt tsc_deadline_timer aes xsave avx f16c rdrand lahf_lm abm ida arat epb xsaveopt pln pts dtherm tpr_shadow vnmi flexpriority ept vpid fsgsbase tsc_adjust bmi1 avx2 smep bmi2 erms invpcid
bogomips	: 4988.31
clflush size	: 64
cache_alignment	: 64
address sizes	: 39 bits physical, 48 bits virtual
power management:

processor	: 3
vendor_id	: GenuineIntel
cpu family	: 6
model		: 69
model name	: Intel(R) Core(TM) i5-4300U CPU @ 1.90GHz
stepping	: 1
microcode	: 0x1c
cpu MHz		: 2600.000
cache size	: 3072 KB
physical id	: 0
siblings	: 4
core id		: 1
cpu cores	: 2
apicid		: 3
initial apicid	: 3
fpu		: yes
fpu_exception	: yes
cpuid level	: 13
wp		: yes
flags		: fpu vme de pse tsc msr pae mce cx8 apic sep mtrr pge mca cmov pat pse36 clflush dts acpi mmx fxsr sse sse2 ss ht tm pbe syscall nx pdpe1gb rdtscp lm constant_tsc arch_perfmon pebs bts rep_good nopl xtopology nonstop_tsc aperfmperf eagerfpu pni pclmulqdq dtes64 monitor ds_cpl vmx smx est tm2 ssse3 fma cx16 xtpr pdcm pcid sse4_1 sse4_2 x2apic movbe popcnt tsc_deadline_timer aes xsave avx f16c rdrand lahf_lm abm ida arat epb xsaveopt pln pts dtherm tpr_shadow vnmi flexpriority ept vpid fsgsbase tsc_adjust bmi1 avx2 smep bmi2 erms invpcid
bogomips	: 4988.31
clflush size	: 64
cache_alignment	: 64
address sizes	: 39 bits physical, 48 bits virtual
power management:



Memory: 4k page, physical 8070928k(5572976k free), swap 7811068k(7811068k free)

vm_info: OpenJDK 64-Bit Server VM (24.79-b02) for linux-amd64 JRE (1.7.0_79-b14), built on Apr 16 2015 08:25:58 by "buildd" with gcc 4.9.1

time: Tue Jun  9 13:49:26 2015
elapsed time: 0 seconds

