#
# A fatal error has been detected by the Java Runtime Environment:
#
#  SIGSEGV (0xb) at pc=0x00007f22c77dd1db, pid=4566, tid=139788095112960
#
# JRE version: OpenJDK Runtime Environment (7.0_79-b14) (build 1.7.0_79-b14)
# Java VM: OpenJDK 64-Bit Server VM (24.79-b02 mixed mode linux-amd64 compressed oops)
# Derivative: IcedTea 2.5.5
# Distribution: Ubuntu 14.10, package 7u79-2.5.5-0ubuntu0.14.10.2
# Problematic frame:
# C  [libtesseract.so+0x25f1db]  ERRCODE::error(char const*, TessErrorLogCode, char const*, ...) const+0x16b
#
# Failed to write core dump. Core dumps have been disabled. To enable core dumping, try "ulimit -c unlimited" before starting Java again
#
# If you would like to submit a bug report, please include
# instructions on how to reproduce the bug and visit:
#   http://icedtea.classpath.org/bugzilla
# The crash happened outside the Java Virtual Machine in native code.
# See problematic frame for where to report the bug.
#

---------------  T H R E A D  ---------------

Current thread (0x00007f22ec00a000):  JavaThread "main" [_thread_in_native, id=4571, stack(0x00007f22f3b0c000,0x00007f22f3c0d000)]

siginfo:si_signo=SIGSEGV: si_errno=0, si_code=1 (SEGV_MAPERR), si_addr=0x0000000000000000

Registers:
RAX=0x000000000000004e, RBX=0x00007f22f3c09bbd, RCX=0x00007f22f35295bd, RDX=0x00007f22f37fd9f0
RSP=0x00007f22f3c09b70, RBP=0x00007f22f3c09b90, RSI=0x000000000000004e, RDI=0x00007f22f3c07340
R8 =0x00007f22f3c0c700, R9 =0x61646120656c6966, R10=0x00007f22f37f9be0, R11=0x0000000000000000
R12=0x0000000000000002, R13=0x00007f22c77e8277, R14=0x00007f22c7a9d7c0, R15=0x00007f22ec4cc7f0
RIP=0x00007f22c77dd1db, EFLAGS=0x0000000000010246, CSGSFS=0x0000000000000033, ERR=0x0000000000000004
  TRAPNO=0x000000000000000e

Top of Stack: (sp=0x00007f22f3c09b70)
0x00007f22f3c09b70:   0000000000000000 0000003000000030
0x00007f22f3c09b80:   00007f22f3c0a080 00007f22f3c09fa0
0x00007f22f3c09b90:   5464657470616441 736574616c706d65
0x00007f22f3c09ba0:   4c4c554e203d2120 413a726f7272453a
0x00007f22f3c09bb0:   6166207472657373 206e693a64656c69
0x00007f22f3c09bc0:   61646120656c6966 2e686374616d7470
0x00007f22f3c09bd0:   6e696c202c707063 00000a3938312065
0x00007f22f3c09be0:   0000000000000000 0000000000000000
0x00007f22f3c09bf0:   0000000000000000 0000000000000000
0x00007f22f3c09c00:   0000000000000000 0000000000000000
0x00007f22f3c09c10:   0000000000000000 0000000000000000
0x00007f22f3c09c20:   0000000000000000 0000000000000000
0x00007f22f3c09c30:   0000000000000000 0000000000000000
0x00007f22f3c09c40:   0000000000000000 0000000000000000
0x00007f22f3c09c50:   0000000000000000 0000000000000000
0x00007f22f3c09c60:   0000000000000000 0000000000000000
0x00007f22f3c09c70:   0000000000000000 0000000000000000
0x00007f22f3c09c80:   0000000000000000 0000000000000000
0x00007f22f3c09c90:   0000000000000000 0000000000000000
0x00007f22f3c09ca0:   0000000000000000 0000000000000000
0x00007f22f3c09cb0:   0000000000000000 0000000000000000
0x00007f22f3c09cc0:   0000000000000000 0000000000000000
0x00007f22f3c09cd0:   0000000000000000 0000000000000000
0x00007f22f3c09ce0:   0000000000000000 0000000000000000
0x00007f22f3c09cf0:   0000000000000000 0000000000000000
0x00007f22f3c09d00:   0000000000000000 0000000000000000
0x00007f22f3c09d10:   0000000000000000 0000000000000000
0x00007f22f3c09d20:   0000000000000000 0000000000000000
0x00007f22f3c09d30:   0000000000000000 0000000000000000
0x00007f22f3c09d40:   0000000000000000 0000000000000000
0x00007f22f3c09d50:   0000000000000000 0000000000000000
0x00007f22f3c09d60:   0000000000000000 0000000000000000 

Instructions: (pc=0x00007f22c77dd1db)
0x00007f22c77dd1bb:   be 01 00 00 00 48 8b 38 31 c0 e8 c6 91 e3 ff 41
0x00007f22c77dd1cb:   83 fc ff 7c 18 45 85 e4 7e 2f 41 83 fc 02 7f 0d
0x00007f22c77dd1db:   8b 04 25 00 00 00 00 0f 0b 0f 1f 40 00 48 8d 35
0x00007f22c77dd1eb:   d1 b0 01 00 48 8d 3d 92 26 50 00 31 c9 ba 02 00 

Register to memory mapping:

RAX=0x000000000000004e is an unknown value
RBX=0x00007f22f3c09bbd is pointing into the stack for thread: 0x00007f22ec00a000
RCX=0x00007f22f35295bd: __write+0x2d in /lib/x86_64-linux-gnu/libc.so.6 at 0x00007f22f343e000
RDX=0x00007f22f37fd9f0: <offset 0x3bf9f0> in /lib/x86_64-linux-gnu/libc.so.6 at 0x00007f22f343e000
RSP=0x00007f22f3c09b70 is pointing into the stack for thread: 0x00007f22ec00a000
RBP=0x00007f22f3c09b90 is pointing into the stack for thread: 0x00007f22ec00a000
RSI=0x000000000000004e is an unknown value
RDI=0x00007f22f3c07340 is pointing into the stack for thread: 0x00007f22ec00a000
R8 =0x00007f22f3c0c700 is pointing into the stack for thread: 0x00007f22ec00a000
R9 =0x61646120656c6966 is an unknown value
R10=0x00007f22f37f9be0: <offset 0x3bbbe0> in /lib/x86_64-linux-gnu/libc.so.6 at 0x00007f22f343e000
R11=0x0000000000000000 is an unknown value
R12=0x0000000000000002 is an unknown value
R13=0x00007f22c77e8277: <offset 0x26a277> in /usr/local/lib/libtesseract.so at 0x00007f22c757e000
R14=0x00007f22c7a9d7c0: <offset 0x51f7c0> in /usr/local/lib/libtesseract.so at 0x00007f22c757e000
R15=0x00007f22ec4cc7f0 is an unknown value


Stack: [0x00007f22f3b0c000,0x00007f22f3c0d000],  sp=0x00007f22f3c09b70,  free space=1014k
Native frames: (J=compiled Java code, j=interpreted, Vv=VM code, C=native code)
C  [libtesseract.so+0x25f1db]  ERRCODE::error(char const*, TessErrorLogCode, char const*, ...) const+0x16b

Java frames: (J=compiled Java code, j=interpreted, Vv=VM code)
j  com.sun.jna.Native.invokePointer(JI[Ljava/lang/Object;)J+0
j  com.sun.jna.Function.invokePointer(I[Ljava/lang/Object;)Lcom/sun/jna/Pointer;+6
j  com.sun.jna.Function.invoke([Ljava/lang/Object;Ljava/lang/Class;Z)Ljava/lang/Object;+426
j  com.sun.jna.Function.invoke(Ljava/lang/Class;[Ljava/lang/Object;Ljava/util/Map;)Ljava/lang/Object;+262
j  com.sun.jna.Library$Handler.invoke(Ljava/lang/Object;Ljava/lang/reflect/Method;[Ljava/lang/Object;)Ljava/lang/Object;+316
j  com.sun.proxy.$Proxy0.TessBaseAPIGetUTF8Text(Lnet/sourceforge/tess4j/ITessAPI$TessBaseAPI;)Lcom/sun/jna/Pointer;+16
j  net.sourceforge.tess4j.Tesseract.getOCRText(Ljava/lang/String;I)Ljava/lang/String;+62
j  net.sourceforge.tess4j.Tesseract.doOCR(Ljava/util/List;Ljava/lang/String;Ljava/awt/Rectangle;)Ljava/lang/String;+69
j  net.sourceforge.tess4j.Tesseract.doOCR(Ljava/io/File;Ljava/awt/Rectangle;)Ljava/lang/String;+10
j  net.sourceforge.tess4j.Tesseract.doOCR(Ljava/io/File;)Ljava/lang/String;+3
j  OCREngine.doOCR(Ljava/io/File;)Ljava/lang/String;+5
j  Main.main([Ljava/lang/String;)V+23
v  ~StubRoutines::call_stub

---------------  P R O C E S S  ---------------

Java Threads: ( => current thread )
  0x00007f22ec1bf000 JavaThread "Java2D Disposer" daemon [_thread_blocked, id=4584, stack(0x00007f22e0067000,0x00007f22e0168000)]
  0x00007f22ec0af800 JavaThread "Service Thread" daemon [_thread_blocked, id=4582, stack(0x00007f22e26eb000,0x00007f22e27ec000)]
  0x00007f22ec0ad000 JavaThread "C2 CompilerThread1" daemon [_thread_blocked, id=4581, stack(0x00007f22e27ec000,0x00007f22e28ed000)]
  0x00007f22ec0aa000 JavaThread "C2 CompilerThread0" daemon [_thread_blocked, id=4580, stack(0x00007f22e28ed000,0x00007f22e29ee000)]
  0x00007f22ec0a7800 JavaThread "Signal Dispatcher" daemon [_thread_blocked, id=4579, stack(0x00007f22e29ee000,0x00007f22e2aef000)]
  0x00007f22ec07c800 JavaThread "Finalizer" daemon [_thread_blocked, id=4578, stack(0x00007f22e31d1000,0x00007f22e32d2000)]
  0x00007f22ec07a000 JavaThread "Reference Handler" daemon [_thread_blocked, id=4577, stack(0x00007f22e32d2000,0x00007f22e33d3000)]
=>0x00007f22ec00a000 JavaThread "main" [_thread_in_native, id=4571, stack(0x00007f22f3b0c000,0x00007f22f3c0d000)]

Other Threads:
  0x00007f22ec075800 VMThread [stack: 0x00007f22e33d3000,0x00007f22e34d4000] [id=4576]
  0x00007f22ec0ba000 WatcherThread [stack: 0x00007f22e25ea000,0x00007f22e26eb000] [id=4583]

VM state:not at safepoint (normal execution)

VM Mutex/Monitor currently owned by a thread: None

Heap
 PSYoungGen      total 37376K, used 14206K [0x00000007d6e80000, 0x00000007d9800000, 0x0000000800000000)
  eden space 32256K, 44% used [0x00000007d6e80000,0x00000007d7c5f818,0x00000007d8e00000)
  from space 5120K, 0% used [0x00000007d9300000,0x00000007d9300000,0x00000007d9800000)
  to   space 5120K, 0% used [0x00000007d8e00000,0x00000007d8e00000,0x00000007d9300000)
 ParOldGen       total 83968K, used 0K [0x0000000784c00000, 0x0000000789e00000, 0x00000007d6e80000)
  object space 83968K, 0% used [0x0000000784c00000,0x0000000784c00000,0x0000000789e00000)
 PSPermGen       total 21504K, used 7742K [0x000000077a600000, 0x000000077bb00000, 0x0000000784c00000)
  object space 21504K, 36% used [0x000000077a600000,0x000000077ad8fac0,0x000000077bb00000)

Card table byte_map: [0x00007f22f02dc000,0x00007f22f070a000] byte_map_base: 0x00007f22ec709000

Polling page: 0x00007f22f3c2f000

Code Cache  [0x00007f22e9000000, 0x00007f22e9270000, 0x00007f22ec000000)
 total_blobs=312 nmethods=37 adapters=228 free_code_cache=48633Kb largest_free_block=49769920

Compilation events (10 events):
Event: 0.364 Thread 0x00007f22ec0ad000 nmethod 32% 0x00007f22e907b5d0 code [0x00007f22e907b780, 0x00007f22e907c058]
Event: 0.373 Thread 0x00007f22ec0ad000   34             java.lang.AbstractStringBuilder::append (48 bytes)
Event: 0.378 Thread 0x00007f22ec0ad000 nmethod 34 0x00007f22e9080f10 code [0x00007f22e9081080, 0x00007f22e9081458]
Event: 0.378 Thread 0x00007f22ec0ad000   35             java.lang.String::getChars (62 bytes)
Event: 0.379 Thread 0x00007f22ec0ad000 nmethod 35 0x00007f22e907ddd0 code [0x00007f22e907df20, 0x00007f22e907e058]
Event: 0.388 Thread 0x00007f22ec0ad000   36             java.lang.StringBuilder::append (8 bytes)
Event: 0.394 Thread 0x00007f22ec0ad000 nmethod 36 0x00007f22e90863d0 code [0x00007f22e9086540, 0x00007f22e9086918]
Event: 0.394 Thread 0x00007f22ec0ad000   37             java.util.Arrays::copyOfRange (63 bytes)
Event: 0.395 Thread 0x00007f22ec0aa000 nmethod 33 0x00007f22e9086cd0 code [0x00007f22e9086ea0, 0x00007f22e9088878]
Event: 0.396 Thread 0x00007f22ec0ad000 nmethod 37 0x00007f22e907f350 code [0x00007f22e907f4a0, 0x00007f22e907f6b8]

GC Heap History (0 events):
No events

Deoptimization events (5 events):
Event: 0.275 Thread 0x00007f22ec00a000 Uncommon trap: reason=bimorphic action=maybe_recompile pc=0x00007f22e9075664 method=java.util.HashMap.getEntry(Ljava/lang/Object;)Ljava/util/HashMap$Entry; @ 68
Event: 0.276 Thread 0x00007f22ec00a000 Uncommon trap: reason=bimorphic action=maybe_recompile pc=0x00007f22e9075664 method=java.util.HashMap.getEntry(Ljava/lang/Object;)Ljava/util/HashMap$Entry; @ 68
Event: 0.276 Thread 0x00007f22ec00a000 Uncommon trap: reason=bimorphic action=maybe_recompile pc=0x00007f22e9077084 method=java.util.HashMap.getEntry(Ljava/lang/Object;)Ljava/util/HashMap$Entry; @ 68
Event: 0.277 Thread 0x00007f22ec00a000 Uncommon trap: reason=bimorphic action=maybe_recompile pc=0x00007f22e9077084 method=java.util.HashMap.getEntry(Ljava/lang/Object;)Ljava/util/HashMap$Entry; @ 68
Event: 0.277 Thread 0x00007f22ec00a000 Uncommon trap: reason=bimorphic action=maybe_recompile pc=0x00007f22e9075664 method=java.util.HashMap.getEntry(Ljava/lang/Object;)Ljava/util/HashMap$Entry; @ 68

Internal exceptions (10 events):
Event: 0.390 Thread 0x00007f22ec00a000 Threw 0x00000007d7bb9918 at /build/buildd/openjdk-7-7u79-2.5.5/build/openjdk/hotspot/src/share/vm/prims/jvm.cpp:1284
Event: 0.391 Thread 0x00007f22ec00a000 Threw 0x00000007d7bbf490 at /build/buildd/openjdk-7-7u79-2.5.5/build/openjdk/hotspot/src/share/vm/prims/jvm.cpp:1284
Event: 0.391 Thread 0x00007f22ec00a000 Threw 0x00000007d7bc4840 at /build/buildd/openjdk-7-7u79-2.5.5/build/openjdk/hotspot/src/share/vm/prims/jvm.cpp:1284
Event: 0.392 Thread 0x00007f22ec00a000 Threw 0x00000007d7bcaef0 at /build/buildd/openjdk-7-7u79-2.5.5/build/openjdk/hotspot/src/share/vm/prims/jvm.cpp:1284
Event: 0.392 Thread 0x00007f22ec00a000 Threw 0x00000007d7bd0498 at /build/buildd/openjdk-7-7u79-2.5.5/build/openjdk/hotspot/src/share/vm/prims/jvm.cpp:1284
Event: 0.392 Thread 0x00007f22ec00a000 Threw 0x00000007d7bd5a30 at /build/buildd/openjdk-7-7u79-2.5.5/build/openjdk/hotspot/src/share/vm/prims/jvm.cpp:1284
Event: 0.393 Thread 0x00007f22ec00a000 Threw 0x00000007d7bdae48 at /build/buildd/openjdk-7-7u79-2.5.5/build/openjdk/hotspot/src/share/vm/prims/jvm.cpp:1284
Event: 0.393 Thread 0x00007f22ec00a000 Threw 0x00000007d7be02e0 at /build/buildd/openjdk-7-7u79-2.5.5/build/openjdk/hotspot/src/share/vm/prims/jvm.cpp:1284
Event: 0.393 Thread 0x00007f22ec00a000 Threw 0x00000007d7be5740 at /build/buildd/openjdk-7-7u79-2.5.5/build/openjdk/hotspot/src/share/vm/prims/jvm.cpp:1284
Event: 0.398 Thread 0x00007f22ec00a000 Threw 0x00000007d7c40e00 at /build/buildd/openjdk-7-7u79-2.5.5/build/openjdk/hotspot/src/share/vm/prims/jvm.cpp:1284

Events (10 events):
Event: 0.395 loading class 0x00007f22ec1b3e70
Event: 0.395 loading class 0x00007f22ec1b3e70 done
Event: 0.395 loading class 0x00007f22ec1a5d20
Event: 0.395 loading class 0x00007f22ec1a5d20 done
Event: 0.395 loading class 0x00007f22b00eadc0
Event: 0.395 loading class 0x00007f22b00eadc0 done
Event: 0.398 loading class 0x00007f22ec011700
Event: 0.398 loading class 0x00007f22ec011700 done
Event: 0.398 loading class 0x00007f22ec24f110
Event: 0.398 loading class 0x00007f22ec24f110 done


Dynamic libraries:
00400000-00401000 r-xp 00000000 08:05 298468                             /usr/lib/jvm/java-7-openjdk-amd64/jre/bin/java
00600000-00601000 r--p 00000000 08:05 298468                             /usr/lib/jvm/java-7-openjdk-amd64/jre/bin/java
00601000-00602000 rw-p 00001000 08:05 298468                             /usr/lib/jvm/java-7-openjdk-amd64/jre/bin/java
01c26000-01c47000 rw-p 00000000 00:00 0                                  [heap]
77a600000-77bb00000 rw-p 00000000 00:00 0 
77bb00000-784c00000 rw-p 00000000 00:00 0 
784c00000-789e00000 rw-p 00000000 00:00 0 
789e00000-7d6e80000 rw-p 00000000 00:00 0 
7d6e80000-7d9800000 rw-p 00000000 00:00 0 
7d9800000-800000000 rw-p 00000000 00:00 0 
7f22a0000000-7f22a0021000 rw-p 00000000 00:00 0 
7f22a0021000-7f22a4000000 ---p 00000000 00:00 0 
7f22a8000000-7f22a8021000 rw-p 00000000 00:00 0 
7f22a8021000-7f22ac000000 ---p 00000000 00:00 0 
7f22ac000000-7f22ac021000 rw-p 00000000 00:00 0 
7f22ac021000-7f22b0000000 ---p 00000000 00:00 0 
7f22b0000000-7f22b032b000 rw-p 00000000 00:00 0 
7f22b032b000-7f22b4000000 ---p 00000000 00:00 0 
7f22b4000000-7f22b422a000 rw-p 00000000 00:00 0 
7f22b422a000-7f22b8000000 ---p 00000000 00:00 0 
7f22b8000000-7f22b8021000 rw-p 00000000 00:00 0 
7f22b8021000-7f22bc000000 ---p 00000000 00:00 0 
7f22bc000000-7f22bc021000 rw-p 00000000 00:00 0 
7f22bc021000-7f22c0000000 ---p 00000000 00:00 0 
7f22c0000000-7f22c0021000 rw-p 00000000 00:00 0 
7f22c0021000-7f22c4000000 ---p 00000000 00:00 0 
7f22c6858000-7f22c686f000 r-xp 00000000 08:05 298523                     /usr/lib/jvm/java-7-openjdk-amd64/jre/lib/amd64/libnet.so
7f22c686f000-7f22c6a6e000 ---p 00017000 08:05 298523                     /usr/lib/jvm/java-7-openjdk-amd64/jre/lib/amd64/libnet.so
7f22c6a6e000-7f22c6a6f000 r--p 00016000 08:05 298523                     /usr/lib/jvm/java-7-openjdk-amd64/jre/lib/amd64/libnet.so
7f22c6a6f000-7f22c6a70000 rw-p 00017000 08:05 298523                     /usr/lib/jvm/java-7-openjdk-amd64/jre/lib/amd64/libnet.so
7f22c6a70000-7f22c6a81000 r-xp 00000000 08:05 298494                     /usr/lib/jvm/java-7-openjdk-amd64/jre/lib/amd64/libnio.so
7f22c6a81000-7f22c6c80000 ---p 00011000 08:05 298494                     /usr/lib/jvm/java-7-openjdk-amd64/jre/lib/amd64/libnio.so
7f22c6c80000-7f22c6c81000 r--p 00010000 08:05 298494                     /usr/lib/jvm/java-7-openjdk-amd64/jre/lib/amd64/libnio.so
7f22c6c81000-7f22c6c82000 rw-p 00011000 08:05 298494                     /usr/lib/jvm/java-7-openjdk-amd64/jre/lib/amd64/libnio.so
7f22c6c82000-7f22c6c8d000 r-xp 00000000 08:05 275200                     /usr/lib/x86_64-linux-gnu/libjbig.so.0
7f22c6c8d000-7f22c6e8c000 ---p 0000b000 08:05 275200                     /usr/lib/x86_64-linux-gnu/libjbig.so.0
7f22c6e8c000-7f22c6e8d000 r--p 0000a000 08:05 275200                     /usr/lib/x86_64-linux-gnu/libjbig.so.0
7f22c6e8d000-7f22c6e90000 rw-p 0000b000 08:05 275200                     /usr/lib/x86_64-linux-gnu/libjbig.so.0
7f22c6e90000-7f22c6eb1000 r-xp 00000000 08:05 5508                       /lib/x86_64-linux-gnu/liblzma.so.5.0.0
7f22c6eb1000-7f22c70b0000 ---p 00021000 08:05 5508                       /lib/x86_64-linux-gnu/liblzma.so.5.0.0
7f22c70b0000-7f22c70b1000 r--p 00020000 08:05 5508                       /lib/x86_64-linux-gnu/liblzma.so.5.0.0
7f22c70b1000-7f22c70b2000 rw-p 00021000 08:05 5508                       /lib/x86_64-linux-gnu/liblzma.so.5.0.0
7f22c70b2000-7f22c7108000 r-xp 00000000 08:05 275649                     /usr/lib/x86_64-linux-gnu/libwebp.so.5.0.1
7f22c7108000-7f22c7307000 ---p 00056000 08:05 275649                     /usr/lib/x86_64-linux-gnu/libwebp.so.5.0.1
7f22c7307000-7f22c7308000 r--p 00055000 08:05 275649                     /usr/lib/x86_64-linux-gnu/libwebp.so.5.0.1
7f22c7308000-7f22c730a000 rw-p 00056000 08:05 275649                     /usr/lib/x86_64-linux-gnu/libwebp.so.5.0.1
7f22c730a000-7f22c737a000 r-xp 00000000 08:05 282436                     /usr/lib/x86_64-linux-gnu/libtiff.so.5.2.0
7f22c737a000-7f22c7579000 ---p 00070000 08:05 282436                     /usr/lib/x86_64-linux-gnu/libtiff.so.5.2.0
7f22c7579000-7f22c757b000 r--p 0006f000 08:05 282436                     /usr/lib/x86_64-linux-gnu/libtiff.so.5.2.0
7f22c757b000-7f22c757e000 rw-p 00071000 08:05 282436                     /usr/lib/x86_64-linux-gnu/libtiff.so.5.2.0
7f22c757e000-7f22c788d000 r-xp 00000000 08:05 310073                     /usr/local/lib/libtesseract.so.3.0.4
7f22c788d000-7f22c7a8c000 ---p 0030f000 08:05 310073                     /usr/local/lib/libtesseract.so.3.0.4
7f22c7a8c000-7f22c7a92000 r--p 0030e000 08:05 310073                     /usr/local/lib/libtesseract.so.3.0.4
7f22c7a92000-7f22c7a9a000 rw-p 00314000 08:05 310073                     /usr/local/lib/libtesseract.so.3.0.4
7f22c7a9a000-7f22cc000000 rw-p 00000000 00:00 0 
7f22cc000000-7f22cc021000 rw-p 00000000 00:00 0 
7f22cc021000-7f22d0000000 ---p 00000000 00:00 0 
7f22d0000000-7f22d0021000 rw-p 00000000 00:00 0 
7f22d0021000-7f22d4000000 ---p 00000000 00:00 0 
7f22d4000000-7f22d4021000 rw-p 00000000 00:00 0 
7f22d4021000-7f22d8000000 ---p 00000000 00:00 0 
7f22d810c000-7f22d8114000 r-xp 00000000 08:05 298656                     /usr/lib/x86_64-linux-gnu/libgif.so.4.1.6
7f22d8114000-7f22d8313000 ---p 00008000 08:05 298656                     /usr/lib/x86_64-linux-gnu/libgif.so.4.1.6
7f22d8313000-7f22d8314000 r--p 00007000 08:05 298656                     /usr/lib/x86_64-linux-gnu/libgif.so.4.1.6
7f22d8314000-7f22d8315000 rw-p 00008000 08:05 298656                     /usr/lib/x86_64-linux-gnu/libgif.so.4.1.6
7f22d8315000-7f22d851a000 r-xp 00000000 08:05 310004                     /usr/lib/liblept.so.4.0.2
7f22d851a000-7f22d871a000 ---p 00205000 08:05 310004                     /usr/lib/liblept.so.4.0.2
7f22d871a000-7f22d871b000 r--p 00205000 08:05 310004                     /usr/lib/liblept.so.4.0.2
7f22d871b000-7f22d8721000 rw-p 00206000 08:05 310004                     /usr/lib/liblept.so.4.0.2
7f22d8721000-7f22d8738000 r-xp 00000000 08:05 35041                      /tmp/jna-105408/jna4461697856844992506.tmp (deleted)
7f22d8738000-7f22d8837000 ---p 00017000 08:05 35041                      /tmp/jna-105408/jna4461697856844992506.tmp (deleted)
7f22d8837000-7f22d8839000 rw-p 00016000 08:05 35041                      /tmp/jna-105408/jna4461697856844992506.tmp (deleted)
7f22d8839000-7f22d887c000 r-xp 00000000 08:05 275202                     /usr/lib/x86_64-linux-gnu/libjpeg.so.8.0.2
7f22d887c000-7f22d8a7c000 ---p 00043000 08:05 275202                     /usr/lib/x86_64-linux-gnu/libjpeg.so.8.0.2
7f22d8a7c000-7f22d8a7d000 r--p 00043000 08:05 275202                     /usr/lib/x86_64-linux-gnu/libjpeg.so.8.0.2
7f22d8a7d000-7f22d8a7e000 rw-p 00044000 08:05 275202                     /usr/lib/x86_64-linux-gnu/libjpeg.so.8.0.2
7f22d8a7e000-7f22d8a8e000 rw-p 00000000 00:00 0 
7f22d8a8e000-7f22d8a98000 r-xp 00000000 08:05 298497                     /usr/lib/jvm/java-7-openjdk-amd64/jre/lib/amd64/libjavajpeg.so
7f22d8a98000-7f22d8c97000 ---p 0000a000 08:05 298497                     /usr/lib/jvm/java-7-openjdk-amd64/jre/lib/amd64/libjavajpeg.so
7f22d8c97000-7f22d8c98000 r--p 00009000 08:05 298497                     /usr/lib/jvm/java-7-openjdk-amd64/jre/lib/amd64/libjavajpeg.so
7f22d8c98000-7f22d8c99000 rw-p 0000a000 08:05 298497                     /usr/lib/jvm/java-7-openjdk-amd64/jre/lib/amd64/libjavajpeg.so
7f22d8c99000-7f22d8c9c000 r-xp 00000000 08:05 5504                       /lib/x86_64-linux-gnu/libkeyutils.so.1.5
7f22d8c9c000-7f22d8e9b000 ---p 00003000 08:05 5504                       /lib/x86_64-linux-gnu/libkeyutils.so.1.5
7f22d8e9b000-7f22d8e9c000 r--p 00002000 08:05 5504                       /lib/x86_64-linux-gnu/libkeyutils.so.1.5
7f22d8e9c000-7f22d8e9d000 rw-p 00003000 08:05 5504                       /lib/x86_64-linux-gnu/libkeyutils.so.1.5
7f22d8e9d000-7f22d8f09000 r-xp 00000000 08:05 5568                       /lib/x86_64-linux-gnu/libpcre.so.3.13.1
7f22d8f09000-7f22d9108000 ---p 0006c000 08:05 5568                       /lib/x86_64-linux-gnu/libpcre.so.3.13.1
7f22d9108000-7f22d9109000 r--p 0006b000 08:05 5568                       /lib/x86_64-linux-gnu/libpcre.so.3.13.1
7f22d9109000-7f22d910a000 rw-p 0006c000 08:05 5568                       /lib/x86_64-linux-gnu/libpcre.so.3.13.1
7f22d910a000-7f22d912f000 r-xp 00000000 08:05 5580                       /lib/x86_64-linux-gnu/libpng12.so.0.51.0
7f22d912f000-7f22d932e000 ---p 00025000 08:05 5580                       /lib/x86_64-linux-gnu/libpng12.so.0.51.0
7f22d932e000-7f22d932f000 r--p 00024000 08:05 5580                       /lib/x86_64-linux-gnu/libpng12.so.0.51.0
7f22d932f000-7f22d9330000 rw-p 00025000 08:05 5580                       /lib/x86_64-linux-gnu/libpng12.so.0.51.0
7f22d9330000-7f22d9376000 r-xp 00000000 08:05 20376                      /lib/x86_64-linux-gnu/libdbus-1.so.3.8.7
7f22d9376000-7f22d9575000 ---p 00046000 08:05 20376                      /lib/x86_64-linux-gnu/libdbus-1.so.3.8.7
7f22d9575000-7f22d9577000 r--p 00045000 08:05 20376                      /lib/x86_64-linux-gnu/libdbus-1.so.3.8.7
7f22d9577000-7f22d9578000 rw-p 00047000 08:05 20376                      /lib/x86_64-linux-gnu/libdbus-1.so.3.8.7
7f22d9578000-7f22d95f6000 r-xp 00000000 08:05 274990                     /usr/lib/x86_64-linux-gnu/libgmp.so.10.2.0
7f22d95f6000-7f22d97f6000 ---p 0007e000 08:05 274990                     /usr/lib/x86_64-linux-gnu/libgmp.so.10.2.0
7f22d97f6000-7f22d97f7000 r--p 0007e000 08:05 274990                     /usr/lib/x86_64-linux-gnu/libgmp.so.10.2.0
7f22d97f7000-7f22d97f8000 rw-p 0007f000 08:05 274990                     /usr/lib/x86_64-linux-gnu/libgmp.so.10.2.0
7f22d97f8000-7f22d9824000 r-xp 00000000 08:05 275147                     /usr/lib/x86_64-linux-gnu/libhogweed.so.2.5
7f22d9824000-7f22d9a24000 ---p 0002c000 08:05 275147                     /usr/lib/x86_64-linux-gnu/libhogweed.so.2.5
7f22d9a24000-7f22d9a25000 r--p 0002c000 08:05 275147                     /usr/lib/x86_64-linux-gnu/libhogweed.so.2.5
7f22d9a25000-7f22d9a26000 rw-p 0002d000 08:05 275147                     /usr/lib/x86_64-linux-gnu/libhogweed.so.2.5
7f22d9a26000-7f22d9a55000 r-xp 00000000 08:05 275284                     /usr/lib/x86_64-linux-gnu/libnettle.so.4.7
7f22d9a55000-7f22d9c55000 ---p 0002f000 08:05 275284                     /usr/lib/x86_64-linux-gnu/libnettle.so.4.7
7f22d9c55000-7f22d9c56000 r--p 0002f000 08:05 275284                     /usr/lib/x86_64-linux-gnu/libnettle.so.4.7
7f22d9c56000-7f22d9c57000 rw-p 00030000 08:05 275284                     /usr/lib/x86_64-linux-gnu/libnettle.so.4.7
7f22d9c57000-7f22d9c68000 r-xp 00000000 08:05 268069                     /usr/lib/x86_64-linux-gnu/libtasn1.so.6.3.0
7f22d9c68000-7f22d9e68000 ---p 00011000 08:05 268069                     /usr/lib/x86_64-linux-gnu/libtasn1.so.6.3.0
7f22d9e68000-7f22d9e69000 r--p 00011000 08:05 268069                     /usr/lib/x86_64-linux-gnu/libtasn1.so.6.3.0
7f22d9e69000-7f22d9e6a000 rw-p 00012000 08:05 268069                     /usr/lib/x86_64-linux-gnu/libtasn1.so.6.3.0
7f22d9e6a000-7f22d9ea5000 r-xp 00000000 08:05 275334                     /usr/lib/x86_64-linux-gnu/libp11-kit.so.0.0.0
7f22d9ea5000-7f22da0a4000 ---p 0003b000 08:05 275334                     /usr/lib/x86_64-linux-gnu/libp11-kit.so.0.0.0
7f22da0a4000-7f22da0aa000 r--p 0003a000 08:05 275334                     /usr/lib/x86_64-linux-gnu/libp11-kit.so.0.0.0
7f22da0aa000-7f22da0ac000 rw-p 00040000 08:05 275334                     /usr/lib/x86_64-linux-gnu/libp11-kit.so.0.0.0
7f22da0ac000-7f22da0b6000 r-xp 00000000 08:05 274434                     /usr/lib/x86_64-linux-gnu/libkrb5support.so.0.1
7f22da0b6000-7f22da2b5000 ---p 0000a000 08:05 274434                     /usr/lib/x86_64-linux-gnu/libkrb5support.so.0.1
7f22da2b5000-7f22da2b6000 r--p 00009000 08:05 274434                     /usr/lib/x86_64-linux-gnu/libkrb5support.so.0.1
7f22da2b6000-7f22da2b7000 rw-p 0000a000 08:05 274434                     /usr/lib/x86_64-linux-gnu/libkrb5support.so.0.1
7f22da2b7000-7f22da2ba000 r-xp 00000000 08:05 19397                      /lib/x86_64-linux-gnu/libcom_err.so.2.1
7f22da2ba000-7f22da4b9000 ---p 00003000 08:05 19397                      /lib/x86_64-linux-gnu/libcom_err.so.2.1
7f22da4b9000-7f22da4ba000 r--p 00002000 08:05 19397                      /lib/x86_64-linux-gnu/libcom_err.so.2.1
7f22da4ba000-7f22da4bb000 rw-p 00003000 08:05 19397                      /lib/x86_64-linux-gnu/libcom_err.so.2.1
7f22da4bb000-7f22da4e8000 r-xp 00000000 08:05 274437                     /usr/lib/x86_64-linux-gnu/libk5crypto.so.3.1
7f22da4e8000-7f22da6e7000 ---p 0002d000 08:05 274437                     /usr/lib/x86_64-linux-gnu/libk5crypto.so.3.1
7f22da6e7000-7f22da6e9000 r--p 0002c000 08:05 274437                     /usr/lib/x86_64-linux-gnu/libk5crypto.so.3.1
7f22da6e9000-7f22da6ea000 rw-p 0002e000 08:05 274437                     /usr/lib/x86_64-linux-gnu/libk5crypto.so.3.1
7f22da6ea000-7f22da6eb000 rw-p 00000000 00:00 0 
7f22da6eb000-7f22da7ab000 r-xp 00000000 08:05 274432                     /usr/lib/x86_64-linux-gnu/libkrb5.so.3.3
7f22da7ab000-7f22da9ab000 ---p 000c0000 08:05 274432                     /usr/lib/x86_64-linux-gnu/libkrb5.so.3.3
7f22da9ab000-7f22da9b8000 r--p 000c0000 08:05 274432                     /usr/lib/x86_64-linux-gnu/libkrb5.so.3.3
7f22da9b8000-7f22da9ba000 rw-p 000cd000 08:05 274432                     /usr/lib/x86_64-linux-gnu/libkrb5.so.3.3
7f22da9ba000-7f22da9bf000 r-xp 00000000 08:05 274588                     /usr/lib/x86_64-linux-gnu/libXdmcp.so.6.0.0
7f22da9bf000-7f22dabbe000 ---p 00005000 08:05 274588                     /usr/lib/x86_64-linux-gnu/libXdmcp.so.6.0.0
7f22dabbe000-7f22dabbf000 r--p 00004000 08:05 274588                     /usr/lib/x86_64-linux-gnu/libXdmcp.so.6.0.0
7f22dabbf000-7f22dabc0000 rw-p 00005000 08:05 274588                     /usr/lib/x86_64-linux-gnu/libXdmcp.so.6.0.0
7f22dabc0000-7f22dabc2000 r-xp 00000000 08:05 274577                     /usr/lib/x86_64-linux-gnu/libXau.so.6.0.0
7f22dabc2000-7f22dadc2000 ---p 00002000 08:05 274577                     /usr/lib/x86_64-linux-gnu/libXau.so.6.0.0
7f22dadc2000-7f22dadc3000 r--p 00002000 08:05 274577                     /usr/lib/x86_64-linux-gnu/libXau.so.6.0.0
7f22dadc3000-7f22dadc4000 rw-p 00003000 08:05 274577                     /usr/lib/x86_64-linux-gnu/libXau.so.6.0.0
7f22dadc4000-7f22dadcb000 r-xp 00000000 08:05 274877                     /usr/lib/x86_64-linux-gnu/libffi.so.6.0.2
7f22dadcb000-7f22dafca000 ---p 00007000 08:05 274877                     /usr/lib/x86_64-linux-gnu/libffi.so.6.0.2
7f22dafca000-7f22dafcb000 r--p 00006000 08:05 274877                     /usr/lib/x86_64-linux-gnu/libffi.so.6.0.2
7f22dafcb000-7f22dafcc000 rw-p 00007000 08:05 274877                     /usr/lib/x86_64-linux-gnu/libffi.so.6.0.2
7f22dafcc000-7f22dafe3000 r-xp 00000000 08:05 19311                      /lib/x86_64-linux-gnu/libresolv-2.19.so
7f22dafe3000-7f22db1e3000 ---p 00017000 08:05 19311                      /lib/x86_64-linux-gnu/libresolv-2.19.so
7f22db1e3000-7f22db1e4000 r--p 00017000 08:05 19311                      /lib/x86_64-linux-gnu/libresolv-2.19.so
7f22db1e4000-7f22db1e5000 rw-p 00018000 08:05 19311                      /lib/x86_64-linux-gnu/libresolv-2.19.so
7f22db1e5000-7f22db1e7000 rw-p 00000000 00:00 0 
7f22db1e7000-7f22db208000 r-xp 00000000 08:05 5595                       /lib/x86_64-linux-gnu/libselinux.so.1
7f22db208000-7f22db407000 ---p 00021000 08:05 5595                       /lib/x86_64-linux-gnu/libselinux.so.1
7f22db407000-7f22db408000 r--p 00020000 08:05 5595                       /lib/x86_64-linux-gnu/libselinux.so.1
7f22db408000-7f22db409000 rw-p 00021000 08:05 5595                       /lib/x86_64-linux-gnu/libselinux.so.1
7f22db409000-7f22db40b000 rw-p 00000000 00:00 0 
7f22db40b000-7f22db517000 r-xp 00000000 08:05 5294                       /lib/x86_64-linux-gnu/libglib-2.0.so.0.4200.1
7f22db517000-7f22db717000 ---p 0010c000 08:05 5294                       /lib/x86_64-linux-gnu/libglib-2.0.so.0.4200.1
7f22db717000-7f22db718000 r--p 0010c000 08:05 5294                       /lib/x86_64-linux-gnu/libglib-2.0.so.0.4200.1
7f22db718000-7f22db719000 rw-p 0010d000 08:05 5294                       /lib/x86_64-linux-gnu/libglib-2.0.so.0.4200.1
7f22db719000-7f22db71a000 rw-p 00000000 00:00 0 
7f22db71a000-7f22db71d000 r-xp 00000000 08:05 268184                     /usr/lib/x86_64-linux-gnu/libgmodule-2.0.so.0.4200.1
7f22db71d000-7f22db91c000 ---p 00003000 08:05 268184                     /usr/lib/x86_64-linux-gnu/libgmodule-2.0.so.0.4200.1
7f22db91c000-7f22db91d000 r--p 00002000 08:05 268184                     /usr/lib/x86_64-linux-gnu/libgmodule-2.0.so.0.4200.1
7f22db91d000-7f22db91e000 rw-p 00003000 08:05 268184                     /usr/lib/x86_64-linux-gnu/libgmodule-2.0.so.0.4200.1
7f22db91e000-7f22db944000 r-xp 00000000 08:05 5481                       /lib/x86_64-linux-gnu/libexpat.so.1.6.0
7f22db944000-7f22dbb43000 ---p 00026000 08:05 5481                       /lib/x86_64-linux-gnu/libexpat.so.1.6.0
7f22dbb43000-7f22dbb46000 r--p 00025000 08:05 5481                       /lib/x86_64-linux-gnu/libexpat.so.1.6.0
7f22dbb46000-7f22dbb47000 rw-p 00028000 08:05 5481                       /lib/x86_64-linux-gnu/libexpat.so.1.6.0
7f22dbb47000-7f22dbbe9000 r-xp 00000000 08:05 267920                     /usr/lib/x86_64-linux-gnu/libfreetype.so.6.11.1
7f22dbbe9000-7f22dbde8000 ---p 000a2000 08:05 267920                     /usr/lib/x86_64-linux-gnu/libfreetype.so.6.11.1
7f22dbde8000-7f22dbdee000 r--p 000a1000 08:05 267920                     /usr/lib/x86_64-linux-gnu/libfreetype.so.6.11.1
7f22dbdee000-7f22dbdef000 rw-p 000a7000 08:05 267920                     /usr/lib/x86_64-linux-gnu/libfreetype.so.6.11.1
7f22dbdef000-7f22dbdff000 r-xp 00000000 08:05 274681                     /usr/lib/x86_64-linux-gnu/libavahi-client.so.3.2.9
7f22dbdff000-7f22dbffe000 ---p 00010000 08:05 274681                     /usr/lib/x86_64-linux-gnu/libavahi-client.so.3.2.9
7f22dbffe000-7f22dbfff000 r--p 0000f000 08:05 274681                     /usr/lib/x86_64-linux-gnu/libavahi-client.so.3.2.9
7f22dbfff000-7f22dc000000 rw-p 00010000 08:05 274681                     /usr/lib/x86_64-linux-gnu/libavahi-client.so.3.2.9
7f22dc000000-7f22dc021000 rw-p 00000000 00:00 0 
7f22dc021000-7f22e0000000 ---p 00000000 00:00 0 
7f22e0067000-7f22e006a000 ---p 00000000 00:00 0 
7f22e006a000-7f22e0168000 rw-p 00000000 00:00 0                          [stack:4584]
7f22e0168000-7f22e0173000 r-xp 00000000 08:05 274683                     /usr/lib/x86_64-linux-gnu/libavahi-common.so.3.5.3
7f22e0173000-7f22e0372000 ---p 0000b000 08:05 274683                     /usr/lib/x86_64-linux-gnu/libavahi-common.so.3.5.3
7f22e0372000-7f22e0373000 r--p 0000a000 08:05 274683                     /usr/lib/x86_64-linux-gnu/libavahi-common.so.3.5.3
7f22e0373000-7f22e0374000 rw-p 0000b000 08:05 274683                     /usr/lib/x86_64-linux-gnu/libavahi-common.so.3.5.3
7f22e0374000-7f22e0473000 r-xp 00000000 08:05 268077                     /usr/lib/x86_64-linux-gnu/libgnutls-deb0.so.28.30.7
7f22e0473000-7f22e0672000 ---p 000ff000 08:05 268077                     /usr/lib/x86_64-linux-gnu/libgnutls-deb0.so.28.30.7
7f22e0672000-7f22e067b000 r--p 000fe000 08:05 268077                     /usr/lib/x86_64-linux-gnu/libgnutls-deb0.so.28.30.7
7f22e067b000-7f22e067d000 rw-p 00107000 08:05 268077                     /usr/lib/x86_64-linux-gnu/libgnutls-deb0.so.28.30.7
7f22e067d000-7f22e06c2000 r-xp 00000000 08:05 274243                     /usr/lib/x86_64-linux-gnu/libgssapi_krb5.so.2.2
7f22e06c2000-7f22e08c1000 ---p 00045000 08:05 274243                     /usr/lib/x86_64-linux-gnu/libgssapi_krb5.so.2.2
7f22e08c1000-7f22e08c3000 r--p 00044000 08:05 274243                     /usr/lib/x86_64-linux-gnu/libgssapi_krb5.so.2.2
7f22e08c3000-7f22e08c4000 rw-p 00046000 08:05 274243                     /usr/lib/x86_64-linux-gnu/libgssapi_krb5.so.2.2
7f22e08c4000-7f22e08c5000 rw-p 00000000 00:00 0 
7f22e08c5000-7f22e08e2000 r-xp 00000000 08:05 275697                     /usr/lib/x86_64-linux-gnu/libxcb.so.1.1.0
7f22e08e2000-7f22e0ae2000 ---p 0001d000 08:05 275697                     /usr/lib/x86_64-linux-gnu/libxcb.so.1.1.0
7f22e0ae2000-7f22e0ae3000 r--p 0001d000 08:05 275697                     /usr/lib/x86_64-linux-gnu/libxcb.so.1.1.0
7f22e0ae3000-7f22e0ae4000 rw-p 0001e000 08:05 275697                     /usr/lib/x86_64-linux-gnu/libxcb.so.1.1.0
7f22e0ae4000-7f22e0b34000 r-xp 00000000 08:05 268182                     /usr/lib/x86_64-linux-gnu/libgobject-2.0.so.0.4200.1
7f22e0b34000-7f22e0d34000 ---p 00050000 08:05 268182                     /usr/lib/x86_64-linux-gnu/libgobject-2.0.so.0.4200.1
7f22e0d34000-7f22e0d35000 r--p 00050000 08:05 268182                     /usr/lib/x86_64-linux-gnu/libgobject-2.0.so.0.4200.1
7f22e0d35000-7f22e0d36000 rw-p 00051000 08:05 268182                     /usr/lib/x86_64-linux-gnu/libgobject-2.0.so.0.4200.1
7f22e0d36000-7f22e0ea7000 r-xp 00000000 08:05 268183                     /usr/lib/x86_64-linux-gnu/libgio-2.0.so.0.4200.1
7f22e0ea7000-7f22e10a7000 ---p 00171000 08:05 268183                     /usr/lib/x86_64-linux-gnu/libgio-2.0.so.0.4200.1
7f22e10a7000-7f22e10ab000 r--p 00171000 08:05 268183                     /usr/lib/x86_64-linux-gnu/libgio-2.0.so.0.4200.1
7f22e10ab000-7f22e10ad000 rw-p 00175000 08:05 268183                     /usr/lib/x86_64-linux-gnu/libgio-2.0.so.0.4200.1
7f22e10ad000-7f22e10af000 rw-p 00000000 00:00 0 
7f22e10af000-7f22e10ea000 r-xp 00000000 08:05 274891                     /usr/lib/x86_64-linux-gnu/libfontconfig.so.1.8.0
7f22e10ea000-7f22e12e9000 ---p 0003b000 08:05 274891                     /usr/lib/x86_64-linux-gnu/libfontconfig.so.1.8.0
7f22e12e9000-7f22e12eb000 r--p 0003a000 08:05 274891                     /usr/lib/x86_64-linux-gnu/libfontconfig.so.1.8.0
7f22e12eb000-7f22e12ec000 rw-p 0003c000 08:05 274891                     /usr/lib/x86_64-linux-gnu/libfontconfig.so.1.8.0
7f22e12ec000-7f22e1359000 r-xp 00000000 08:05 263551                     /usr/lib/x86_64-linux-gnu/libcups.so.2
7f22e1359000-7f22e1559000 ---p 0006d000 08:05 263551                     /usr/lib/x86_64-linux-gnu/libcups.so.2
7f22e1559000-7f22e1560000 r--p 0006d000 08:05 263551                     /usr/lib/x86_64-linux-gnu/libcups.so.2
7f22e1560000-7f22e1561000 rw-p 00074000 08:05 263551                     /usr/lib/x86_64-linux-gnu/libcups.so.2
7f22e1561000-7f22e1570000 r-xp 00000000 08:05 274598                     /usr/lib/x86_64-linux-gnu/libXi.so.6.1.0
7f22e1570000-7f22e176f000 ---p 0000f000 08:05 274598                     /usr/lib/x86_64-linux-gnu/libXi.so.6.1.0
7f22e176f000-7f22e1770000 r--p 0000e000 08:05 274598                     /usr/lib/x86_64-linux-gnu/libXi.so.6.1.0
7f22e1770000-7f22e1771000 rw-p 0000f000 08:05 274598                     /usr/lib/x86_64-linux-gnu/libXi.so.6.1.0
7f22e1771000-7f22e1776000 r-xp 00000000 08:05 274618                     /usr/lib/x86_64-linux-gnu/libXtst.so.6.1.0
7f22e1776000-7f22e1975000 ---p 00005000 08:05 274618                     /usr/lib/x86_64-linux-gnu/libXtst.so.6.1.0
7f22e1975000-7f22e1976000 r--p 00004000 08:05 274618                     /usr/lib/x86_64-linux-gnu/libXtst.so.6.1.0
7f22e1976000-7f22e1977000 rw-p 00005000 08:05 274618                     /usr/lib/x86_64-linux-gnu/libXtst.so.6.1.0
7f22e1977000-7f22e1980000 r-xp 00000000 08:05 274918                     /usr/lib/x86_64-linux-gnu/libXrender.so.1.3.0
7f22e1980000-7f22e1b7f000 ---p 00009000 08:05 274918                     /usr/lib/x86_64-linux-gnu/libXrender.so.1.3.0
7f22e1b7f000-7f22e1b80000 r--p 00008000 08:05 274918                     /usr/lib/x86_64-linux-gnu/libXrender.so.1.3.0
7f22e1b80000-7f22e1b81000 rw-p 00009000 08:05 274918                     /usr/lib/x86_64-linux-gnu/libXrender.so.1.3.0
7f22e1b81000-7f22e1cb4000 r-xp 00000000 08:05 274573                     /usr/lib/x86_64-linux-gnu/libX11.so.6.3.0
7f22e1cb4000-7f22e1eb4000 ---p 00133000 08:05 274573                     /usr/lib/x86_64-linux-gnu/libX11.so.6.3.0
7f22e1eb4000-7f22e1eb5000 r--p 00133000 08:05 274573                     /usr/lib/x86_64-linux-gnu/libX11.so.6.3.0
7f22e1eb5000-7f22e1eb9000 rw-p 00134000 08:05 274573                     /usr/lib/x86_64-linux-gnu/libX11.so.6.3.0
7f22e1eb9000-7f22e1eba000 rw-p 00000000 00:00 0 
7f22e1eba000-7f22e1ecb000 r-xp 00000000 08:05 275558                     /usr/lib/x86_64-linux-gnu/libXext.so.6.4.0
7f22e1ecb000-7f22e20ca000 ---p 00011000 08:05 275558                     /usr/lib/x86_64-linux-gnu/libXext.so.6.4.0
7f22e20ca000-7f22e20cb000 r--p 00010000 08:05 275558                     /usr/lib/x86_64-linux-gnu/libXext.so.6.4.0
7f22e20cb000-7f22e20cc000 rw-p 00011000 08:05 275558                     /usr/lib/x86_64-linux-gnu/libXext.so.6.4.0
7f22e20cc000-7f22e2114000 r-xp 00000000 08:05 298669                     /usr/lib/jvm/java-7-openjdk-amd64/jre/lib/amd64/xawt/libmawt.so
7f22e2114000-7f22e2314000 ---p 00048000 08:05 298669                     /usr/lib/jvm/java-7-openjdk-amd64/jre/lib/amd64/xawt/libmawt.so
7f22e2314000-7f22e2315000 r--p 00048000 08:05 298669                     /usr/lib/jvm/java-7-openjdk-amd64/jre/lib/amd64/xawt/libmawt.so
7f22e2315000-7f22e2318000 rw-p 00049000 08:05 298669                     /usr/lib/jvm/java-7-openjdk-amd64/jre/lib/amd64/xawt/libmawt.so
7f22e2318000-7f22e2319000 rw-p 00000000 00:00 0 
7f22e2319000-7f22e23b9000 r-xp 00000000 08:05 298500                     /usr/lib/jvm/java-7-openjdk-amd64/jre/lib/amd64/libawt.so
7f22e23b9000-7f22e25b9000 ---p 000a0000 08:05 298500                     /usr/lib/jvm/java-7-openjdk-amd64/jre/lib/amd64/libawt.so
7f22e25b9000-7f22e25ba000 r--p 000a0000 08:05 298500                     /usr/lib/jvm/java-7-openjdk-amd64/jre/lib/amd64/libawt.so
7f22e25ba000-7f22e25c5000 rw-p 000a1000 08:05 298500                     /usr/lib/jvm/java-7-openjdk-amd64/jre/lib/amd64/libawt.so
7f22e25c5000-7f22e25ea000 rw-p 00000000 00:00 0 
7f22e25ea000-7f22e25eb000 ---p 00000000 00:00 0 
7f22e25eb000-7f22e26eb000 rw-p 00000000 00:00 0                          [stack:4583]
7f22e26eb000-7f22e26ee000 ---p 00000000 00:00 0 
7f22e26ee000-7f22e27ec000 rw-p 00000000 00:00 0                          [stack:4582]
7f22e27ec000-7f22e27ef000 ---p 00000000 00:00 0 
7f22e27ef000-7f22e28ed000 rw-p 00000000 00:00 0                          [stack:4581]
7f22e28ed000-7f22e28f0000 ---p 00000000 00:00 0 
7f22e28f0000-7f22e29ee000 rw-p 00000000 00:00 0                          [stack:4580]
7f22e29ee000-7f22e29f1000 ---p 00000000 00:00 0 
7f22e29f1000-7f22e2aef000 rw-p 00000000 00:00 0                          [stack:4579]
7f22e2aef000-7f22e31d1000 r--p 00000000 08:05 272413                     /usr/lib/locale/locale-archive
7f22e31d1000-7f22e31d4000 ---p 00000000 00:00 0 
7f22e31d4000-7f22e32d2000 rw-p 00000000 00:00 0                          [stack:4578]
7f22e32d2000-7f22e32d5000 ---p 00000000 00:00 0 
7f22e32d5000-7f22e33d3000 rw-p 00000000 00:00 0                          [stack:4577]
7f22e33d3000-7f22e33d4000 ---p 00000000 00:00 0 
7f22e33d4000-7f22e4000000 rw-p 00000000 00:00 0                          [stack:4576]
7f22e4000000-7f22e4021000 rw-p 00000000 00:00 0 
7f22e4021000-7f22e8000000 ---p 00000000 00:00 0 
7f22e8001000-7f22e84d2000 rw-p 00000000 00:00 0 
7f22e84d2000-7f22e8683000 r--s 01d27000 08:05 298530                     /usr/lib/jvm/java-7-openjdk-amd64/jre/lib/rt.jar
7f22e8683000-7f22e8ba9000 rw-p 00000000 00:00 0 
7f22e8ba9000-7f22e8baa000 ---p 00000000 00:00 0 
7f22e8baa000-7f22e8caa000 rw-p 00000000 00:00 0                          [stack:4575]
7f22e8caa000-7f22e8cab000 ---p 00000000 00:00 0 
7f22e8cab000-7f22e8dab000 rw-p 00000000 00:00 0                          [stack:4574]
7f22e8dab000-7f22e8dac000 ---p 00000000 00:00 0 
7f22e8dac000-7f22e8eac000 rw-p 00000000 00:00 0                          [stack:4573]
7f22e8eac000-7f22e8ead000 ---p 00000000 00:00 0 
7f22e8ead000-7f22e8fb8000 rw-p 00000000 00:00 0                          [stack:4572]
7f22e8fb8000-7f22e9000000 rw-p 00000000 00:00 0 
7f22e9000000-7f22e9270000 rwxp 00000000 00:00 0 
7f22e9270000-7f22ec5bd000 rw-p 00000000 00:00 0 
7f22ec5bd000-7f22f0000000 ---p 00000000 00:00 0 
7f22f001b000-7f22f0020000 r--s 0004d000 08:05 298533                     /usr/lib/jvm/java-7-openjdk-amd64/jre/lib/jsse.jar
7f22f0020000-7f22f0073000 rw-p 00000000 00:00 0 
7f22f0073000-7f22f02dc000 rw-p 00000000 00:00 0 
7f22f02dc000-7f22f02e7000 rw-p 00000000 00:00 0 
7f22f02e7000-7f22f032f000 rw-p 00000000 00:00 0 
7f22f032f000-7f22f0358000 rw-p 00000000 00:00 0 
7f22f0358000-7f22f05c0000 rw-p 00000000 00:00 0 
7f22f05c0000-7f22f05d5000 rw-p 00000000 00:00 0 
7f22f05d5000-7f22f0709000 rw-p 00000000 00:00 0 
7f22f0709000-7f22f070a000 rw-p 00000000 00:00 0 
7f22f070a000-7f22f0712000 r-xp 00000000 08:05 298496                     /usr/lib/jvm/java-7-openjdk-amd64/jre/lib/amd64/libzip.so
7f22f0712000-7f22f0911000 ---p 00008000 08:05 298496                     /usr/lib/jvm/java-7-openjdk-amd64/jre/lib/amd64/libzip.so
7f22f0911000-7f22f0912000 r--p 00007000 08:05 298496                     /usr/lib/jvm/java-7-openjdk-amd64/jre/lib/amd64/libzip.so
7f22f0912000-7f22f0913000 rw-p 00008000 08:05 298496                     /usr/lib/jvm/java-7-openjdk-amd64/jre/lib/amd64/libzip.so
7f22f0913000-7f22f091e000 r-xp 00000000 08:05 19316                      /lib/x86_64-linux-gnu/libnss_files-2.19.so
7f22f091e000-7f22f0b1d000 ---p 0000b000 08:05 19316                      /lib/x86_64-linux-gnu/libnss_files-2.19.so
7f22f0b1d000-7f22f0b1e000 r--p 0000a000 08:05 19316                      /lib/x86_64-linux-gnu/libnss_files-2.19.so
7f22f0b1e000-7f22f0b1f000 rw-p 0000b000 08:05 19316                      /lib/x86_64-linux-gnu/libnss_files-2.19.so
7f22f0b1f000-7f22f0b2a000 r-xp 00000000 08:05 19318                      /lib/x86_64-linux-gnu/libnss_nis-2.19.so
7f22f0b2a000-7f22f0d29000 ---p 0000b000 08:05 19318                      /lib/x86_64-linux-gnu/libnss_nis-2.19.so
7f22f0d29000-7f22f0d2a000 r--p 0000a000 08:05 19318                      /lib/x86_64-linux-gnu/libnss_nis-2.19.so
7f22f0d2a000-7f22f0d2b000 rw-p 0000b000 08:05 19318                      /lib/x86_64-linux-gnu/libnss_nis-2.19.so
7f22f0d2b000-7f22f0d42000 r-xp 00000000 08:05 19302                      /lib/x86_64-linux-gnu/libnsl-2.19.so
7f22f0d42000-7f22f0f41000 ---p 00017000 08:05 19302                      /lib/x86_64-linux-gnu/libnsl-2.19.so
7f22f0f41000-7f22f0f42000 r--p 00016000 08:05 19302                      /lib/x86_64-linux-gnu/libnsl-2.19.so
7f22f0f42000-7f22f0f43000 rw-p 00017000 08:05 19302                      /lib/x86_64-linux-gnu/libnsl-2.19.so
7f22f0f43000-7f22f0f45000 rw-p 00000000 00:00 0 
7f22f0f45000-7f22f0f4e000 r-xp 00000000 08:05 19303                      /lib/x86_64-linux-gnu/libnss_compat-2.19.so
7f22f0f4e000-7f22f114d000 ---p 00009000 08:05 19303                      /lib/x86_64-linux-gnu/libnss_compat-2.19.so
7f22f114d000-7f22f114e000 r--p 00008000 08:05 19303                      /lib/x86_64-linux-gnu/libnss_compat-2.19.so
7f22f114e000-7f22f114f000 rw-p 00009000 08:05 19303                      /lib/x86_64-linux-gnu/libnss_compat-2.19.so
7f22f114f000-7f22f117c000 r-xp 00000000 08:05 298506                     /usr/lib/jvm/java-7-openjdk-amd64/jre/lib/amd64/libjava.so
7f22f117c000-7f22f137b000 ---p 0002d000 08:05 298506                     /usr/lib/jvm/java-7-openjdk-amd64/jre/lib/amd64/libjava.so
7f22f137b000-7f22f137c000 r--p 0002c000 08:05 298506                     /usr/lib/jvm/java-7-openjdk-amd64/jre/lib/amd64/libjava.so
7f22f137c000-7f22f137e000 rw-p 0002d000 08:05 298506                     /usr/lib/jvm/java-7-openjdk-amd64/jre/lib/amd64/libjava.so
7f22f137e000-7f22f138f000 r-xp 00000000 08:05 298509                     /usr/lib/jvm/java-7-openjdk-amd64/jre/lib/amd64/libverify.so
7f22f138f000-7f22f158e000 ---p 00011000 08:05 298509                     /usr/lib/jvm/java-7-openjdk-amd64/jre/lib/amd64/libverify.so
7f22f158e000-7f22f1590000 r--p 00010000 08:05 298509                     /usr/lib/jvm/java-7-openjdk-amd64/jre/lib/amd64/libverify.so
7f22f1590000-7f22f1591000 rw-p 00012000 08:05 298509                     /usr/lib/jvm/java-7-openjdk-amd64/jre/lib/amd64/libverify.so
7f22f1591000-7f22f1598000 r-xp 00000000 08:05 19319                      /lib/x86_64-linux-gnu/librt-2.19.so
7f22f1598000-7f22f1797000 ---p 00007000 08:05 19319                      /lib/x86_64-linux-gnu/librt-2.19.so
7f22f1797000-7f22f1798000 r--p 00006000 08:05 19319                      /lib/x86_64-linux-gnu/librt-2.19.so
7f22f1798000-7f22f1799000 rw-p 00007000 08:05 19319                      /lib/x86_64-linux-gnu/librt-2.19.so
7f22f1799000-7f22f17af000 r-xp 00000000 08:05 5486                       /lib/x86_64-linux-gnu/libgcc_s.so.1
7f22f17af000-7f22f19ae000 ---p 00016000 08:05 5486                       /lib/x86_64-linux-gnu/libgcc_s.so.1
7f22f19ae000-7f22f19af000 r--p 00015000 08:05 5486                       /lib/x86_64-linux-gnu/libgcc_s.so.1
7f22f19af000-7f22f19b0000 rw-p 00016000 08:05 5486                       /lib/x86_64-linux-gnu/libgcc_s.so.1
7f22f19b0000-7f22f1ab5000 r-xp 00000000 08:05 19298                      /lib/x86_64-linux-gnu/libm-2.19.so
7f22f1ab5000-7f22f1cb4000 ---p 00105000 08:05 19298                      /lib/x86_64-linux-gnu/libm-2.19.so
7f22f1cb4000-7f22f1cb5000 r--p 00104000 08:05 19298                      /lib/x86_64-linux-gnu/libm-2.19.so
7f22f1cb5000-7f22f1cb6000 rw-p 00105000 08:05 19298                      /lib/x86_64-linux-gnu/libm-2.19.so
7f22f1cb6000-7f22f1da6000 r-xp 00000000 08:05 275529                     /usr/lib/x86_64-linux-gnu/libstdc++.so.6.0.20
7f22f1da6000-7f22f1fa6000 ---p 000f0000 08:05 275529                     /usr/lib/x86_64-linux-gnu/libstdc++.so.6.0.20
7f22f1fa6000-7f22f1fae000 r--p 000f0000 08:05 275529                     /usr/lib/x86_64-linux-gnu/libstdc++.so.6.0.20
7f22f1fae000-7f22f1fb0000 rw-p 000f8000 08:05 275529                     /usr/lib/x86_64-linux-gnu/libstdc++.so.6.0.20
7f22f1fb0000-7f22f1fc5000 rw-p 00000000 00:00 0 
7f22f1fc5000-7f22f2b15000 r-xp 00000000 08:05 298521                     /usr/lib/jvm/java-7-openjdk-amd64/jre/lib/amd64/server/libjvm.so
7f22f2b15000-7f22f2d14000 ---p 00b50000 08:05 298521                     /usr/lib/jvm/java-7-openjdk-amd64/jre/lib/amd64/server/libjvm.so
7f22f2d14000-7f22f2db3000 r--p 00b4f000 08:05 298521                     /usr/lib/jvm/java-7-openjdk-amd64/jre/lib/amd64/server/libjvm.so
7f22f2db3000-7f22f2dd6000 rw-p 00bee000 08:05 298521                     /usr/lib/jvm/java-7-openjdk-amd64/jre/lib/amd64/server/libjvm.so
7f22f2dd6000-7f22f2e03000 rw-p 00000000 00:00 0 
7f22f2e03000-7f22f2e1b000 r-xp 00000000 08:05 5630                       /lib/x86_64-linux-gnu/libz.so.1.2.8
7f22f2e1b000-7f22f301a000 ---p 00018000 08:05 5630                       /lib/x86_64-linux-gnu/libz.so.1.2.8
7f22f301a000-7f22f301b000 r--p 00017000 08:05 5630                       /lib/x86_64-linux-gnu/libz.so.1.2.8
7f22f301b000-7f22f301c000 rw-p 00018000 08:05 5630                       /lib/x86_64-linux-gnu/libz.so.1.2.8
7f22f301c000-7f22f3035000 r-xp 00000000 08:05 19306                      /lib/x86_64-linux-gnu/libpthread-2.19.so
7f22f3035000-7f22f3234000 ---p 00019000 08:05 19306                      /lib/x86_64-linux-gnu/libpthread-2.19.so
7f22f3234000-7f22f3235000 r--p 00018000 08:05 19306                      /lib/x86_64-linux-gnu/libpthread-2.19.so
7f22f3235000-7f22f3236000 rw-p 00019000 08:05 19306                      /lib/x86_64-linux-gnu/libpthread-2.19.so
7f22f3236000-7f22f323a000 rw-p 00000000 00:00 0 
7f22f323a000-7f22f323d000 r-xp 00000000 08:05 19305                      /lib/x86_64-linux-gnu/libdl-2.19.so
7f22f323d000-7f22f343c000 ---p 00003000 08:05 19305                      /lib/x86_64-linux-gnu/libdl-2.19.so
7f22f343c000-7f22f343d000 r--p 00002000 08:05 19305                      /lib/x86_64-linux-gnu/libdl-2.19.so
7f22f343d000-7f22f343e000 rw-p 00003000 08:05 19305                      /lib/x86_64-linux-gnu/libdl-2.19.so
7f22f343e000-7f22f35f8000 r-xp 00000000 08:05 19317                      /lib/x86_64-linux-gnu/libc-2.19.so
7f22f35f8000-7f22f37f7000 ---p 001ba000 08:05 19317                      /lib/x86_64-linux-gnu/libc-2.19.so
7f22f37f7000-7f22f37fb000 r--p 001b9000 08:05 19317                      /lib/x86_64-linux-gnu/libc-2.19.so
7f22f37fb000-7f22f37fd000 rw-p 001bd000 08:05 19317                      /lib/x86_64-linux-gnu/libc-2.19.so
7f22f37fd000-7f22f3802000 rw-p 00000000 00:00 0 
7f22f3802000-7f22f380f000 r-xp 00000000 08:05 298514                     /usr/lib/jvm/java-7-openjdk-amd64/jre/lib/amd64/jli/libjli.so
7f22f380f000-7f22f3a0e000 ---p 0000d000 08:05 298514                     /usr/lib/jvm/java-7-openjdk-amd64/jre/lib/amd64/jli/libjli.so
7f22f3a0e000-7f22f3a0f000 r--p 0000c000 08:05 298514                     /usr/lib/jvm/java-7-openjdk-amd64/jre/lib/amd64/jli/libjli.so
7f22f3a0f000-7f22f3a10000 rw-p 0000d000 08:05 298514                     /usr/lib/jvm/java-7-openjdk-amd64/jre/lib/amd64/jli/libjli.so
7f22f3a10000-7f22f3a33000 r-xp 00000000 08:05 19312                      /lib/x86_64-linux-gnu/ld-2.19.so
7f22f3a34000-7f22f3a37000 r--s 0233b000 08:07 4599929                    /home/joe/Documents/OCR Project/workspace/workspace/Tesseract/libs/tess4j.jar
7f22f3a37000-7f22f3a3b000 r--s 000dc000 08:07 4599931                    /home/joe/Documents/OCR Project/workspace/workspace/Tesseract/libs/jna.jar
7f22f3a3b000-7f22f3a4c000 r--s 00106000 08:07 4599930                    /home/joe/Documents/OCR Project/workspace/workspace/Tesseract/libs/jai_imageio.jar
7f22f3a4c000-7f22f3a56000 rw-p 00000000 00:00 0 
7f22f3a56000-7f22f3b0c000 rw-p 00000000 00:00 0 
7f22f3b0c000-7f22f3b0f000 ---p 00000000 00:00 0 
7f22f3b0f000-7f22f3c12000 rw-p 00000000 00:00 0                          [stack:4571]
7f22f3c13000-7f22f3c17000 r--s 00034000 08:05 298549                     /usr/lib/jvm/java-7-openjdk-amd64/jre/lib/ext/sunjce_provider.jar
7f22f3c17000-7f22f3c1a000 r--s 0000f000 08:05 298547                     /usr/lib/jvm/java-7-openjdk-amd64/jre/lib/ext/icedtea-sound.jar
7f22f3c1a000-7f22f3c1d000 r--s 00086000 08:05 298550                     /usr/lib/jvm/java-7-openjdk-amd64/jre/lib/ext/localedata.jar
7f22f3c1d000-7f22f3c1f000 r--s 00012000 08:05 298546                     /usr/lib/jvm/java-7-openjdk-amd64/jre/lib/ext/zipfs.jar
7f22f3c1f000-7f22f3c20000 r--s 00002000 08:05 298548                     /usr/lib/jvm/java-7-openjdk-amd64/jre/lib/ext/dnsns.jar
7f22f3c20000-7f22f3c22000 r--s 00006000 08:05 522850                     /usr/share/java/java-atk-wrapper.jar
7f22f3c22000-7f22f3c26000 r--s 0003c000 08:05 298545                     /usr/lib/jvm/java-7-openjdk-amd64/jre/lib/ext/sunpkcs11.jar
7f22f3c26000-7f22f3c2e000 rw-s 00000000 08:05 35040                      /tmp/hsperfdata_joe/4566
7f22f3c2e000-7f22f3c2f000 rw-p 00000000 00:00 0 
7f22f3c2f000-7f22f3c30000 r--p 00000000 00:00 0 
7f22f3c30000-7f22f3c32000 rw-p 00000000 00:00 0 
7f22f3c32000-7f22f3c33000 r--p 00022000 08:05 19312                      /lib/x86_64-linux-gnu/ld-2.19.so
7f22f3c33000-7f22f3c34000 rw-p 00023000 08:05 19312                      /lib/x86_64-linux-gnu/ld-2.19.so
7f22f3c34000-7f22f3c35000 rw-p 00000000 00:00 0 
7fff93131000-7fff93152000 rw-p 00000000 00:00 0                          [stack]
7fff93190000-7fff93192000 r-xp 00000000 00:00 0                          [vdso]
7fff93192000-7fff93194000 r--p 00000000 00:00 0                          [vvar]
ffffffffff600000-ffffffffff601000 r-xp 00000000 00:00 0                  [vsyscall]

VM Arguments:
jvm_args: -Dfile.encoding=UTF-8 
java_command: Main
Launcher Type: SUN_STANDARD

Environment Variables:
PATH=/usr/local/sbin:/usr/local/bin:/usr/sbin:/usr/bin:/sbin:/bin:/usr/games:/usr/local/games
SHELL=/bin/bash
DISPLAY=:0.0

Signal Handlers:
SIGSEGV: [libjvm.so+0x983740], sa_mask[0]=0x7ffbfeff, sa_flags=0x10000004
SIGBUS: [libjvm.so+0x983740], sa_mask[0]=0x7ffbfeff, sa_flags=0x10000004
SIGFPE: [libjvm.so+0x7f0180], sa_mask[0]=0x7ffbfeff, sa_flags=0x10000004
SIGPIPE: [libjvm.so+0x7f0180], sa_mask[0]=0x7ffbfeff, sa_flags=0x10000004
SIGXFSZ: [libjvm.so+0x7f0180], sa_mask[0]=0x7ffbfeff, sa_flags=0x10000004
SIGILL: [libjvm.so+0x7f0180], sa_mask[0]=0x7ffbfeff, sa_flags=0x10000004
SIGUSR1: SIG_DFL, sa_mask[0]=0x00000000, sa_flags=0x00000000
SIGUSR2: [libjvm.so+0x7f0000], sa_mask[0]=0x00000004, sa_flags=0x10000004
SIGHUP: [libjvm.so+0x7f0200], sa_mask[0]=0x7ffbfeff, sa_flags=0x10000004
SIGINT: [libjvm.so+0x7f0200], sa_mask[0]=0x7ffbfeff, sa_flags=0x10000004
SIGTERM: [libjvm.so+0x7f0200], sa_mask[0]=0x7ffbfeff, sa_flags=0x10000004
SIGQUIT: [libjvm.so+0x7f0200], sa_mask[0]=0x7ffbfeff, sa_flags=0x10000004
SIGTRAP: SIG_DFL, sa_mask[0]=0x00000000, sa_flags=0x00000000


---------------  S Y S T E M  ---------------

OS:Ubuntu 14.10 (utopic)
uname:Linux 3.16.0-23-generic #31-Ubuntu SMP Tue Oct 21 17:56:17 UTC 2014 x86_64
libc:glibc 2.19 NPTL 2.19 
rlimit: STACK 8192k, CORE 0k, NPROC 31440, NOFILE 4096, AS infinity
load average:0.05 0.18 0.20

/proc/meminfo:
MemTotal:        8070928 kB
MemFree:         4036732 kB
MemAvailable:    5717420 kB
Buffers:          106400 kB
Cached:          2203316 kB
SwapCached:            0 kB
Active:          2121868 kB
Inactive:        1561436 kB
Active(anon):    1385416 kB
Inactive(anon):   546796 kB
Active(file):     736452 kB
Inactive(file):  1014640 kB
Unevictable:          16 kB
Mlocked:              16 kB
SwapTotal:       7811068 kB
SwapFree:        7811068 kB
Dirty:               136 kB
Writeback:             0 kB
AnonPages:       1373980 kB
Mapped:           459904 kB
Shmem:            558248 kB
Slab:             219192 kB
SReclaimable:     183012 kB
SUnreclaim:        36180 kB
KernelStack:        8080 kB
PageTables:        36616 kB
NFS_Unstable:          0 kB
Bounce:                0 kB
WritebackTmp:          0 kB
CommitLimit:    11846532 kB
Committed_AS:    5271832 kB
VmallocTotal:   34359738367 kB
VmallocUsed:      557544 kB
VmallocChunk:   34359116344 kB
HardwareCorrupted:     0 kB
AnonHugePages:    665600 kB
HugePages_Total:       0
HugePages_Free:        0
HugePages_Rsvd:        0
HugePages_Surp:        0
Hugepagesize:       2048 kB
DirectMap4k:       65024 kB
DirectMap2M:     2975744 kB
DirectMap1G:     5242880 kB


CPU:total 4 (2 cores per cpu, 2 threads per core) family 6 model 69 stepping 1, cmov, cx8, fxsr, mmx, sse, sse2, sse3, ssse3, sse4.1, sse4.2, popcnt, avx, avx2, aes, erms, ht, tsc, tscinvbit

/proc/cpuinfo:
processor	: 0
vendor_id	: GenuineIntel
cpu family	: 6
model		: 69
model name	: Intel(R) Core(TM) i5-4300U CPU @ 1.90GHz
stepping	: 1
microcode	: 0x1c
cpu MHz		: 2630.273
cache size	: 3072 KB
physical id	: 0
siblings	: 4
core id		: 0
cpu cores	: 2
apicid		: 0
initial apicid	: 0
fpu		: yes
fpu_exception	: yes
cpuid level	: 13
wp		: yes
flags		: fpu vme de pse tsc msr pae mce cx8 apic sep mtrr pge mca cmov pat pse36 clflush dts acpi mmx fxsr sse sse2 ss ht tm pbe syscall nx pdpe1gb rdtscp lm constant_tsc arch_perfmon pebs bts rep_good nopl xtopology nonstop_tsc aperfmperf eagerfpu pni pclmulqdq dtes64 monitor ds_cpl vmx smx est tm2 ssse3 fma cx16 xtpr pdcm pcid sse4_1 sse4_2 x2apic movbe popcnt tsc_deadline_timer aes xsave avx f16c rdrand lahf_lm abm ida arat epb xsaveopt pln pts dtherm tpr_shadow vnmi flexpriority ept vpid fsgsbase tsc_adjust bmi1 avx2 smep bmi2 erms invpcid
bogomips	: 4988.29
clflush size	: 64
cache_alignment	: 64
address sizes	: 39 bits physical, 48 bits virtual
power management:

processor	: 1
vendor_id	: GenuineIntel
cpu family	: 6
model		: 69
model name	: Intel(R) Core(TM) i5-4300U CPU @ 1.90GHz
stepping	: 1
microcode	: 0x1c
cpu MHz		: 2560.351
cache size	: 3072 KB
physical id	: 0
siblings	: 4
core id		: 0
cpu cores	: 2
apicid		: 1
initial apicid	: 1
fpu		: yes
fpu_exception	: yes
cpuid level	: 13
wp		: yes
flags		: fpu vme de pse tsc msr pae mce cx8 apic sep mtrr pge mca cmov pat pse36 clflush dts acpi mmx fxsr sse sse2 ss ht tm pbe syscall nx pdpe1gb rdtscp lm constant_tsc arch_perfmon pebs bts rep_good nopl xtopology nonstop_tsc aperfmperf eagerfpu pni pclmulqdq dtes64 monitor ds_cpl vmx smx est tm2 ssse3 fma cx16 xtpr pdcm pcid sse4_1 sse4_2 x2apic movbe popcnt tsc_deadline_timer aes xsave avx f16c rdrand lahf_lm abm ida arat epb xsaveopt pln pts dtherm tpr_shadow vnmi flexpriority ept vpid fsgsbase tsc_adjust bmi1 avx2 smep bmi2 erms invpcid
bogomips	: 4988.29
clflush size	: 64
cache_alignment	: 64
address sizes	: 39 bits physical, 48 bits virtual
power management:

processor	: 2
vendor_id	: GenuineIntel
cpu family	: 6
model		: 69
model name	: Intel(R) Core(TM) i5-4300U CPU @ 1.90GHz
stepping	: 1
microcode	: 0x1c
cpu MHz		: 2600.000
cache size	: 3072 KB
physical id	: 0
siblings	: 4
core id		: 1
cpu cores	: 2
apicid		: 2
initial apicid	: 2
fpu		: yes
fpu_exception	: yes
cpuid level	: 13
wp		: yes
flags		: fpu vme de pse tsc msr pae mce cx8 apic sep mtrr pge mca cmov pat pse36 clflush dts acpi mmx fxsr sse sse2 ss ht tm pbe syscall nx pdpe1gb rdtscp lm constant_tsc arch_perfmon pebs bts rep_good nopl xtopology nonstop_tsc aperfmperf eagerfpu pni pclmulqdq dtes64 monitor ds_cpl vmx smx est tm2 ssse3 fma cx16 xtpr pdcm pcid sse4_1 sse4_2 x2apic movbe popcnt tsc_deadline_timer aes xsave avx f16c rdrand lahf_lm abm ida arat epb xsaveopt pln pts dtherm tpr_shadow vnmi flexpriority ept vpid fsgsbase tsc_adjust bmi1 avx2 smep bmi2 erms invpcid
bogomips	: 4988.29
clflush size	: 64
cache_alignment	: 64
address sizes	: 39 bits physical, 48 bits virtual
power management:

processor	: 3
vendor_id	: GenuineIntel
cpu family	: 6
model		: 69
model name	: Intel(R) Core(TM) i5-4300U CPU @ 1.90GHz
stepping	: 1
microcode	: 0x1c
cpu MHz		: 2600.000
cache size	: 3072 KB
physical id	: 0
siblings	: 4
core id		: 1
cpu cores	: 2
apicid		: 3
initial apicid	: 3
fpu		: yes
fpu_exception	: yes
cpuid level	: 13
wp		: yes
flags		: fpu vme de pse tsc msr pae mce cx8 apic sep mtrr pge mca cmov pat pse36 clflush dts acpi mmx fxsr sse sse2 ss ht tm pbe syscall nx pdpe1gb rdtscp lm constant_tsc arch_perfmon pebs bts rep_good nopl xtopology nonstop_tsc aperfmperf eagerfpu pni pclmulqdq dtes64 monitor ds_cpl vmx smx est tm2 ssse3 fma cx16 xtpr pdcm pcid sse4_1 sse4_2 x2apic movbe popcnt tsc_deadline_timer aes xsave avx f16c rdrand lahf_lm abm ida arat epb xsaveopt pln pts dtherm tpr_shadow vnmi flexpriority ept vpid fsgsbase tsc_adjust bmi1 avx2 smep bmi2 erms invpcid
bogomips	: 4988.29
clflush size	: 64
cache_alignment	: 64
address sizes	: 39 bits physical, 48 bits virtual
power management:



Memory: 4k page, physical 8070928k(4036732k free), swap 7811068k(7811068k free)

vm_info: OpenJDK 64-Bit Server VM (24.79-b02) for linux-amd64 JRE (1.7.0_79-b14), built on Apr 16 2015 08:25:58 by "buildd" with gcc 4.9.1

time: Tue Jun  9 13:28:46 2015
elapsed time: 0 seconds

