#
# A fatal error has been detected by the Java Runtime Environment:
#
#  SIGSEGV (0xb) at pc=0x00007f74b75c41db, pid=2741, tid=140139871143680
#
# JRE version: OpenJDK Runtime Environment (7.0_79-b14) (build 1.7.0_79-b14)
# Java VM: OpenJDK 64-Bit Server VM (24.79-b02 mixed mode linux-amd64 compressed oops)
# Derivative: IcedTea 2.5.5
# Distribution: Ubuntu 14.10, package 7u79-2.5.5-0ubuntu0.14.10.2
# Problematic frame:
# C  [libtesseract.so+0x25f1db]  ERRCODE::error(char const*, TessErrorLogCode, char const*, ...) const+0x16b
#
# Failed to write core dump. Core dumps have been disabled. To enable core dumping, try "ulimit -c unlimited" before starting Java again
#
# If you would like to submit a bug report, please include
# instructions on how to reproduce the bug and visit:
#   http://icedtea.classpath.org/bugzilla
# The crash happened outside the Java Virtual Machine in native code.
# See problematic frame for where to report the bug.
#

---------------  T H R E A D  ---------------

Current thread (0x00007f74d400a000):  JavaThread "main" [_thread_in_native, id=2746, stack(0x00007f74db2d0000,0x00007f74db3d1000)]

siginfo:si_signo=SIGSEGV: si_errno=0, si_code=1 (SEGV_MAPERR), si_addr=0x0000000000000000

Registers:
RAX=0x000000000000004e, RBX=0x00007f74db3cdbbd, RCX=0x00007f74daced5bd, RDX=0x00007f74dafc19f0
RSP=0x00007f74db3cdb70, RBP=0x00007f74db3cdb90, RSI=0x000000000000004e, RDI=0x00007f74db3cb340
R8 =0x00007f74db3d0700, R9 =0x61646120656c6966, R10=0x00007f74dafbdbe0, R11=0x0000000000000000
R12=0x0000000000000002, R13=0x00007f74b75cf277, R14=0x00007f74b78847c0, R15=0x00007f74d44ab140
RIP=0x00007f74b75c41db, EFLAGS=0x0000000000010246, CSGSFS=0x0000000000000033, ERR=0x0000000000000004
  TRAPNO=0x000000000000000e

Top of Stack: (sp=0x00007f74db3cdb70)
0x00007f74db3cdb70:   0000000000000000 0000003000000030
0x00007f74db3cdb80:   00007f74db3ce080 00007f74db3cdfa0
0x00007f74db3cdb90:   5464657470616441 736574616c706d65
0x00007f74db3cdba0:   4c4c554e203d2120 413a726f7272453a
0x00007f74db3cdbb0:   6166207472657373 206e693a64656c69
0x00007f74db3cdbc0:   61646120656c6966 2e686374616d7470
0x00007f74db3cdbd0:   6e696c202c707063 00000a3938312065
0x00007f74db3cdbe0:   0000000000000000 0000000000000000
0x00007f74db3cdbf0:   0000000000000000 0000000000000000
0x00007f74db3cdc00:   0000000000000000 0000000000000000
0x00007f74db3cdc10:   0000000000000000 0000000000000000
0x00007f74db3cdc20:   0000000000000000 0000000000000000
0x00007f74db3cdc30:   0000000000000000 0000000000000000
0x00007f74db3cdc40:   0000000000000000 0000000000000000
0x00007f74db3cdc50:   0000000000000000 0000000000000000
0x00007f74db3cdc60:   0000000000000000 0000000000000000
0x00007f74db3cdc70:   0000000000000000 0000000000000000
0x00007f74db3cdc80:   0000000000000000 0000000000000000
0x00007f74db3cdc90:   0000000000000000 0000000000000000
0x00007f74db3cdca0:   0000000000000000 0000000000000000
0x00007f74db3cdcb0:   0000000000000000 0000000000000000
0x00007f74db3cdcc0:   0000000000000000 0000000000000000
0x00007f74db3cdcd0:   0000000000000000 0000000000000000
0x00007f74db3cdce0:   0000000000000000 0000000000000000
0x00007f74db3cdcf0:   0000000000000000 0000000000000000
0x00007f74db3cdd00:   0000000000000000 0000000000000000
0x00007f74db3cdd10:   0000000000000000 0000000000000000
0x00007f74db3cdd20:   0000000000000000 0000000000000000
0x00007f74db3cdd30:   0000000000000000 0000000000000000
0x00007f74db3cdd40:   0000000000000000 0000000000000000
0x00007f74db3cdd50:   0000000000000000 0000000000000000
0x00007f74db3cdd60:   0000000000000000 0000000000000000 

Instructions: (pc=0x00007f74b75c41db)
0x00007f74b75c41bb:   be 01 00 00 00 48 8b 38 31 c0 e8 c6 91 e3 ff 41
0x00007f74b75c41cb:   83 fc ff 7c 18 45 85 e4 7e 2f 41 83 fc 02 7f 0d
0x00007f74b75c41db:   8b 04 25 00 00 00 00 0f 0b 0f 1f 40 00 48 8d 35
0x00007f74b75c41eb:   d1 b0 01 00 48 8d 3d 92 26 50 00 31 c9 ba 02 00 

Register to memory mapping:

RAX=0x000000000000004e is an unknown value
RBX=0x00007f74db3cdbbd is pointing into the stack for thread: 0x00007f74d400a000
RCX=0x00007f74daced5bd: __write+0x2d in /lib/x86_64-linux-gnu/libc.so.6 at 0x00007f74dac02000
RDX=0x00007f74dafc19f0: <offset 0x3bf9f0> in /lib/x86_64-linux-gnu/libc.so.6 at 0x00007f74dac02000
RSP=0x00007f74db3cdb70 is pointing into the stack for thread: 0x00007f74d400a000
RBP=0x00007f74db3cdb90 is pointing into the stack for thread: 0x00007f74d400a000
RSI=0x000000000000004e is an unknown value
RDI=0x00007f74db3cb340 is pointing into the stack for thread: 0x00007f74d400a000
R8 =0x00007f74db3d0700 is pointing into the stack for thread: 0x00007f74d400a000
R9 =0x61646120656c6966 is an unknown value
R10=0x00007f74dafbdbe0: <offset 0x3bbbe0> in /lib/x86_64-linux-gnu/libc.so.6 at 0x00007f74dac02000
R11=0x0000000000000000 is an unknown value
R12=0x0000000000000002 is an unknown value
R13=0x00007f74b75cf277: <offset 0x26a277> in /usr/local/lib/libtesseract.so at 0x00007f74b7365000
R14=0x00007f74b78847c0: <offset 0x51f7c0> in /usr/local/lib/libtesseract.so at 0x00007f74b7365000
R15=0x00007f74d44ab140 is an unknown value


Stack: [0x00007f74db2d0000,0x00007f74db3d1000],  sp=0x00007f74db3cdb70,  free space=1014k
Native frames: (J=compiled Java code, j=interpreted, Vv=VM code, C=native code)
C  [libtesseract.so+0x25f1db]  ERRCODE::error(char const*, TessErrorLogCode, char const*, ...) const+0x16b

Java frames: (J=compiled Java code, j=interpreted, Vv=VM code)
j  com.sun.jna.Native.invokePointer(JI[Ljava/lang/Object;)J+0
j  com.sun.jna.Function.invokePointer(I[Ljava/lang/Object;)Lcom/sun/jna/Pointer;+6
j  com.sun.jna.Function.invoke([Ljava/lang/Object;Ljava/lang/Class;Z)Ljava/lang/Object;+426
j  com.sun.jna.Function.invoke(Ljava/lang/Class;[Ljava/lang/Object;Ljava/util/Map;)Ljava/lang/Object;+262
j  com.sun.jna.Library$Handler.invoke(Ljava/lang/Object;Ljava/lang/reflect/Method;[Ljava/lang/Object;)Ljava/lang/Object;+316
j  com.sun.proxy.$Proxy0.TessBaseAPIGetUTF8Text(Lnet/sourceforge/tess4j/ITessAPI$TessBaseAPI;)Lcom/sun/jna/Pointer;+16
j  net.sourceforge.tess4j.Tesseract.getOCRText(Ljava/lang/String;I)Ljava/lang/String;+62
j  net.sourceforge.tess4j.Tesseract.doOCR(Ljava/util/List;Ljava/lang/String;Ljava/awt/Rectangle;)Ljava/lang/String;+69
j  net.sourceforge.tess4j.Tesseract.doOCR(Ljava/io/File;Ljava/awt/Rectangle;)Ljava/lang/String;+10
j  net.sourceforge.tess4j.Tesseract.doOCR(Ljava/io/File;)Ljava/lang/String;+3
j  OCREngine.doOCR(Ljava/io/File;)Ljava/lang/String;+5
j  Main.main([Ljava/lang/String;)V+23
v  ~StubRoutines::call_stub

---------------  P R O C E S S  ---------------

Java Threads: ( => current thread )
  0x00007f74d418c800 JavaThread "Java2D Disposer" daemon [_thread_blocked, id=2759, stack(0x00007f74b7c2f000,0x00007f74b7d30000)]
  0x00007f74d40af000 JavaThread "Service Thread" daemon [_thread_blocked, id=2757, stack(0x00007f74c9eba000,0x00007f74c9fbb000)]
  0x00007f74d40ad000 JavaThread "C2 CompilerThread1" daemon [_thread_blocked, id=2756, stack(0x00007f74c9fbb000,0x00007f74ca0bc000)]
  0x00007f74d40aa000 JavaThread "C2 CompilerThread0" daemon [_thread_blocked, id=2755, stack(0x00007f74ca0bc000,0x00007f74ca1bd000)]
  0x00007f74d40a7800 JavaThread "Signal Dispatcher" daemon [_thread_blocked, id=2754, stack(0x00007f74ca1bd000,0x00007f74ca2be000)]
  0x00007f74d407c800 JavaThread "Finalizer" daemon [_thread_blocked, id=2753, stack(0x00007f74ca9a0000,0x00007f74caaa1000)]
  0x00007f74d407a000 JavaThread "Reference Handler" daemon [_thread_blocked, id=2752, stack(0x00007f74caaa1000,0x00007f74caba2000)]
=>0x00007f74d400a000 JavaThread "main" [_thread_in_native, id=2746, stack(0x00007f74db2d0000,0x00007f74db3d1000)]

Other Threads:
  0x00007f74d4075800 VMThread [stack: 0x00007f74caba2000,0x00007f74caca3000] [id=2751]
  0x00007f74d40ba000 WatcherThread [stack: 0x00007f74c9db9000,0x00007f74c9eba000] [id=2758]

VM state:not at safepoint (normal execution)

VM Mutex/Monitor currently owned by a thread: None

Heap
 PSYoungGen      total 37376K, used 14271K [0x00000007d6e80000, 0x00000007d9800000, 0x0000000800000000)
  eden space 32256K, 44% used [0x00000007d6e80000,0x00000007d7c6fd70,0x00000007d8e00000)
  from space 5120K, 0% used [0x00000007d9300000,0x00000007d9300000,0x00000007d9800000)
  to   space 5120K, 0% used [0x00000007d8e00000,0x00000007d8e00000,0x00000007d9300000)
 ParOldGen       total 83968K, used 0K [0x0000000784c00000, 0x0000000789e00000, 0x00000007d6e80000)
  object space 83968K, 0% used [0x0000000784c00000,0x0000000784c00000,0x0000000789e00000)
 PSPermGen       total 21504K, used 7742K [0x000000077a600000, 0x000000077bb00000, 0x0000000784c00000)
  object space 21504K, 36% used [0x000000077a600000,0x000000077ad8f888,0x000000077bb00000)

Card table byte_map: [0x00007f74d09c9000,0x00007f74d0df7000] byte_map_base: 0x00007f74ccdf6000

Polling page: 0x00007f74db3f3000

Code Cache  [0x00007f74d0df7000, 0x00007f74d1067000, 0x00007f74d3df7000)
 total_blobs=312 nmethods=37 adapters=228 free_code_cache=48632Kb largest_free_block=49777344

Compilation events (10 events):
Event: 0.657 Thread 0x00007f74d40aa000 nmethod 32% 0x00007f74d0e75210 code [0x00007f74d0e753c0, 0x00007f74d0e75c98]
Event: 0.672 Thread 0x00007f74d40aa000   34             java.lang.AbstractStringBuilder::append (48 bytes)
Event: 0.680 Thread 0x00007f74d40aa000 nmethod 34 0x00007f74d0e78610 code [0x00007f74d0e78780, 0x00007f74d0e78b58]
Event: 0.680 Thread 0x00007f74d40aa000   35             java.lang.String::getChars (62 bytes)
Event: 0.682 Thread 0x00007f74d40aa000 nmethod 35 0x00007f74d0e74dd0 code [0x00007f74d0e74f20, 0x00007f74d0e75058]
Event: 0.694 Thread 0x00007f74d40aa000   36             java.lang.StringBuilder::append (8 bytes)
Event: 0.697 Thread 0x00007f74d40ad000 nmethod 33 0x00007f74d0e7bfd0 code [0x00007f74d0e7c1a0, 0x00007f74d0e7db78]
Event: 0.697 Thread 0x00007f74d40ad000   37             java.util.Arrays::copyOfRange (63 bytes)
Event: 0.700 Thread 0x00007f74d40ad000 nmethod 37 0x00007f74d0e76850 code [0x00007f74d0e769a0, 0x00007f74d0e76bb8]
Event: 0.702 Thread 0x00007f74d40aa000 nmethod 36 0x00007f74d0e79bd0 code [0x00007f74d0e79d40, 0x00007f74d0e7a118]

GC Heap History (0 events):
No events

Deoptimization events (5 events):
Event: 0.536 Thread 0x00007f74d400a000 Uncommon trap: reason=bimorphic action=maybe_recompile pc=0x00007f74d0e6ed44 method=java.util.HashMap.getEntry(Ljava/lang/Object;)Ljava/util/HashMap$Entry; @ 68
Event: 0.537 Thread 0x00007f74d400a000 Uncommon trap: reason=bimorphic action=maybe_recompile pc=0x00007f74d0e6ed44 method=java.util.HashMap.getEntry(Ljava/lang/Object;)Ljava/util/HashMap$Entry; @ 68
Event: 0.538 Thread 0x00007f74d400a000 Uncommon trap: reason=bimorphic action=maybe_recompile pc=0x00007f74d0e6ed44 method=java.util.HashMap.getEntry(Ljava/lang/Object;)Ljava/util/HashMap$Entry; @ 68
Event: 0.539 Thread 0x00007f74d400a000 Uncommon trap: reason=bimorphic action=maybe_recompile pc=0x00007f74d0e6ed44 method=java.util.HashMap.getEntry(Ljava/lang/Object;)Ljava/util/HashMap$Entry; @ 68
Event: 0.540 Thread 0x00007f74d400a000 Uncommon trap: reason=bimorphic action=maybe_recompile pc=0x00007f74d0e63d64 method=java.util.HashMap.getEntry(Ljava/lang/Object;)Ljava/util/HashMap$Entry; @ 68

Internal exceptions (10 events):
Event: 0.696 Thread 0x00007f74d400a000 Threw 0x00000007d7bbbfd8 at /build/buildd/openjdk-7-7u79-2.5.5/build/openjdk/hotspot/src/share/vm/prims/jvm.cpp:1284
Event: 0.697 Thread 0x00007f74d400a000 Threw 0x00000007d7bc1b28 at /build/buildd/openjdk-7-7u79-2.5.5/build/openjdk/hotspot/src/share/vm/prims/jvm.cpp:1284
Event: 0.697 Thread 0x00007f74d400a000 Threw 0x00000007d7bc6ed8 at /build/buildd/openjdk-7-7u79-2.5.5/build/openjdk/hotspot/src/share/vm/prims/jvm.cpp:1284
Event: 0.699 Thread 0x00007f74d400a000 Threw 0x00000007d7bcd588 at /build/buildd/openjdk-7-7u79-2.5.5/build/openjdk/hotspot/src/share/vm/prims/jvm.cpp:1284
Event: 0.699 Thread 0x00007f74d400a000 Threw 0x00000007d7bd2b60 at /build/buildd/openjdk-7-7u79-2.5.5/build/openjdk/hotspot/src/share/vm/prims/jvm.cpp:1284
Event: 0.700 Thread 0x00007f74d400a000 Threw 0x00000007d7bd80f8 at /build/buildd/openjdk-7-7u79-2.5.5/build/openjdk/hotspot/src/share/vm/prims/jvm.cpp:1284
Event: 0.700 Thread 0x00007f74d400a000 Threw 0x00000007d7bdd510 at /build/buildd/openjdk-7-7u79-2.5.5/build/openjdk/hotspot/src/share/vm/prims/jvm.cpp:1284
Event: 0.701 Thread 0x00007f74d400a000 Threw 0x00000007d7be29a8 at /build/buildd/openjdk-7-7u79-2.5.5/build/openjdk/hotspot/src/share/vm/prims/jvm.cpp:1284
Event: 0.701 Thread 0x00007f74d400a000 Threw 0x00000007d7be7e08 at /build/buildd/openjdk-7-7u79-2.5.5/build/openjdk/hotspot/src/share/vm/prims/jvm.cpp:1284
Event: 0.706 Thread 0x00007f74d400a000 Threw 0x00000007d7c434c8 at /build/buildd/openjdk-7-7u79-2.5.5/build/openjdk/hotspot/src/share/vm/prims/jvm.cpp:1284

Events (10 events):
Event: 0.703 loading class 0x00007f74d4177630
Event: 0.703 loading class 0x00007f74d4177630 done
Event: 0.703 loading class 0x00007f74d4171c60
Event: 0.703 loading class 0x00007f74d4171c60 done
Event: 0.703 loading class 0x00007f749c04fd20
Event: 0.703 loading class 0x00007f749c04fd20 done
Event: 0.705 loading class 0x00007f74d4047d40
Event: 0.706 loading class 0x00007f74d4047d40 done
Event: 0.706 loading class 0x00007f74d41ef2d0
Event: 0.706 loading class 0x00007f74d41ef2d0 done


Dynamic libraries:
00400000-00401000 r-xp 00000000 08:05 298468                             /usr/lib/jvm/java-7-openjdk-amd64/jre/bin/java
00600000-00601000 r--p 00000000 08:05 298468                             /usr/lib/jvm/java-7-openjdk-amd64/jre/bin/java
00601000-00602000 rw-p 00001000 08:05 298468                             /usr/lib/jvm/java-7-openjdk-amd64/jre/bin/java
02541000-02562000 rw-p 00000000 00:00 0                                  [heap]
77a600000-77bb00000 rw-p 00000000 00:00 0 
77bb00000-784c00000 rw-p 00000000 00:00 0 
784c00000-789e00000 rw-p 00000000 00:00 0 
789e00000-7d6e80000 rw-p 00000000 00:00 0 
7d6e80000-7d9800000 rw-p 00000000 00:00 0 
7d9800000-800000000 rw-p 00000000 00:00 0 
7f7488000000-7f7488021000 rw-p 00000000 00:00 0 
7f7488021000-7f748c000000 ---p 00000000 00:00 0 
7f7490000000-7f7490021000 rw-p 00000000 00:00 0 
7f7490021000-7f7494000000 ---p 00000000 00:00 0 
7f7494000000-7f7494021000 rw-p 00000000 00:00 0 
7f7494021000-7f7498000000 ---p 00000000 00:00 0 
7f7498000000-7f74982f1000 rw-p 00000000 00:00 0 
7f74982f1000-7f749c000000 ---p 00000000 00:00 0 
7f749c000000-7f749c273000 rw-p 00000000 00:00 0 
7f749c273000-7f74a0000000 ---p 00000000 00:00 0 
7f74a0000000-7f74a0021000 rw-p 00000000 00:00 0 
7f74a0021000-7f74a4000000 ---p 00000000 00:00 0 
7f74a4000000-7f74a4021000 rw-p 00000000 00:00 0 
7f74a4021000-7f74a8000000 ---p 00000000 00:00 0 
7f74a8000000-7f74a8021000 rw-p 00000000 00:00 0 
7f74a8021000-7f74ac000000 ---p 00000000 00:00 0 
7f74ac000000-7f74ac021000 rw-p 00000000 00:00 0 
7f74ac021000-7f74b0000000 ---p 00000000 00:00 0 
7f74b0000000-7f74b0021000 rw-p 00000000 00:00 0 
7f74b0021000-7f74b4000000 ---p 00000000 00:00 0 
7f74b602a000-7f74b6041000 r-xp 00000000 08:05 298523                     /usr/lib/jvm/java-7-openjdk-amd64/jre/lib/amd64/libnet.so
7f74b6041000-7f74b6240000 ---p 00017000 08:05 298523                     /usr/lib/jvm/java-7-openjdk-amd64/jre/lib/amd64/libnet.so
7f74b6240000-7f74b6241000 r--p 00016000 08:05 298523                     /usr/lib/jvm/java-7-openjdk-amd64/jre/lib/amd64/libnet.so
7f74b6241000-7f74b6242000 rw-p 00017000 08:05 298523                     /usr/lib/jvm/java-7-openjdk-amd64/jre/lib/amd64/libnet.so
7f74b6242000-7f74b6253000 r-xp 00000000 08:05 298494                     /usr/lib/jvm/java-7-openjdk-amd64/jre/lib/amd64/libnio.so
7f74b6253000-7f74b6452000 ---p 00011000 08:05 298494                     /usr/lib/jvm/java-7-openjdk-amd64/jre/lib/amd64/libnio.so
7f74b6452000-7f74b6453000 r--p 00010000 08:05 298494                     /usr/lib/jvm/java-7-openjdk-amd64/jre/lib/amd64/libnio.so
7f74b6453000-7f74b6454000 rw-p 00011000 08:05 298494                     /usr/lib/jvm/java-7-openjdk-amd64/jre/lib/amd64/libnio.so
7f74b6454000-7f74b645f000 r-xp 00000000 08:05 275200                     /usr/lib/x86_64-linux-gnu/libjbig.so.0
7f74b645f000-7f74b665e000 ---p 0000b000 08:05 275200                     /usr/lib/x86_64-linux-gnu/libjbig.so.0
7f74b665e000-7f74b665f000 r--p 0000a000 08:05 275200                     /usr/lib/x86_64-linux-gnu/libjbig.so.0
7f74b665f000-7f74b6662000 rw-p 0000b000 08:05 275200                     /usr/lib/x86_64-linux-gnu/libjbig.so.0
7f74b6662000-7f74b6683000 r-xp 00000000 08:05 5508                       /lib/x86_64-linux-gnu/liblzma.so.5.0.0
7f74b6683000-7f74b6882000 ---p 00021000 08:05 5508                       /lib/x86_64-linux-gnu/liblzma.so.5.0.0
7f74b6882000-7f74b6883000 r--p 00020000 08:05 5508                       /lib/x86_64-linux-gnu/liblzma.so.5.0.0
7f74b6883000-7f74b6884000 rw-p 00021000 08:05 5508                       /lib/x86_64-linux-gnu/liblzma.so.5.0.0
7f74b6884000-7f74b68da000 r-xp 00000000 08:05 275649                     /usr/lib/x86_64-linux-gnu/libwebp.so.5.0.1
7f74b68da000-7f74b6ad9000 ---p 00056000 08:05 275649                     /usr/lib/x86_64-linux-gnu/libwebp.so.5.0.1
7f74b6ad9000-7f74b6ada000 r--p 00055000 08:05 275649                     /usr/lib/x86_64-linux-gnu/libwebp.so.5.0.1
7f74b6ada000-7f74b6adc000 rw-p 00056000 08:05 275649                     /usr/lib/x86_64-linux-gnu/libwebp.so.5.0.1
7f74b6adc000-7f74b6b4c000 r-xp 00000000 08:05 282436                     /usr/lib/x86_64-linux-gnu/libtiff.so.5.2.0
7f74b6b4c000-7f74b6d4b000 ---p 00070000 08:05 282436                     /usr/lib/x86_64-linux-gnu/libtiff.so.5.2.0
7f74b6d4b000-7f74b6d4d000 r--p 0006f000 08:05 282436                     /usr/lib/x86_64-linux-gnu/libtiff.so.5.2.0
7f74b6d4d000-7f74b6d50000 rw-p 00071000 08:05 282436                     /usr/lib/x86_64-linux-gnu/libtiff.so.5.2.0
7f74b6d50000-7f74b6d58000 r-xp 00000000 08:05 298656                     /usr/lib/x86_64-linux-gnu/libgif.so.4.1.6
7f74b6d58000-7f74b6f57000 ---p 00008000 08:05 298656                     /usr/lib/x86_64-linux-gnu/libgif.so.4.1.6
7f74b6f57000-7f74b6f58000 r--p 00007000 08:05 298656                     /usr/lib/x86_64-linux-gnu/libgif.so.4.1.6
7f74b6f58000-7f74b6f59000 rw-p 00008000 08:05 298656                     /usr/lib/x86_64-linux-gnu/libgif.so.4.1.6
7f74b6f59000-7f74b715e000 r-xp 00000000 08:05 310004                     /usr/lib/liblept.so.4.0.2
7f74b715e000-7f74b735e000 ---p 00205000 08:05 310004                     /usr/lib/liblept.so.4.0.2
7f74b735e000-7f74b735f000 r--p 00205000 08:05 310004                     /usr/lib/liblept.so.4.0.2
7f74b735f000-7f74b7365000 rw-p 00206000 08:05 310004                     /usr/lib/liblept.so.4.0.2
7f74b7365000-7f74b7674000 r-xp 00000000 08:05 310073                     /usr/local/lib/libtesseract.so.3.0.4
7f74b7674000-7f74b7873000 ---p 0030f000 08:05 310073                     /usr/local/lib/libtesseract.so.3.0.4
7f74b7873000-7f74b7879000 r--p 0030e000 08:05 310073                     /usr/local/lib/libtesseract.so.3.0.4
7f74b7879000-7f74b7881000 rw-p 00314000 08:05 310073                     /usr/local/lib/libtesseract.so.3.0.4
7f74b7881000-7f74b7b17000 rw-p 00000000 00:00 0 
7f74b7b17000-7f74b7b2e000 r-xp 00000000 08:05 24175                      /tmp/jna-105408/jna3464637190461349800.tmp (deleted)
7f74b7b2e000-7f74b7c2d000 ---p 00017000 08:05 24175                      /tmp/jna-105408/jna3464637190461349800.tmp (deleted)
7f74b7c2d000-7f74b7c2f000 rw-p 00016000 08:05 24175                      /tmp/jna-105408/jna3464637190461349800.tmp (deleted)
7f74b7c2f000-7f74b7c32000 ---p 00000000 00:00 0 
7f74b7c32000-7f74bc000000 rw-p 00000000 00:00 0                          [stack:2759]
7f74bc000000-7f74bc021000 rw-p 00000000 00:00 0 
7f74bc021000-7f74c0000000 ---p 00000000 00:00 0 
7f74c00dc000-7f74c011f000 r-xp 00000000 08:05 275202                     /usr/lib/x86_64-linux-gnu/libjpeg.so.8.0.2
7f74c011f000-7f74c031f000 ---p 00043000 08:05 275202                     /usr/lib/x86_64-linux-gnu/libjpeg.so.8.0.2
7f74c031f000-7f74c0320000 r--p 00043000 08:05 275202                     /usr/lib/x86_64-linux-gnu/libjpeg.so.8.0.2
7f74c0320000-7f74c0321000 rw-p 00044000 08:05 275202                     /usr/lib/x86_64-linux-gnu/libjpeg.so.8.0.2
7f74c0321000-7f74c0331000 rw-p 00000000 00:00 0 
7f74c0331000-7f74c033b000 r-xp 00000000 08:05 298497                     /usr/lib/jvm/java-7-openjdk-amd64/jre/lib/amd64/libjavajpeg.so
7f74c033b000-7f74c053a000 ---p 0000a000 08:05 298497                     /usr/lib/jvm/java-7-openjdk-amd64/jre/lib/amd64/libjavajpeg.so
7f74c053a000-7f74c053b000 r--p 00009000 08:05 298497                     /usr/lib/jvm/java-7-openjdk-amd64/jre/lib/amd64/libjavajpeg.so
7f74c053b000-7f74c053c000 rw-p 0000a000 08:05 298497                     /usr/lib/jvm/java-7-openjdk-amd64/jre/lib/amd64/libjavajpeg.so
7f74c053c000-7f74c053f000 r-xp 00000000 08:05 5504                       /lib/x86_64-linux-gnu/libkeyutils.so.1.5
7f74c053f000-7f74c073e000 ---p 00003000 08:05 5504                       /lib/x86_64-linux-gnu/libkeyutils.so.1.5
7f74c073e000-7f74c073f000 r--p 00002000 08:05 5504                       /lib/x86_64-linux-gnu/libkeyutils.so.1.5
7f74c073f000-7f74c0740000 rw-p 00003000 08:05 5504                       /lib/x86_64-linux-gnu/libkeyutils.so.1.5
7f74c0740000-7f74c07ac000 r-xp 00000000 08:05 5568                       /lib/x86_64-linux-gnu/libpcre.so.3.13.1
7f74c07ac000-7f74c09ab000 ---p 0006c000 08:05 5568                       /lib/x86_64-linux-gnu/libpcre.so.3.13.1
7f74c09ab000-7f74c09ac000 r--p 0006b000 08:05 5568                       /lib/x86_64-linux-gnu/libpcre.so.3.13.1
7f74c09ac000-7f74c09ad000 rw-p 0006c000 08:05 5568                       /lib/x86_64-linux-gnu/libpcre.so.3.13.1
7f74c09ad000-7f74c09d2000 r-xp 00000000 08:05 5580                       /lib/x86_64-linux-gnu/libpng12.so.0.51.0
7f74c09d2000-7f74c0bd1000 ---p 00025000 08:05 5580                       /lib/x86_64-linux-gnu/libpng12.so.0.51.0
7f74c0bd1000-7f74c0bd2000 r--p 00024000 08:05 5580                       /lib/x86_64-linux-gnu/libpng12.so.0.51.0
7f74c0bd2000-7f74c0bd3000 rw-p 00025000 08:05 5580                       /lib/x86_64-linux-gnu/libpng12.so.0.51.0
7f74c0bd3000-7f74c0c19000 r-xp 00000000 08:05 20376                      /lib/x86_64-linux-gnu/libdbus-1.so.3.8.7
7f74c0c19000-7f74c0e18000 ---p 00046000 08:05 20376                      /lib/x86_64-linux-gnu/libdbus-1.so.3.8.7
7f74c0e18000-7f74c0e1a000 r--p 00045000 08:05 20376                      /lib/x86_64-linux-gnu/libdbus-1.so.3.8.7
7f74c0e1a000-7f74c0e1b000 rw-p 00047000 08:05 20376                      /lib/x86_64-linux-gnu/libdbus-1.so.3.8.7
7f74c0e1b000-7f74c0e99000 r-xp 00000000 08:05 274990                     /usr/lib/x86_64-linux-gnu/libgmp.so.10.2.0
7f74c0e99000-7f74c1099000 ---p 0007e000 08:05 274990                     /usr/lib/x86_64-linux-gnu/libgmp.so.10.2.0
7f74c1099000-7f74c109a000 r--p 0007e000 08:05 274990                     /usr/lib/x86_64-linux-gnu/libgmp.so.10.2.0
7f74c109a000-7f74c109b000 rw-p 0007f000 08:05 274990                     /usr/lib/x86_64-linux-gnu/libgmp.so.10.2.0
7f74c109b000-7f74c10c7000 r-xp 00000000 08:05 275147                     /usr/lib/x86_64-linux-gnu/libhogweed.so.2.5
7f74c10c7000-7f74c12c7000 ---p 0002c000 08:05 275147                     /usr/lib/x86_64-linux-gnu/libhogweed.so.2.5
7f74c12c7000-7f74c12c8000 r--p 0002c000 08:05 275147                     /usr/lib/x86_64-linux-gnu/libhogweed.so.2.5
7f74c12c8000-7f74c12c9000 rw-p 0002d000 08:05 275147                     /usr/lib/x86_64-linux-gnu/libhogweed.so.2.5
7f74c12c9000-7f74c12f8000 r-xp 00000000 08:05 275284                     /usr/lib/x86_64-linux-gnu/libnettle.so.4.7
7f74c12f8000-7f74c14f8000 ---p 0002f000 08:05 275284                     /usr/lib/x86_64-linux-gnu/libnettle.so.4.7
7f74c14f8000-7f74c14f9000 r--p 0002f000 08:05 275284                     /usr/lib/x86_64-linux-gnu/libnettle.so.4.7
7f74c14f9000-7f74c14fa000 rw-p 00030000 08:05 275284                     /usr/lib/x86_64-linux-gnu/libnettle.so.4.7
7f74c14fa000-7f74c150b000 r-xp 00000000 08:05 268069                     /usr/lib/x86_64-linux-gnu/libtasn1.so.6.3.0
7f74c150b000-7f74c170b000 ---p 00011000 08:05 268069                     /usr/lib/x86_64-linux-gnu/libtasn1.so.6.3.0
7f74c170b000-7f74c170c000 r--p 00011000 08:05 268069                     /usr/lib/x86_64-linux-gnu/libtasn1.so.6.3.0
7f74c170c000-7f74c170d000 rw-p 00012000 08:05 268069                     /usr/lib/x86_64-linux-gnu/libtasn1.so.6.3.0
7f74c170d000-7f74c1748000 r-xp 00000000 08:05 275334                     /usr/lib/x86_64-linux-gnu/libp11-kit.so.0.0.0
7f74c1748000-7f74c1947000 ---p 0003b000 08:05 275334                     /usr/lib/x86_64-linux-gnu/libp11-kit.so.0.0.0
7f74c1947000-7f74c194d000 r--p 0003a000 08:05 275334                     /usr/lib/x86_64-linux-gnu/libp11-kit.so.0.0.0
7f74c194d000-7f74c194f000 rw-p 00040000 08:05 275334                     /usr/lib/x86_64-linux-gnu/libp11-kit.so.0.0.0
7f74c194f000-7f74c1959000 r-xp 00000000 08:05 274434                     /usr/lib/x86_64-linux-gnu/libkrb5support.so.0.1
7f74c1959000-7f74c1b58000 ---p 0000a000 08:05 274434                     /usr/lib/x86_64-linux-gnu/libkrb5support.so.0.1
7f74c1b58000-7f74c1b59000 r--p 00009000 08:05 274434                     /usr/lib/x86_64-linux-gnu/libkrb5support.so.0.1
7f74c1b59000-7f74c1b5a000 rw-p 0000a000 08:05 274434                     /usr/lib/x86_64-linux-gnu/libkrb5support.so.0.1
7f74c1b5a000-7f74c1b5d000 r-xp 00000000 08:05 19397                      /lib/x86_64-linux-gnu/libcom_err.so.2.1
7f74c1b5d000-7f74c1d5c000 ---p 00003000 08:05 19397                      /lib/x86_64-linux-gnu/libcom_err.so.2.1
7f74c1d5c000-7f74c1d5d000 r--p 00002000 08:05 19397                      /lib/x86_64-linux-gnu/libcom_err.so.2.1
7f74c1d5d000-7f74c1d5e000 rw-p 00003000 08:05 19397                      /lib/x86_64-linux-gnu/libcom_err.so.2.1
7f74c1d5e000-7f74c1d8b000 r-xp 00000000 08:05 274437                     /usr/lib/x86_64-linux-gnu/libk5crypto.so.3.1
7f74c1d8b000-7f74c1f8a000 ---p 0002d000 08:05 274437                     /usr/lib/x86_64-linux-gnu/libk5crypto.so.3.1
7f74c1f8a000-7f74c1f8c000 r--p 0002c000 08:05 274437                     /usr/lib/x86_64-linux-gnu/libk5crypto.so.3.1
7f74c1f8c000-7f74c1f8d000 rw-p 0002e000 08:05 274437                     /usr/lib/x86_64-linux-gnu/libk5crypto.so.3.1
7f74c1f8d000-7f74c1f8e000 rw-p 00000000 00:00 0 
7f74c1f8e000-7f74c204e000 r-xp 00000000 08:05 274432                     /usr/lib/x86_64-linux-gnu/libkrb5.so.3.3
7f74c204e000-7f74c224e000 ---p 000c0000 08:05 274432                     /usr/lib/x86_64-linux-gnu/libkrb5.so.3.3
7f74c224e000-7f74c225b000 r--p 000c0000 08:05 274432                     /usr/lib/x86_64-linux-gnu/libkrb5.so.3.3
7f74c225b000-7f74c225d000 rw-p 000cd000 08:05 274432                     /usr/lib/x86_64-linux-gnu/libkrb5.so.3.3
7f74c225d000-7f74c2262000 r-xp 00000000 08:05 274588                     /usr/lib/x86_64-linux-gnu/libXdmcp.so.6.0.0
7f74c2262000-7f74c2461000 ---p 00005000 08:05 274588                     /usr/lib/x86_64-linux-gnu/libXdmcp.so.6.0.0
7f74c2461000-7f74c2462000 r--p 00004000 08:05 274588                     /usr/lib/x86_64-linux-gnu/libXdmcp.so.6.0.0
7f74c2462000-7f74c2463000 rw-p 00005000 08:05 274588                     /usr/lib/x86_64-linux-gnu/libXdmcp.so.6.0.0
7f74c2463000-7f74c2465000 r-xp 00000000 08:05 274577                     /usr/lib/x86_64-linux-gnu/libXau.so.6.0.0
7f74c2465000-7f74c2665000 ---p 00002000 08:05 274577                     /usr/lib/x86_64-linux-gnu/libXau.so.6.0.0
7f74c2665000-7f74c2666000 r--p 00002000 08:05 274577                     /usr/lib/x86_64-linux-gnu/libXau.so.6.0.0
7f74c2666000-7f74c2667000 rw-p 00003000 08:05 274577                     /usr/lib/x86_64-linux-gnu/libXau.so.6.0.0
7f74c2667000-7f74c266e000 r-xp 00000000 08:05 274877                     /usr/lib/x86_64-linux-gnu/libffi.so.6.0.2
7f74c266e000-7f74c286d000 ---p 00007000 08:05 274877                     /usr/lib/x86_64-linux-gnu/libffi.so.6.0.2
7f74c286d000-7f74c286e000 r--p 00006000 08:05 274877                     /usr/lib/x86_64-linux-gnu/libffi.so.6.0.2
7f74c286e000-7f74c286f000 rw-p 00007000 08:05 274877                     /usr/lib/x86_64-linux-gnu/libffi.so.6.0.2
7f74c286f000-7f74c2886000 r-xp 00000000 08:05 19311                      /lib/x86_64-linux-gnu/libresolv-2.19.so
7f74c2886000-7f74c2a86000 ---p 00017000 08:05 19311                      /lib/x86_64-linux-gnu/libresolv-2.19.so
7f74c2a86000-7f74c2a87000 r--p 00017000 08:05 19311                      /lib/x86_64-linux-gnu/libresolv-2.19.so
7f74c2a87000-7f74c2a88000 rw-p 00018000 08:05 19311                      /lib/x86_64-linux-gnu/libresolv-2.19.so
7f74c2a88000-7f74c2a8a000 rw-p 00000000 00:00 0 
7f74c2a8a000-7f74c2aab000 r-xp 00000000 08:05 5595                       /lib/x86_64-linux-gnu/libselinux.so.1
7f74c2aab000-7f74c2caa000 ---p 00021000 08:05 5595                       /lib/x86_64-linux-gnu/libselinux.so.1
7f74c2caa000-7f74c2cab000 r--p 00020000 08:05 5595                       /lib/x86_64-linux-gnu/libselinux.so.1
7f74c2cab000-7f74c2cac000 rw-p 00021000 08:05 5595                       /lib/x86_64-linux-gnu/libselinux.so.1
7f74c2cac000-7f74c2cae000 rw-p 00000000 00:00 0 
7f74c2cae000-7f74c2dba000 r-xp 00000000 08:05 5294                       /lib/x86_64-linux-gnu/libglib-2.0.so.0.4200.1
7f74c2dba000-7f74c2fba000 ---p 0010c000 08:05 5294                       /lib/x86_64-linux-gnu/libglib-2.0.so.0.4200.1
7f74c2fba000-7f74c2fbb000 r--p 0010c000 08:05 5294                       /lib/x86_64-linux-gnu/libglib-2.0.so.0.4200.1
7f74c2fbb000-7f74c2fbc000 rw-p 0010d000 08:05 5294                       /lib/x86_64-linux-gnu/libglib-2.0.so.0.4200.1
7f74c2fbc000-7f74c2fbd000 rw-p 00000000 00:00 0 
7f74c2fbd000-7f74c2fc0000 r-xp 00000000 08:05 268184                     /usr/lib/x86_64-linux-gnu/libgmodule-2.0.so.0.4200.1
7f74c2fc0000-7f74c31bf000 ---p 00003000 08:05 268184                     /usr/lib/x86_64-linux-gnu/libgmodule-2.0.so.0.4200.1
7f74c31bf000-7f74c31c0000 r--p 00002000 08:05 268184                     /usr/lib/x86_64-linux-gnu/libgmodule-2.0.so.0.4200.1
7f74c31c0000-7f74c31c1000 rw-p 00003000 08:05 268184                     /usr/lib/x86_64-linux-gnu/libgmodule-2.0.so.0.4200.1
7f74c31c1000-7f74c31e7000 r-xp 00000000 08:05 5481                       /lib/x86_64-linux-gnu/libexpat.so.1.6.0
7f74c31e7000-7f74c33e6000 ---p 00026000 08:05 5481                       /lib/x86_64-linux-gnu/libexpat.so.1.6.0
7f74c33e6000-7f74c33e9000 r--p 00025000 08:05 5481                       /lib/x86_64-linux-gnu/libexpat.so.1.6.0
7f74c33e9000-7f74c33ea000 rw-p 00028000 08:05 5481                       /lib/x86_64-linux-gnu/libexpat.so.1.6.0
7f74c33ea000-7f74c348c000 r-xp 00000000 08:05 267920                     /usr/lib/x86_64-linux-gnu/libfreetype.so.6.11.1
7f74c348c000-7f74c368b000 ---p 000a2000 08:05 267920                     /usr/lib/x86_64-linux-gnu/libfreetype.so.6.11.1
7f74c368b000-7f74c3691000 r--p 000a1000 08:05 267920                     /usr/lib/x86_64-linux-gnu/libfreetype.so.6.11.1
7f74c3691000-7f74c3692000 rw-p 000a7000 08:05 267920                     /usr/lib/x86_64-linux-gnu/libfreetype.so.6.11.1
7f74c3692000-7f74c36a2000 r-xp 00000000 08:05 274681                     /usr/lib/x86_64-linux-gnu/libavahi-client.so.3.2.9
7f74c36a2000-7f74c38a1000 ---p 00010000 08:05 274681                     /usr/lib/x86_64-linux-gnu/libavahi-client.so.3.2.9
7f74c38a1000-7f74c38a2000 r--p 0000f000 08:05 274681                     /usr/lib/x86_64-linux-gnu/libavahi-client.so.3.2.9
7f74c38a2000-7f74c38a3000 rw-p 00010000 08:05 274681                     /usr/lib/x86_64-linux-gnu/libavahi-client.so.3.2.9
7f74c38a3000-7f74c38ae000 r-xp 00000000 08:05 274683                     /usr/lib/x86_64-linux-gnu/libavahi-common.so.3.5.3
7f74c38ae000-7f74c3aad000 ---p 0000b000 08:05 274683                     /usr/lib/x86_64-linux-gnu/libavahi-common.so.3.5.3
7f74c3aad000-7f74c3aae000 r--p 0000a000 08:05 274683                     /usr/lib/x86_64-linux-gnu/libavahi-common.so.3.5.3
7f74c3aae000-7f74c3aaf000 rw-p 0000b000 08:05 274683                     /usr/lib/x86_64-linux-gnu/libavahi-common.so.3.5.3
7f74c3aaf000-7f74c3bae000 r-xp 00000000 08:05 268077                     /usr/lib/x86_64-linux-gnu/libgnutls-deb0.so.28.30.7
7f74c3bae000-7f74c3dad000 ---p 000ff000 08:05 268077                     /usr/lib/x86_64-linux-gnu/libgnutls-deb0.so.28.30.7
7f74c3dad000-7f74c3db6000 r--p 000fe000 08:05 268077                     /usr/lib/x86_64-linux-gnu/libgnutls-deb0.so.28.30.7
7f74c3db6000-7f74c3db8000 rw-p 00107000 08:05 268077                     /usr/lib/x86_64-linux-gnu/libgnutls-deb0.so.28.30.7
7f74c3db8000-7f74c3dfd000 r-xp 00000000 08:05 274243                     /usr/lib/x86_64-linux-gnu/libgssapi_krb5.so.2.2
7f74c3dfd000-7f74c3ffc000 ---p 00045000 08:05 274243                     /usr/lib/x86_64-linux-gnu/libgssapi_krb5.so.2.2
7f74c3ffc000-7f74c3ffe000 r--p 00044000 08:05 274243                     /usr/lib/x86_64-linux-gnu/libgssapi_krb5.so.2.2
7f74c3ffe000-7f74c3fff000 rw-p 00046000 08:05 274243                     /usr/lib/x86_64-linux-gnu/libgssapi_krb5.so.2.2
7f74c3fff000-7f74c4000000 rw-p 00000000 00:00 0 
7f74c4000000-7f74c4021000 rw-p 00000000 00:00 0 
7f74c4021000-7f74c8000000 ---p 00000000 00:00 0 
7f74c8076000-7f74c8093000 r-xp 00000000 08:05 275697                     /usr/lib/x86_64-linux-gnu/libxcb.so.1.1.0
7f74c8093000-7f74c8293000 ---p 0001d000 08:05 275697                     /usr/lib/x86_64-linux-gnu/libxcb.so.1.1.0
7f74c8293000-7f74c8294000 r--p 0001d000 08:05 275697                     /usr/lib/x86_64-linux-gnu/libxcb.so.1.1.0
7f74c8294000-7f74c8295000 rw-p 0001e000 08:05 275697                     /usr/lib/x86_64-linux-gnu/libxcb.so.1.1.0
7f74c8295000-7f74c82e5000 r-xp 00000000 08:05 268182                     /usr/lib/x86_64-linux-gnu/libgobject-2.0.so.0.4200.1
7f74c82e5000-7f74c84e5000 ---p 00050000 08:05 268182                     /usr/lib/x86_64-linux-gnu/libgobject-2.0.so.0.4200.1
7f74c84e5000-7f74c84e6000 r--p 00050000 08:05 268182                     /usr/lib/x86_64-linux-gnu/libgobject-2.0.so.0.4200.1
7f74c84e6000-7f74c84e7000 rw-p 00051000 08:05 268182                     /usr/lib/x86_64-linux-gnu/libgobject-2.0.so.0.4200.1
7f74c84e7000-7f74c8658000 r-xp 00000000 08:05 268183                     /usr/lib/x86_64-linux-gnu/libgio-2.0.so.0.4200.1
7f74c8658000-7f74c8858000 ---p 00171000 08:05 268183                     /usr/lib/x86_64-linux-gnu/libgio-2.0.so.0.4200.1
7f74c8858000-7f74c885c000 r--p 00171000 08:05 268183                     /usr/lib/x86_64-linux-gnu/libgio-2.0.so.0.4200.1
7f74c885c000-7f74c885e000 rw-p 00175000 08:05 268183                     /usr/lib/x86_64-linux-gnu/libgio-2.0.so.0.4200.1
7f74c885e000-7f74c8860000 rw-p 00000000 00:00 0 
7f74c8860000-7f74c889b000 r-xp 00000000 08:05 274891                     /usr/lib/x86_64-linux-gnu/libfontconfig.so.1.8.0
7f74c889b000-7f74c8a9a000 ---p 0003b000 08:05 274891                     /usr/lib/x86_64-linux-gnu/libfontconfig.so.1.8.0
7f74c8a9a000-7f74c8a9c000 r--p 0003a000 08:05 274891                     /usr/lib/x86_64-linux-gnu/libfontconfig.so.1.8.0
7f74c8a9c000-7f74c8a9d000 rw-p 0003c000 08:05 274891                     /usr/lib/x86_64-linux-gnu/libfontconfig.so.1.8.0
7f74c8a9d000-7f74c8b0a000 r-xp 00000000 08:05 263551                     /usr/lib/x86_64-linux-gnu/libcups.so.2
7f74c8b0a000-7f74c8d0a000 ---p 0006d000 08:05 263551                     /usr/lib/x86_64-linux-gnu/libcups.so.2
7f74c8d0a000-7f74c8d11000 r--p 0006d000 08:05 263551                     /usr/lib/x86_64-linux-gnu/libcups.so.2
7f74c8d11000-7f74c8d12000 rw-p 00074000 08:05 263551                     /usr/lib/x86_64-linux-gnu/libcups.so.2
7f74c8d12000-7f74c8d21000 r-xp 00000000 08:05 274598                     /usr/lib/x86_64-linux-gnu/libXi.so.6.1.0
7f74c8d21000-7f74c8f20000 ---p 0000f000 08:05 274598                     /usr/lib/x86_64-linux-gnu/libXi.so.6.1.0
7f74c8f20000-7f74c8f21000 r--p 0000e000 08:05 274598                     /usr/lib/x86_64-linux-gnu/libXi.so.6.1.0
7f74c8f21000-7f74c8f22000 rw-p 0000f000 08:05 274598                     /usr/lib/x86_64-linux-gnu/libXi.so.6.1.0
7f74c8f22000-7f74c8f27000 r-xp 00000000 08:05 274618                     /usr/lib/x86_64-linux-gnu/libXtst.so.6.1.0
7f74c8f27000-7f74c9126000 ---p 00005000 08:05 274618                     /usr/lib/x86_64-linux-gnu/libXtst.so.6.1.0
7f74c9126000-7f74c9127000 r--p 00004000 08:05 274618                     /usr/lib/x86_64-linux-gnu/libXtst.so.6.1.0
7f74c9127000-7f74c9128000 rw-p 00005000 08:05 274618                     /usr/lib/x86_64-linux-gnu/libXtst.so.6.1.0
7f74c9128000-7f74c9131000 r-xp 00000000 08:05 274918                     /usr/lib/x86_64-linux-gnu/libXrender.so.1.3.0
7f74c9131000-7f74c9330000 ---p 00009000 08:05 274918                     /usr/lib/x86_64-linux-gnu/libXrender.so.1.3.0
7f74c9330000-7f74c9331000 r--p 00008000 08:05 274918                     /usr/lib/x86_64-linux-gnu/libXrender.so.1.3.0
7f74c9331000-7f74c9332000 rw-p 00009000 08:05 274918                     /usr/lib/x86_64-linux-gnu/libXrender.so.1.3.0
7f74c9332000-7f74c9465000 r-xp 00000000 08:05 274573                     /usr/lib/x86_64-linux-gnu/libX11.so.6.3.0
7f74c9465000-7f74c9665000 ---p 00133000 08:05 274573                     /usr/lib/x86_64-linux-gnu/libX11.so.6.3.0
7f74c9665000-7f74c9666000 r--p 00133000 08:05 274573                     /usr/lib/x86_64-linux-gnu/libX11.so.6.3.0
7f74c9666000-7f74c966a000 rw-p 00134000 08:05 274573                     /usr/lib/x86_64-linux-gnu/libX11.so.6.3.0
7f74c966a000-7f74c966b000 rw-p 00000000 00:00 0 
7f74c966b000-7f74c967c000 r-xp 00000000 08:05 275558                     /usr/lib/x86_64-linux-gnu/libXext.so.6.4.0
7f74c967c000-7f74c987b000 ---p 00011000 08:05 275558                     /usr/lib/x86_64-linux-gnu/libXext.so.6.4.0
7f74c987b000-7f74c987c000 r--p 00010000 08:05 275558                     /usr/lib/x86_64-linux-gnu/libXext.so.6.4.0
7f74c987c000-7f74c987d000 rw-p 00011000 08:05 275558                     /usr/lib/x86_64-linux-gnu/libXext.so.6.4.0
7f74c989b000-7f74c98e3000 r-xp 00000000 08:05 298669                     /usr/lib/jvm/java-7-openjdk-amd64/jre/lib/amd64/xawt/libmawt.so
7f74c98e3000-7f74c9ae3000 ---p 00048000 08:05 298669                     /usr/lib/jvm/java-7-openjdk-amd64/jre/lib/amd64/xawt/libmawt.so
7f74c9ae3000-7f74c9ae4000 r--p 00048000 08:05 298669                     /usr/lib/jvm/java-7-openjdk-amd64/jre/lib/amd64/xawt/libmawt.so
7f74c9ae4000-7f74c9ae7000 rw-p 00049000 08:05 298669                     /usr/lib/jvm/java-7-openjdk-amd64/jre/lib/amd64/xawt/libmawt.so
7f74c9ae7000-7f74c9ae8000 rw-p 00000000 00:00 0 
7f74c9ae8000-7f74c9b88000 r-xp 00000000 08:05 298500                     /usr/lib/jvm/java-7-openjdk-amd64/jre/lib/amd64/libawt.so
7f74c9b88000-7f74c9d88000 ---p 000a0000 08:05 298500                     /usr/lib/jvm/java-7-openjdk-amd64/jre/lib/amd64/libawt.so
7f74c9d88000-7f74c9d89000 r--p 000a0000 08:05 298500                     /usr/lib/jvm/java-7-openjdk-amd64/jre/lib/amd64/libawt.so
7f74c9d89000-7f74c9d94000 rw-p 000a1000 08:05 298500                     /usr/lib/jvm/java-7-openjdk-amd64/jre/lib/amd64/libawt.so
7f74c9d94000-7f74c9db9000 rw-p 00000000 00:00 0 
7f74c9db9000-7f74c9dba000 ---p 00000000 00:00 0 
7f74c9dba000-7f74c9eba000 rw-p 00000000 00:00 0                          [stack:2758]
7f74c9eba000-7f74c9ebd000 ---p 00000000 00:00 0 
7f74c9ebd000-7f74c9fbb000 rw-p 00000000 00:00 0                          [stack:2757]
7f74c9fbb000-7f74c9fbe000 ---p 00000000 00:00 0 
7f74c9fbe000-7f74ca0bc000 rw-p 00000000 00:00 0                          [stack:2756]
7f74ca0bc000-7f74ca0bf000 ---p 00000000 00:00 0 
7f74ca0bf000-7f74ca1bd000 rw-p 00000000 00:00 0                          [stack:2755]
7f74ca1bd000-7f74ca1c0000 ---p 00000000 00:00 0 
7f74ca1c0000-7f74ca2be000 rw-p 00000000 00:00 0                          [stack:2754]
7f74ca2be000-7f74ca9a0000 r--p 00000000 08:05 272413                     /usr/lib/locale/locale-archive
7f74ca9a0000-7f74ca9a3000 ---p 00000000 00:00 0 
7f74ca9a3000-7f74caaa1000 rw-p 00000000 00:00 0                          [stack:2753]
7f74caaa1000-7f74caaa4000 ---p 00000000 00:00 0 
7f74caaa4000-7f74caba2000 rw-p 00000000 00:00 0                          [stack:2752]
7f74caba2000-7f74caba3000 ---p 00000000 00:00 0 
7f74caba3000-7f74cc000000 rw-p 00000000 00:00 0                          [stack:2751]
7f74cc000000-7f74cc021000 rw-p 00000000 00:00 0 
7f74cc021000-7f74d0000000 ---p 00000000 00:00 0 
7f74d0005000-7f74d00b1000 rw-p 00000000 00:00 0 
7f74d00b1000-7f74d0262000 r--s 01d27000 08:05 298530                     /usr/lib/jvm/java-7-openjdk-amd64/jre/lib/rt.jar
7f74d0262000-7f74d0333000 rw-p 00000000 00:00 0 
7f74d0333000-7f74d0334000 ---p 00000000 00:00 0 
7f74d0334000-7f74d0434000 rw-p 00000000 00:00 0                          [stack:2750]
7f74d0434000-7f74d0435000 ---p 00000000 00:00 0 
7f74d0435000-7f74d0535000 rw-p 00000000 00:00 0                          [stack:2749]
7f74d0535000-7f74d0536000 ---p 00000000 00:00 0 
7f74d0536000-7f74d0636000 rw-p 00000000 00:00 0                          [stack:2748]
7f74d0636000-7f74d0637000 ---p 00000000 00:00 0 
7f74d0637000-7f74d0760000 rw-p 00000000 00:00 0                          [stack:2747]
7f74d0760000-7f74d09c9000 rw-p 00000000 00:00 0 
7f74d09c9000-7f74d09d4000 rw-p 00000000 00:00 0 
7f74d09d4000-7f74d0a1c000 rw-p 00000000 00:00 0 
7f74d0a1c000-7f74d0a45000 rw-p 00000000 00:00 0 
7f74d0a45000-7f74d0cad000 rw-p 00000000 00:00 0 
7f74d0cad000-7f74d0cc2000 rw-p 00000000 00:00 0 
7f74d0cc2000-7f74d0df6000 rw-p 00000000 00:00 0 
7f74d0df6000-7f74d0df7000 rw-p 00000000 00:00 0 
7f74d0df7000-7f74d1067000 rwxp 00000000 00:00 0 
7f74d1067000-7f74d3df7000 rw-p 00000000 00:00 0 
7f74d3df7000-7f74d3dff000 r-xp 00000000 08:05 298496                     /usr/lib/jvm/java-7-openjdk-amd64/jre/lib/amd64/libzip.so
7f74d3dff000-7f74d3ffe000 ---p 00008000 08:05 298496                     /usr/lib/jvm/java-7-openjdk-amd64/jre/lib/amd64/libzip.so
7f74d3ffe000-7f74d3fff000 r--p 00007000 08:05 298496                     /usr/lib/jvm/java-7-openjdk-amd64/jre/lib/amd64/libzip.so
7f74d3fff000-7f74d4000000 rw-p 00008000 08:05 298496                     /usr/lib/jvm/java-7-openjdk-amd64/jre/lib/amd64/libzip.so
7f74d4000000-7f74d4557000 rw-p 00000000 00:00 0 
7f74d4557000-7f74d8000000 ---p 00000000 00:00 0 
7f74d800c000-7f74d8011000 r--s 0004d000 08:05 298533                     /usr/lib/jvm/java-7-openjdk-amd64/jre/lib/jsse.jar
7f74d8011000-7f74d808f000 rw-p 00000000 00:00 0 
7f74d808f000-7f74d80d7000 rw-p 00000000 00:00 0 
7f74d80d7000-7f74d80e2000 r-xp 00000000 08:05 19316                      /lib/x86_64-linux-gnu/libnss_files-2.19.so
7f74d80e2000-7f74d82e1000 ---p 0000b000 08:05 19316                      /lib/x86_64-linux-gnu/libnss_files-2.19.so
7f74d82e1000-7f74d82e2000 r--p 0000a000 08:05 19316                      /lib/x86_64-linux-gnu/libnss_files-2.19.so
7f74d82e2000-7f74d82e3000 rw-p 0000b000 08:05 19316                      /lib/x86_64-linux-gnu/libnss_files-2.19.so
7f74d82e3000-7f74d82ee000 r-xp 00000000 08:05 19318                      /lib/x86_64-linux-gnu/libnss_nis-2.19.so
7f74d82ee000-7f74d84ed000 ---p 0000b000 08:05 19318                      /lib/x86_64-linux-gnu/libnss_nis-2.19.so
7f74d84ed000-7f74d84ee000 r--p 0000a000 08:05 19318                      /lib/x86_64-linux-gnu/libnss_nis-2.19.so
7f74d84ee000-7f74d84ef000 rw-p 0000b000 08:05 19318                      /lib/x86_64-linux-gnu/libnss_nis-2.19.so
7f74d84ef000-7f74d8506000 r-xp 00000000 08:05 19302                      /lib/x86_64-linux-gnu/libnsl-2.19.so
7f74d8506000-7f74d8705000 ---p 00017000 08:05 19302                      /lib/x86_64-linux-gnu/libnsl-2.19.so
7f74d8705000-7f74d8706000 r--p 00016000 08:05 19302                      /lib/x86_64-linux-gnu/libnsl-2.19.so
7f74d8706000-7f74d8707000 rw-p 00017000 08:05 19302                      /lib/x86_64-linux-gnu/libnsl-2.19.so
7f74d8707000-7f74d8709000 rw-p 00000000 00:00 0 
7f74d8709000-7f74d8712000 r-xp 00000000 08:05 19303                      /lib/x86_64-linux-gnu/libnss_compat-2.19.so
7f74d8712000-7f74d8911000 ---p 00009000 08:05 19303                      /lib/x86_64-linux-gnu/libnss_compat-2.19.so
7f74d8911000-7f74d8912000 r--p 00008000 08:05 19303                      /lib/x86_64-linux-gnu/libnss_compat-2.19.so
7f74d8912000-7f74d8913000 rw-p 00009000 08:05 19303                      /lib/x86_64-linux-gnu/libnss_compat-2.19.so
7f74d8913000-7f74d8940000 r-xp 00000000 08:05 298506                     /usr/lib/jvm/java-7-openjdk-amd64/jre/lib/amd64/libjava.so
7f74d8940000-7f74d8b3f000 ---p 0002d000 08:05 298506                     /usr/lib/jvm/java-7-openjdk-amd64/jre/lib/amd64/libjava.so
7f74d8b3f000-7f74d8b40000 r--p 0002c000 08:05 298506                     /usr/lib/jvm/java-7-openjdk-amd64/jre/lib/amd64/libjava.so
7f74d8b40000-7f74d8b42000 rw-p 0002d000 08:05 298506                     /usr/lib/jvm/java-7-openjdk-amd64/jre/lib/amd64/libjava.so
7f74d8b42000-7f74d8b53000 r-xp 00000000 08:05 298509                     /usr/lib/jvm/java-7-openjdk-amd64/jre/lib/amd64/libverify.so
7f74d8b53000-7f74d8d52000 ---p 00011000 08:05 298509                     /usr/lib/jvm/java-7-openjdk-amd64/jre/lib/amd64/libverify.so
7f74d8d52000-7f74d8d54000 r--p 00010000 08:05 298509                     /usr/lib/jvm/java-7-openjdk-amd64/jre/lib/amd64/libverify.so
7f74d8d54000-7f74d8d55000 rw-p 00012000 08:05 298509                     /usr/lib/jvm/java-7-openjdk-amd64/jre/lib/amd64/libverify.so
7f74d8d55000-7f74d8d5c000 r-xp 00000000 08:05 19319                      /lib/x86_64-linux-gnu/librt-2.19.so
7f74d8d5c000-7f74d8f5b000 ---p 00007000 08:05 19319                      /lib/x86_64-linux-gnu/librt-2.19.so
7f74d8f5b000-7f74d8f5c000 r--p 00006000 08:05 19319                      /lib/x86_64-linux-gnu/librt-2.19.so
7f74d8f5c000-7f74d8f5d000 rw-p 00007000 08:05 19319                      /lib/x86_64-linux-gnu/librt-2.19.so
7f74d8f5d000-7f74d8f73000 r-xp 00000000 08:05 5486                       /lib/x86_64-linux-gnu/libgcc_s.so.1
7f74d8f73000-7f74d9172000 ---p 00016000 08:05 5486                       /lib/x86_64-linux-gnu/libgcc_s.so.1
7f74d9172000-7f74d9173000 r--p 00015000 08:05 5486                       /lib/x86_64-linux-gnu/libgcc_s.so.1
7f74d9173000-7f74d9174000 rw-p 00016000 08:05 5486                       /lib/x86_64-linux-gnu/libgcc_s.so.1
7f74d9174000-7f74d9279000 r-xp 00000000 08:05 19298                      /lib/x86_64-linux-gnu/libm-2.19.so
7f74d9279000-7f74d9478000 ---p 00105000 08:05 19298                      /lib/x86_64-linux-gnu/libm-2.19.so
7f74d9478000-7f74d9479000 r--p 00104000 08:05 19298                      /lib/x86_64-linux-gnu/libm-2.19.so
7f74d9479000-7f74d947a000 rw-p 00105000 08:05 19298                      /lib/x86_64-linux-gnu/libm-2.19.so
7f74d947a000-7f74d956a000 r-xp 00000000 08:05 275529                     /usr/lib/x86_64-linux-gnu/libstdc++.so.6.0.20
7f74d956a000-7f74d976a000 ---p 000f0000 08:05 275529                     /usr/lib/x86_64-linux-gnu/libstdc++.so.6.0.20
7f74d976a000-7f74d9772000 r--p 000f0000 08:05 275529                     /usr/lib/x86_64-linux-gnu/libstdc++.so.6.0.20
7f74d9772000-7f74d9774000 rw-p 000f8000 08:05 275529                     /usr/lib/x86_64-linux-gnu/libstdc++.so.6.0.20
7f74d9774000-7f74d9789000 rw-p 00000000 00:00 0 
7f74d9789000-7f74da2d9000 r-xp 00000000 08:05 298521                     /usr/lib/jvm/java-7-openjdk-amd64/jre/lib/amd64/server/libjvm.so
7f74da2d9000-7f74da4d8000 ---p 00b50000 08:05 298521                     /usr/lib/jvm/java-7-openjdk-amd64/jre/lib/amd64/server/libjvm.so
7f74da4d8000-7f74da577000 r--p 00b4f000 08:05 298521                     /usr/lib/jvm/java-7-openjdk-amd64/jre/lib/amd64/server/libjvm.so
7f74da577000-7f74da59a000 rw-p 00bee000 08:05 298521                     /usr/lib/jvm/java-7-openjdk-amd64/jre/lib/amd64/server/libjvm.so
7f74da59a000-7f74da5c7000 rw-p 00000000 00:00 0 
7f74da5c7000-7f74da5df000 r-xp 00000000 08:05 5630                       /lib/x86_64-linux-gnu/libz.so.1.2.8
7f74da5df000-7f74da7de000 ---p 00018000 08:05 5630                       /lib/x86_64-linux-gnu/libz.so.1.2.8
7f74da7de000-7f74da7df000 r--p 00017000 08:05 5630                       /lib/x86_64-linux-gnu/libz.so.1.2.8
7f74da7df000-7f74da7e0000 rw-p 00018000 08:05 5630                       /lib/x86_64-linux-gnu/libz.so.1.2.8
7f74da7e0000-7f74da7f9000 r-xp 00000000 08:05 19306                      /lib/x86_64-linux-gnu/libpthread-2.19.so
7f74da7f9000-7f74da9f8000 ---p 00019000 08:05 19306                      /lib/x86_64-linux-gnu/libpthread-2.19.so
7f74da9f8000-7f74da9f9000 r--p 00018000 08:05 19306                      /lib/x86_64-linux-gnu/libpthread-2.19.so
7f74da9f9000-7f74da9fa000 rw-p 00019000 08:05 19306                      /lib/x86_64-linux-gnu/libpthread-2.19.so
7f74da9fa000-7f74da9fe000 rw-p 00000000 00:00 0 
7f74da9fe000-7f74daa01000 r-xp 00000000 08:05 19305                      /lib/x86_64-linux-gnu/libdl-2.19.so
7f74daa01000-7f74dac00000 ---p 00003000 08:05 19305                      /lib/x86_64-linux-gnu/libdl-2.19.so
7f74dac00000-7f74dac01000 r--p 00002000 08:05 19305                      /lib/x86_64-linux-gnu/libdl-2.19.so
7f74dac01000-7f74dac02000 rw-p 00003000 08:05 19305                      /lib/x86_64-linux-gnu/libdl-2.19.so
7f74dac02000-7f74dadbc000 r-xp 00000000 08:05 19317                      /lib/x86_64-linux-gnu/libc-2.19.so
7f74dadbc000-7f74dafbb000 ---p 001ba000 08:05 19317                      /lib/x86_64-linux-gnu/libc-2.19.so
7f74dafbb000-7f74dafbf000 r--p 001b9000 08:05 19317                      /lib/x86_64-linux-gnu/libc-2.19.so
7f74dafbf000-7f74dafc1000 rw-p 001bd000 08:05 19317                      /lib/x86_64-linux-gnu/libc-2.19.so
7f74dafc1000-7f74dafc6000 rw-p 00000000 00:00 0 
7f74dafc6000-7f74dafd3000 r-xp 00000000 08:05 298514                     /usr/lib/jvm/java-7-openjdk-amd64/jre/lib/amd64/jli/libjli.so
7f74dafd3000-7f74db1d2000 ---p 0000d000 08:05 298514                     /usr/lib/jvm/java-7-openjdk-amd64/jre/lib/amd64/jli/libjli.so
7f74db1d2000-7f74db1d3000 r--p 0000c000 08:05 298514                     /usr/lib/jvm/java-7-openjdk-amd64/jre/lib/amd64/jli/libjli.so
7f74db1d3000-7f74db1d4000 rw-p 0000d000 08:05 298514                     /usr/lib/jvm/java-7-openjdk-amd64/jre/lib/amd64/jli/libjli.so
7f74db1d4000-7f74db1f7000 r-xp 00000000 08:05 19312                      /lib/x86_64-linux-gnu/ld-2.19.so
7f74db1f8000-7f74db1fb000 r--s 0233b000 08:07 4599929                    /home/joe/Documents/OCR Project/workspace/workspace/Tesseract/libs/tess4j.jar
7f74db1fb000-7f74db1ff000 r--s 000dc000 08:07 4599931                    /home/joe/Documents/OCR Project/workspace/workspace/Tesseract/libs/jna.jar
7f74db1ff000-7f74db210000 r--s 00106000 08:07 4599930                    /home/joe/Documents/OCR Project/workspace/workspace/Tesseract/libs/jai_imageio.jar
7f74db210000-7f74db21a000 rw-p 00000000 00:00 0 
7f74db21a000-7f74db2d0000 rw-p 00000000 00:00 0 
7f74db2d0000-7f74db2d3000 ---p 00000000 00:00 0 
7f74db2d3000-7f74db3d6000 rw-p 00000000 00:00 0                          [stack:2746]
7f74db3d7000-7f74db3db000 r--s 00034000 08:05 298549                     /usr/lib/jvm/java-7-openjdk-amd64/jre/lib/ext/sunjce_provider.jar
7f74db3db000-7f74db3de000 r--s 0000f000 08:05 298547                     /usr/lib/jvm/java-7-openjdk-amd64/jre/lib/ext/icedtea-sound.jar
7f74db3de000-7f74db3e1000 r--s 00086000 08:05 298550                     /usr/lib/jvm/java-7-openjdk-amd64/jre/lib/ext/localedata.jar
7f74db3e1000-7f74db3e3000 r--s 00012000 08:05 298546                     /usr/lib/jvm/java-7-openjdk-amd64/jre/lib/ext/zipfs.jar
7f74db3e3000-7f74db3e4000 r--s 00002000 08:05 298548                     /usr/lib/jvm/java-7-openjdk-amd64/jre/lib/ext/dnsns.jar
7f74db3e4000-7f74db3e6000 r--s 00006000 08:05 522850                     /usr/share/java/java-atk-wrapper.jar
7f74db3e6000-7f74db3ea000 r--s 0003c000 08:05 298545                     /usr/lib/jvm/java-7-openjdk-amd64/jre/lib/ext/sunpkcs11.jar
7f74db3ea000-7f74db3f2000 rw-s 00000000 08:05 24174                      /tmp/hsperfdata_joe/2741
7f74db3f2000-7f74db3f3000 rw-p 00000000 00:00 0 
7f74db3f3000-7f74db3f4000 r--p 00000000 00:00 0 
7f74db3f4000-7f74db3f6000 rw-p 00000000 00:00 0 
7f74db3f6000-7f74db3f7000 r--p 00022000 08:05 19312                      /lib/x86_64-linux-gnu/ld-2.19.so
7f74db3f7000-7f74db3f8000 rw-p 00023000 08:05 19312                      /lib/x86_64-linux-gnu/ld-2.19.so
7f74db3f8000-7f74db3f9000 rw-p 00000000 00:00 0 
7ffffbd32000-7ffffbd53000 rw-p 00000000 00:00 0                          [stack]
7ffffbd87000-7ffffbd89000 r-xp 00000000 00:00 0                          [vdso]
7ffffbd89000-7ffffbd8b000 r--p 00000000 00:00 0                          [vvar]
ffffffffff600000-ffffffffff601000 r-xp 00000000 00:00 0                  [vsyscall]

VM Arguments:
jvm_args: -Dfile.encoding=UTF-8 
java_command: Main
Launcher Type: SUN_STANDARD

Environment Variables:
PATH=/home/joe/tesseract-ocr/training:/home/joe/tesseract-ocr:/usr/local/sbin:/usr/local/bin:/usr/sbin:/usr/bin:/sbin:/bin:/usr/games:/usr/local/games
SHELL=/bin/bash
DISPLAY=:0.0

Signal Handlers:
SIGSEGV: [libjvm.so+0x983740], sa_mask[0]=0x7ffbfeff, sa_flags=0x10000004
SIGBUS: [libjvm.so+0x983740], sa_mask[0]=0x7ffbfeff, sa_flags=0x10000004
SIGFPE: [libjvm.so+0x7f0180], sa_mask[0]=0x7ffbfeff, sa_flags=0x10000004
SIGPIPE: [libjvm.so+0x7f0180], sa_mask[0]=0x7ffbfeff, sa_flags=0x10000004
SIGXFSZ: [libjvm.so+0x7f0180], sa_mask[0]=0x7ffbfeff, sa_flags=0x10000004
SIGILL: [libjvm.so+0x7f0180], sa_mask[0]=0x7ffbfeff, sa_flags=0x10000004
SIGUSR1: SIG_DFL, sa_mask[0]=0x00000000, sa_flags=0x00000000
SIGUSR2: [libjvm.so+0x7f0000], sa_mask[0]=0x00000004, sa_flags=0x10000004
SIGHUP: [libjvm.so+0x7f0200], sa_mask[0]=0x7ffbfeff, sa_flags=0x10000004
SIGINT: [libjvm.so+0x7f0200], sa_mask[0]=0x7ffbfeff, sa_flags=0x10000004
SIGTERM: [libjvm.so+0x7f0200], sa_mask[0]=0x7ffbfeff, sa_flags=0x10000004
SIGQUIT: [libjvm.so+0x7f0200], sa_mask[0]=0x7ffbfeff, sa_flags=0x10000004
SIGTRAP: SIG_DFL, sa_mask[0]=0x00000000, sa_flags=0x00000000


---------------  S Y S T E M  ---------------

OS:Ubuntu 14.10 (utopic)
uname:Linux 3.16.0-23-generic #31-Ubuntu SMP Tue Oct 21 17:56:17 UTC 2014 x86_64
libc:glibc 2.19 NPTL 2.19 
rlimit: STACK 8192k, CORE 0k, NPROC 31440, NOFILE 4096, AS infinity
load average:1.38 0.56 0.21

/proc/meminfo:
MemTotal:        8070928 kB
MemFree:         6024624 kB
MemAvailable:    6511208 kB
Buffers:           54552 kB
Cached:           906344 kB
SwapCached:            0 kB
Active:          1252184 kB
Inactive:         597944 kB
Active(anon):     890180 kB
Inactive(anon):   332032 kB
Active(file):     362004 kB
Inactive(file):   265912 kB
Unevictable:           0 kB
Mlocked:               0 kB
SwapTotal:       7811068 kB
SwapFree:        7811068 kB
Dirty:              1084 kB
Writeback:            40 kB
AnonPages:        889084 kB
Mapped:           218424 kB
Shmem:            333308 kB
Slab:              83264 kB
SReclaimable:      55220 kB
SUnreclaim:        28044 kB
KernelStack:        6400 kB
PageTables:        23696 kB
NFS_Unstable:          0 kB
Bounce:                0 kB
WritebackTmp:          0 kB
CommitLimit:    11846532 kB
Committed_AS:    3438632 kB
VmallocTotal:   34359738367 kB
VmallocUsed:      557544 kB
VmallocChunk:   34359166952 kB
HardwareCorrupted:     0 kB
AnonHugePages:    438272 kB
HugePages_Total:       0
HugePages_Free:        0
HugePages_Rsvd:        0
HugePages_Surp:        0
Hugepagesize:       2048 kB
DirectMap4k:       69120 kB
DirectMap2M:     2971648 kB
DirectMap1G:     5242880 kB


CPU:total 4 (2 cores per cpu, 2 threads per core) family 6 model 69 stepping 1, cmov, cx8, fxsr, mmx, sse, sse2, sse3, ssse3, sse4.1, sse4.2, popcnt, avx, avx2, aes, erms, ht, tsc, tscinvbit

/proc/cpuinfo:
processor	: 0
vendor_id	: GenuineIntel
cpu family	: 6
model		: 69
model name	: Intel(R) Core(TM) i5-4300U CPU @ 1.90GHz
stepping	: 1
microcode	: 0x1c
cpu MHz		: 2600.000
cache size	: 3072 KB
physical id	: 0
siblings	: 4
core id		: 0
cpu cores	: 2
apicid		: 0
initial apicid	: 0
fpu		: yes
fpu_exception	: yes
cpuid level	: 13
wp		: yes
flags		: fpu vme de pse tsc msr pae mce cx8 apic sep mtrr pge mca cmov pat pse36 clflush dts acpi mmx fxsr sse sse2 ss ht tm pbe syscall nx pdpe1gb rdtscp lm constant_tsc arch_perfmon pebs bts rep_good nopl xtopology nonstop_tsc aperfmperf eagerfpu pni pclmulqdq dtes64 monitor ds_cpl vmx smx est tm2 ssse3 fma cx16 xtpr pdcm pcid sse4_1 sse4_2 x2apic movbe popcnt tsc_deadline_timer aes xsave avx f16c rdrand lahf_lm abm ida arat epb xsaveopt pln pts dtherm tpr_shadow vnmi flexpriority ept vpid fsgsbase tsc_adjust bmi1 avx2 smep bmi2 erms invpcid
bogomips	: 4988.62
clflush size	: 64
cache_alignment	: 64
address sizes	: 39 bits physical, 48 bits virtual
power management:

processor	: 1
vendor_id	: GenuineIntel
cpu family	: 6
model		: 69
model name	: Intel(R) Core(TM) i5-4300U CPU @ 1.90GHz
stepping	: 1
microcode	: 0x1c
cpu MHz		: 2600.000
cache size	: 3072 KB
physical id	: 0
siblings	: 4
core id		: 0
cpu cores	: 2
apicid		: 1
initial apicid	: 1
fpu		: yes
fpu_exception	: yes
cpuid level	: 13
wp		: yes
flags		: fpu vme de pse tsc msr pae mce cx8 apic sep mtrr pge mca cmov pat pse36 clflush dts acpi mmx fxsr sse sse2 ss ht tm pbe syscall nx pdpe1gb rdtscp lm constant_tsc arch_perfmon pebs bts rep_good nopl xtopology nonstop_tsc aperfmperf eagerfpu pni pclmulqdq dtes64 monitor ds_cpl vmx smx est tm2 ssse3 fma cx16 xtpr pdcm pcid sse4_1 sse4_2 x2apic movbe popcnt tsc_deadline_timer aes xsave avx f16c rdrand lahf_lm abm ida arat epb xsaveopt pln pts dtherm tpr_shadow vnmi flexpriority ept vpid fsgsbase tsc_adjust bmi1 avx2 smep bmi2 erms invpcid
bogomips	: 4988.62
clflush size	: 64
cache_alignment	: 64
address sizes	: 39 bits physical, 48 bits virtual
power management:

processor	: 2
vendor_id	: GenuineIntel
cpu family	: 6
model		: 69
model name	: Intel(R) Core(TM) i5-4300U CPU @ 1.90GHz
stepping	: 1
microcode	: 0x1c
cpu MHz		: 2600.000
cache size	: 3072 KB
physical id	: 0
siblings	: 4
core id		: 1
cpu cores	: 2
apicid		: 2
initial apicid	: 2
fpu		: yes
fpu_exception	: yes
cpuid level	: 13
wp		: yes
flags		: fpu vme de pse tsc msr pae mce cx8 apic sep mtrr pge mca cmov pat pse36 clflush dts acpi mmx fxsr sse sse2 ss ht tm pbe syscall nx pdpe1gb rdtscp lm constant_tsc arch_perfmon pebs bts rep_good nopl xtopology nonstop_tsc aperfmperf eagerfpu pni pclmulqdq dtes64 monitor ds_cpl vmx smx est tm2 ssse3 fma cx16 xtpr pdcm pcid sse4_1 sse4_2 x2apic movbe popcnt tsc_deadline_timer aes xsave avx f16c rdrand lahf_lm abm ida arat epb xsaveopt pln pts dtherm tpr_shadow vnmi flexpriority ept vpid fsgsbase tsc_adjust bmi1 avx2 smep bmi2 erms invpcid
bogomips	: 4988.62
clflush size	: 64
cache_alignment	: 64
address sizes	: 39 bits physical, 48 bits virtual
power management:

processor	: 3
vendor_id	: GenuineIntel
cpu family	: 6
model		: 69
model name	: Intel(R) Core(TM) i5-4300U CPU @ 1.90GHz
stepping	: 1
microcode	: 0x1c
cpu MHz		: 2600.000
cache size	: 3072 KB
physical id	: 0
siblings	: 4
core id		: 1
cpu cores	: 2
apicid		: 3
initial apicid	: 3
fpu		: yes
fpu_exception	: yes
cpuid level	: 13
wp		: yes
flags		: fpu vme de pse tsc msr pae mce cx8 apic sep mtrr pge mca cmov pat pse36 clflush dts acpi mmx fxsr sse sse2 ss ht tm pbe syscall nx pdpe1gb rdtscp lm constant_tsc arch_perfmon pebs bts rep_good nopl xtopology nonstop_tsc aperfmperf eagerfpu pni pclmulqdq dtes64 monitor ds_cpl vmx smx est tm2 ssse3 fma cx16 xtpr pdcm pcid sse4_1 sse4_2 x2apic movbe popcnt tsc_deadline_timer aes xsave avx f16c rdrand lahf_lm abm ida arat epb xsaveopt pln pts dtherm tpr_shadow vnmi flexpriority ept vpid fsgsbase tsc_adjust bmi1 avx2 smep bmi2 erms invpcid
bogomips	: 4988.62
clflush size	: 64
cache_alignment	: 64
address sizes	: 39 bits physical, 48 bits virtual
power management:



Memory: 4k page, physical 8070928k(6024624k free), swap 7811068k(7811068k free)

vm_info: OpenJDK 64-Bit Server VM (24.79-b02) for linux-amd64 JRE (1.7.0_79-b14), built on Apr 16 2015 08:25:58 by "buildd" with gcc 4.9.1

time: Tue Jun  9 14:10:39 2015
elapsed time: 0 seconds

