#
# A fatal error has been detected by the Java Runtime Environment:
#
#  SIGSEGV (0xb) at pc=0x00007f83c86e31db, pid=3862, tid=140204649080576
#
# JRE version: OpenJDK Runtime Environment (7.0_79-b14) (build 1.7.0_79-b14)
# Java VM: OpenJDK 64-Bit Server VM (24.79-b02 mixed mode linux-amd64 compressed oops)
# Derivative: IcedTea 2.5.5
# Distribution: Ubuntu 14.10, package 7u79-2.5.5-0ubuntu0.14.10.2
# Problematic frame:
# C  [libtesseract.so+0x25f1db]  ERRCODE::error(char const*, TessErrorLogCode, char const*, ...) const+0x16b
#
# Failed to write core dump. Core dumps have been disabled. To enable core dumping, try "ulimit -c unlimited" before starting Java again
#
# If you would like to submit a bug report, please include
# instructions on how to reproduce the bug and visit:
#   http://icedtea.classpath.org/bugzilla
# The crash happened outside the Java Virtual Machine in native code.
# See problematic frame for where to report the bug.
#

---------------  T H R E A D  ---------------

Current thread (0x00007f83e800a000):  JavaThread "main" [_thread_in_native, id=3867, stack(0x00007f83f03de000,0x00007f83f04df000)]

siginfo:si_signo=SIGSEGV: si_errno=0, si_code=1 (SEGV_MAPERR), si_addr=0x0000000000000000

Registers:
RAX=0x000000000000004e, RBX=0x00007f83f04dbbbd, RCX=0x00007f83efdfb5bd, RDX=0x00007f83f00cf9f0
RSP=0x00007f83f04dbb70, RBP=0x00007f83f04dbb90, RSI=0x000000000000004e, RDI=0x00007f83f04d9340
R8 =0x00007f83f04de700, R9 =0x61646120656c6966, R10=0x00007f83f00cbbe0, R11=0x0000000000000000
R12=0x0000000000000002, R13=0x00007f83c86ee277, R14=0x00007f83c89a37c0, R15=0x00007f83e8554b10
RIP=0x00007f83c86e31db, EFLAGS=0x0000000000010246, CSGSFS=0x0000000000000033, ERR=0x0000000000000004
  TRAPNO=0x000000000000000e

Top of Stack: (sp=0x00007f83f04dbb70)
0x00007f83f04dbb70:   0000000000000000 0000003000000030
0x00007f83f04dbb80:   00007f83f04dc080 00007f83f04dbfa0
0x00007f83f04dbb90:   5464657470616441 736574616c706d65
0x00007f83f04dbba0:   4c4c554e203d2120 413a726f7272453a
0x00007f83f04dbbb0:   6166207472657373 206e693a64656c69
0x00007f83f04dbbc0:   61646120656c6966 2e686374616d7470
0x00007f83f04dbbd0:   6e696c202c707063 00000a3938312065
0x00007f83f04dbbe0:   0000000000000000 0000000000000000
0x00007f83f04dbbf0:   0000000000000000 0000000000000000
0x00007f83f04dbc00:   0000000000000000 0000000000000000
0x00007f83f04dbc10:   0000000000000000 0000000000000000
0x00007f83f04dbc20:   0000000000000000 0000000000000000
0x00007f83f04dbc30:   0000000000000000 0000000000000000
0x00007f83f04dbc40:   0000000000000000 0000000000000000
0x00007f83f04dbc50:   0000000000000000 0000000000000000
0x00007f83f04dbc60:   0000000000000000 0000000000000000
0x00007f83f04dbc70:   0000000000000000 0000000000000000
0x00007f83f04dbc80:   0000000000000000 0000000000000000
0x00007f83f04dbc90:   0000000000000000 0000000000000000
0x00007f83f04dbca0:   0000000000000000 0000000000000000
0x00007f83f04dbcb0:   0000000000000000 0000000000000000
0x00007f83f04dbcc0:   0000000000000000 0000000000000000
0x00007f83f04dbcd0:   0000000000000000 0000000000000000
0x00007f83f04dbce0:   0000000000000000 0000000000000000
0x00007f83f04dbcf0:   0000000000000000 0000000000000000
0x00007f83f04dbd00:   0000000000000000 0000000000000000
0x00007f83f04dbd10:   0000000000000000 0000000000000000
0x00007f83f04dbd20:   0000000000000000 0000000000000000
0x00007f83f04dbd30:   0000000000000000 0000000000000000
0x00007f83f04dbd40:   0000000000000000 0000000000000000
0x00007f83f04dbd50:   0000000000000000 0000000000000000
0x00007f83f04dbd60:   0000000000000000 0000000000000000 

Instructions: (pc=0x00007f83c86e31db)
0x00007f83c86e31bb:   be 01 00 00 00 48 8b 38 31 c0 e8 c6 91 e3 ff 41
0x00007f83c86e31cb:   83 fc ff 7c 18 45 85 e4 7e 2f 41 83 fc 02 7f 0d
0x00007f83c86e31db:   8b 04 25 00 00 00 00 0f 0b 0f 1f 40 00 48 8d 35
0x00007f83c86e31eb:   d1 b0 01 00 48 8d 3d 92 26 50 00 31 c9 ba 02 00 

Register to memory mapping:

RAX=0x000000000000004e is an unknown value
RBX=0x00007f83f04dbbbd is pointing into the stack for thread: 0x00007f83e800a000
RCX=0x00007f83efdfb5bd: __write+0x2d in /lib/x86_64-linux-gnu/libc.so.6 at 0x00007f83efd10000
RDX=0x00007f83f00cf9f0: <offset 0x3bf9f0> in /lib/x86_64-linux-gnu/libc.so.6 at 0x00007f83efd10000
RSP=0x00007f83f04dbb70 is pointing into the stack for thread: 0x00007f83e800a000
RBP=0x00007f83f04dbb90 is pointing into the stack for thread: 0x00007f83e800a000
RSI=0x000000000000004e is an unknown value
RDI=0x00007f83f04d9340 is pointing into the stack for thread: 0x00007f83e800a000
R8 =0x00007f83f04de700 is pointing into the stack for thread: 0x00007f83e800a000
R9 =0x61646120656c6966 is an unknown value
R10=0x00007f83f00cbbe0: <offset 0x3bbbe0> in /lib/x86_64-linux-gnu/libc.so.6 at 0x00007f83efd10000
R11=0x0000000000000000 is an unknown value
R12=0x0000000000000002 is an unknown value
R13=0x00007f83c86ee277: <offset 0x26a277> in /usr/local/lib/libtesseract.so at 0x00007f83c8484000
R14=0x00007f83c89a37c0: <offset 0x51f7c0> in /usr/local/lib/libtesseract.so at 0x00007f83c8484000
R15=0x00007f83e8554b10 is an unknown value


Stack: [0x00007f83f03de000,0x00007f83f04df000],  sp=0x00007f83f04dbb70,  free space=1014k
Native frames: (J=compiled Java code, j=interpreted, Vv=VM code, C=native code)
C  [libtesseract.so+0x25f1db]  ERRCODE::error(char const*, TessErrorLogCode, char const*, ...) const+0x16b

Java frames: (J=compiled Java code, j=interpreted, Vv=VM code)
j  com.sun.jna.Native.invokePointer(JI[Ljava/lang/Object;)J+0
j  com.sun.jna.Function.invokePointer(I[Ljava/lang/Object;)Lcom/sun/jna/Pointer;+6
j  com.sun.jna.Function.invoke([Ljava/lang/Object;Ljava/lang/Class;Z)Ljava/lang/Object;+426
j  com.sun.jna.Function.invoke(Ljava/lang/Class;[Ljava/lang/Object;Ljava/util/Map;)Ljava/lang/Object;+262
j  com.sun.jna.Library$Handler.invoke(Ljava/lang/Object;Ljava/lang/reflect/Method;[Ljava/lang/Object;)Ljava/lang/Object;+316
j  com.sun.proxy.$Proxy0.TessBaseAPIGetUTF8Text(Lnet/sourceforge/tess4j/ITessAPI$TessBaseAPI;)Lcom/sun/jna/Pointer;+16
j  net.sourceforge.tess4j.Tesseract.getOCRText(Ljava/lang/String;I)Ljava/lang/String;+62
j  net.sourceforge.tess4j.Tesseract.doOCR(Ljava/util/List;Ljava/lang/String;Ljava/awt/Rectangle;)Ljava/lang/String;+69
j  net.sourceforge.tess4j.Tesseract.doOCR(Ljava/io/File;Ljava/awt/Rectangle;)Ljava/lang/String;+10
j  net.sourceforge.tess4j.Tesseract.doOCR(Ljava/io/File;)Ljava/lang/String;+3
j  OCREngine.doOCR(Ljava/io/File;)Ljava/lang/String;+5
j  Main.main([Ljava/lang/String;)V+23
v  ~StubRoutines::call_stub

---------------  P R O C E S S  ---------------

Java Threads: ( => current thread )
  0x00007f83e81d5000 JavaThread "Java2D Disposer" daemon [_thread_blocked, id=3880, stack(0x00007f83c8d4e000,0x00007f83c8e4f000)]
  0x00007f83e80b1800 JavaThread "Service Thread" daemon [_thread_blocked, id=3878, stack(0x00007f83d6f14000,0x00007f83d7015000)]
  0x00007f83e80af000 JavaThread "C2 CompilerThread1" daemon [_thread_blocked, id=3877, stack(0x00007f83d7015000,0x00007f83d7116000)]
  0x00007f83e80ac000 JavaThread "C2 CompilerThread0" daemon [_thread_blocked, id=3876, stack(0x00007f83d7116000,0x00007f83d7217000)]
  0x00007f83e80a9800 JavaThread "Signal Dispatcher" daemon [_thread_blocked, id=3875, stack(0x00007f83d7217000,0x00007f83d7318000)]
  0x00007f83e807c800 JavaThread "Finalizer" daemon [_thread_blocked, id=3874, stack(0x00007f83d79fa000,0x00007f83d7afb000)]
  0x00007f83e807a000 JavaThread "Reference Handler" daemon [_thread_blocked, id=3873, stack(0x00007f83d7afb000,0x00007f83d7bfc000)]
=>0x00007f83e800a000 JavaThread "main" [_thread_in_native, id=3867, stack(0x00007f83f03de000,0x00007f83f04df000)]

Other Threads:
  0x00007f83e8075800 VMThread [stack: 0x00007f83d7bfc000,0x00007f83d7cfd000] [id=3872]
  0x00007f83e80bc000 WatcherThread [stack: 0x00007f83d6e13000,0x00007f83d6f14000] [id=3879]

VM state:not at safepoint (normal execution)

VM Mutex/Monitor currently owned by a thread: None

Heap
 PSYoungGen      total 37376K, used 13560K [0x00000007d6e80000, 0x00000007d9800000, 0x0000000800000000)
  eden space 32256K, 42% used [0x00000007d6e80000,0x00000007d7bbe018,0x00000007d8e00000)
  from space 5120K, 0% used [0x00000007d9300000,0x00000007d9300000,0x00000007d9800000)
  to   space 5120K, 0% used [0x00000007d8e00000,0x00000007d8e00000,0x00000007d9300000)
 ParOldGen       total 83968K, used 0K [0x0000000784c00000, 0x0000000789e00000, 0x00000007d6e80000)
  object space 83968K, 0% used [0x0000000784c00000,0x0000000784c00000,0x0000000789e00000)
 PSPermGen       total 21504K, used 7742K [0x000000077a600000, 0x000000077bb00000, 0x0000000784c00000)
  object space 21504K, 36% used [0x000000077a600000,0x000000077ad8fa38,0x000000077bb00000)

Card table byte_map: [0x00007f83ecbae000,0x00007f83ecfdc000] byte_map_base: 0x00007f83e8fdb000

Polling page: 0x00007f83f0501000

Code Cache  [0x00007f83e5000000, 0x00007f83e5270000, 0x00007f83e8000000)
 total_blobs=312 nmethods=37 adapters=228 free_code_cache=48633Kb largest_free_block=49776064

Compilation events (10 events):
Event: 0.563 Thread 0x00007f83e80ac000 nmethod 32% 0x00007f83e5080f90 code [0x00007f83e5081140, 0x00007f83e5081a18]
Event: 0.571 Thread 0x00007f83e80ac000   34             java.lang.AbstractStringBuilder::append (48 bytes)
Event: 0.577 Thread 0x00007f83e80ac000 nmethod 34 0x00007f83e507a410 code [0x00007f83e507a580, 0x00007f83e507a958]
Event: 0.577 Thread 0x00007f83e80ac000   35             java.lang.String::getChars (62 bytes)
Event: 0.578 Thread 0x00007f83e80ac000 nmethod 35 0x00007f83e507de50 code [0x00007f83e507dfa0, 0x00007f83e507e0d8]
Event: 0.592 Thread 0x00007f83e80ac000   36             java.lang.StringBuilder::append (8 bytes)
Event: 0.594 Thread 0x00007f83e80af000 nmethod 33 0x00007f83e50854d0 code [0x00007f83e50856a0, 0x00007f83e5087078]
Event: 0.594 Thread 0x00007f83e80af000   37             java.util.Arrays::copyOfRange (63 bytes)
Event: 0.597 Thread 0x00007f83e80af000 nmethod 37 0x00007f83e5079f50 code [0x00007f83e507a0a0, 0x00007f83e507a2b8]
Event: 0.597 Thread 0x00007f83e80ac000 nmethod 36 0x00007f83e50830d0 code [0x00007f83e5083240, 0x00007f83e5083618]

GC Heap History (0 events):
No events

Deoptimization events (5 events):
Event: 0.434 Thread 0x00007f83e800a000 Uncommon trap: reason=bimorphic action=maybe_recompile pc=0x00007f83e50790c4 method=java.util.HashMap.getEntry(Ljava/lang/Object;)Ljava/util/HashMap$Entry; @ 68
Event: 0.435 Thread 0x00007f83e800a000 Uncommon trap: reason=bimorphic action=maybe_recompile pc=0x00007f83e50790c4 method=java.util.HashMap.getEntry(Ljava/lang/Object;)Ljava/util/HashMap$Entry; @ 68
Event: 0.436 Thread 0x00007f83e800a000 Uncommon trap: reason=bimorphic action=maybe_recompile pc=0x00007f83e50790c4 method=java.util.HashMap.getEntry(Ljava/lang/Object;)Ljava/util/HashMap$Entry; @ 68
Event: 0.436 Thread 0x00007f83e800a000 Uncommon trap: reason=bimorphic action=maybe_recompile pc=0x00007f83e50790c4 method=java.util.HashMap.getEntry(Ljava/lang/Object;)Ljava/util/HashMap$Entry; @ 68
Event: 0.437 Thread 0x00007f83e800a000 Uncommon trap: reason=bimorphic action=maybe_recompile pc=0x00007f83e50776a4 method=java.util.HashMap.getEntry(Ljava/lang/Object;)Ljava/util/HashMap$Entry; @ 68

Internal exceptions (10 events):
Event: 0.595 Thread 0x00007f83e800a000 Threw 0x00000007d7b183f0 at /build/buildd/openjdk-7-7u79-2.5.5/build/openjdk/hotspot/src/share/vm/prims/jvm.cpp:1284
Event: 0.595 Thread 0x00007f83e800a000 Threw 0x00000007d7b1df60 at /build/buildd/openjdk-7-7u79-2.5.5/build/openjdk/hotspot/src/share/vm/prims/jvm.cpp:1284
Event: 0.596 Thread 0x00007f83e800a000 Threw 0x00000007d7b23310 at /build/buildd/openjdk-7-7u79-2.5.5/build/openjdk/hotspot/src/share/vm/prims/jvm.cpp:1284
Event: 0.597 Thread 0x00007f83e800a000 Threw 0x00000007d7b299c0 at /build/buildd/openjdk-7-7u79-2.5.5/build/openjdk/hotspot/src/share/vm/prims/jvm.cpp:1284
Event: 0.597 Thread 0x00007f83e800a000 Threw 0x00000007d7b2ef68 at /build/buildd/openjdk-7-7u79-2.5.5/build/openjdk/hotspot/src/share/vm/prims/jvm.cpp:1284
Event: 0.598 Thread 0x00007f83e800a000 Threw 0x00000007d7b34500 at /build/buildd/openjdk-7-7u79-2.5.5/build/openjdk/hotspot/src/share/vm/prims/jvm.cpp:1284
Event: 0.598 Thread 0x00007f83e800a000 Threw 0x00000007d7b39918 at /build/buildd/openjdk-7-7u79-2.5.5/build/openjdk/hotspot/src/share/vm/prims/jvm.cpp:1284
Event: 0.598 Thread 0x00007f83e800a000 Threw 0x00000007d7b3edb0 at /build/buildd/openjdk-7-7u79-2.5.5/build/openjdk/hotspot/src/share/vm/prims/jvm.cpp:1284
Event: 0.599 Thread 0x00007f83e800a000 Threw 0x00000007d7b44210 at /build/buildd/openjdk-7-7u79-2.5.5/build/openjdk/hotspot/src/share/vm/prims/jvm.cpp:1284
Event: 0.604 Thread 0x00007f83e800a000 Threw 0x00000007d7b9f8c8 at /build/buildd/openjdk-7-7u79-2.5.5/build/openjdk/hotspot/src/share/vm/prims/jvm.cpp:1284

Events (10 events):
Event: 0.601 loading class 0x00007f83e81959e0
Event: 0.601 loading class 0x00007f83e81959e0 done
Event: 0.601 loading class 0x00007f83e8187890
Event: 0.601 loading class 0x00007f83e8187890 done
Event: 0.601 loading class 0x00007f83ac04a020
Event: 0.601 loading class 0x00007f83ac04a020 done
Event: 0.604 loading class 0x00007f83e8011700
Event: 0.604 loading class 0x00007f83e8011700 done
Event: 0.604 loading class 0x00007f83e8200c10
Event: 0.604 loading class 0x00007f83e8200c10 done


Dynamic libraries:
00400000-00401000 r-xp 00000000 08:05 298468                             /usr/lib/jvm/java-7-openjdk-amd64/jre/bin/java
00600000-00601000 r--p 00000000 08:05 298468                             /usr/lib/jvm/java-7-openjdk-amd64/jre/bin/java
00601000-00602000 rw-p 00001000 08:05 298468                             /usr/lib/jvm/java-7-openjdk-amd64/jre/bin/java
0164c000-0166d000 rw-p 00000000 00:00 0                                  [heap]
77a600000-77bb00000 rw-p 00000000 00:00 0 
77bb00000-784c00000 rw-p 00000000 00:00 0 
784c00000-789e00000 rw-p 00000000 00:00 0 
789e00000-7d6e80000 rw-p 00000000 00:00 0 
7d6e80000-7d9800000 rw-p 00000000 00:00 0 
7d9800000-800000000 rw-p 00000000 00:00 0 
7f83a0000000-7f83a0021000 rw-p 00000000 00:00 0 
7f83a0021000-7f83a4000000 ---p 00000000 00:00 0 
7f83a70d1000-7f83a70e8000 r-xp 00000000 08:05 298523                     /usr/lib/jvm/java-7-openjdk-amd64/jre/lib/amd64/libnet.so
7f83a70e8000-7f83a72e7000 ---p 00017000 08:05 298523                     /usr/lib/jvm/java-7-openjdk-amd64/jre/lib/amd64/libnet.so
7f83a72e7000-7f83a72e8000 r--p 00016000 08:05 298523                     /usr/lib/jvm/java-7-openjdk-amd64/jre/lib/amd64/libnet.so
7f83a72e8000-7f83a72e9000 rw-p 00017000 08:05 298523                     /usr/lib/jvm/java-7-openjdk-amd64/jre/lib/amd64/libnet.so
7f83a72e9000-7f83a72fa000 r-xp 00000000 08:05 298494                     /usr/lib/jvm/java-7-openjdk-amd64/jre/lib/amd64/libnio.so
7f83a72fa000-7f83a74f9000 ---p 00011000 08:05 298494                     /usr/lib/jvm/java-7-openjdk-amd64/jre/lib/amd64/libnio.so
7f83a74f9000-7f83a74fa000 r--p 00010000 08:05 298494                     /usr/lib/jvm/java-7-openjdk-amd64/jre/lib/amd64/libnio.so
7f83a74fa000-7f83a74fb000 rw-p 00011000 08:05 298494                     /usr/lib/jvm/java-7-openjdk-amd64/jre/lib/amd64/libnio.so
7f83a74fb000-7f83a7506000 r-xp 00000000 08:05 275200                     /usr/lib/x86_64-linux-gnu/libjbig.so.0
7f83a7506000-7f83a7705000 ---p 0000b000 08:05 275200                     /usr/lib/x86_64-linux-gnu/libjbig.so.0
7f83a7705000-7f83a7706000 r--p 0000a000 08:05 275200                     /usr/lib/x86_64-linux-gnu/libjbig.so.0
7f83a7706000-7f83a7709000 rw-p 0000b000 08:05 275200                     /usr/lib/x86_64-linux-gnu/libjbig.so.0
7f83a7709000-7f83a772a000 r-xp 00000000 08:05 5508                       /lib/x86_64-linux-gnu/liblzma.so.5.0.0
7f83a772a000-7f83a7929000 ---p 00021000 08:05 5508                       /lib/x86_64-linux-gnu/liblzma.so.5.0.0
7f83a7929000-7f83a792a000 r--p 00020000 08:05 5508                       /lib/x86_64-linux-gnu/liblzma.so.5.0.0
7f83a792a000-7f83a792b000 rw-p 00021000 08:05 5508                       /lib/x86_64-linux-gnu/liblzma.so.5.0.0
7f83a792b000-7f83a7981000 r-xp 00000000 08:05 275649                     /usr/lib/x86_64-linux-gnu/libwebp.so.5.0.1
7f83a7981000-7f83a7b80000 ---p 00056000 08:05 275649                     /usr/lib/x86_64-linux-gnu/libwebp.so.5.0.1
7f83a7b80000-7f83a7b81000 r--p 00055000 08:05 275649                     /usr/lib/x86_64-linux-gnu/libwebp.so.5.0.1
7f83a7b81000-7f83a7b83000 rw-p 00056000 08:05 275649                     /usr/lib/x86_64-linux-gnu/libwebp.so.5.0.1
7f83a7b83000-7f83a7bf3000 r-xp 00000000 08:05 282436                     /usr/lib/x86_64-linux-gnu/libtiff.so.5.2.0
7f83a7bf3000-7f83a7df2000 ---p 00070000 08:05 282436                     /usr/lib/x86_64-linux-gnu/libtiff.so.5.2.0
7f83a7df2000-7f83a7df4000 r--p 0006f000 08:05 282436                     /usr/lib/x86_64-linux-gnu/libtiff.so.5.2.0
7f83a7df4000-7f83a7df7000 rw-p 00071000 08:05 282436                     /usr/lib/x86_64-linux-gnu/libtiff.so.5.2.0
7f83a7df7000-7f83a7dff000 r-xp 00000000 08:05 298656                     /usr/lib/x86_64-linux-gnu/libgif.so.4.1.6
7f83a7dff000-7f83a7ffe000 ---p 00008000 08:05 298656                     /usr/lib/x86_64-linux-gnu/libgif.so.4.1.6
7f83a7ffe000-7f83a7fff000 r--p 00007000 08:05 298656                     /usr/lib/x86_64-linux-gnu/libgif.so.4.1.6
7f83a7fff000-7f83a8000000 rw-p 00008000 08:05 298656                     /usr/lib/x86_64-linux-gnu/libgif.so.4.1.6
7f83a8000000-7f83a8021000 rw-p 00000000 00:00 0 
7f83a8021000-7f83ac000000 ---p 00000000 00:00 0 
7f83ac000000-7f83ac331000 rw-p 00000000 00:00 0 
7f83ac331000-7f83b0000000 ---p 00000000 00:00 0 
7f83b0000000-7f83b0021000 rw-p 00000000 00:00 0 
7f83b0021000-7f83b4000000 ---p 00000000 00:00 0 
7f83b4000000-7f83b4021000 rw-p 00000000 00:00 0 
7f83b4021000-7f83b8000000 ---p 00000000 00:00 0 
7f83b8000000-7f83b8267000 rw-p 00000000 00:00 0 
7f83b8267000-7f83bc000000 ---p 00000000 00:00 0 
7f83bc000000-7f83bc021000 rw-p 00000000 00:00 0 
7f83bc021000-7f83c0000000 ---p 00000000 00:00 0 
7f83c0000000-7f83c0021000 rw-p 00000000 00:00 0 
7f83c0021000-7f83c4000000 ---p 00000000 00:00 0 
7f83c4000000-7f83c4021000 rw-p 00000000 00:00 0 
7f83c4021000-7f83c8000000 ---p 00000000 00:00 0 
7f83c8078000-7f83c827d000 r-xp 00000000 08:05 310004                     /usr/lib/liblept.so.4.0.2
7f83c827d000-7f83c847d000 ---p 00205000 08:05 310004                     /usr/lib/liblept.so.4.0.2
7f83c847d000-7f83c847e000 r--p 00205000 08:05 310004                     /usr/lib/liblept.so.4.0.2
7f83c847e000-7f83c8484000 rw-p 00206000 08:05 310004                     /usr/lib/liblept.so.4.0.2
7f83c8484000-7f83c8793000 r-xp 00000000 08:05 310073                     /usr/local/lib/libtesseract.so.3.0.4
7f83c8793000-7f83c8992000 ---p 0030f000 08:05 310073                     /usr/local/lib/libtesseract.so.3.0.4
7f83c8992000-7f83c8998000 r--p 0030e000 08:05 310073                     /usr/local/lib/libtesseract.so.3.0.4
7f83c8998000-7f83c89a0000 rw-p 00314000 08:05 310073                     /usr/local/lib/libtesseract.so.3.0.4
7f83c89a0000-7f83c8c36000 rw-p 00000000 00:00 0 
7f83c8c36000-7f83c8c4d000 r-xp 00000000 08:05 35044                      /tmp/jna-105408/jna5274595533894692934.tmp (deleted)
7f83c8c4d000-7f83c8d4c000 ---p 00017000 08:05 35044                      /tmp/jna-105408/jna5274595533894692934.tmp (deleted)
7f83c8d4c000-7f83c8d4e000 rw-p 00016000 08:05 35044                      /tmp/jna-105408/jna5274595533894692934.tmp (deleted)
7f83c8d4e000-7f83c8d51000 ---p 00000000 00:00 0 
7f83c8d51000-7f83c8e4f000 rw-p 00000000 00:00 0                          [stack:3880]
7f83c8e4f000-7f83c8e92000 r-xp 00000000 08:05 275202                     /usr/lib/x86_64-linux-gnu/libjpeg.so.8.0.2
7f83c8e92000-7f83c9092000 ---p 00043000 08:05 275202                     /usr/lib/x86_64-linux-gnu/libjpeg.so.8.0.2
7f83c9092000-7f83c9093000 r--p 00043000 08:05 275202                     /usr/lib/x86_64-linux-gnu/libjpeg.so.8.0.2
7f83c9093000-7f83c9094000 rw-p 00044000 08:05 275202                     /usr/lib/x86_64-linux-gnu/libjpeg.so.8.0.2
7f83c9094000-7f83c90a4000 rw-p 00000000 00:00 0 
7f83c90a4000-7f83c90ae000 r-xp 00000000 08:05 298497                     /usr/lib/jvm/java-7-openjdk-amd64/jre/lib/amd64/libjavajpeg.so
7f83c90ae000-7f83c92ad000 ---p 0000a000 08:05 298497                     /usr/lib/jvm/java-7-openjdk-amd64/jre/lib/amd64/libjavajpeg.so
7f83c92ad000-7f83c92ae000 r--p 00009000 08:05 298497                     /usr/lib/jvm/java-7-openjdk-amd64/jre/lib/amd64/libjavajpeg.so
7f83c92ae000-7f83c92af000 rw-p 0000a000 08:05 298497                     /usr/lib/jvm/java-7-openjdk-amd64/jre/lib/amd64/libjavajpeg.so
7f83c92af000-7f83c92b2000 r-xp 00000000 08:05 5504                       /lib/x86_64-linux-gnu/libkeyutils.so.1.5
7f83c92b2000-7f83c94b1000 ---p 00003000 08:05 5504                       /lib/x86_64-linux-gnu/libkeyutils.so.1.5
7f83c94b1000-7f83c94b2000 r--p 00002000 08:05 5504                       /lib/x86_64-linux-gnu/libkeyutils.so.1.5
7f83c94b2000-7f83c94b3000 rw-p 00003000 08:05 5504                       /lib/x86_64-linux-gnu/libkeyutils.so.1.5
7f83c94b3000-7f83c951f000 r-xp 00000000 08:05 5568                       /lib/x86_64-linux-gnu/libpcre.so.3.13.1
7f83c951f000-7f83c971e000 ---p 0006c000 08:05 5568                       /lib/x86_64-linux-gnu/libpcre.so.3.13.1
7f83c971e000-7f83c971f000 r--p 0006b000 08:05 5568                       /lib/x86_64-linux-gnu/libpcre.so.3.13.1
7f83c971f000-7f83c9720000 rw-p 0006c000 08:05 5568                       /lib/x86_64-linux-gnu/libpcre.so.3.13.1
7f83c9720000-7f83c9745000 r-xp 00000000 08:05 5580                       /lib/x86_64-linux-gnu/libpng12.so.0.51.0
7f83c9745000-7f83c9944000 ---p 00025000 08:05 5580                       /lib/x86_64-linux-gnu/libpng12.so.0.51.0
7f83c9944000-7f83c9945000 r--p 00024000 08:05 5580                       /lib/x86_64-linux-gnu/libpng12.so.0.51.0
7f83c9945000-7f83c9946000 rw-p 00025000 08:05 5580                       /lib/x86_64-linux-gnu/libpng12.so.0.51.0
7f83c9946000-7f83c998c000 r-xp 00000000 08:05 20376                      /lib/x86_64-linux-gnu/libdbus-1.so.3.8.7
7f83c998c000-7f83c9b8b000 ---p 00046000 08:05 20376                      /lib/x86_64-linux-gnu/libdbus-1.so.3.8.7
7f83c9b8b000-7f83c9b8d000 r--p 00045000 08:05 20376                      /lib/x86_64-linux-gnu/libdbus-1.so.3.8.7
7f83c9b8d000-7f83c9b8e000 rw-p 00047000 08:05 20376                      /lib/x86_64-linux-gnu/libdbus-1.so.3.8.7
7f83c9b8e000-7f83c9c0c000 r-xp 00000000 08:05 274990                     /usr/lib/x86_64-linux-gnu/libgmp.so.10.2.0
7f83c9c0c000-7f83c9e0c000 ---p 0007e000 08:05 274990                     /usr/lib/x86_64-linux-gnu/libgmp.so.10.2.0
7f83c9e0c000-7f83c9e0d000 r--p 0007e000 08:05 274990                     /usr/lib/x86_64-linux-gnu/libgmp.so.10.2.0
7f83c9e0d000-7f83c9e0e000 rw-p 0007f000 08:05 274990                     /usr/lib/x86_64-linux-gnu/libgmp.so.10.2.0
7f83c9e0e000-7f83c9e3a000 r-xp 00000000 08:05 275147                     /usr/lib/x86_64-linux-gnu/libhogweed.so.2.5
7f83c9e3a000-7f83ca03a000 ---p 0002c000 08:05 275147                     /usr/lib/x86_64-linux-gnu/libhogweed.so.2.5
7f83ca03a000-7f83ca03b000 r--p 0002c000 08:05 275147                     /usr/lib/x86_64-linux-gnu/libhogweed.so.2.5
7f83ca03b000-7f83ca03c000 rw-p 0002d000 08:05 275147                     /usr/lib/x86_64-linux-gnu/libhogweed.so.2.5
7f83ca03c000-7f83ca06b000 r-xp 00000000 08:05 275284                     /usr/lib/x86_64-linux-gnu/libnettle.so.4.7
7f83ca06b000-7f83ca26b000 ---p 0002f000 08:05 275284                     /usr/lib/x86_64-linux-gnu/libnettle.so.4.7
7f83ca26b000-7f83ca26c000 r--p 0002f000 08:05 275284                     /usr/lib/x86_64-linux-gnu/libnettle.so.4.7
7f83ca26c000-7f83ca26d000 rw-p 00030000 08:05 275284                     /usr/lib/x86_64-linux-gnu/libnettle.so.4.7
7f83ca26d000-7f83ca27e000 r-xp 00000000 08:05 268069                     /usr/lib/x86_64-linux-gnu/libtasn1.so.6.3.0
7f83ca27e000-7f83ca47e000 ---p 00011000 08:05 268069                     /usr/lib/x86_64-linux-gnu/libtasn1.so.6.3.0
7f83ca47e000-7f83ca47f000 r--p 00011000 08:05 268069                     /usr/lib/x86_64-linux-gnu/libtasn1.so.6.3.0
7f83ca47f000-7f83ca480000 rw-p 00012000 08:05 268069                     /usr/lib/x86_64-linux-gnu/libtasn1.so.6.3.0
7f83ca480000-7f83ca4bb000 r-xp 00000000 08:05 275334                     /usr/lib/x86_64-linux-gnu/libp11-kit.so.0.0.0
7f83ca4bb000-7f83ca6ba000 ---p 0003b000 08:05 275334                     /usr/lib/x86_64-linux-gnu/libp11-kit.so.0.0.0
7f83ca6ba000-7f83ca6c0000 r--p 0003a000 08:05 275334                     /usr/lib/x86_64-linux-gnu/libp11-kit.so.0.0.0
7f83ca6c0000-7f83ca6c2000 rw-p 00040000 08:05 275334                     /usr/lib/x86_64-linux-gnu/libp11-kit.so.0.0.0
7f83ca6c2000-7f83ca6cc000 r-xp 00000000 08:05 274434                     /usr/lib/x86_64-linux-gnu/libkrb5support.so.0.1
7f83ca6cc000-7f83ca8cb000 ---p 0000a000 08:05 274434                     /usr/lib/x86_64-linux-gnu/libkrb5support.so.0.1
7f83ca8cb000-7f83ca8cc000 r--p 00009000 08:05 274434                     /usr/lib/x86_64-linux-gnu/libkrb5support.so.0.1
7f83ca8cc000-7f83ca8cd000 rw-p 0000a000 08:05 274434                     /usr/lib/x86_64-linux-gnu/libkrb5support.so.0.1
7f83ca8cd000-7f83ca8d0000 r-xp 00000000 08:05 19397                      /lib/x86_64-linux-gnu/libcom_err.so.2.1
7f83ca8d0000-7f83caacf000 ---p 00003000 08:05 19397                      /lib/x86_64-linux-gnu/libcom_err.so.2.1
7f83caacf000-7f83caad0000 r--p 00002000 08:05 19397                      /lib/x86_64-linux-gnu/libcom_err.so.2.1
7f83caad0000-7f83caad1000 rw-p 00003000 08:05 19397                      /lib/x86_64-linux-gnu/libcom_err.so.2.1
7f83caad1000-7f83caafe000 r-xp 00000000 08:05 274437                     /usr/lib/x86_64-linux-gnu/libk5crypto.so.3.1
7f83caafe000-7f83cacfd000 ---p 0002d000 08:05 274437                     /usr/lib/x86_64-linux-gnu/libk5crypto.so.3.1
7f83cacfd000-7f83cacff000 r--p 0002c000 08:05 274437                     /usr/lib/x86_64-linux-gnu/libk5crypto.so.3.1
7f83cacff000-7f83cad00000 rw-p 0002e000 08:05 274437                     /usr/lib/x86_64-linux-gnu/libk5crypto.so.3.1
7f83cad00000-7f83cad01000 rw-p 00000000 00:00 0 
7f83cad01000-7f83cadc1000 r-xp 00000000 08:05 274432                     /usr/lib/x86_64-linux-gnu/libkrb5.so.3.3
7f83cadc1000-7f83cafc1000 ---p 000c0000 08:05 274432                     /usr/lib/x86_64-linux-gnu/libkrb5.so.3.3
7f83cafc1000-7f83cafce000 r--p 000c0000 08:05 274432                     /usr/lib/x86_64-linux-gnu/libkrb5.so.3.3
7f83cafce000-7f83cafd0000 rw-p 000cd000 08:05 274432                     /usr/lib/x86_64-linux-gnu/libkrb5.so.3.3
7f83cafd0000-7f83cafd5000 r-xp 00000000 08:05 274588                     /usr/lib/x86_64-linux-gnu/libXdmcp.so.6.0.0
7f83cafd5000-7f83cb1d4000 ---p 00005000 08:05 274588                     /usr/lib/x86_64-linux-gnu/libXdmcp.so.6.0.0
7f83cb1d4000-7f83cb1d5000 r--p 00004000 08:05 274588                     /usr/lib/x86_64-linux-gnu/libXdmcp.so.6.0.0
7f83cb1d5000-7f83cb1d6000 rw-p 00005000 08:05 274588                     /usr/lib/x86_64-linux-gnu/libXdmcp.so.6.0.0
7f83cb1d6000-7f83cb1d8000 r-xp 00000000 08:05 274577                     /usr/lib/x86_64-linux-gnu/libXau.so.6.0.0
7f83cb1d8000-7f83cb3d8000 ---p 00002000 08:05 274577                     /usr/lib/x86_64-linux-gnu/libXau.so.6.0.0
7f83cb3d8000-7f83cb3d9000 r--p 00002000 08:05 274577                     /usr/lib/x86_64-linux-gnu/libXau.so.6.0.0
7f83cb3d9000-7f83cb3da000 rw-p 00003000 08:05 274577                     /usr/lib/x86_64-linux-gnu/libXau.so.6.0.0
7f83cb3da000-7f83cb3e1000 r-xp 00000000 08:05 274877                     /usr/lib/x86_64-linux-gnu/libffi.so.6.0.2
7f83cb3e1000-7f83cb5e0000 ---p 00007000 08:05 274877                     /usr/lib/x86_64-linux-gnu/libffi.so.6.0.2
7f83cb5e0000-7f83cb5e1000 r--p 00006000 08:05 274877                     /usr/lib/x86_64-linux-gnu/libffi.so.6.0.2
7f83cb5e1000-7f83cb5e2000 rw-p 00007000 08:05 274877                     /usr/lib/x86_64-linux-gnu/libffi.so.6.0.2
7f83cb5e2000-7f83cb5f9000 r-xp 00000000 08:05 19311                      /lib/x86_64-linux-gnu/libresolv-2.19.so
7f83cb5f9000-7f83cb7f9000 ---p 00017000 08:05 19311                      /lib/x86_64-linux-gnu/libresolv-2.19.so
7f83cb7f9000-7f83cb7fa000 r--p 00017000 08:05 19311                      /lib/x86_64-linux-gnu/libresolv-2.19.so
7f83cb7fa000-7f83cb7fb000 rw-p 00018000 08:05 19311                      /lib/x86_64-linux-gnu/libresolv-2.19.so
7f83cb7fb000-7f83cb7fd000 rw-p 00000000 00:00 0 
7f83cb7fd000-7f83cb81e000 r-xp 00000000 08:05 5595                       /lib/x86_64-linux-gnu/libselinux.so.1
7f83cb81e000-7f83cba1d000 ---p 00021000 08:05 5595                       /lib/x86_64-linux-gnu/libselinux.so.1
7f83cba1d000-7f83cba1e000 r--p 00020000 08:05 5595                       /lib/x86_64-linux-gnu/libselinux.so.1
7f83cba1e000-7f83cba1f000 rw-p 00021000 08:05 5595                       /lib/x86_64-linux-gnu/libselinux.so.1
7f83cba1f000-7f83cba21000 rw-p 00000000 00:00 0 
7f83cba21000-7f83cbb2d000 r-xp 00000000 08:05 5294                       /lib/x86_64-linux-gnu/libglib-2.0.so.0.4200.1
7f83cbb2d000-7f83cbd2d000 ---p 0010c000 08:05 5294                       /lib/x86_64-linux-gnu/libglib-2.0.so.0.4200.1
7f83cbd2d000-7f83cbd2e000 r--p 0010c000 08:05 5294                       /lib/x86_64-linux-gnu/libglib-2.0.so.0.4200.1
7f83cbd2e000-7f83cbd2f000 rw-p 0010d000 08:05 5294                       /lib/x86_64-linux-gnu/libglib-2.0.so.0.4200.1
7f83cbd2f000-7f83d0000000 rw-p 00000000 00:00 0 
7f83d0000000-7f83d0021000 rw-p 00000000 00:00 0 
7f83d0021000-7f83d4000000 ---p 00000000 00:00 0 
7f83d40ab000-7f83d40ae000 r-xp 00000000 08:05 268184                     /usr/lib/x86_64-linux-gnu/libgmodule-2.0.so.0.4200.1
7f83d40ae000-7f83d42ad000 ---p 00003000 08:05 268184                     /usr/lib/x86_64-linux-gnu/libgmodule-2.0.so.0.4200.1
7f83d42ad000-7f83d42ae000 r--p 00002000 08:05 268184                     /usr/lib/x86_64-linux-gnu/libgmodule-2.0.so.0.4200.1
7f83d42ae000-7f83d42af000 rw-p 00003000 08:05 268184                     /usr/lib/x86_64-linux-gnu/libgmodule-2.0.so.0.4200.1
7f83d42af000-7f83d42d5000 r-xp 00000000 08:05 5481                       /lib/x86_64-linux-gnu/libexpat.so.1.6.0
7f83d42d5000-7f83d44d4000 ---p 00026000 08:05 5481                       /lib/x86_64-linux-gnu/libexpat.so.1.6.0
7f83d44d4000-7f83d44d7000 r--p 00025000 08:05 5481                       /lib/x86_64-linux-gnu/libexpat.so.1.6.0
7f83d44d7000-7f83d44d8000 rw-p 00028000 08:05 5481                       /lib/x86_64-linux-gnu/libexpat.so.1.6.0
7f83d44d8000-7f83d457a000 r-xp 00000000 08:05 267920                     /usr/lib/x86_64-linux-gnu/libfreetype.so.6.11.1
7f83d457a000-7f83d4779000 ---p 000a2000 08:05 267920                     /usr/lib/x86_64-linux-gnu/libfreetype.so.6.11.1
7f83d4779000-7f83d477f000 r--p 000a1000 08:05 267920                     /usr/lib/x86_64-linux-gnu/libfreetype.so.6.11.1
7f83d477f000-7f83d4780000 rw-p 000a7000 08:05 267920                     /usr/lib/x86_64-linux-gnu/libfreetype.so.6.11.1
7f83d4780000-7f83d4790000 r-xp 00000000 08:05 274681                     /usr/lib/x86_64-linux-gnu/libavahi-client.so.3.2.9
7f83d4790000-7f83d498f000 ---p 00010000 08:05 274681                     /usr/lib/x86_64-linux-gnu/libavahi-client.so.3.2.9
7f83d498f000-7f83d4990000 r--p 0000f000 08:05 274681                     /usr/lib/x86_64-linux-gnu/libavahi-client.so.3.2.9
7f83d4990000-7f83d4991000 rw-p 00010000 08:05 274681                     /usr/lib/x86_64-linux-gnu/libavahi-client.so.3.2.9
7f83d4991000-7f83d499c000 r-xp 00000000 08:05 274683                     /usr/lib/x86_64-linux-gnu/libavahi-common.so.3.5.3
7f83d499c000-7f83d4b9b000 ---p 0000b000 08:05 274683                     /usr/lib/x86_64-linux-gnu/libavahi-common.so.3.5.3
7f83d4b9b000-7f83d4b9c000 r--p 0000a000 08:05 274683                     /usr/lib/x86_64-linux-gnu/libavahi-common.so.3.5.3
7f83d4b9c000-7f83d4b9d000 rw-p 0000b000 08:05 274683                     /usr/lib/x86_64-linux-gnu/libavahi-common.so.3.5.3
7f83d4b9d000-7f83d4c9c000 r-xp 00000000 08:05 268077                     /usr/lib/x86_64-linux-gnu/libgnutls-deb0.so.28.30.7
7f83d4c9c000-7f83d4e9b000 ---p 000ff000 08:05 268077                     /usr/lib/x86_64-linux-gnu/libgnutls-deb0.so.28.30.7
7f83d4e9b000-7f83d4ea4000 r--p 000fe000 08:05 268077                     /usr/lib/x86_64-linux-gnu/libgnutls-deb0.so.28.30.7
7f83d4ea4000-7f83d4ea6000 rw-p 00107000 08:05 268077                     /usr/lib/x86_64-linux-gnu/libgnutls-deb0.so.28.30.7
7f83d4ea6000-7f83d4eeb000 r-xp 00000000 08:05 274243                     /usr/lib/x86_64-linux-gnu/libgssapi_krb5.so.2.2
7f83d4eeb000-7f83d50ea000 ---p 00045000 08:05 274243                     /usr/lib/x86_64-linux-gnu/libgssapi_krb5.so.2.2
7f83d50ea000-7f83d50ec000 r--p 00044000 08:05 274243                     /usr/lib/x86_64-linux-gnu/libgssapi_krb5.so.2.2
7f83d50ec000-7f83d50ed000 rw-p 00046000 08:05 274243                     /usr/lib/x86_64-linux-gnu/libgssapi_krb5.so.2.2
7f83d50ed000-7f83d50ee000 rw-p 00000000 00:00 0 
7f83d50ee000-7f83d510b000 r-xp 00000000 08:05 275697                     /usr/lib/x86_64-linux-gnu/libxcb.so.1.1.0
7f83d510b000-7f83d530b000 ---p 0001d000 08:05 275697                     /usr/lib/x86_64-linux-gnu/libxcb.so.1.1.0
7f83d530b000-7f83d530c000 r--p 0001d000 08:05 275697                     /usr/lib/x86_64-linux-gnu/libxcb.so.1.1.0
7f83d530c000-7f83d530d000 rw-p 0001e000 08:05 275697                     /usr/lib/x86_64-linux-gnu/libxcb.so.1.1.0
7f83d530d000-7f83d535d000 r-xp 00000000 08:05 268182                     /usr/lib/x86_64-linux-gnu/libgobject-2.0.so.0.4200.1
7f83d535d000-7f83d555d000 ---p 00050000 08:05 268182                     /usr/lib/x86_64-linux-gnu/libgobject-2.0.so.0.4200.1
7f83d555d000-7f83d555e000 r--p 00050000 08:05 268182                     /usr/lib/x86_64-linux-gnu/libgobject-2.0.so.0.4200.1
7f83d555e000-7f83d555f000 rw-p 00051000 08:05 268182                     /usr/lib/x86_64-linux-gnu/libgobject-2.0.so.0.4200.1
7f83d555f000-7f83d56d0000 r-xp 00000000 08:05 268183                     /usr/lib/x86_64-linux-gnu/libgio-2.0.so.0.4200.1
7f83d56d0000-7f83d58d0000 ---p 00171000 08:05 268183                     /usr/lib/x86_64-linux-gnu/libgio-2.0.so.0.4200.1
7f83d58d0000-7f83d58d4000 r--p 00171000 08:05 268183                     /usr/lib/x86_64-linux-gnu/libgio-2.0.so.0.4200.1
7f83d58d4000-7f83d58d6000 rw-p 00175000 08:05 268183                     /usr/lib/x86_64-linux-gnu/libgio-2.0.so.0.4200.1
7f83d58d6000-7f83d58d8000 rw-p 00000000 00:00 0 
7f83d58d8000-7f83d5913000 r-xp 00000000 08:05 274891                     /usr/lib/x86_64-linux-gnu/libfontconfig.so.1.8.0
7f83d5913000-7f83d5b12000 ---p 0003b000 08:05 274891                     /usr/lib/x86_64-linux-gnu/libfontconfig.so.1.8.0
7f83d5b12000-7f83d5b14000 r--p 0003a000 08:05 274891                     /usr/lib/x86_64-linux-gnu/libfontconfig.so.1.8.0
7f83d5b14000-7f83d5b15000 rw-p 0003c000 08:05 274891                     /usr/lib/x86_64-linux-gnu/libfontconfig.so.1.8.0
7f83d5b15000-7f83d5b82000 r-xp 00000000 08:05 263551                     /usr/lib/x86_64-linux-gnu/libcups.so.2
7f83d5b82000-7f83d5d82000 ---p 0006d000 08:05 263551                     /usr/lib/x86_64-linux-gnu/libcups.so.2
7f83d5d82000-7f83d5d89000 r--p 0006d000 08:05 263551                     /usr/lib/x86_64-linux-gnu/libcups.so.2
7f83d5d89000-7f83d5d8a000 rw-p 00074000 08:05 263551                     /usr/lib/x86_64-linux-gnu/libcups.so.2
7f83d5d8a000-7f83d5d99000 r-xp 00000000 08:05 274598                     /usr/lib/x86_64-linux-gnu/libXi.so.6.1.0
7f83d5d99000-7f83d5f98000 ---p 0000f000 08:05 274598                     /usr/lib/x86_64-linux-gnu/libXi.so.6.1.0
7f83d5f98000-7f83d5f99000 r--p 0000e000 08:05 274598                     /usr/lib/x86_64-linux-gnu/libXi.so.6.1.0
7f83d5f99000-7f83d5f9a000 rw-p 0000f000 08:05 274598                     /usr/lib/x86_64-linux-gnu/libXi.so.6.1.0
7f83d5f9a000-7f83d5f9f000 r-xp 00000000 08:05 274618                     /usr/lib/x86_64-linux-gnu/libXtst.so.6.1.0
7f83d5f9f000-7f83d619e000 ---p 00005000 08:05 274618                     /usr/lib/x86_64-linux-gnu/libXtst.so.6.1.0
7f83d619e000-7f83d619f000 r--p 00004000 08:05 274618                     /usr/lib/x86_64-linux-gnu/libXtst.so.6.1.0
7f83d619f000-7f83d61a0000 rw-p 00005000 08:05 274618                     /usr/lib/x86_64-linux-gnu/libXtst.so.6.1.0
7f83d61a0000-7f83d61a9000 r-xp 00000000 08:05 274918                     /usr/lib/x86_64-linux-gnu/libXrender.so.1.3.0
7f83d61a9000-7f83d63a8000 ---p 00009000 08:05 274918                     /usr/lib/x86_64-linux-gnu/libXrender.so.1.3.0
7f83d63a8000-7f83d63a9000 r--p 00008000 08:05 274918                     /usr/lib/x86_64-linux-gnu/libXrender.so.1.3.0
7f83d63a9000-7f83d63aa000 rw-p 00009000 08:05 274918                     /usr/lib/x86_64-linux-gnu/libXrender.so.1.3.0
7f83d63aa000-7f83d64dd000 r-xp 00000000 08:05 274573                     /usr/lib/x86_64-linux-gnu/libX11.so.6.3.0
7f83d64dd000-7f83d66dd000 ---p 00133000 08:05 274573                     /usr/lib/x86_64-linux-gnu/libX11.so.6.3.0
7f83d66dd000-7f83d66de000 r--p 00133000 08:05 274573                     /usr/lib/x86_64-linux-gnu/libX11.so.6.3.0
7f83d66de000-7f83d66e2000 rw-p 00134000 08:05 274573                     /usr/lib/x86_64-linux-gnu/libX11.so.6.3.0
7f83d66e2000-7f83d66e3000 rw-p 00000000 00:00 0 
7f83d66e3000-7f83d66f4000 r-xp 00000000 08:05 275558                     /usr/lib/x86_64-linux-gnu/libXext.so.6.4.0
7f83d66f4000-7f83d68f3000 ---p 00011000 08:05 275558                     /usr/lib/x86_64-linux-gnu/libXext.so.6.4.0
7f83d68f3000-7f83d68f4000 r--p 00010000 08:05 275558                     /usr/lib/x86_64-linux-gnu/libXext.so.6.4.0
7f83d68f4000-7f83d68f5000 rw-p 00011000 08:05 275558                     /usr/lib/x86_64-linux-gnu/libXext.so.6.4.0
7f83d68f5000-7f83d693d000 r-xp 00000000 08:05 298669                     /usr/lib/jvm/java-7-openjdk-amd64/jre/lib/amd64/xawt/libmawt.so
7f83d693d000-7f83d6b3d000 ---p 00048000 08:05 298669                     /usr/lib/jvm/java-7-openjdk-amd64/jre/lib/amd64/xawt/libmawt.so
7f83d6b3d000-7f83d6b3e000 r--p 00048000 08:05 298669                     /usr/lib/jvm/java-7-openjdk-amd64/jre/lib/amd64/xawt/libmawt.so
7f83d6b3e000-7f83d6b41000 rw-p 00049000 08:05 298669                     /usr/lib/jvm/java-7-openjdk-amd64/jre/lib/amd64/xawt/libmawt.so
7f83d6b41000-7f83d6b42000 rw-p 00000000 00:00 0 
7f83d6b42000-7f83d6be2000 r-xp 00000000 08:05 298500                     /usr/lib/jvm/java-7-openjdk-amd64/jre/lib/amd64/libawt.so
7f83d6be2000-7f83d6de2000 ---p 000a0000 08:05 298500                     /usr/lib/jvm/java-7-openjdk-amd64/jre/lib/amd64/libawt.so
7f83d6de2000-7f83d6de3000 r--p 000a0000 08:05 298500                     /usr/lib/jvm/java-7-openjdk-amd64/jre/lib/amd64/libawt.so
7f83d6de3000-7f83d6dee000 rw-p 000a1000 08:05 298500                     /usr/lib/jvm/java-7-openjdk-amd64/jre/lib/amd64/libawt.so
7f83d6dee000-7f83d6e13000 rw-p 00000000 00:00 0 
7f83d6e13000-7f83d6e14000 ---p 00000000 00:00 0 
7f83d6e14000-7f83d6f14000 rw-p 00000000 00:00 0                          [stack:3879]
7f83d6f14000-7f83d6f17000 ---p 00000000 00:00 0 
7f83d6f17000-7f83d7015000 rw-p 00000000 00:00 0                          [stack:3878]
7f83d7015000-7f83d7018000 ---p 00000000 00:00 0 
7f83d7018000-7f83d7116000 rw-p 00000000 00:00 0                          [stack:3877]
7f83d7116000-7f83d7119000 ---p 00000000 00:00 0 
7f83d7119000-7f83d7217000 rw-p 00000000 00:00 0                          [stack:3876]
7f83d7217000-7f83d721a000 ---p 00000000 00:00 0 
7f83d721a000-7f83d7318000 rw-p 00000000 00:00 0                          [stack:3875]
7f83d7318000-7f83d79fa000 r--p 00000000 08:05 272413                     /usr/lib/locale/locale-archive
7f83d79fa000-7f83d79fd000 ---p 00000000 00:00 0 
7f83d79fd000-7f83d7afb000 rw-p 00000000 00:00 0                          [stack:3874]
7f83d7afb000-7f83d7afe000 ---p 00000000 00:00 0 
7f83d7afe000-7f83d7bfc000 rw-p 00000000 00:00 0                          [stack:3873]
7f83d7bfc000-7f83d7bfd000 ---p 00000000 00:00 0 
7f83d7bfd000-7f83d8000000 rw-p 00000000 00:00 0                          [stack:3872]
7f83d8000000-7f83d8021000 rw-p 00000000 00:00 0 
7f83d8021000-7f83dc000000 ---p 00000000 00:00 0 
7f83dc000000-7f83dc021000 rw-p 00000000 00:00 0 
7f83dc021000-7f83e0000000 ---p 00000000 00:00 0 
7f83e0000000-7f83e0021000 rw-p 00000000 00:00 0 
7f83e0021000-7f83e4000000 ---p 00000000 00:00 0 
7f83e40c1000-7f83e40c6000 r--s 0004d000 08:05 298533                     /usr/lib/jvm/java-7-openjdk-amd64/jre/lib/jsse.jar
7f83e40c6000-7f83e4d7e000 rw-p 00000000 00:00 0 
7f83e4d7e000-7f83e4f2f000 r--s 01d27000 08:05 298530                     /usr/lib/jvm/java-7-openjdk-amd64/jre/lib/rt.jar
7f83e4f2f000-7f83e5000000 rw-p 00000000 00:00 0 
7f83e5000000-7f83e5270000 rwxp 00000000 00:00 0 
7f83e5270000-7f83e8576000 rw-p 00000000 00:00 0 
7f83e8576000-7f83ec000000 ---p 00000000 00:00 0 
7f83ec004000-7f83ec4c5000 rw-p 00000000 00:00 0 
7f83ec4c5000-7f83ec4c6000 ---p 00000000 00:00 0 
7f83ec4c6000-7f83ec5c6000 rw-p 00000000 00:00 0                          [stack:3871]
7f83ec5c6000-7f83ec5c7000 ---p 00000000 00:00 0 
7f83ec5c7000-7f83ec6c7000 rw-p 00000000 00:00 0                          [stack:3870]
7f83ec6c7000-7f83ec6c8000 ---p 00000000 00:00 0 
7f83ec6c8000-7f83ec7c8000 rw-p 00000000 00:00 0                          [stack:3869]
7f83ec7c8000-7f83ec7c9000 ---p 00000000 00:00 0 
7f83ec7c9000-7f83ec8d4000 rw-p 00000000 00:00 0                          [stack:3868]
7f83ec8d4000-7f83ec91c000 rw-p 00000000 00:00 0 
7f83ec91c000-7f83ec945000 rw-p 00000000 00:00 0 
7f83ec945000-7f83ecbae000 rw-p 00000000 00:00 0 
7f83ecbae000-7f83ecbb9000 rw-p 00000000 00:00 0 
7f83ecbb9000-7f83ecc01000 rw-p 00000000 00:00 0 
7f83ecc01000-7f83ecc2a000 rw-p 00000000 00:00 0 
7f83ecc2a000-7f83ece92000 rw-p 00000000 00:00 0 
7f83ece92000-7f83ecea7000 rw-p 00000000 00:00 0 
7f83ecea7000-7f83ecfdb000 rw-p 00000000 00:00 0 
7f83ecfdb000-7f83ecfdc000 rw-p 00000000 00:00 0 
7f83ecfdc000-7f83ecfe4000 r-xp 00000000 08:05 298496                     /usr/lib/jvm/java-7-openjdk-amd64/jre/lib/amd64/libzip.so
7f83ecfe4000-7f83ed1e3000 ---p 00008000 08:05 298496                     /usr/lib/jvm/java-7-openjdk-amd64/jre/lib/amd64/libzip.so
7f83ed1e3000-7f83ed1e4000 r--p 00007000 08:05 298496                     /usr/lib/jvm/java-7-openjdk-amd64/jre/lib/amd64/libzip.so
7f83ed1e4000-7f83ed1e5000 rw-p 00008000 08:05 298496                     /usr/lib/jvm/java-7-openjdk-amd64/jre/lib/amd64/libzip.so
7f83ed1e5000-7f83ed1f0000 r-xp 00000000 08:05 19316                      /lib/x86_64-linux-gnu/libnss_files-2.19.so
7f83ed1f0000-7f83ed3ef000 ---p 0000b000 08:05 19316                      /lib/x86_64-linux-gnu/libnss_files-2.19.so
7f83ed3ef000-7f83ed3f0000 r--p 0000a000 08:05 19316                      /lib/x86_64-linux-gnu/libnss_files-2.19.so
7f83ed3f0000-7f83ed3f1000 rw-p 0000b000 08:05 19316                      /lib/x86_64-linux-gnu/libnss_files-2.19.so
7f83ed3f1000-7f83ed3fc000 r-xp 00000000 08:05 19318                      /lib/x86_64-linux-gnu/libnss_nis-2.19.so
7f83ed3fc000-7f83ed5fb000 ---p 0000b000 08:05 19318                      /lib/x86_64-linux-gnu/libnss_nis-2.19.so
7f83ed5fb000-7f83ed5fc000 r--p 0000a000 08:05 19318                      /lib/x86_64-linux-gnu/libnss_nis-2.19.so
7f83ed5fc000-7f83ed5fd000 rw-p 0000b000 08:05 19318                      /lib/x86_64-linux-gnu/libnss_nis-2.19.so
7f83ed5fd000-7f83ed614000 r-xp 00000000 08:05 19302                      /lib/x86_64-linux-gnu/libnsl-2.19.so
7f83ed614000-7f83ed813000 ---p 00017000 08:05 19302                      /lib/x86_64-linux-gnu/libnsl-2.19.so
7f83ed813000-7f83ed814000 r--p 00016000 08:05 19302                      /lib/x86_64-linux-gnu/libnsl-2.19.so
7f83ed814000-7f83ed815000 rw-p 00017000 08:05 19302                      /lib/x86_64-linux-gnu/libnsl-2.19.so
7f83ed815000-7f83ed817000 rw-p 00000000 00:00 0 
7f83ed817000-7f83ed820000 r-xp 00000000 08:05 19303                      /lib/x86_64-linux-gnu/libnss_compat-2.19.so
7f83ed820000-7f83eda1f000 ---p 00009000 08:05 19303                      /lib/x86_64-linux-gnu/libnss_compat-2.19.so
7f83eda1f000-7f83eda20000 r--p 00008000 08:05 19303                      /lib/x86_64-linux-gnu/libnss_compat-2.19.so
7f83eda20000-7f83eda21000 rw-p 00009000 08:05 19303                      /lib/x86_64-linux-gnu/libnss_compat-2.19.so
7f83eda21000-7f83eda4e000 r-xp 00000000 08:05 298506                     /usr/lib/jvm/java-7-openjdk-amd64/jre/lib/amd64/libjava.so
7f83eda4e000-7f83edc4d000 ---p 0002d000 08:05 298506                     /usr/lib/jvm/java-7-openjdk-amd64/jre/lib/amd64/libjava.so
7f83edc4d000-7f83edc4e000 r--p 0002c000 08:05 298506                     /usr/lib/jvm/java-7-openjdk-amd64/jre/lib/amd64/libjava.so
7f83edc4e000-7f83edc50000 rw-p 0002d000 08:05 298506                     /usr/lib/jvm/java-7-openjdk-amd64/jre/lib/amd64/libjava.so
7f83edc50000-7f83edc61000 r-xp 00000000 08:05 298509                     /usr/lib/jvm/java-7-openjdk-amd64/jre/lib/amd64/libverify.so
7f83edc61000-7f83ede60000 ---p 00011000 08:05 298509                     /usr/lib/jvm/java-7-openjdk-amd64/jre/lib/amd64/libverify.so
7f83ede60000-7f83ede62000 r--p 00010000 08:05 298509                     /usr/lib/jvm/java-7-openjdk-amd64/jre/lib/amd64/libverify.so
7f83ede62000-7f83ede63000 rw-p 00012000 08:05 298509                     /usr/lib/jvm/java-7-openjdk-amd64/jre/lib/amd64/libverify.so
7f83ede63000-7f83ede6a000 r-xp 00000000 08:05 19319                      /lib/x86_64-linux-gnu/librt-2.19.so
7f83ede6a000-7f83ee069000 ---p 00007000 08:05 19319                      /lib/x86_64-linux-gnu/librt-2.19.so
7f83ee069000-7f83ee06a000 r--p 00006000 08:05 19319                      /lib/x86_64-linux-gnu/librt-2.19.so
7f83ee06a000-7f83ee06b000 rw-p 00007000 08:05 19319                      /lib/x86_64-linux-gnu/librt-2.19.so
7f83ee06b000-7f83ee081000 r-xp 00000000 08:05 5486                       /lib/x86_64-linux-gnu/libgcc_s.so.1
7f83ee081000-7f83ee280000 ---p 00016000 08:05 5486                       /lib/x86_64-linux-gnu/libgcc_s.so.1
7f83ee280000-7f83ee281000 r--p 00015000 08:05 5486                       /lib/x86_64-linux-gnu/libgcc_s.so.1
7f83ee281000-7f83ee282000 rw-p 00016000 08:05 5486                       /lib/x86_64-linux-gnu/libgcc_s.so.1
7f83ee282000-7f83ee387000 r-xp 00000000 08:05 19298                      /lib/x86_64-linux-gnu/libm-2.19.so
7f83ee387000-7f83ee586000 ---p 00105000 08:05 19298                      /lib/x86_64-linux-gnu/libm-2.19.so
7f83ee586000-7f83ee587000 r--p 00104000 08:05 19298                      /lib/x86_64-linux-gnu/libm-2.19.so
7f83ee587000-7f83ee588000 rw-p 00105000 08:05 19298                      /lib/x86_64-linux-gnu/libm-2.19.so
7f83ee588000-7f83ee678000 r-xp 00000000 08:05 275529                     /usr/lib/x86_64-linux-gnu/libstdc++.so.6.0.20
7f83ee678000-7f83ee878000 ---p 000f0000 08:05 275529                     /usr/lib/x86_64-linux-gnu/libstdc++.so.6.0.20
7f83ee878000-7f83ee880000 r--p 000f0000 08:05 275529                     /usr/lib/x86_64-linux-gnu/libstdc++.so.6.0.20
7f83ee880000-7f83ee882000 rw-p 000f8000 08:05 275529                     /usr/lib/x86_64-linux-gnu/libstdc++.so.6.0.20
7f83ee882000-7f83ee897000 rw-p 00000000 00:00 0 
7f83ee897000-7f83ef3e7000 r-xp 00000000 08:05 298521                     /usr/lib/jvm/java-7-openjdk-amd64/jre/lib/amd64/server/libjvm.so
7f83ef3e7000-7f83ef5e6000 ---p 00b50000 08:05 298521                     /usr/lib/jvm/java-7-openjdk-amd64/jre/lib/amd64/server/libjvm.so
7f83ef5e6000-7f83ef685000 r--p 00b4f000 08:05 298521                     /usr/lib/jvm/java-7-openjdk-amd64/jre/lib/amd64/server/libjvm.so
7f83ef685000-7f83ef6a8000 rw-p 00bee000 08:05 298521                     /usr/lib/jvm/java-7-openjdk-amd64/jre/lib/amd64/server/libjvm.so
7f83ef6a8000-7f83ef6d5000 rw-p 00000000 00:00 0 
7f83ef6d5000-7f83ef6ed000 r-xp 00000000 08:05 5630                       /lib/x86_64-linux-gnu/libz.so.1.2.8
7f83ef6ed000-7f83ef8ec000 ---p 00018000 08:05 5630                       /lib/x86_64-linux-gnu/libz.so.1.2.8
7f83ef8ec000-7f83ef8ed000 r--p 00017000 08:05 5630                       /lib/x86_64-linux-gnu/libz.so.1.2.8
7f83ef8ed000-7f83ef8ee000 rw-p 00018000 08:05 5630                       /lib/x86_64-linux-gnu/libz.so.1.2.8
7f83ef8ee000-7f83ef907000 r-xp 00000000 08:05 19306                      /lib/x86_64-linux-gnu/libpthread-2.19.so
7f83ef907000-7f83efb06000 ---p 00019000 08:05 19306                      /lib/x86_64-linux-gnu/libpthread-2.19.so
7f83efb06000-7f83efb07000 r--p 00018000 08:05 19306                      /lib/x86_64-linux-gnu/libpthread-2.19.so
7f83efb07000-7f83efb08000 rw-p 00019000 08:05 19306                      /lib/x86_64-linux-gnu/libpthread-2.19.so
7f83efb08000-7f83efb0c000 rw-p 00000000 00:00 0 
7f83efb0c000-7f83efb0f000 r-xp 00000000 08:05 19305                      /lib/x86_64-linux-gnu/libdl-2.19.so
7f83efb0f000-7f83efd0e000 ---p 00003000 08:05 19305                      /lib/x86_64-linux-gnu/libdl-2.19.so
7f83efd0e000-7f83efd0f000 r--p 00002000 08:05 19305                      /lib/x86_64-linux-gnu/libdl-2.19.so
7f83efd0f000-7f83efd10000 rw-p 00003000 08:05 19305                      /lib/x86_64-linux-gnu/libdl-2.19.so
7f83efd10000-7f83efeca000 r-xp 00000000 08:05 19317                      /lib/x86_64-linux-gnu/libc-2.19.so
7f83efeca000-7f83f00c9000 ---p 001ba000 08:05 19317                      /lib/x86_64-linux-gnu/libc-2.19.so
7f83f00c9000-7f83f00cd000 r--p 001b9000 08:05 19317                      /lib/x86_64-linux-gnu/libc-2.19.so
7f83f00cd000-7f83f00cf000 rw-p 001bd000 08:05 19317                      /lib/x86_64-linux-gnu/libc-2.19.so
7f83f00cf000-7f83f00d4000 rw-p 00000000 00:00 0 
7f83f00d4000-7f83f00e1000 r-xp 00000000 08:05 298514                     /usr/lib/jvm/java-7-openjdk-amd64/jre/lib/amd64/jli/libjli.so
7f83f00e1000-7f83f02e0000 ---p 0000d000 08:05 298514                     /usr/lib/jvm/java-7-openjdk-amd64/jre/lib/amd64/jli/libjli.so
7f83f02e0000-7f83f02e1000 r--p 0000c000 08:05 298514                     /usr/lib/jvm/java-7-openjdk-amd64/jre/lib/amd64/jli/libjli.so
7f83f02e1000-7f83f02e2000 rw-p 0000d000 08:05 298514                     /usr/lib/jvm/java-7-openjdk-amd64/jre/lib/amd64/jli/libjli.so
7f83f02e2000-7f83f0305000 r-xp 00000000 08:05 19312                      /lib/x86_64-linux-gnu/ld-2.19.so
7f83f0306000-7f83f0309000 r--s 0233b000 08:07 4599929                    /home/joe/Documents/OCR Project/workspace/workspace/Tesseract/libs/tess4j.jar
7f83f0309000-7f83f030d000 r--s 000dc000 08:07 4599931                    /home/joe/Documents/OCR Project/workspace/workspace/Tesseract/libs/jna.jar
7f83f030d000-7f83f031e000 r--s 00106000 08:07 4599930                    /home/joe/Documents/OCR Project/workspace/workspace/Tesseract/libs/jai_imageio.jar
7f83f031e000-7f83f0328000 rw-p 00000000 00:00 0 
7f83f0328000-7f83f03de000 rw-p 00000000 00:00 0 
7f83f03de000-7f83f03e1000 ---p 00000000 00:00 0 
7f83f03e1000-7f83f04e4000 rw-p 00000000 00:00 0                          [stack:3867]
7f83f04e5000-7f83f04e9000 r--s 00034000 08:05 298549                     /usr/lib/jvm/java-7-openjdk-amd64/jre/lib/ext/sunjce_provider.jar
7f83f04e9000-7f83f04ec000 r--s 0000f000 08:05 298547                     /usr/lib/jvm/java-7-openjdk-amd64/jre/lib/ext/icedtea-sound.jar
7f83f04ec000-7f83f04ef000 r--s 00086000 08:05 298550                     /usr/lib/jvm/java-7-openjdk-amd64/jre/lib/ext/localedata.jar
7f83f04ef000-7f83f04f1000 r--s 00012000 08:05 298546                     /usr/lib/jvm/java-7-openjdk-amd64/jre/lib/ext/zipfs.jar
7f83f04f1000-7f83f04f2000 r--s 00002000 08:05 298548                     /usr/lib/jvm/java-7-openjdk-amd64/jre/lib/ext/dnsns.jar
7f83f04f2000-7f83f04f4000 r--s 00006000 08:05 522850                     /usr/share/java/java-atk-wrapper.jar
7f83f04f4000-7f83f04f8000 r--s 0003c000 08:05 298545                     /usr/lib/jvm/java-7-openjdk-amd64/jre/lib/ext/sunpkcs11.jar
7f83f04f8000-7f83f0500000 rw-s 00000000 08:05 35043                      /tmp/hsperfdata_joe/3862
7f83f0500000-7f83f0501000 rw-p 00000000 00:00 0 
7f83f0501000-7f83f0502000 r--p 00000000 00:00 0 
7f83f0502000-7f83f0504000 rw-p 00000000 00:00 0 
7f83f0504000-7f83f0505000 r--p 00022000 08:05 19312                      /lib/x86_64-linux-gnu/ld-2.19.so
7f83f0505000-7f83f0506000 rw-p 00023000 08:05 19312                      /lib/x86_64-linux-gnu/ld-2.19.so
7f83f0506000-7f83f0507000 rw-p 00000000 00:00 0 
7fff63a0d000-7fff63a2e000 rw-p 00000000 00:00 0                          [stack]
7fff63b22000-7fff63b24000 r-xp 00000000 00:00 0                          [vdso]
7fff63b24000-7fff63b26000 r--p 00000000 00:00 0                          [vvar]
ffffffffff600000-ffffffffff601000 r-xp 00000000 00:00 0                  [vsyscall]

VM Arguments:
jvm_args: -Dfile.encoding=UTF-8 
java_command: Main
Launcher Type: SUN_STANDARD

Environment Variables:
PATH=/home/joe/tesseract-ocr/training:/home/joe/tesseract-ocr:/usr/local/sbin:/usr/local/bin:/usr/sbin:/usr/bin:/sbin:/bin:/usr/games:/usr/local/games
SHELL=/bin/bash
DISPLAY=:0.0

Signal Handlers:
SIGSEGV: [libjvm.so+0x983740], sa_mask[0]=0x7ffbfeff, sa_flags=0x10000004
SIGBUS: [libjvm.so+0x983740], sa_mask[0]=0x7ffbfeff, sa_flags=0x10000004
SIGFPE: [libjvm.so+0x7f0180], sa_mask[0]=0x7ffbfeff, sa_flags=0x10000004
SIGPIPE: [libjvm.so+0x7f0180], sa_mask[0]=0x7ffbfeff, sa_flags=0x10000004
SIGXFSZ: [libjvm.so+0x7f0180], sa_mask[0]=0x7ffbfeff, sa_flags=0x10000004
SIGILL: [libjvm.so+0x7f0180], sa_mask[0]=0x7ffbfeff, sa_flags=0x10000004
SIGUSR1: SIG_DFL, sa_mask[0]=0x00000000, sa_flags=0x00000000
SIGUSR2: [libjvm.so+0x7f0000], sa_mask[0]=0x00000004, sa_flags=0x10000004
SIGHUP: [libjvm.so+0x7f0200], sa_mask[0]=0x7ffbfeff, sa_flags=0x10000004
SIGINT: [libjvm.so+0x7f0200], sa_mask[0]=0x7ffbfeff, sa_flags=0x10000004
SIGTERM: [libjvm.so+0x7f0200], sa_mask[0]=0x7ffbfeff, sa_flags=0x10000004
SIGQUIT: [libjvm.so+0x7f0200], sa_mask[0]=0x7ffbfeff, sa_flags=0x10000004
SIGTRAP: SIG_DFL, sa_mask[0]=0x00000000, sa_flags=0x00000000


---------------  S Y S T E M  ---------------

OS:Ubuntu 14.10 (utopic)
uname:Linux 3.16.0-23-generic #31-Ubuntu SMP Tue Oct 21 17:56:17 UTC 2014 x86_64
libc:glibc 2.19 NPTL 2.19 
rlimit: STACK 8192k, CORE 0k, NPROC 31440, NOFILE 4096, AS infinity
load average:0.34 0.36 0.28

/proc/meminfo:
MemTotal:        8070928 kB
MemFree:         5228296 kB
MemAvailable:    6019016 kB
Buffers:           66728 kB
Cached:          1393044 kB
SwapCached:            0 kB
Active:          1650916 kB
Inactive:         950856 kB
Active(anon):    1154512 kB
Inactive(anon):   526340 kB
Active(file):     496404 kB
Inactive(file):   424516 kB
Unevictable:           0 kB
Mlocked:               0 kB
SwapTotal:       7811068 kB
SwapFree:        7811068 kB
Dirty:                88 kB
Writeback:             0 kB
AnonPages:       1142236 kB
Mapped:           375440 kB
Shmem:            538776 kB
Slab:             111868 kB
SReclaimable:      77488 kB
SUnreclaim:        34380 kB
KernelStack:        7824 kB
PageTables:        34832 kB
NFS_Unstable:          0 kB
Bounce:                0 kB
WritebackTmp:          0 kB
CommitLimit:    11846532 kB
Committed_AS:    4617572 kB
VmallocTotal:   34359738367 kB
VmallocUsed:      557672 kB
VmallocChunk:   34359084440 kB
HardwareCorrupted:     0 kB
AnonHugePages:    659456 kB
HugePages_Total:       0
HugePages_Free:        0
HugePages_Rsvd:        0
HugePages_Surp:        0
Hugepagesize:       2048 kB
DirectMap4k:       62976 kB
DirectMap2M:     2977792 kB
DirectMap1G:     5242880 kB


CPU:total 4 (2 cores per cpu, 2 threads per core) family 6 model 69 stepping 1, cmov, cx8, fxsr, mmx, sse, sse2, sse3, ssse3, sse4.1, sse4.2, popcnt, avx, avx2, aes, erms, ht, tsc, tscinvbit

/proc/cpuinfo:
processor	: 0
vendor_id	: GenuineIntel
cpu family	: 6
model		: 69
model name	: Intel(R) Core(TM) i5-4300U CPU @ 1.90GHz
stepping	: 1
microcode	: 0x1c
cpu MHz		: 2885.937
cache size	: 3072 KB
physical id	: 0
siblings	: 4
core id		: 0
cpu cores	: 2
apicid		: 0
initial apicid	: 0
fpu		: yes
fpu_exception	: yes
cpuid level	: 13
wp		: yes
flags		: fpu vme de pse tsc msr pae mce cx8 apic sep mtrr pge mca cmov pat pse36 clflush dts acpi mmx fxsr sse sse2 ss ht tm pbe syscall nx pdpe1gb rdtscp lm constant_tsc arch_perfmon pebs bts rep_good nopl xtopology nonstop_tsc aperfmperf eagerfpu pni pclmulqdq dtes64 monitor ds_cpl vmx smx est tm2 ssse3 fma cx16 xtpr pdcm pcid sse4_1 sse4_2 x2apic movbe popcnt tsc_deadline_timer aes xsave avx f16c rdrand lahf_lm abm ida arat epb xsaveopt pln pts dtherm tpr_shadow vnmi flexpriority ept vpid fsgsbase tsc_adjust bmi1 avx2 smep bmi2 erms invpcid
bogomips	: 4988.31
clflush size	: 64
cache_alignment	: 64
address sizes	: 39 bits physical, 48 bits virtual
power management:

processor	: 1
vendor_id	: GenuineIntel
cpu family	: 6
model		: 69
model name	: Intel(R) Core(TM) i5-4300U CPU @ 1.90GHz
stepping	: 1
microcode	: 0x1c
cpu MHz		: 2851.171
cache size	: 3072 KB
physical id	: 0
siblings	: 4
core id		: 0
cpu cores	: 2
apicid		: 1
initial apicid	: 1
fpu		: yes
fpu_exception	: yes
cpuid level	: 13
wp		: yes
flags		: fpu vme de pse tsc msr pae mce cx8 apic sep mtrr pge mca cmov pat pse36 clflush dts acpi mmx fxsr sse sse2 ss ht tm pbe syscall nx pdpe1gb rdtscp lm constant_tsc arch_perfmon pebs bts rep_good nopl xtopology nonstop_tsc aperfmperf eagerfpu pni pclmulqdq dtes64 monitor ds_cpl vmx smx est tm2 ssse3 fma cx16 xtpr pdcm pcid sse4_1 sse4_2 x2apic movbe popcnt tsc_deadline_timer aes xsave avx f16c rdrand lahf_lm abm ida arat epb xsaveopt pln pts dtherm tpr_shadow vnmi flexpriority ept vpid fsgsbase tsc_adjust bmi1 avx2 smep bmi2 erms invpcid
bogomips	: 4988.31
clflush size	: 64
cache_alignment	: 64
address sizes	: 39 bits physical, 48 bits virtual
power management:

processor	: 2
vendor_id	: GenuineIntel
cpu family	: 6
model		: 69
model name	: Intel(R) Core(TM) i5-4300U CPU @ 1.90GHz
stepping	: 1
microcode	: 0x1c
cpu MHz		: 2600.000
cache size	: 3072 KB
physical id	: 0
siblings	: 4
core id		: 1
cpu cores	: 2
apicid		: 2
initial apicid	: 2
fpu		: yes
fpu_exception	: yes
cpuid level	: 13
wp		: yes
flags		: fpu vme de pse tsc msr pae mce cx8 apic sep mtrr pge mca cmov pat pse36 clflush dts acpi mmx fxsr sse sse2 ss ht tm pbe syscall nx pdpe1gb rdtscp lm constant_tsc arch_perfmon pebs bts rep_good nopl xtopology nonstop_tsc aperfmperf eagerfpu pni pclmulqdq dtes64 monitor ds_cpl vmx smx est tm2 ssse3 fma cx16 xtpr pdcm pcid sse4_1 sse4_2 x2apic movbe popcnt tsc_deadline_timer aes xsave avx f16c rdrand lahf_lm abm ida arat epb xsaveopt pln pts dtherm tpr_shadow vnmi flexpriority ept vpid fsgsbase tsc_adjust bmi1 avx2 smep bmi2 erms invpcid
bogomips	: 4988.31
clflush size	: 64
cache_alignment	: 64
address sizes	: 39 bits physical, 48 bits virtual
power management:

processor	: 3
vendor_id	: GenuineIntel
cpu family	: 6
model		: 69
model name	: Intel(R) Core(TM) i5-4300U CPU @ 1.90GHz
stepping	: 1
microcode	: 0x1c
cpu MHz		: 2600.000
cache size	: 3072 KB
physical id	: 0
siblings	: 4
core id		: 1
cpu cores	: 2
apicid		: 3
initial apicid	: 3
fpu		: yes
fpu_exception	: yes
cpuid level	: 13
wp		: yes
flags		: fpu vme de pse tsc msr pae mce cx8 apic sep mtrr pge mca cmov pat pse36 clflush dts acpi mmx fxsr sse sse2 ss ht tm pbe syscall nx pdpe1gb rdtscp lm constant_tsc arch_perfmon pebs bts rep_good nopl xtopology nonstop_tsc aperfmperf eagerfpu pni pclmulqdq dtes64 monitor ds_cpl vmx smx est tm2 ssse3 fma cx16 xtpr pdcm pcid sse4_1 sse4_2 x2apic movbe popcnt tsc_deadline_timer aes xsave avx f16c rdrand lahf_lm abm ida arat epb xsaveopt pln pts dtherm tpr_shadow vnmi flexpriority ept vpid fsgsbase tsc_adjust bmi1 avx2 smep bmi2 erms invpcid
bogomips	: 4988.31
clflush size	: 64
cache_alignment	: 64
address sizes	: 39 bits physical, 48 bits virtual
power management:



Memory: 4k page, physical 8070928k(5228296k free), swap 7811068k(7811068k free)

vm_info: OpenJDK 64-Bit Server VM (24.79-b02) for linux-amd64 JRE (1.7.0_79-b14), built on Apr 16 2015 08:25:58 by "buildd" with gcc 4.9.1

time: Tue Jun  9 13:58:12 2015
elapsed time: 0 seconds

