#
# A fatal error has been detected by the Java Runtime Environment:
#
#  SIGSEGV (0xb) at pc=0x00007fb26e9ac1db, pid=2668, tid=140405542020864
#
# JRE version: OpenJDK Runtime Environment (7.0_79-b14) (build 1.7.0_79-b14)
# Java VM: OpenJDK 64-Bit Server VM (24.79-b02 mixed mode linux-amd64 compressed oops)
# Derivative: IcedTea 2.5.5
# Distribution: Ubuntu 14.10, package 7u79-2.5.5-0ubuntu0.14.10.2
# Problematic frame:
# C  [libtesseract.so+0x25f1db]  ERRCODE::error(char const*, TessErrorLogCode, char const*, ...) const+0x16b
#
# Failed to write core dump. Core dumps have been disabled. To enable core dumping, try "ulimit -c unlimited" before starting Java again
#
# If you would like to submit a bug report, please include
# instructions on how to reproduce the bug and visit:
#   http://icedtea.classpath.org/bugzilla
# The crash happened outside the Java Virtual Machine in native code.
# See problematic frame for where to report the bug.
#

---------------  T H R E A D  ---------------

Current thread (0x00007fb2b000a000):  JavaThread "main" [_thread_in_native, id=2669, stack(0x00007fb2b664e000,0x00007fb2b674f000)]

siginfo:si_signo=SIGSEGV: si_errno=0, si_code=1 (SEGV_MAPERR), si_addr=0x0000000000000000

Registers:
RAX=0x000000000000004e, RBX=0x00007fb2b674bbbd, RCX=0x00007fb2b606b5bd, RDX=0x00007fb2b633f9f0
RSP=0x00007fb2b674bb70, RBP=0x00007fb2b674bb90, RSI=0x000000000000004e, RDI=0x00007fb2b6749340
R8 =0x00007fb2b674e700, R9 =0x61646120656c6966, R10=0x00007fb2b633bbe0, R11=0x0000000000000000
R12=0x0000000000000002, R13=0x00007fb26e9b7277, R14=0x00007fb26ec6c7c0, R15=0x00007fb2b05852a0
RIP=0x00007fb26e9ac1db, EFLAGS=0x0000000000010246, CSGSFS=0x0000000000000033, ERR=0x0000000000000004
  TRAPNO=0x000000000000000e

Top of Stack: (sp=0x00007fb2b674bb70)
0x00007fb2b674bb70:   0000000000000000 0000003000000030
0x00007fb2b674bb80:   00007fb2b674c080 00007fb2b674bfa0
0x00007fb2b674bb90:   5464657470616441 736574616c706d65
0x00007fb2b674bba0:   4c4c554e203d2120 413a726f7272453a
0x00007fb2b674bbb0:   6166207472657373 206e693a64656c69
0x00007fb2b674bbc0:   61646120656c6966 2e686374616d7470
0x00007fb2b674bbd0:   6e696c202c707063 00000a3938312065
0x00007fb2b674bbe0:   0000000000000000 0000000000000000
0x00007fb2b674bbf0:   0000000000000000 0000000000000000
0x00007fb2b674bc00:   0000000000000000 0000000000000000
0x00007fb2b674bc10:   0000000000000000 0000000000000000
0x00007fb2b674bc20:   0000000000000000 0000000000000000
0x00007fb2b674bc30:   0000000000000000 0000000000000000
0x00007fb2b674bc40:   0000000000000000 0000000000000000
0x00007fb2b674bc50:   0000000000000000 0000000000000000
0x00007fb2b674bc60:   0000000000000000 0000000000000000
0x00007fb2b674bc70:   0000000000000000 0000000000000000
0x00007fb2b674bc80:   0000000000000000 0000000000000000
0x00007fb2b674bc90:   0000000000000000 0000000000000000
0x00007fb2b674bca0:   0000000000000000 0000000000000000
0x00007fb2b674bcb0:   0000000000000000 0000000000000000
0x00007fb2b674bcc0:   0000000000000000 0000000000000000
0x00007fb2b674bcd0:   0000000000000000 0000000000000000
0x00007fb2b674bce0:   0000000000000000 0000000000000000
0x00007fb2b674bcf0:   0000000000000000 0000000000000000
0x00007fb2b674bd00:   0000000000000000 0000000000000000
0x00007fb2b674bd10:   0000000000000000 0000000000000000
0x00007fb2b674bd20:   0000000000000000 0000000000000000
0x00007fb2b674bd30:   0000000000000000 0000000000000000
0x00007fb2b674bd40:   0000000000000000 0000000000000000
0x00007fb2b674bd50:   0000000000000000 0000000000000000
0x00007fb2b674bd60:   0000000000000000 0000000000000000 

Instructions: (pc=0x00007fb26e9ac1db)
0x00007fb26e9ac1bb:   be 01 00 00 00 48 8b 38 31 c0 e8 c6 91 e3 ff 41
0x00007fb26e9ac1cb:   83 fc ff 7c 18 45 85 e4 7e 2f 41 83 fc 02 7f 0d
0x00007fb26e9ac1db:   8b 04 25 00 00 00 00 0f 0b 0f 1f 40 00 48 8d 35
0x00007fb26e9ac1eb:   d1 b0 01 00 48 8d 3d 92 26 50 00 31 c9 ba 02 00 

Register to memory mapping:

RAX=0x000000000000004e is an unknown value
RBX=0x00007fb2b674bbbd is pointing into the stack for thread: 0x00007fb2b000a000
RCX=0x00007fb2b606b5bd: __write+0x2d in /lib/x86_64-linux-gnu/libc.so.6 at 0x00007fb2b5f80000
RDX=0x00007fb2b633f9f0: <offset 0x3bf9f0> in /lib/x86_64-linux-gnu/libc.so.6 at 0x00007fb2b5f80000
RSP=0x00007fb2b674bb70 is pointing into the stack for thread: 0x00007fb2b000a000
RBP=0x00007fb2b674bb90 is pointing into the stack for thread: 0x00007fb2b000a000
RSI=0x000000000000004e is an unknown value
RDI=0x00007fb2b6749340 is pointing into the stack for thread: 0x00007fb2b000a000
R8 =0x00007fb2b674e700 is pointing into the stack for thread: 0x00007fb2b000a000
R9 =0x61646120656c6966 is an unknown value
R10=0x00007fb2b633bbe0: <offset 0x3bbbe0> in /lib/x86_64-linux-gnu/libc.so.6 at 0x00007fb2b5f80000
R11=0x0000000000000000 is an unknown value
R12=0x0000000000000002 is an unknown value
R13=0x00007fb26e9b7277: <offset 0x26a277> in /usr/local/lib/libtesseract.so at 0x00007fb26e74d000
R14=0x00007fb26ec6c7c0: <offset 0x51f7c0> in /usr/local/lib/libtesseract.so at 0x00007fb26e74d000
R15=0x00007fb2b05852a0 is an unknown value


Stack: [0x00007fb2b664e000,0x00007fb2b674f000],  sp=0x00007fb2b674bb70,  free space=1014k
Native frames: (J=compiled Java code, j=interpreted, Vv=VM code, C=native code)
C  [libtesseract.so+0x25f1db]  ERRCODE::error(char const*, TessErrorLogCode, char const*, ...) const+0x16b

Java frames: (J=compiled Java code, j=interpreted, Vv=VM code)
j  com.sun.jna.Native.invokePointer(JI[Ljava/lang/Object;)J+0
j  com.sun.jna.Function.invokePointer(I[Ljava/lang/Object;)Lcom/sun/jna/Pointer;+6
j  com.sun.jna.Function.invoke([Ljava/lang/Object;Ljava/lang/Class;Z)Ljava/lang/Object;+426
j  com.sun.jna.Function.invoke(Ljava/lang/Class;[Ljava/lang/Object;Ljava/util/Map;)Ljava/lang/Object;+262
j  com.sun.jna.Library$Handler.invoke(Ljava/lang/Object;Ljava/lang/reflect/Method;[Ljava/lang/Object;)Ljava/lang/Object;+316
j  com.sun.proxy.$Proxy0.TessBaseAPIGetUTF8Text(Lnet/sourceforge/tess4j/ITessAPI$TessBaseAPI;)Lcom/sun/jna/Pointer;+16
j  net.sourceforge.tess4j.Tesseract.getOCRText(Ljava/lang/String;I)Ljava/lang/String;+62
j  net.sourceforge.tess4j.Tesseract.doOCR(Ljava/util/List;Ljava/lang/String;Ljava/awt/Rectangle;)Ljava/lang/String;+69
j  net.sourceforge.tess4j.Tesseract.doOCR(Ljava/io/File;Ljava/awt/Rectangle;)Ljava/lang/String;+10
j  net.sourceforge.tess4j.Tesseract.doOCR(Ljava/io/File;)Ljava/lang/String;+3
j  OCREngine.doOCR(Ljava/io/File;)Ljava/lang/String;+5
j  Main.main([Ljava/lang/String;)V+23
v  ~StubRoutines::call_stub

---------------  P R O C E S S  ---------------

Java Threads: ( => current thread )
  0x00007fb2b01d4800 JavaThread "Java2D Disposer" daemon [_thread_blocked, id=2687, stack(0x00007fb2a40de000,0x00007fb2a41df000)]
  0x00007fb2b00b1800 JavaThread "Service Thread" daemon [_thread_blocked, id=2685, stack(0x00007fb2a4f71000,0x00007fb2a5072000)]
  0x00007fb2b00af000 JavaThread "C2 CompilerThread1" daemon [_thread_blocked, id=2684, stack(0x00007fb2a5072000,0x00007fb2a5173000)]
  0x00007fb2b00ac000 JavaThread "C2 CompilerThread0" daemon [_thread_blocked, id=2683, stack(0x00007fb2a5173000,0x00007fb2a5274000)]
  0x00007fb2b00a9800 JavaThread "Signal Dispatcher" daemon [_thread_blocked, id=2682, stack(0x00007fb2a5274000,0x00007fb2a5375000)]
  0x00007fb2b007c800 JavaThread "Finalizer" daemon [_thread_blocked, id=2681, stack(0x00007fb2a5a57000,0x00007fb2a5b58000)]
  0x00007fb2b007a000 JavaThread "Reference Handler" daemon [_thread_blocked, id=2680, stack(0x00007fb2a5b58000,0x00007fb2a5c59000)]
=>0x00007fb2b000a000 JavaThread "main" [_thread_in_native, id=2669, stack(0x00007fb2b664e000,0x00007fb2b674f000)]

Other Threads:
  0x00007fb2b0075800 VMThread [stack: 0x00007fb2a5c59000,0x00007fb2a5d5a000] [id=2679]
  0x00007fb2b00bc000 WatcherThread [stack: 0x00007fb2a4e70000,0x00007fb2a4f71000] [id=2686]

VM state:not at safepoint (normal execution)

VM Mutex/Monitor currently owned by a thread: None

Heap
 PSYoungGen      total 37376K, used 13633K [0x00000007d6e80000, 0x00000007d9800000, 0x0000000800000000)
  eden space 32256K, 42% used [0x00000007d6e80000,0x00000007d7bd0418,0x00000007d8e00000)
  from space 5120K, 0% used [0x00000007d9300000,0x00000007d9300000,0x00000007d9800000)
  to   space 5120K, 0% used [0x00000007d8e00000,0x00000007d8e00000,0x00000007d9300000)
 ParOldGen       total 83968K, used 0K [0x0000000784c00000, 0x0000000789e00000, 0x00000007d6e80000)
  object space 83968K, 0% used [0x0000000784c00000,0x0000000784c00000,0x0000000789e00000)
 PSPermGen       total 21504K, used 7742K [0x000000077a600000, 0x000000077bb00000, 0x0000000784c00000)
  object space 21504K, 36% used [0x000000077a600000,0x000000077ad8fa18,0x000000077bb00000)

Card table byte_map: [0x00007fb2abd4b000,0x00007fb2ac179000] byte_map_base: 0x00007fb2a8178000

Polling page: 0x00007fb2b6771000

Code Cache  [0x00007fb2ac179000, 0x00007fb2ac3e9000, 0x00007fb2af179000)
 total_blobs=312 nmethods=37 adapters=228 free_code_cache=48633Kb largest_free_block=49776064

Compilation events (10 events):
Event: 0.471 Thread 0x00007fb2b00af000 nmethod 32% 0x00007fb2ac1f9710 code [0x00007fb2ac1f98c0, 0x00007fb2ac1fa198]
Event: 0.478 Thread 0x00007fb2b00af000   34             java.lang.AbstractStringBuilder::append (48 bytes)
Event: 0.483 Thread 0x00007fb2b00af000 nmethod 34 0x00007fb2ac1fab10 code [0x00007fb2ac1fac80, 0x00007fb2ac1fb058]
Event: 0.483 Thread 0x00007fb2b00af000   35             java.lang.String::getChars (62 bytes)
Event: 0.485 Thread 0x00007fb2b00af000 nmethod 35 0x00007fb2ac1f3f50 code [0x00007fb2ac1f40a0, 0x00007fb2ac1f41d8]
Event: 0.494 Thread 0x00007fb2b00af000   36             java.lang.StringBuilder::append (8 bytes)
Event: 0.500 Thread 0x00007fb2b00ac000 nmethod 33 0x00007fb2ac1fe4d0 code [0x00007fb2ac1fe6a0, 0x00007fb2ac200078]
Event: 0.500 Thread 0x00007fb2b00ac000   37             java.util.Arrays::copyOfRange (63 bytes)
Event: 0.503 Thread 0x00007fb2b00ac000 nmethod 37 0x00007fb2ac1f9250 code [0x00007fb2ac1f93a0, 0x00007fb2ac1f95b8]
Event: 0.509 Thread 0x00007fb2b00af000 nmethod 36 0x00007fb2ac1f6e50 code [0x00007fb2ac1f6fc0, 0x00007fb2ac1f7398]

GC Heap History (0 events):
No events

Deoptimization events (5 events):
Event: 0.385 Thread 0x00007fb2b000a000 Uncommon trap: reason=bimorphic action=maybe_recompile pc=0x00007fb2ac1f1564 method=java.util.HashMap.getEntry(Ljava/lang/Object;)Ljava/util/HashMap$Entry; @ 68
Event: 0.386 Thread 0x00007fb2b000a000 Uncommon trap: reason=bimorphic action=maybe_recompile pc=0x00007fb2ac1f1564 method=java.util.HashMap.getEntry(Ljava/lang/Object;)Ljava/util/HashMap$Entry; @ 68
Event: 0.386 Thread 0x00007fb2b000a000 Uncommon trap: reason=bimorphic action=maybe_recompile pc=0x00007fb2ac1ebc44 method=java.util.HashMap.getEntry(Ljava/lang/Object;)Ljava/util/HashMap$Entry; @ 68
Event: 0.387 Thread 0x00007fb2b000a000 Uncommon trap: reason=bimorphic action=maybe_recompile pc=0x00007fb2ac1ebc44 method=java.util.HashMap.getEntry(Ljava/lang/Object;)Ljava/util/HashMap$Entry; @ 68
Event: 0.387 Thread 0x00007fb2b000a000 Uncommon trap: reason=bimorphic action=maybe_recompile pc=0x00007fb2ac1f1564 method=java.util.HashMap.getEntry(Ljava/lang/Object;)Ljava/util/HashMap$Entry; @ 68

Internal exceptions (10 events):
Event: 0.496 Thread 0x00007fb2b000a000 Threw 0x00000007d7b1c0b0 at /build/buildd/openjdk-7-7u79-2.5.5/build/openjdk/hotspot/src/share/vm/prims/jvm.cpp:1284
Event: 0.496 Thread 0x00007fb2b000a000 Threw 0x00000007d7b21c00 at /build/buildd/openjdk-7-7u79-2.5.5/build/openjdk/hotspot/src/share/vm/prims/jvm.cpp:1284
Event: 0.497 Thread 0x00007fb2b000a000 Threw 0x00000007d7b26fb0 at /build/buildd/openjdk-7-7u79-2.5.5/build/openjdk/hotspot/src/share/vm/prims/jvm.cpp:1284
Event: 0.497 Thread 0x00007fb2b000a000 Threw 0x00000007d7b2d660 at /build/buildd/openjdk-7-7u79-2.5.5/build/openjdk/hotspot/src/share/vm/prims/jvm.cpp:1284
Event: 0.498 Thread 0x00007fb2b000a000 Threw 0x00000007d7b32c60 at /build/buildd/openjdk-7-7u79-2.5.5/build/openjdk/hotspot/src/share/vm/prims/jvm.cpp:1284
Event: 0.498 Thread 0x00007fb2b000a000 Threw 0x00000007d7b381f8 at /build/buildd/openjdk-7-7u79-2.5.5/build/openjdk/hotspot/src/share/vm/prims/jvm.cpp:1284
Event: 0.498 Thread 0x00007fb2b000a000 Threw 0x00000007d7b3d610 at /build/buildd/openjdk-7-7u79-2.5.5/build/openjdk/hotspot/src/share/vm/prims/jvm.cpp:1284
Event: 0.499 Thread 0x00007fb2b000a000 Threw 0x00000007d7b42aa8 at /build/buildd/openjdk-7-7u79-2.5.5/build/openjdk/hotspot/src/share/vm/prims/jvm.cpp:1284
Event: 0.499 Thread 0x00007fb2b000a000 Threw 0x00000007d7b47f08 at /build/buildd/openjdk-7-7u79-2.5.5/build/openjdk/hotspot/src/share/vm/prims/jvm.cpp:1284
Event: 0.506 Thread 0x00007fb2b000a000 Threw 0x00000007d7ba35c8 at /build/buildd/openjdk-7-7u79-2.5.5/build/openjdk/hotspot/src/share/vm/prims/jvm.cpp:1284

Events (10 events):
Event: 0.502 loading class 0x00007fb2b017ced0
Event: 0.502 loading class 0x00007fb2b017ced0 done
Event: 0.502 loading class 0x00007fb2b01718c0
Event: 0.502 loading class 0x00007fb2b01718c0 done
Event: 0.503 loading class 0x00007fb284062b40
Event: 0.503 loading class 0x00007fb284062b40 done
Event: 0.505 loading class 0x00007fb2b00b8380
Event: 0.505 loading class 0x00007fb2b00b8380 done
Event: 0.506 loading class 0x00007fb2b0221520
Event: 0.506 loading class 0x00007fb2b0221520 done


Dynamic libraries:
00400000-00401000 r-xp 00000000 08:05 298468                             /usr/lib/jvm/java-7-openjdk-amd64/jre/bin/java
00600000-00601000 r--p 00000000 08:05 298468                             /usr/lib/jvm/java-7-openjdk-amd64/jre/bin/java
00601000-00602000 rw-p 00001000 08:05 298468                             /usr/lib/jvm/java-7-openjdk-amd64/jre/bin/java
010a4000-010c5000 rw-p 00000000 00:00 0                                  [heap]
77a600000-77bb00000 rw-p 00000000 00:00 0 
77bb00000-784c00000 rw-p 00000000 00:00 0 
784c00000-789e00000 rw-p 00000000 00:00 0 
789e00000-7d6e80000 rw-p 00000000 00:00 0 
7d6e80000-7d9800000 rw-p 00000000 00:00 0 
7d9800000-800000000 rw-p 00000000 00:00 0 
7fb268000000-7fb268021000 rw-p 00000000 00:00 0 
7fb268021000-7fb26c000000 ---p 00000000 00:00 0 
7fb26d412000-7fb26d429000 r-xp 00000000 08:05 298523                     /usr/lib/jvm/java-7-openjdk-amd64/jre/lib/amd64/libnet.so
7fb26d429000-7fb26d628000 ---p 00017000 08:05 298523                     /usr/lib/jvm/java-7-openjdk-amd64/jre/lib/amd64/libnet.so
7fb26d628000-7fb26d629000 r--p 00016000 08:05 298523                     /usr/lib/jvm/java-7-openjdk-amd64/jre/lib/amd64/libnet.so
7fb26d629000-7fb26d62a000 rw-p 00017000 08:05 298523                     /usr/lib/jvm/java-7-openjdk-amd64/jre/lib/amd64/libnet.so
7fb26d62a000-7fb26d63b000 r-xp 00000000 08:05 298494                     /usr/lib/jvm/java-7-openjdk-amd64/jre/lib/amd64/libnio.so
7fb26d63b000-7fb26d83a000 ---p 00011000 08:05 298494                     /usr/lib/jvm/java-7-openjdk-amd64/jre/lib/amd64/libnio.so
7fb26d83a000-7fb26d83b000 r--p 00010000 08:05 298494                     /usr/lib/jvm/java-7-openjdk-amd64/jre/lib/amd64/libnio.so
7fb26d83b000-7fb26d83c000 rw-p 00011000 08:05 298494                     /usr/lib/jvm/java-7-openjdk-amd64/jre/lib/amd64/libnio.so
7fb26d83c000-7fb26d847000 r-xp 00000000 08:05 275200                     /usr/lib/x86_64-linux-gnu/libjbig.so.0
7fb26d847000-7fb26da46000 ---p 0000b000 08:05 275200                     /usr/lib/x86_64-linux-gnu/libjbig.so.0
7fb26da46000-7fb26da47000 r--p 0000a000 08:05 275200                     /usr/lib/x86_64-linux-gnu/libjbig.so.0
7fb26da47000-7fb26da4a000 rw-p 0000b000 08:05 275200                     /usr/lib/x86_64-linux-gnu/libjbig.so.0
7fb26da4a000-7fb26da6b000 r-xp 00000000 08:05 5508                       /lib/x86_64-linux-gnu/liblzma.so.5.0.0
7fb26da6b000-7fb26dc6a000 ---p 00021000 08:05 5508                       /lib/x86_64-linux-gnu/liblzma.so.5.0.0
7fb26dc6a000-7fb26dc6b000 r--p 00020000 08:05 5508                       /lib/x86_64-linux-gnu/liblzma.so.5.0.0
7fb26dc6b000-7fb26dc6c000 rw-p 00021000 08:05 5508                       /lib/x86_64-linux-gnu/liblzma.so.5.0.0
7fb26dc6c000-7fb26dcc2000 r-xp 00000000 08:05 275649                     /usr/lib/x86_64-linux-gnu/libwebp.so.5.0.1
7fb26dcc2000-7fb26dec1000 ---p 00056000 08:05 275649                     /usr/lib/x86_64-linux-gnu/libwebp.so.5.0.1
7fb26dec1000-7fb26dec2000 r--p 00055000 08:05 275649                     /usr/lib/x86_64-linux-gnu/libwebp.so.5.0.1
7fb26dec2000-7fb26dec4000 rw-p 00056000 08:05 275649                     /usr/lib/x86_64-linux-gnu/libwebp.so.5.0.1
7fb26dec4000-7fb26df34000 r-xp 00000000 08:05 282436                     /usr/lib/x86_64-linux-gnu/libtiff.so.5.2.0
7fb26df34000-7fb26e133000 ---p 00070000 08:05 282436                     /usr/lib/x86_64-linux-gnu/libtiff.so.5.2.0
7fb26e133000-7fb26e135000 r--p 0006f000 08:05 282436                     /usr/lib/x86_64-linux-gnu/libtiff.so.5.2.0
7fb26e135000-7fb26e138000 rw-p 00071000 08:05 282436                     /usr/lib/x86_64-linux-gnu/libtiff.so.5.2.0
7fb26e138000-7fb26e140000 r-xp 00000000 08:05 298656                     /usr/lib/x86_64-linux-gnu/libgif.so.4.1.6
7fb26e140000-7fb26e33f000 ---p 00008000 08:05 298656                     /usr/lib/x86_64-linux-gnu/libgif.so.4.1.6
7fb26e33f000-7fb26e340000 r--p 00007000 08:05 298656                     /usr/lib/x86_64-linux-gnu/libgif.so.4.1.6
7fb26e340000-7fb26e341000 rw-p 00008000 08:05 298656                     /usr/lib/x86_64-linux-gnu/libgif.so.4.1.6
7fb26e341000-7fb26e546000 r-xp 00000000 08:05 310004                     /usr/lib/liblept.so.4.0.2
7fb26e546000-7fb26e746000 ---p 00205000 08:05 310004                     /usr/lib/liblept.so.4.0.2
7fb26e746000-7fb26e747000 r--p 00205000 08:05 310004                     /usr/lib/liblept.so.4.0.2
7fb26e747000-7fb26e74d000 rw-p 00206000 08:05 310004                     /usr/lib/liblept.so.4.0.2
7fb26e74d000-7fb26ea5c000 r-xp 00000000 08:05 310073                     /usr/local/lib/libtesseract.so.3.0.4
7fb26ea5c000-7fb26ec5b000 ---p 0030f000 08:05 310073                     /usr/local/lib/libtesseract.so.3.0.4
7fb26ec5b000-7fb26ec61000 r--p 0030e000 08:05 310073                     /usr/local/lib/libtesseract.so.3.0.4
7fb26ec61000-7fb26ec69000 rw-p 00314000 08:05 310073                     /usr/local/lib/libtesseract.so.3.0.4
7fb26ec69000-7fb26eeff000 rw-p 00000000 00:00 0 
7fb26eeff000-7fb26ef16000 r-xp 00000000 08:05 24175                      /tmp/jna-105408/jna35146850045761299.tmp (deleted)
7fb26ef16000-7fb26f015000 ---p 00017000 08:05 24175                      /tmp/jna-105408/jna35146850045761299.tmp (deleted)
7fb26f015000-7fb26f017000 rw-p 00016000 08:05 24175                      /tmp/jna-105408/jna35146850045761299.tmp (deleted)
7fb26f017000-7fb26f05a000 r-xp 00000000 08:05 275202                     /usr/lib/x86_64-linux-gnu/libjpeg.so.8.0.2
7fb26f05a000-7fb26f25a000 ---p 00043000 08:05 275202                     /usr/lib/x86_64-linux-gnu/libjpeg.so.8.0.2
7fb26f25a000-7fb26f25b000 r--p 00043000 08:05 275202                     /usr/lib/x86_64-linux-gnu/libjpeg.so.8.0.2
7fb26f25b000-7fb26f25c000 rw-p 00044000 08:05 275202                     /usr/lib/x86_64-linux-gnu/libjpeg.so.8.0.2
7fb26f25c000-7fb26f26c000 rw-p 00000000 00:00 0 
7fb26f26c000-7fb26f276000 r-xp 00000000 08:05 298497                     /usr/lib/jvm/java-7-openjdk-amd64/jre/lib/amd64/libjavajpeg.so
7fb26f276000-7fb26f475000 ---p 0000a000 08:05 298497                     /usr/lib/jvm/java-7-openjdk-amd64/jre/lib/amd64/libjavajpeg.so
7fb26f475000-7fb26f476000 r--p 00009000 08:05 298497                     /usr/lib/jvm/java-7-openjdk-amd64/jre/lib/amd64/libjavajpeg.so
7fb26f476000-7fb26f477000 rw-p 0000a000 08:05 298497                     /usr/lib/jvm/java-7-openjdk-amd64/jre/lib/amd64/libjavajpeg.so
7fb26f477000-7fb26f4e3000 r-xp 00000000 08:05 5568                       /lib/x86_64-linux-gnu/libpcre.so.3.13.1
7fb26f4e3000-7fb26f6e2000 ---p 0006c000 08:05 5568                       /lib/x86_64-linux-gnu/libpcre.so.3.13.1
7fb26f6e2000-7fb26f6e3000 r--p 0006b000 08:05 5568                       /lib/x86_64-linux-gnu/libpcre.so.3.13.1
7fb26f6e3000-7fb26f6e4000 rw-p 0006c000 08:05 5568                       /lib/x86_64-linux-gnu/libpcre.so.3.13.1
7fb26f6e4000-7fb26f709000 r-xp 00000000 08:05 5580                       /lib/x86_64-linux-gnu/libpng12.so.0.51.0
7fb26f709000-7fb26f908000 ---p 00025000 08:05 5580                       /lib/x86_64-linux-gnu/libpng12.so.0.51.0
7fb26f908000-7fb26f909000 r--p 00024000 08:05 5580                       /lib/x86_64-linux-gnu/libpng12.so.0.51.0
7fb26f909000-7fb26f90a000 rw-p 00025000 08:05 5580                       /lib/x86_64-linux-gnu/libpng12.so.0.51.0
7fb26f90a000-7fb26f950000 r-xp 00000000 08:05 20376                      /lib/x86_64-linux-gnu/libdbus-1.so.3.8.7
7fb26f950000-7fb26fb4f000 ---p 00046000 08:05 20376                      /lib/x86_64-linux-gnu/libdbus-1.so.3.8.7
7fb26fb4f000-7fb26fb51000 r--p 00045000 08:05 20376                      /lib/x86_64-linux-gnu/libdbus-1.so.3.8.7
7fb26fb51000-7fb26fb52000 rw-p 00047000 08:05 20376                      /lib/x86_64-linux-gnu/libdbus-1.so.3.8.7
7fb26fb52000-7fb26fbd0000 r-xp 00000000 08:05 274990                     /usr/lib/x86_64-linux-gnu/libgmp.so.10.2.0
7fb26fbd0000-7fb26fdd0000 ---p 0007e000 08:05 274990                     /usr/lib/x86_64-linux-gnu/libgmp.so.10.2.0
7fb26fdd0000-7fb26fdd1000 r--p 0007e000 08:05 274990                     /usr/lib/x86_64-linux-gnu/libgmp.so.10.2.0
7fb26fdd1000-7fb26fdd2000 rw-p 0007f000 08:05 274990                     /usr/lib/x86_64-linux-gnu/libgmp.so.10.2.0
7fb26fdd2000-7fb26fdfe000 r-xp 00000000 08:05 275147                     /usr/lib/x86_64-linux-gnu/libhogweed.so.2.5
7fb26fdfe000-7fb26fffe000 ---p 0002c000 08:05 275147                     /usr/lib/x86_64-linux-gnu/libhogweed.so.2.5
7fb26fffe000-7fb26ffff000 r--p 0002c000 08:05 275147                     /usr/lib/x86_64-linux-gnu/libhogweed.so.2.5
7fb26ffff000-7fb270000000 rw-p 0002d000 08:05 275147                     /usr/lib/x86_64-linux-gnu/libhogweed.so.2.5
7fb270000000-7fb270021000 rw-p 00000000 00:00 0 
7fb270021000-7fb274000000 ---p 00000000 00:00 0 
7fb274013000-7fb274016000 r-xp 00000000 08:05 5504                       /lib/x86_64-linux-gnu/libkeyutils.so.1.5
7fb274016000-7fb274215000 ---p 00003000 08:05 5504                       /lib/x86_64-linux-gnu/libkeyutils.so.1.5
7fb274215000-7fb274216000 r--p 00002000 08:05 5504                       /lib/x86_64-linux-gnu/libkeyutils.so.1.5
7fb274216000-7fb274217000 rw-p 00003000 08:05 5504                       /lib/x86_64-linux-gnu/libkeyutils.so.1.5
7fb274217000-7fb274246000 r-xp 00000000 08:05 275284                     /usr/lib/x86_64-linux-gnu/libnettle.so.4.7
7fb274246000-7fb274446000 ---p 0002f000 08:05 275284                     /usr/lib/x86_64-linux-gnu/libnettle.so.4.7
7fb274446000-7fb274447000 r--p 0002f000 08:05 275284                     /usr/lib/x86_64-linux-gnu/libnettle.so.4.7
7fb274447000-7fb274448000 rw-p 00030000 08:05 275284                     /usr/lib/x86_64-linux-gnu/libnettle.so.4.7
7fb274448000-7fb274459000 r-xp 00000000 08:05 268069                     /usr/lib/x86_64-linux-gnu/libtasn1.so.6.3.0
7fb274459000-7fb274659000 ---p 00011000 08:05 268069                     /usr/lib/x86_64-linux-gnu/libtasn1.so.6.3.0
7fb274659000-7fb27465a000 r--p 00011000 08:05 268069                     /usr/lib/x86_64-linux-gnu/libtasn1.so.6.3.0
7fb27465a000-7fb27465b000 rw-p 00012000 08:05 268069                     /usr/lib/x86_64-linux-gnu/libtasn1.so.6.3.0
7fb27465b000-7fb274696000 r-xp 00000000 08:05 275334                     /usr/lib/x86_64-linux-gnu/libp11-kit.so.0.0.0
7fb274696000-7fb274895000 ---p 0003b000 08:05 275334                     /usr/lib/x86_64-linux-gnu/libp11-kit.so.0.0.0
7fb274895000-7fb27489b000 r--p 0003a000 08:05 275334                     /usr/lib/x86_64-linux-gnu/libp11-kit.so.0.0.0
7fb27489b000-7fb27489d000 rw-p 00040000 08:05 275334                     /usr/lib/x86_64-linux-gnu/libp11-kit.so.0.0.0
7fb27489d000-7fb2748a7000 r-xp 00000000 08:05 274434                     /usr/lib/x86_64-linux-gnu/libkrb5support.so.0.1
7fb2748a7000-7fb274aa6000 ---p 0000a000 08:05 274434                     /usr/lib/x86_64-linux-gnu/libkrb5support.so.0.1
7fb274aa6000-7fb274aa7000 r--p 00009000 08:05 274434                     /usr/lib/x86_64-linux-gnu/libkrb5support.so.0.1
7fb274aa7000-7fb274aa8000 rw-p 0000a000 08:05 274434                     /usr/lib/x86_64-linux-gnu/libkrb5support.so.0.1
7fb274aa8000-7fb274aab000 r-xp 00000000 08:05 19397                      /lib/x86_64-linux-gnu/libcom_err.so.2.1
7fb274aab000-7fb274caa000 ---p 00003000 08:05 19397                      /lib/x86_64-linux-gnu/libcom_err.so.2.1
7fb274caa000-7fb274cab000 r--p 00002000 08:05 19397                      /lib/x86_64-linux-gnu/libcom_err.so.2.1
7fb274cab000-7fb274cac000 rw-p 00003000 08:05 19397                      /lib/x86_64-linux-gnu/libcom_err.so.2.1
7fb274cac000-7fb274cd9000 r-xp 00000000 08:05 274437                     /usr/lib/x86_64-linux-gnu/libk5crypto.so.3.1
7fb274cd9000-7fb274ed8000 ---p 0002d000 08:05 274437                     /usr/lib/x86_64-linux-gnu/libk5crypto.so.3.1
7fb274ed8000-7fb274eda000 r--p 0002c000 08:05 274437                     /usr/lib/x86_64-linux-gnu/libk5crypto.so.3.1
7fb274eda000-7fb274edb000 rw-p 0002e000 08:05 274437                     /usr/lib/x86_64-linux-gnu/libk5crypto.so.3.1
7fb274edb000-7fb274edc000 rw-p 00000000 00:00 0 
7fb274edc000-7fb274f9c000 r-xp 00000000 08:05 274432                     /usr/lib/x86_64-linux-gnu/libkrb5.so.3.3
7fb274f9c000-7fb27519c000 ---p 000c0000 08:05 274432                     /usr/lib/x86_64-linux-gnu/libkrb5.so.3.3
7fb27519c000-7fb2751a9000 r--p 000c0000 08:05 274432                     /usr/lib/x86_64-linux-gnu/libkrb5.so.3.3
7fb2751a9000-7fb2751ab000 rw-p 000cd000 08:05 274432                     /usr/lib/x86_64-linux-gnu/libkrb5.so.3.3
7fb2751ab000-7fb2751b0000 r-xp 00000000 08:05 274588                     /usr/lib/x86_64-linux-gnu/libXdmcp.so.6.0.0
7fb2751b0000-7fb2753af000 ---p 00005000 08:05 274588                     /usr/lib/x86_64-linux-gnu/libXdmcp.so.6.0.0
7fb2753af000-7fb2753b0000 r--p 00004000 08:05 274588                     /usr/lib/x86_64-linux-gnu/libXdmcp.so.6.0.0
7fb2753b0000-7fb2753b1000 rw-p 00005000 08:05 274588                     /usr/lib/x86_64-linux-gnu/libXdmcp.so.6.0.0
7fb2753b1000-7fb2753b3000 r-xp 00000000 08:05 274577                     /usr/lib/x86_64-linux-gnu/libXau.so.6.0.0
7fb2753b3000-7fb2755b3000 ---p 00002000 08:05 274577                     /usr/lib/x86_64-linux-gnu/libXau.so.6.0.0
7fb2755b3000-7fb2755b4000 r--p 00002000 08:05 274577                     /usr/lib/x86_64-linux-gnu/libXau.so.6.0.0
7fb2755b4000-7fb2755b5000 rw-p 00003000 08:05 274577                     /usr/lib/x86_64-linux-gnu/libXau.so.6.0.0
7fb2755b5000-7fb2755bc000 r-xp 00000000 08:05 274877                     /usr/lib/x86_64-linux-gnu/libffi.so.6.0.2
7fb2755bc000-7fb2757bb000 ---p 00007000 08:05 274877                     /usr/lib/x86_64-linux-gnu/libffi.so.6.0.2
7fb2757bb000-7fb2757bc000 r--p 00006000 08:05 274877                     /usr/lib/x86_64-linux-gnu/libffi.so.6.0.2
7fb2757bc000-7fb2757bd000 rw-p 00007000 08:05 274877                     /usr/lib/x86_64-linux-gnu/libffi.so.6.0.2
7fb2757bd000-7fb2757d4000 r-xp 00000000 08:05 19311                      /lib/x86_64-linux-gnu/libresolv-2.19.so
7fb2757d4000-7fb2759d4000 ---p 00017000 08:05 19311                      /lib/x86_64-linux-gnu/libresolv-2.19.so
7fb2759d4000-7fb2759d5000 r--p 00017000 08:05 19311                      /lib/x86_64-linux-gnu/libresolv-2.19.so
7fb2759d5000-7fb2759d6000 rw-p 00018000 08:05 19311                      /lib/x86_64-linux-gnu/libresolv-2.19.so
7fb2759d6000-7fb2759d8000 rw-p 00000000 00:00 0 
7fb2759d8000-7fb2759f9000 r-xp 00000000 08:05 5595                       /lib/x86_64-linux-gnu/libselinux.so.1
7fb2759f9000-7fb275bf8000 ---p 00021000 08:05 5595                       /lib/x86_64-linux-gnu/libselinux.so.1
7fb275bf8000-7fb275bf9000 r--p 00020000 08:05 5595                       /lib/x86_64-linux-gnu/libselinux.so.1
7fb275bf9000-7fb275bfa000 rw-p 00021000 08:05 5595                       /lib/x86_64-linux-gnu/libselinux.so.1
7fb275bfa000-7fb275bfc000 rw-p 00000000 00:00 0 
7fb275bfc000-7fb275d08000 r-xp 00000000 08:05 5294                       /lib/x86_64-linux-gnu/libglib-2.0.so.0.4200.1
7fb275d08000-7fb275f08000 ---p 0010c000 08:05 5294                       /lib/x86_64-linux-gnu/libglib-2.0.so.0.4200.1
7fb275f08000-7fb275f09000 r--p 0010c000 08:05 5294                       /lib/x86_64-linux-gnu/libglib-2.0.so.0.4200.1
7fb275f09000-7fb275f0a000 rw-p 0010d000 08:05 5294                       /lib/x86_64-linux-gnu/libglib-2.0.so.0.4200.1
7fb275f0a000-7fb275f0b000 rw-p 00000000 00:00 0 
7fb275f0b000-7fb275f0e000 r-xp 00000000 08:05 268184                     /usr/lib/x86_64-linux-gnu/libgmodule-2.0.so.0.4200.1
7fb275f0e000-7fb27610d000 ---p 00003000 08:05 268184                     /usr/lib/x86_64-linux-gnu/libgmodule-2.0.so.0.4200.1
7fb27610d000-7fb27610e000 r--p 00002000 08:05 268184                     /usr/lib/x86_64-linux-gnu/libgmodule-2.0.so.0.4200.1
7fb27610e000-7fb27610f000 rw-p 00003000 08:05 268184                     /usr/lib/x86_64-linux-gnu/libgmodule-2.0.so.0.4200.1
7fb27610f000-7fb276135000 r-xp 00000000 08:05 5481                       /lib/x86_64-linux-gnu/libexpat.so.1.6.0
7fb276135000-7fb276334000 ---p 00026000 08:05 5481                       /lib/x86_64-linux-gnu/libexpat.so.1.6.0
7fb276334000-7fb276337000 r--p 00025000 08:05 5481                       /lib/x86_64-linux-gnu/libexpat.so.1.6.0
7fb276337000-7fb276338000 rw-p 00028000 08:05 5481                       /lib/x86_64-linux-gnu/libexpat.so.1.6.0
7fb276338000-7fb2763da000 r-xp 00000000 08:05 267920                     /usr/lib/x86_64-linux-gnu/libfreetype.so.6.11.1
7fb2763da000-7fb2765d9000 ---p 000a2000 08:05 267920                     /usr/lib/x86_64-linux-gnu/libfreetype.so.6.11.1
7fb2765d9000-7fb2765df000 r--p 000a1000 08:05 267920                     /usr/lib/x86_64-linux-gnu/libfreetype.so.6.11.1
7fb2765df000-7fb2765e0000 rw-p 000a7000 08:05 267920                     /usr/lib/x86_64-linux-gnu/libfreetype.so.6.11.1
7fb2765e0000-7fb2765f0000 r-xp 00000000 08:05 274681                     /usr/lib/x86_64-linux-gnu/libavahi-client.so.3.2.9
7fb2765f0000-7fb2767ef000 ---p 00010000 08:05 274681                     /usr/lib/x86_64-linux-gnu/libavahi-client.so.3.2.9
7fb2767ef000-7fb2767f0000 r--p 0000f000 08:05 274681                     /usr/lib/x86_64-linux-gnu/libavahi-client.so.3.2.9
7fb2767f0000-7fb2767f1000 rw-p 00010000 08:05 274681                     /usr/lib/x86_64-linux-gnu/libavahi-client.so.3.2.9
7fb2767f1000-7fb2767fc000 r-xp 00000000 08:05 274683                     /usr/lib/x86_64-linux-gnu/libavahi-common.so.3.5.3
7fb2767fc000-7fb2769fb000 ---p 0000b000 08:05 274683                     /usr/lib/x86_64-linux-gnu/libavahi-common.so.3.5.3
7fb2769fb000-7fb2769fc000 r--p 0000a000 08:05 274683                     /usr/lib/x86_64-linux-gnu/libavahi-common.so.3.5.3
7fb2769fc000-7fb2769fd000 rw-p 0000b000 08:05 274683                     /usr/lib/x86_64-linux-gnu/libavahi-common.so.3.5.3
7fb2769fd000-7fb276afc000 r-xp 00000000 08:05 268077                     /usr/lib/x86_64-linux-gnu/libgnutls-deb0.so.28.30.7
7fb276afc000-7fb276cfb000 ---p 000ff000 08:05 268077                     /usr/lib/x86_64-linux-gnu/libgnutls-deb0.so.28.30.7
7fb276cfb000-7fb276d04000 r--p 000fe000 08:05 268077                     /usr/lib/x86_64-linux-gnu/libgnutls-deb0.so.28.30.7
7fb276d04000-7fb276d06000 rw-p 00107000 08:05 268077                     /usr/lib/x86_64-linux-gnu/libgnutls-deb0.so.28.30.7
7fb276d06000-7fb276d4b000 r-xp 00000000 08:05 274243                     /usr/lib/x86_64-linux-gnu/libgssapi_krb5.so.2.2
7fb276d4b000-7fb276f4a000 ---p 00045000 08:05 274243                     /usr/lib/x86_64-linux-gnu/libgssapi_krb5.so.2.2
7fb276f4a000-7fb276f4c000 r--p 00044000 08:05 274243                     /usr/lib/x86_64-linux-gnu/libgssapi_krb5.so.2.2
7fb276f4c000-7fb276f4d000 rw-p 00046000 08:05 274243                     /usr/lib/x86_64-linux-gnu/libgssapi_krb5.so.2.2
7fb276f4d000-7fb276f4e000 rw-p 00000000 00:00 0 
7fb276f4e000-7fb276f6b000 r-xp 00000000 08:05 275697                     /usr/lib/x86_64-linux-gnu/libxcb.so.1.1.0
7fb276f6b000-7fb27716b000 ---p 0001d000 08:05 275697                     /usr/lib/x86_64-linux-gnu/libxcb.so.1.1.0
7fb27716b000-7fb27716c000 r--p 0001d000 08:05 275697                     /usr/lib/x86_64-linux-gnu/libxcb.so.1.1.0
7fb27716c000-7fb27716d000 rw-p 0001e000 08:05 275697                     /usr/lib/x86_64-linux-gnu/libxcb.so.1.1.0
7fb27716d000-7fb2771bd000 r-xp 00000000 08:05 268182                     /usr/lib/x86_64-linux-gnu/libgobject-2.0.so.0.4200.1
7fb2771bd000-7fb2773bd000 ---p 00050000 08:05 268182                     /usr/lib/x86_64-linux-gnu/libgobject-2.0.so.0.4200.1
7fb2773bd000-7fb2773be000 r--p 00050000 08:05 268182                     /usr/lib/x86_64-linux-gnu/libgobject-2.0.so.0.4200.1
7fb2773be000-7fb2773bf000 rw-p 00051000 08:05 268182                     /usr/lib/x86_64-linux-gnu/libgobject-2.0.so.0.4200.1
7fb2773bf000-7fb277530000 r-xp 00000000 08:05 268183                     /usr/lib/x86_64-linux-gnu/libgio-2.0.so.0.4200.1
7fb277530000-7fb277730000 ---p 00171000 08:05 268183                     /usr/lib/x86_64-linux-gnu/libgio-2.0.so.0.4200.1
7fb277730000-7fb277734000 r--p 00171000 08:05 268183                     /usr/lib/x86_64-linux-gnu/libgio-2.0.so.0.4200.1
7fb277734000-7fb277736000 rw-p 00175000 08:05 268183                     /usr/lib/x86_64-linux-gnu/libgio-2.0.so.0.4200.1
7fb277736000-7fb277738000 rw-p 00000000 00:00 0 
7fb277738000-7fb277773000 r-xp 00000000 08:05 274891                     /usr/lib/x86_64-linux-gnu/libfontconfig.so.1.8.0
7fb277773000-7fb277972000 ---p 0003b000 08:05 274891                     /usr/lib/x86_64-linux-gnu/libfontconfig.so.1.8.0
7fb277972000-7fb277974000 r--p 0003a000 08:05 274891                     /usr/lib/x86_64-linux-gnu/libfontconfig.so.1.8.0
7fb277974000-7fb277975000 rw-p 0003c000 08:05 274891                     /usr/lib/x86_64-linux-gnu/libfontconfig.so.1.8.0
7fb277975000-7fb2779e2000 r-xp 00000000 08:05 263551                     /usr/lib/x86_64-linux-gnu/libcups.so.2
7fb2779e2000-7fb277be2000 ---p 0006d000 08:05 263551                     /usr/lib/x86_64-linux-gnu/libcups.so.2
7fb277be2000-7fb277be9000 r--p 0006d000 08:05 263551                     /usr/lib/x86_64-linux-gnu/libcups.so.2
7fb277be9000-7fb277bea000 rw-p 00074000 08:05 263551                     /usr/lib/x86_64-linux-gnu/libcups.so.2
7fb277bea000-7fb277bf9000 r-xp 00000000 08:05 274598                     /usr/lib/x86_64-linux-gnu/libXi.so.6.1.0
7fb277bf9000-7fb277df8000 ---p 0000f000 08:05 274598                     /usr/lib/x86_64-linux-gnu/libXi.so.6.1.0
7fb277df8000-7fb277df9000 r--p 0000e000 08:05 274598                     /usr/lib/x86_64-linux-gnu/libXi.so.6.1.0
7fb277df9000-7fb277dfa000 rw-p 0000f000 08:05 274598                     /usr/lib/x86_64-linux-gnu/libXi.so.6.1.0
7fb277dfa000-7fb277dff000 r-xp 00000000 08:05 274618                     /usr/lib/x86_64-linux-gnu/libXtst.so.6.1.0
7fb277dff000-7fb277ffe000 ---p 00005000 08:05 274618                     /usr/lib/x86_64-linux-gnu/libXtst.so.6.1.0
7fb277ffe000-7fb277fff000 r--p 00004000 08:05 274618                     /usr/lib/x86_64-linux-gnu/libXtst.so.6.1.0
7fb277fff000-7fb278000000 rw-p 00005000 08:05 274618                     /usr/lib/x86_64-linux-gnu/libXtst.so.6.1.0
7fb278000000-7fb2781e5000 rw-p 00000000 00:00 0 
7fb2781e5000-7fb27c000000 ---p 00000000 00:00 0 
7fb27c000000-7fb27c021000 rw-p 00000000 00:00 0 
7fb27c021000-7fb280000000 ---p 00000000 00:00 0 
7fb280000000-7fb280021000 rw-p 00000000 00:00 0 
7fb280021000-7fb284000000 ---p 00000000 00:00 0 
7fb284000000-7fb2842e1000 rw-p 00000000 00:00 0 
7fb2842e1000-7fb288000000 ---p 00000000 00:00 0 
7fb288000000-7fb288021000 rw-p 00000000 00:00 0 
7fb288021000-7fb28c000000 ---p 00000000 00:00 0 
7fb28c000000-7fb28c021000 rw-p 00000000 00:00 0 
7fb28c021000-7fb290000000 ---p 00000000 00:00 0 
7fb290000000-7fb290021000 rw-p 00000000 00:00 0 
7fb290021000-7fb294000000 ---p 00000000 00:00 0 
7fb294000000-7fb294021000 rw-p 00000000 00:00 0 
7fb294021000-7fb298000000 ---p 00000000 00:00 0 
7fb298000000-7fb298021000 rw-p 00000000 00:00 0 
7fb298021000-7fb29c000000 ---p 00000000 00:00 0 
7fb29c000000-7fb29c021000 rw-p 00000000 00:00 0 
7fb29c021000-7fb2a0000000 ---p 00000000 00:00 0 
7fb2a0000000-7fb2a0021000 rw-p 00000000 00:00 0 
7fb2a0021000-7fb2a4000000 ---p 00000000 00:00 0 
7fb2a40de000-7fb2a40e1000 ---p 00000000 00:00 0 
7fb2a40e1000-7fb2a41df000 rw-p 00000000 00:00 0                          [stack:2687]
7fb2a41df000-7fb2a41e8000 r-xp 00000000 08:05 274918                     /usr/lib/x86_64-linux-gnu/libXrender.so.1.3.0
7fb2a41e8000-7fb2a43e7000 ---p 00009000 08:05 274918                     /usr/lib/x86_64-linux-gnu/libXrender.so.1.3.0
7fb2a43e7000-7fb2a43e8000 r--p 00008000 08:05 274918                     /usr/lib/x86_64-linux-gnu/libXrender.so.1.3.0
7fb2a43e8000-7fb2a43e9000 rw-p 00009000 08:05 274918                     /usr/lib/x86_64-linux-gnu/libXrender.so.1.3.0
7fb2a43e9000-7fb2a451c000 r-xp 00000000 08:05 274573                     /usr/lib/x86_64-linux-gnu/libX11.so.6.3.0
7fb2a451c000-7fb2a471c000 ---p 00133000 08:05 274573                     /usr/lib/x86_64-linux-gnu/libX11.so.6.3.0
7fb2a471c000-7fb2a471d000 r--p 00133000 08:05 274573                     /usr/lib/x86_64-linux-gnu/libX11.so.6.3.0
7fb2a471d000-7fb2a4721000 rw-p 00134000 08:05 274573                     /usr/lib/x86_64-linux-gnu/libX11.so.6.3.0
7fb2a4721000-7fb2a4722000 rw-p 00000000 00:00 0 
7fb2a4722000-7fb2a4733000 r-xp 00000000 08:05 275558                     /usr/lib/x86_64-linux-gnu/libXext.so.6.4.0
7fb2a4733000-7fb2a4932000 ---p 00011000 08:05 275558                     /usr/lib/x86_64-linux-gnu/libXext.so.6.4.0
7fb2a4932000-7fb2a4933000 r--p 00010000 08:05 275558                     /usr/lib/x86_64-linux-gnu/libXext.so.6.4.0
7fb2a4933000-7fb2a4934000 rw-p 00011000 08:05 275558                     /usr/lib/x86_64-linux-gnu/libXext.so.6.4.0
7fb2a4952000-7fb2a499a000 r-xp 00000000 08:05 298669                     /usr/lib/jvm/java-7-openjdk-amd64/jre/lib/amd64/xawt/libmawt.so
7fb2a499a000-7fb2a4b9a000 ---p 00048000 08:05 298669                     /usr/lib/jvm/java-7-openjdk-amd64/jre/lib/amd64/xawt/libmawt.so
7fb2a4b9a000-7fb2a4b9b000 r--p 00048000 08:05 298669                     /usr/lib/jvm/java-7-openjdk-amd64/jre/lib/amd64/xawt/libmawt.so
7fb2a4b9b000-7fb2a4b9e000 rw-p 00049000 08:05 298669                     /usr/lib/jvm/java-7-openjdk-amd64/jre/lib/amd64/xawt/libmawt.so
7fb2a4b9e000-7fb2a4b9f000 rw-p 00000000 00:00 0 
7fb2a4b9f000-7fb2a4c3f000 r-xp 00000000 08:05 298500                     /usr/lib/jvm/java-7-openjdk-amd64/jre/lib/amd64/libawt.so
7fb2a4c3f000-7fb2a4e3f000 ---p 000a0000 08:05 298500                     /usr/lib/jvm/java-7-openjdk-amd64/jre/lib/amd64/libawt.so
7fb2a4e3f000-7fb2a4e40000 r--p 000a0000 08:05 298500                     /usr/lib/jvm/java-7-openjdk-amd64/jre/lib/amd64/libawt.so
7fb2a4e40000-7fb2a4e4b000 rw-p 000a1000 08:05 298500                     /usr/lib/jvm/java-7-openjdk-amd64/jre/lib/amd64/libawt.so
7fb2a4e4b000-7fb2a4e70000 rw-p 00000000 00:00 0 
7fb2a4e70000-7fb2a4e71000 ---p 00000000 00:00 0 
7fb2a4e71000-7fb2a4f71000 rw-p 00000000 00:00 0                          [stack:2686]
7fb2a4f71000-7fb2a4f74000 ---p 00000000 00:00 0 
7fb2a4f74000-7fb2a5072000 rw-p 00000000 00:00 0                          [stack:2685]
7fb2a5072000-7fb2a5075000 ---p 00000000 00:00 0 
7fb2a5075000-7fb2a5173000 rw-p 00000000 00:00 0                          [stack:2684]
7fb2a5173000-7fb2a5176000 ---p 00000000 00:00 0 
7fb2a5176000-7fb2a5274000 rw-p 00000000 00:00 0                          [stack:2683]
7fb2a5274000-7fb2a5277000 ---p 00000000 00:00 0 
7fb2a5277000-7fb2a5375000 rw-p 00000000 00:00 0                          [stack:2682]
7fb2a5375000-7fb2a5a57000 r--p 00000000 08:05 272413                     /usr/lib/locale/locale-archive
7fb2a5a57000-7fb2a5a5a000 ---p 00000000 00:00 0 
7fb2a5a5a000-7fb2a5b58000 rw-p 00000000 00:00 0                          [stack:2681]
7fb2a5b58000-7fb2a5b5b000 ---p 00000000 00:00 0 
7fb2a5b5b000-7fb2a5c59000 rw-p 00000000 00:00 0                          [stack:2680]
7fb2a5c59000-7fb2a5c5a000 ---p 00000000 00:00 0 
7fb2a5c5a000-7fb2a6d36000 rw-p 00000000 00:00 0                          [stack:2679]
7fb2a6d36000-7fb2a6ee7000 r--s 01d27000 08:05 298530                     /usr/lib/jvm/java-7-openjdk-amd64/jre/lib/rt.jar
7fb2a6ee7000-7fb2ab6b5000 rw-p 00000000 00:00 0 
7fb2ab6b5000-7fb2ab6b6000 ---p 00000000 00:00 0 
7fb2ab6b6000-7fb2ab7b6000 rw-p 00000000 00:00 0                          [stack:2674]
7fb2ab7b6000-7fb2ab7b7000 ---p 00000000 00:00 0 
7fb2ab7b7000-7fb2ab8b7000 rw-p 00000000 00:00 0                          [stack:2673]
7fb2ab8b7000-7fb2ab8b8000 ---p 00000000 00:00 0 
7fb2ab8b8000-7fb2ab9b8000 rw-p 00000000 00:00 0                          [stack:2672]
7fb2ab9b8000-7fb2ab9b9000 ---p 00000000 00:00 0 
7fb2ab9b9000-7fb2abae2000 rw-p 00000000 00:00 0                          [stack:2671]
7fb2abae2000-7fb2abd4b000 rw-p 00000000 00:00 0 
7fb2abd4b000-7fb2abd56000 rw-p 00000000 00:00 0 
7fb2abd56000-7fb2abd9e000 rw-p 00000000 00:00 0 
7fb2abd9e000-7fb2abdc7000 rw-p 00000000 00:00 0 
7fb2abdc7000-7fb2ac02f000 rw-p 00000000 00:00 0 
7fb2ac02f000-7fb2ac044000 rw-p 00000000 00:00 0 
7fb2ac044000-7fb2ac178000 rw-p 00000000 00:00 0 
7fb2ac178000-7fb2ac179000 rw-p 00000000 00:00 0 
7fb2ac179000-7fb2ac3e9000 rwxp 00000000 00:00 0 
7fb2ac3e9000-7fb2af179000 rw-p 00000000 00:00 0 
7fb2af179000-7fb2af181000 r-xp 00000000 08:05 298496                     /usr/lib/jvm/java-7-openjdk-amd64/jre/lib/amd64/libzip.so
7fb2af181000-7fb2af380000 ---p 00008000 08:05 298496                     /usr/lib/jvm/java-7-openjdk-amd64/jre/lib/amd64/libzip.so
7fb2af380000-7fb2af381000 r--p 00007000 08:05 298496                     /usr/lib/jvm/java-7-openjdk-amd64/jre/lib/amd64/libzip.so
7fb2af381000-7fb2af382000 rw-p 00008000 08:05 298496                     /usr/lib/jvm/java-7-openjdk-amd64/jre/lib/amd64/libzip.so
7fb2af382000-7fb2af38d000 r-xp 00000000 08:05 19316                      /lib/x86_64-linux-gnu/libnss_files-2.19.so
7fb2af38d000-7fb2af58c000 ---p 0000b000 08:05 19316                      /lib/x86_64-linux-gnu/libnss_files-2.19.so
7fb2af58c000-7fb2af58d000 r--p 0000a000 08:05 19316                      /lib/x86_64-linux-gnu/libnss_files-2.19.so
7fb2af58d000-7fb2af58e000 rw-p 0000b000 08:05 19316                      /lib/x86_64-linux-gnu/libnss_files-2.19.so
7fb2af58e000-7fb2af599000 r-xp 00000000 08:05 19318                      /lib/x86_64-linux-gnu/libnss_nis-2.19.so
7fb2af599000-7fb2af798000 ---p 0000b000 08:05 19318                      /lib/x86_64-linux-gnu/libnss_nis-2.19.so
7fb2af798000-7fb2af799000 r--p 0000a000 08:05 19318                      /lib/x86_64-linux-gnu/libnss_nis-2.19.so
7fb2af799000-7fb2af79a000 rw-p 0000b000 08:05 19318                      /lib/x86_64-linux-gnu/libnss_nis-2.19.so
7fb2af79a000-7fb2af7b1000 r-xp 00000000 08:05 19302                      /lib/x86_64-linux-gnu/libnsl-2.19.so
7fb2af7b1000-7fb2af9b0000 ---p 00017000 08:05 19302                      /lib/x86_64-linux-gnu/libnsl-2.19.so
7fb2af9b0000-7fb2af9b1000 r--p 00016000 08:05 19302                      /lib/x86_64-linux-gnu/libnsl-2.19.so
7fb2af9b1000-7fb2af9b2000 rw-p 00017000 08:05 19302                      /lib/x86_64-linux-gnu/libnsl-2.19.so
7fb2af9b2000-7fb2af9b4000 rw-p 00000000 00:00 0 
7fb2af9b4000-7fb2af9bd000 r-xp 00000000 08:05 19303                      /lib/x86_64-linux-gnu/libnss_compat-2.19.so
7fb2af9bd000-7fb2afbbc000 ---p 00009000 08:05 19303                      /lib/x86_64-linux-gnu/libnss_compat-2.19.so
7fb2afbbc000-7fb2afbbd000 r--p 00008000 08:05 19303                      /lib/x86_64-linux-gnu/libnss_compat-2.19.so
7fb2afbbd000-7fb2afbbe000 rw-p 00009000 08:05 19303                      /lib/x86_64-linux-gnu/libnss_compat-2.19.so
7fb2afbbe000-7fb2afbeb000 r-xp 00000000 08:05 298506                     /usr/lib/jvm/java-7-openjdk-amd64/jre/lib/amd64/libjava.so
7fb2afbeb000-7fb2afdea000 ---p 0002d000 08:05 298506                     /usr/lib/jvm/java-7-openjdk-amd64/jre/lib/amd64/libjava.so
7fb2afdea000-7fb2afdeb000 r--p 0002c000 08:05 298506                     /usr/lib/jvm/java-7-openjdk-amd64/jre/lib/amd64/libjava.so
7fb2afdeb000-7fb2afded000 rw-p 0002d000 08:05 298506                     /usr/lib/jvm/java-7-openjdk-amd64/jre/lib/amd64/libjava.so
7fb2afded000-7fb2afdfe000 r-xp 00000000 08:05 298509                     /usr/lib/jvm/java-7-openjdk-amd64/jre/lib/amd64/libverify.so
7fb2afdfe000-7fb2afffd000 ---p 00011000 08:05 298509                     /usr/lib/jvm/java-7-openjdk-amd64/jre/lib/amd64/libverify.so
7fb2afffd000-7fb2affff000 r--p 00010000 08:05 298509                     /usr/lib/jvm/java-7-openjdk-amd64/jre/lib/amd64/libverify.so
7fb2affff000-7fb2b0000000 rw-p 00012000 08:05 298509                     /usr/lib/jvm/java-7-openjdk-amd64/jre/lib/amd64/libverify.so
7fb2b0000000-7fb2b05a6000 rw-p 00000000 00:00 0 
7fb2b05a6000-7fb2b4000000 ---p 00000000 00:00 0 
7fb2b4008000-7fb2b400d000 r--s 0004d000 08:05 298533                     /usr/lib/jvm/java-7-openjdk-amd64/jre/lib/jsse.jar
7fb2b400d000-7fb2b408b000 rw-p 00000000 00:00 0 
7fb2b408b000-7fb2b40d3000 rw-p 00000000 00:00 0 
7fb2b40d3000-7fb2b40da000 r-xp 00000000 08:05 19319                      /lib/x86_64-linux-gnu/librt-2.19.so
7fb2b40da000-7fb2b42d9000 ---p 00007000 08:05 19319                      /lib/x86_64-linux-gnu/librt-2.19.so
7fb2b42d9000-7fb2b42da000 r--p 00006000 08:05 19319                      /lib/x86_64-linux-gnu/librt-2.19.so
7fb2b42da000-7fb2b42db000 rw-p 00007000 08:05 19319                      /lib/x86_64-linux-gnu/librt-2.19.so
7fb2b42db000-7fb2b42f1000 r-xp 00000000 08:05 5486                       /lib/x86_64-linux-gnu/libgcc_s.so.1
7fb2b42f1000-7fb2b44f0000 ---p 00016000 08:05 5486                       /lib/x86_64-linux-gnu/libgcc_s.so.1
7fb2b44f0000-7fb2b44f1000 r--p 00015000 08:05 5486                       /lib/x86_64-linux-gnu/libgcc_s.so.1
7fb2b44f1000-7fb2b44f2000 rw-p 00016000 08:05 5486                       /lib/x86_64-linux-gnu/libgcc_s.so.1
7fb2b44f2000-7fb2b45f7000 r-xp 00000000 08:05 19298                      /lib/x86_64-linux-gnu/libm-2.19.so
7fb2b45f7000-7fb2b47f6000 ---p 00105000 08:05 19298                      /lib/x86_64-linux-gnu/libm-2.19.so
7fb2b47f6000-7fb2b47f7000 r--p 00104000 08:05 19298                      /lib/x86_64-linux-gnu/libm-2.19.so
7fb2b47f7000-7fb2b47f8000 rw-p 00105000 08:05 19298                      /lib/x86_64-linux-gnu/libm-2.19.so
7fb2b47f8000-7fb2b48e8000 r-xp 00000000 08:05 275529                     /usr/lib/x86_64-linux-gnu/libstdc++.so.6.0.20
7fb2b48e8000-7fb2b4ae8000 ---p 000f0000 08:05 275529                     /usr/lib/x86_64-linux-gnu/libstdc++.so.6.0.20
7fb2b4ae8000-7fb2b4af0000 r--p 000f0000 08:05 275529                     /usr/lib/x86_64-linux-gnu/libstdc++.so.6.0.20
7fb2b4af0000-7fb2b4af2000 rw-p 000f8000 08:05 275529                     /usr/lib/x86_64-linux-gnu/libstdc++.so.6.0.20
7fb2b4af2000-7fb2b4b07000 rw-p 00000000 00:00 0 
7fb2b4b07000-7fb2b5657000 r-xp 00000000 08:05 298521                     /usr/lib/jvm/java-7-openjdk-amd64/jre/lib/amd64/server/libjvm.so
7fb2b5657000-7fb2b5856000 ---p 00b50000 08:05 298521                     /usr/lib/jvm/java-7-openjdk-amd64/jre/lib/amd64/server/libjvm.so
7fb2b5856000-7fb2b58f5000 r--p 00b4f000 08:05 298521                     /usr/lib/jvm/java-7-openjdk-amd64/jre/lib/amd64/server/libjvm.so
7fb2b58f5000-7fb2b5918000 rw-p 00bee000 08:05 298521                     /usr/lib/jvm/java-7-openjdk-amd64/jre/lib/amd64/server/libjvm.so
7fb2b5918000-7fb2b5945000 rw-p 00000000 00:00 0 
7fb2b5945000-7fb2b595d000 r-xp 00000000 08:05 5630                       /lib/x86_64-linux-gnu/libz.so.1.2.8
7fb2b595d000-7fb2b5b5c000 ---p 00018000 08:05 5630                       /lib/x86_64-linux-gnu/libz.so.1.2.8
7fb2b5b5c000-7fb2b5b5d000 r--p 00017000 08:05 5630                       /lib/x86_64-linux-gnu/libz.so.1.2.8
7fb2b5b5d000-7fb2b5b5e000 rw-p 00018000 08:05 5630                       /lib/x86_64-linux-gnu/libz.so.1.2.8
7fb2b5b5e000-7fb2b5b77000 r-xp 00000000 08:05 19306                      /lib/x86_64-linux-gnu/libpthread-2.19.so
7fb2b5b77000-7fb2b5d76000 ---p 00019000 08:05 19306                      /lib/x86_64-linux-gnu/libpthread-2.19.so
7fb2b5d76000-7fb2b5d77000 r--p 00018000 08:05 19306                      /lib/x86_64-linux-gnu/libpthread-2.19.so
7fb2b5d77000-7fb2b5d78000 rw-p 00019000 08:05 19306                      /lib/x86_64-linux-gnu/libpthread-2.19.so
7fb2b5d78000-7fb2b5d7c000 rw-p 00000000 00:00 0 
7fb2b5d7c000-7fb2b5d7f000 r-xp 00000000 08:05 19305                      /lib/x86_64-linux-gnu/libdl-2.19.so
7fb2b5d7f000-7fb2b5f7e000 ---p 00003000 08:05 19305                      /lib/x86_64-linux-gnu/libdl-2.19.so
7fb2b5f7e000-7fb2b5f7f000 r--p 00002000 08:05 19305                      /lib/x86_64-linux-gnu/libdl-2.19.so
7fb2b5f7f000-7fb2b5f80000 rw-p 00003000 08:05 19305                      /lib/x86_64-linux-gnu/libdl-2.19.so
7fb2b5f80000-7fb2b613a000 r-xp 00000000 08:05 19317                      /lib/x86_64-linux-gnu/libc-2.19.so
7fb2b613a000-7fb2b6339000 ---p 001ba000 08:05 19317                      /lib/x86_64-linux-gnu/libc-2.19.so
7fb2b6339000-7fb2b633d000 r--p 001b9000 08:05 19317                      /lib/x86_64-linux-gnu/libc-2.19.so
7fb2b633d000-7fb2b633f000 rw-p 001bd000 08:05 19317                      /lib/x86_64-linux-gnu/libc-2.19.so
7fb2b633f000-7fb2b6344000 rw-p 00000000 00:00 0 
7fb2b6344000-7fb2b6351000 r-xp 00000000 08:05 298514                     /usr/lib/jvm/java-7-openjdk-amd64/jre/lib/amd64/jli/libjli.so
7fb2b6351000-7fb2b6550000 ---p 0000d000 08:05 298514                     /usr/lib/jvm/java-7-openjdk-amd64/jre/lib/amd64/jli/libjli.so
7fb2b6550000-7fb2b6551000 r--p 0000c000 08:05 298514                     /usr/lib/jvm/java-7-openjdk-amd64/jre/lib/amd64/jli/libjli.so
7fb2b6551000-7fb2b6552000 rw-p 0000d000 08:05 298514                     /usr/lib/jvm/java-7-openjdk-amd64/jre/lib/amd64/jli/libjli.so
7fb2b6552000-7fb2b6575000 r-xp 00000000 08:05 19312                      /lib/x86_64-linux-gnu/ld-2.19.so
7fb2b6576000-7fb2b6579000 r--s 0233b000 08:07 4599929                    /home/joe/Documents/OCR Project/workspace/workspace/Tesseract/libs/tess4j.jar
7fb2b6579000-7fb2b657d000 r--s 000dc000 08:07 4599931                    /home/joe/Documents/OCR Project/workspace/workspace/Tesseract/libs/jna.jar
7fb2b657d000-7fb2b658e000 r--s 00106000 08:07 4599930                    /home/joe/Documents/OCR Project/workspace/workspace/Tesseract/libs/jai_imageio.jar
7fb2b658e000-7fb2b6598000 rw-p 00000000 00:00 0 
7fb2b6598000-7fb2b664e000 rw-p 00000000 00:00 0 
7fb2b664e000-7fb2b6651000 ---p 00000000 00:00 0 
7fb2b6651000-7fb2b6754000 rw-p 00000000 00:00 0                          [stack:2669]
7fb2b6755000-7fb2b6759000 r--s 00034000 08:05 298549                     /usr/lib/jvm/java-7-openjdk-amd64/jre/lib/ext/sunjce_provider.jar
7fb2b6759000-7fb2b675c000 r--s 0000f000 08:05 298547                     /usr/lib/jvm/java-7-openjdk-amd64/jre/lib/ext/icedtea-sound.jar
7fb2b675c000-7fb2b675f000 r--s 00086000 08:05 298550                     /usr/lib/jvm/java-7-openjdk-amd64/jre/lib/ext/localedata.jar
7fb2b675f000-7fb2b6761000 r--s 00012000 08:05 298546                     /usr/lib/jvm/java-7-openjdk-amd64/jre/lib/ext/zipfs.jar
7fb2b6761000-7fb2b6762000 r--s 00002000 08:05 298548                     /usr/lib/jvm/java-7-openjdk-amd64/jre/lib/ext/dnsns.jar
7fb2b6762000-7fb2b6764000 r--s 00006000 08:05 522850                     /usr/share/java/java-atk-wrapper.jar
7fb2b6764000-7fb2b6768000 r--s 0003c000 08:05 298545                     /usr/lib/jvm/java-7-openjdk-amd64/jre/lib/ext/sunpkcs11.jar
7fb2b6768000-7fb2b6770000 rw-s 00000000 08:05 24174                      /tmp/hsperfdata_joe/2668
7fb2b6770000-7fb2b6771000 rw-p 00000000 00:00 0 
7fb2b6771000-7fb2b6772000 r--p 00000000 00:00 0 
7fb2b6772000-7fb2b6774000 rw-p 00000000 00:00 0 
7fb2b6774000-7fb2b6775000 r--p 00022000 08:05 19312                      /lib/x86_64-linux-gnu/ld-2.19.so
7fb2b6775000-7fb2b6776000 rw-p 00023000 08:05 19312                      /lib/x86_64-linux-gnu/ld-2.19.so
7fb2b6776000-7fb2b6777000 rw-p 00000000 00:00 0 
7fff4a241000-7fff4a262000 rw-p 00000000 00:00 0                          [stack]
7fff4a3db000-7fff4a3dd000 r-xp 00000000 00:00 0                          [vdso]
7fff4a3dd000-7fff4a3df000 r--p 00000000 00:00 0                          [vvar]
ffffffffff600000-ffffffffff601000 r-xp 00000000 00:00 0                  [vsyscall]

VM Arguments:
jvm_args: -Dfile.encoding=UTF-8 
java_command: Main
Launcher Type: SUN_STANDARD

Environment Variables:
PATH=/home/joe/tesseract-ocr/training:/home/joe/tesseract-ocr:/usr/local/sbin:/usr/local/bin:/usr/sbin:/usr/bin:/sbin:/bin:/usr/games:/usr/local/games
SHELL=/bin/bash
DISPLAY=:0.0

Signal Handlers:
SIGSEGV: [libjvm.so+0x983740], sa_mask[0]=0x7ffbfeff, sa_flags=0x10000004
SIGBUS: [libjvm.so+0x983740], sa_mask[0]=0x7ffbfeff, sa_flags=0x10000004
SIGFPE: [libjvm.so+0x7f0180], sa_mask[0]=0x7ffbfeff, sa_flags=0x10000004
SIGPIPE: [libjvm.so+0x7f0180], sa_mask[0]=0x7ffbfeff, sa_flags=0x10000004
SIGXFSZ: [libjvm.so+0x7f0180], sa_mask[0]=0x7ffbfeff, sa_flags=0x10000004
SIGILL: [libjvm.so+0x7f0180], sa_mask[0]=0x7ffbfeff, sa_flags=0x10000004
SIGUSR1: SIG_DFL, sa_mask[0]=0x00000000, sa_flags=0x00000000
SIGUSR2: [libjvm.so+0x7f0000], sa_mask[0]=0x00000004, sa_flags=0x10000004
SIGHUP: [libjvm.so+0x7f0200], sa_mask[0]=0x7ffbfeff, sa_flags=0x10000004
SIGINT: [libjvm.so+0x7f0200], sa_mask[0]=0x7ffbfeff, sa_flags=0x10000004
SIGTERM: [libjvm.so+0x7f0200], sa_mask[0]=0x7ffbfeff, sa_flags=0x10000004
SIGQUIT: [libjvm.so+0x7f0200], sa_mask[0]=0x7ffbfeff, sa_flags=0x10000004
SIGTRAP: SIG_DFL, sa_mask[0]=0x00000000, sa_flags=0x00000000


---------------  S Y S T E M  ---------------

OS:Ubuntu 14.10 (utopic)
uname:Linux 3.16.0-23-generic #31-Ubuntu SMP Tue Oct 21 17:56:17 UTC 2014 x86_64
libc:glibc 2.19 NPTL 2.19 
rlimit: STACK 8192k, CORE 0k, NPROC 31440, NOFILE 4096, AS infinity
load average:1.04 0.44 0.17

/proc/meminfo:
MemTotal:        8070928 kB
MemFree:         6376124 kB
MemAvailable:    6739892 kB
Buffers:           42300 kB
Cached:           809184 kB
SwapCached:            0 kB
Active:           915044 kB
Inactive:         605168 kB
Active(anon):     670732 kB
Inactive(anon):   334376 kB
Active(file):     244312 kB
Inactive(file):   270792 kB
Unevictable:           0 kB
Mlocked:               0 kB
SwapTotal:       7811068 kB
SwapFree:        7811068 kB
Dirty:               808 kB
Writeback:             0 kB
AnonPages:        669488 kB
Mapped:           215452 kB
Shmem:            335780 kB
Slab:              62908 kB
SReclaimable:      35216 kB
SUnreclaim:        27692 kB
KernelStack:        6256 kB
PageTables:        23076 kB
NFS_Unstable:          0 kB
Bounce:                0 kB
WritebackTmp:          0 kB
CommitLimit:    11846532 kB
Committed_AS:    3175308 kB
VmallocTotal:   34359738367 kB
VmallocUsed:      557544 kB
VmallocChunk:   34359166952 kB
HardwareCorrupted:     0 kB
AnonHugePages:    251904 kB
HugePages_Total:       0
HugePages_Free:        0
HugePages_Rsvd:        0
HugePages_Surp:        0
Hugepagesize:       2048 kB
DirectMap4k:       69120 kB
DirectMap2M:     2971648 kB
DirectMap1G:     5242880 kB


CPU:total 4 (2 cores per cpu, 2 threads per core) family 6 model 69 stepping 1, cmov, cx8, fxsr, mmx, sse, sse2, sse3, ssse3, sse4.1, sse4.2, popcnt, avx, avx2, aes, erms, ht, tsc, tscinvbit

/proc/cpuinfo:
processor	: 0
vendor_id	: GenuineIntel
cpu family	: 6
model		: 69
model name	: Intel(R) Core(TM) i5-4300U CPU @ 1.90GHz
stepping	: 1
microcode	: 0x1c
cpu MHz		: 2567.871
cache size	: 3072 KB
physical id	: 0
siblings	: 4
core id		: 0
cpu cores	: 2
apicid		: 0
initial apicid	: 0
fpu		: yes
fpu_exception	: yes
cpuid level	: 13
wp		: yes
flags		: fpu vme de pse tsc msr pae mce cx8 apic sep mtrr pge mca cmov pat pse36 clflush dts acpi mmx fxsr sse sse2 ss ht tm pbe syscall nx pdpe1gb rdtscp lm constant_tsc arch_perfmon pebs bts rep_good nopl xtopology nonstop_tsc aperfmperf eagerfpu pni pclmulqdq dtes64 monitor ds_cpl vmx smx est tm2 ssse3 fma cx16 xtpr pdcm pcid sse4_1 sse4_2 x2apic movbe popcnt tsc_deadline_timer aes xsave avx f16c rdrand lahf_lm abm ida arat epb xsaveopt pln pts dtherm tpr_shadow vnmi flexpriority ept vpid fsgsbase tsc_adjust bmi1 avx2 smep bmi2 erms invpcid
bogomips	: 4988.62
clflush size	: 64
cache_alignment	: 64
address sizes	: 39 bits physical, 48 bits virtual
power management:

processor	: 1
vendor_id	: GenuineIntel
cpu family	: 6
model		: 69
model name	: Intel(R) Core(TM) i5-4300U CPU @ 1.90GHz
stepping	: 1
microcode	: 0x1c
cpu MHz		: 2772.070
cache size	: 3072 KB
physical id	: 0
siblings	: 4
core id		: 0
cpu cores	: 2
apicid		: 1
initial apicid	: 1
fpu		: yes
fpu_exception	: yes
cpuid level	: 13
wp		: yes
flags		: fpu vme de pse tsc msr pae mce cx8 apic sep mtrr pge mca cmov pat pse36 clflush dts acpi mmx fxsr sse sse2 ss ht tm pbe syscall nx pdpe1gb rdtscp lm constant_tsc arch_perfmon pebs bts rep_good nopl xtopology nonstop_tsc aperfmperf eagerfpu pni pclmulqdq dtes64 monitor ds_cpl vmx smx est tm2 ssse3 fma cx16 xtpr pdcm pcid sse4_1 sse4_2 x2apic movbe popcnt tsc_deadline_timer aes xsave avx f16c rdrand lahf_lm abm ida arat epb xsaveopt pln pts dtherm tpr_shadow vnmi flexpriority ept vpid fsgsbase tsc_adjust bmi1 avx2 smep bmi2 erms invpcid
bogomips	: 4988.62
clflush size	: 64
cache_alignment	: 64
address sizes	: 39 bits physical, 48 bits virtual
power management:

processor	: 2
vendor_id	: GenuineIntel
cpu family	: 6
model		: 69
model name	: Intel(R) Core(TM) i5-4300U CPU @ 1.90GHz
stepping	: 1
microcode	: 0x1c
cpu MHz		: 2429.199
cache size	: 3072 KB
physical id	: 0
siblings	: 4
core id		: 1
cpu cores	: 2
apicid		: 2
initial apicid	: 2
fpu		: yes
fpu_exception	: yes
cpuid level	: 13
wp		: yes
flags		: fpu vme de pse tsc msr pae mce cx8 apic sep mtrr pge mca cmov pat pse36 clflush dts acpi mmx fxsr sse sse2 ss ht tm pbe syscall nx pdpe1gb rdtscp lm constant_tsc arch_perfmon pebs bts rep_good nopl xtopology nonstop_tsc aperfmperf eagerfpu pni pclmulqdq dtes64 monitor ds_cpl vmx smx est tm2 ssse3 fma cx16 xtpr pdcm pcid sse4_1 sse4_2 x2apic movbe popcnt tsc_deadline_timer aes xsave avx f16c rdrand lahf_lm abm ida arat epb xsaveopt pln pts dtherm tpr_shadow vnmi flexpriority ept vpid fsgsbase tsc_adjust bmi1 avx2 smep bmi2 erms invpcid
bogomips	: 4988.62
clflush size	: 64
cache_alignment	: 64
address sizes	: 39 bits physical, 48 bits virtual
power management:

processor	: 3
vendor_id	: GenuineIntel
cpu family	: 6
model		: 69
model name	: Intel(R) Core(TM) i5-4300U CPU @ 1.90GHz
stepping	: 1
microcode	: 0x1c
cpu MHz		: 2568.652
cache size	: 3072 KB
physical id	: 0
siblings	: 4
core id		: 1
cpu cores	: 2
apicid		: 3
initial apicid	: 3
fpu		: yes
fpu_exception	: yes
cpuid level	: 13
wp		: yes
flags		: fpu vme de pse tsc msr pae mce cx8 apic sep mtrr pge mca cmov pat pse36 clflush dts acpi mmx fxsr sse sse2 ss ht tm pbe syscall nx pdpe1gb rdtscp lm constant_tsc arch_perfmon pebs bts rep_good nopl xtopology nonstop_tsc aperfmperf eagerfpu pni pclmulqdq dtes64 monitor ds_cpl vmx smx est tm2 ssse3 fma cx16 xtpr pdcm pcid sse4_1 sse4_2 x2apic movbe popcnt tsc_deadline_timer aes xsave avx f16c rdrand lahf_lm abm ida arat epb xsaveopt pln pts dtherm tpr_shadow vnmi flexpriority ept vpid fsgsbase tsc_adjust bmi1 avx2 smep bmi2 erms invpcid
bogomips	: 4988.62
clflush size	: 64
cache_alignment	: 64
address sizes	: 39 bits physical, 48 bits virtual
power management:



Memory: 4k page, physical 8070928k(6376124k free), swap 7811068k(7811068k free)

vm_info: OpenJDK 64-Bit Server VM (24.79-b02) for linux-amd64 JRE (1.7.0_79-b14), built on Apr 16 2015 08:25:58 by "buildd" with gcc 4.9.1

time: Tue Jun  9 14:10:21 2015
elapsed time: 0 seconds

