#
# A fatal error has been detected by the Java Runtime Environment:
#
#  SIGSEGV (0xb) at pc=0x00007fca629ac1db, pid=2815, tid=140507678594816
#
# JRE version: OpenJDK Runtime Environment (7.0_79-b14) (build 1.7.0_79-b14)
# Java VM: OpenJDK 64-Bit Server VM (24.79-b02 mixed mode linux-amd64 compressed oops)
# Derivative: IcedTea 2.5.5
# Distribution: Ubuntu 14.10, package 7u79-2.5.5-0ubuntu0.14.10.2
# Problematic frame:
# C  [libtesseract.so+0x25f1db]  ERRCODE::error(char const*, TessErrorLogCode, char const*, ...) const+0x16b
#
# Failed to write core dump. Core dumps have been disabled. To enable core dumping, try "ulimit -c unlimited" before starting Java again
#
# If you would like to submit a bug report, please include
# instructions on how to reproduce the bug and visit:
#   http://icedtea.classpath.org/bugzilla
# The crash happened outside the Java Virtual Machine in native code.
# See problematic frame for where to report the bug.
#

---------------  T H R E A D  ---------------

Current thread (0x00007fca7400a000):  JavaThread "main" [_thread_in_native, id=2821, stack(0x00007fca7e355000,0x00007fca7e456000)]

siginfo:si_signo=SIGSEGV: si_errno=0, si_code=1 (SEGV_MAPERR), si_addr=0x0000000000000000

Registers:
RAX=0x000000000000004e, RBX=0x00007fca7e452bbd, RCX=0x00007fca7dd725bd, RDX=0x00007fca7e0469f0
RSP=0x00007fca7e452b70, RBP=0x00007fca7e452b90, RSI=0x000000000000004e, RDI=0x00007fca7e450340
R8 =0x00007fca7e455700, R9 =0x61646120656c6966, R10=0x00007fca7e042be0, R11=0x0000000000000000
R12=0x0000000000000002, R13=0x00007fca629b7277, R14=0x00007fca62c6c7c0, R15=0x00007fca74572a50
RIP=0x00007fca629ac1db, EFLAGS=0x0000000000010246, CSGSFS=0x0000000000000033, ERR=0x0000000000000004
  TRAPNO=0x000000000000000e

Top of Stack: (sp=0x00007fca7e452b70)
0x00007fca7e452b70:   0000000000000000 0000003000000030
0x00007fca7e452b80:   00007fca7e453080 00007fca7e452fa0
0x00007fca7e452b90:   5464657470616441 736574616c706d65
0x00007fca7e452ba0:   4c4c554e203d2120 413a726f7272453a
0x00007fca7e452bb0:   6166207472657373 206e693a64656c69
0x00007fca7e452bc0:   61646120656c6966 2e686374616d7470
0x00007fca7e452bd0:   6e696c202c707063 00000a3938312065
0x00007fca7e452be0:   0000000000000000 0000000000000000
0x00007fca7e452bf0:   0000000000000000 0000000000000000
0x00007fca7e452c00:   0000000000000000 0000000000000000
0x00007fca7e452c10:   0000000000000000 0000000000000000
0x00007fca7e452c20:   0000000000000000 0000000000000000
0x00007fca7e452c30:   0000000000000000 0000000000000000
0x00007fca7e452c40:   0000000000000000 0000000000000000
0x00007fca7e452c50:   0000000000000000 0000000000000000
0x00007fca7e452c60:   0000000000000000 0000000000000000
0x00007fca7e452c70:   0000000000000000 0000000000000000
0x00007fca7e452c80:   0000000000000000 0000000000000000
0x00007fca7e452c90:   0000000000000000 0000000000000000
0x00007fca7e452ca0:   0000000000000000 0000000000000000
0x00007fca7e452cb0:   0000000000000000 0000000000000000
0x00007fca7e452cc0:   0000000000000000 0000000000000000
0x00007fca7e452cd0:   0000000000000000 0000000000000000
0x00007fca7e452ce0:   0000000000000000 0000000000000000
0x00007fca7e452cf0:   0000000000000000 0000000000000000
0x00007fca7e452d00:   0000000000000000 0000000000000000
0x00007fca7e452d10:   0000000000000000 0000000000000000
0x00007fca7e452d20:   0000000000000000 0000000000000000
0x00007fca7e452d30:   0000000000000000 0000000000000000
0x00007fca7e452d40:   0000000000000000 0000000000000000
0x00007fca7e452d50:   0000000000000000 0000000000000000
0x00007fca7e452d60:   0000000000000000 0000000000000000 

Instructions: (pc=0x00007fca629ac1db)
0x00007fca629ac1bb:   be 01 00 00 00 48 8b 38 31 c0 e8 c6 91 e3 ff 41
0x00007fca629ac1cb:   83 fc ff 7c 18 45 85 e4 7e 2f 41 83 fc 02 7f 0d
0x00007fca629ac1db:   8b 04 25 00 00 00 00 0f 0b 0f 1f 40 00 48 8d 35
0x00007fca629ac1eb:   d1 b0 01 00 48 8d 3d 92 26 50 00 31 c9 ba 02 00 

Register to memory mapping:

RAX=0x000000000000004e is an unknown value
RBX=0x00007fca7e452bbd is pointing into the stack for thread: 0x00007fca7400a000
RCX=0x00007fca7dd725bd: __write+0x2d in /lib/x86_64-linux-gnu/libc.so.6 at 0x00007fca7dc87000
RDX=0x00007fca7e0469f0: <offset 0x3bf9f0> in /lib/x86_64-linux-gnu/libc.so.6 at 0x00007fca7dc87000
RSP=0x00007fca7e452b70 is pointing into the stack for thread: 0x00007fca7400a000
RBP=0x00007fca7e452b90 is pointing into the stack for thread: 0x00007fca7400a000
RSI=0x000000000000004e is an unknown value
RDI=0x00007fca7e450340 is pointing into the stack for thread: 0x00007fca7400a000
R8 =0x00007fca7e455700 is pointing into the stack for thread: 0x00007fca7400a000
R9 =0x61646120656c6966 is an unknown value
R10=0x00007fca7e042be0: <offset 0x3bbbe0> in /lib/x86_64-linux-gnu/libc.so.6 at 0x00007fca7dc87000
R11=0x0000000000000000 is an unknown value
R12=0x0000000000000002 is an unknown value
R13=0x00007fca629b7277: <offset 0x26a277> in /usr/local/lib/libtesseract.so at 0x00007fca6274d000
R14=0x00007fca62c6c7c0: <offset 0x51f7c0> in /usr/local/lib/libtesseract.so at 0x00007fca6274d000
R15=0x00007fca74572a50 is an unknown value


Stack: [0x00007fca7e355000,0x00007fca7e456000],  sp=0x00007fca7e452b70,  free space=1014k
Native frames: (J=compiled Java code, j=interpreted, Vv=VM code, C=native code)
C  [libtesseract.so+0x25f1db]  ERRCODE::error(char const*, TessErrorLogCode, char const*, ...) const+0x16b

Java frames: (J=compiled Java code, j=interpreted, Vv=VM code)
j  com.sun.jna.Native.invokePointer(JI[Ljava/lang/Object;)J+0
j  com.sun.jna.Function.invokePointer(I[Ljava/lang/Object;)Lcom/sun/jna/Pointer;+6
j  com.sun.jna.Function.invoke([Ljava/lang/Object;Ljava/lang/Class;Z)Ljava/lang/Object;+426
j  com.sun.jna.Function.invoke(Ljava/lang/Class;[Ljava/lang/Object;Ljava/util/Map;)Ljava/lang/Object;+262
j  com.sun.jna.Library$Handler.invoke(Ljava/lang/Object;Ljava/lang/reflect/Method;[Ljava/lang/Object;)Ljava/lang/Object;+316
j  com.sun.proxy.$Proxy0.TessBaseAPIGetUTF8Text(Lnet/sourceforge/tess4j/ITessAPI$TessBaseAPI;)Lcom/sun/jna/Pointer;+16
j  net.sourceforge.tess4j.Tesseract.getOCRText(Ljava/lang/String;I)Ljava/lang/String;+62
j  net.sourceforge.tess4j.Tesseract.doOCR(Ljava/util/List;Ljava/lang/String;Ljava/awt/Rectangle;)Ljava/lang/String;+69
j  net.sourceforge.tess4j.Tesseract.doOCR(Ljava/io/File;Ljava/awt/Rectangle;)Ljava/lang/String;+10
j  net.sourceforge.tess4j.Tesseract.doOCR(Ljava/io/File;)Ljava/lang/String;+3
j  OCREngine.doOCR(Ljava/io/File;)Ljava/lang/String;+5
j  Main.main([Ljava/lang/String;)V+23
v  ~StubRoutines::call_stub

---------------  P R O C E S S  ---------------

Java Threads: ( => current thread )
  0x00007fca74213800 JavaThread "Java2D Disposer" daemon [_thread_blocked, id=2834, stack(0x00007fca7008a000,0x00007fca7018b000)]
  0x00007fca740af000 JavaThread "Service Thread" daemon [_thread_blocked, id=2832, stack(0x00007fca70eff000,0x00007fca71000000)]
  0x00007fca740ad000 JavaThread "C2 CompilerThread1" daemon [_thread_blocked, id=2831, stack(0x00007fca78056000,0x00007fca78157000)]
  0x00007fca740aa000 JavaThread "C2 CompilerThread0" daemon [_thread_blocked, id=2830, stack(0x00007fca78157000,0x00007fca78258000)]
  0x00007fca740a7800 JavaThread "Signal Dispatcher" daemon [_thread_blocked, id=2829, stack(0x00007fca78258000,0x00007fca78359000)]
  0x00007fca7407c800 JavaThread "Finalizer" daemon [_thread_blocked, id=2828, stack(0x00007fca78a3b000,0x00007fca78b3c000)]
  0x00007fca7407a000 JavaThread "Reference Handler" daemon [_thread_blocked, id=2827, stack(0x00007fca78b3c000,0x00007fca78c3d000)]
=>0x00007fca7400a000 JavaThread "main" [_thread_in_native, id=2821, stack(0x00007fca7e355000,0x00007fca7e456000)]

Other Threads:
  0x00007fca74075800 VMThread [stack: 0x00007fca78c3d000,0x00007fca78d3e000] [id=2826]
  0x00007fca740ba000 WatcherThread [stack: 0x00007fca70dfe000,0x00007fca70eff000] [id=2833]

VM state:not at safepoint (normal execution)

VM Mutex/Monitor currently owned by a thread: None

Heap
 PSYoungGen      total 37376K, used 14215K [0x00000007d6e80000, 0x00000007d9800000, 0x0000000800000000)
  eden space 32256K, 44% used [0x00000007d6e80000,0x00000007d7c61d28,0x00000007d8e00000)
  from space 5120K, 0% used [0x00000007d9300000,0x00000007d9300000,0x00000007d9800000)
  to   space 5120K, 0% used [0x00000007d8e00000,0x00000007d8e00000,0x00000007d9300000)
 ParOldGen       total 83968K, used 0K [0x0000000784c00000, 0x0000000789e00000, 0x00000007d6e80000)
  object space 83968K, 0% used [0x0000000784c00000,0x0000000784c00000,0x0000000789e00000)
 PSPermGen       total 21504K, used 7742K [0x000000077a600000, 0x000000077bb00000, 0x0000000784c00000)
  object space 21504K, 36% used [0x000000077a600000,0x000000077ad8fa18,0x000000077bb00000)

Card table byte_map: [0x00007fca7ab25000,0x00007fca7af53000] byte_map_base: 0x00007fca76f52000

Polling page: 0x00007fca7e478000

Code Cache  [0x00007fca71000000, 0x00007fca71270000, 0x00007fca74000000)
 total_blobs=312 nmethods=37 adapters=228 free_code_cache=48633Kb largest_free_block=49777792

Compilation events (10 events):
Event: 0.372 Thread 0x00007fca740aa000 nmethod 32% 0x00007fca71080050 code [0x00007fca71080200, 0x00007fca71080ad8]
Event: 0.396 Thread 0x00007fca740aa000   34             java.lang.AbstractStringBuilder::append (48 bytes)
Event: 0.400 Thread 0x00007fca740aa000 nmethod 34 0x00007fca71081450 code [0x00007fca710815c0, 0x00007fca71081998]
Event: 0.400 Thread 0x00007fca740aa000   35             java.lang.String::getChars (62 bytes)
Event: 0.401 Thread 0x00007fca740aa000 nmethod 35 0x00007fca7107cf10 code [0x00007fca7107d060, 0x00007fca7107d198]
Event: 0.413 Thread 0x00007fca740ad000 nmethod 33 0x00007fca71084e10 code [0x00007fca71084fe0, 0x00007fca710869b8]
Event: 0.416 Thread 0x00007fca740aa000   36             java.lang.StringBuilder::append (8 bytes)
Event: 0.416 Thread 0x00007fca740ad000   37             java.util.Arrays::copyOfRange (63 bytes)
Event: 0.419 Thread 0x00007fca740ad000 nmethod 37 0x00007fca7107e690 code [0x00007fca7107e7e0, 0x00007fca7107e9f8]
Event: 0.420 Thread 0x00007fca740aa000 nmethod 36 0x00007fca7107dd90 code [0x00007fca7107df00, 0x00007fca7107e2d8]

GC Heap History (0 events):
No events

Deoptimization events (5 events):
Event: 0.295 Thread 0x00007fca7400a000 Uncommon trap: reason=bimorphic action=maybe_recompile pc=0x00007fca710781c4 method=java.util.HashMap.getEntry(Ljava/lang/Object;)Ljava/util/HashMap$Entry; @ 68
Event: 0.296 Thread 0x00007fca7400a000 Uncommon trap: reason=bimorphic action=maybe_recompile pc=0x00007fca710781c4 method=java.util.HashMap.getEntry(Ljava/lang/Object;)Ljava/util/HashMap$Entry; @ 68
Event: 0.297 Thread 0x00007fca7400a000 Uncommon trap: reason=bimorphic action=maybe_recompile pc=0x00007fca710781c4 method=java.util.HashMap.getEntry(Ljava/lang/Object;)Ljava/util/HashMap$Entry; @ 68
Event: 0.297 Thread 0x00007fca7400a000 Uncommon trap: reason=bimorphic action=maybe_recompile pc=0x00007fca710781c4 method=java.util.HashMap.getEntry(Ljava/lang/Object;)Ljava/util/HashMap$Entry; @ 68
Event: 0.298 Thread 0x00007fca7400a000 Uncommon trap: reason=bimorphic action=maybe_recompile pc=0x00007fca7106e424 method=java.util.HashMap.getEntry(Ljava/lang/Object;)Ljava/util/HashMap$Entry; @ 68

Internal exceptions (10 events):
Event: 0.418 Thread 0x00007fca7400a000 Threw 0x00000007d7bbba58 at /build/buildd/openjdk-7-7u79-2.5.5/build/openjdk/hotspot/src/share/vm/prims/jvm.cpp:1284
Event: 0.418 Thread 0x00007fca7400a000 Threw 0x00000007d7bc15f0 at /build/buildd/openjdk-7-7u79-2.5.5/build/openjdk/hotspot/src/share/vm/prims/jvm.cpp:1284
Event: 0.418 Thread 0x00007fca7400a000 Threw 0x00000007d7bc69a0 at /build/buildd/openjdk-7-7u79-2.5.5/build/openjdk/hotspot/src/share/vm/prims/jvm.cpp:1284
Event: 0.419 Thread 0x00007fca7400a000 Threw 0x00000007d7bcd050 at /build/buildd/openjdk-7-7u79-2.5.5/build/openjdk/hotspot/src/share/vm/prims/jvm.cpp:1284
Event: 0.419 Thread 0x00007fca7400a000 Threw 0x00000007d7bd25f8 at /build/buildd/openjdk-7-7u79-2.5.5/build/openjdk/hotspot/src/share/vm/prims/jvm.cpp:1284
Event: 0.420 Thread 0x00007fca7400a000 Threw 0x00000007d7bd7b90 at /build/buildd/openjdk-7-7u79-2.5.5/build/openjdk/hotspot/src/share/vm/prims/jvm.cpp:1284
Event: 0.420 Thread 0x00007fca7400a000 Threw 0x00000007d7bdcfa8 at /build/buildd/openjdk-7-7u79-2.5.5/build/openjdk/hotspot/src/share/vm/prims/jvm.cpp:1284
Event: 0.420 Thread 0x00007fca7400a000 Threw 0x00000007d7be2440 at /build/buildd/openjdk-7-7u79-2.5.5/build/openjdk/hotspot/src/share/vm/prims/jvm.cpp:1284
Event: 0.421 Thread 0x00007fca7400a000 Threw 0x00000007d7be78a0 at /build/buildd/openjdk-7-7u79-2.5.5/build/openjdk/hotspot/src/share/vm/prims/jvm.cpp:1284
Event: 0.425 Thread 0x00007fca7400a000 Threw 0x00000007d7c42f58 at /build/buildd/openjdk-7-7u79-2.5.5/build/openjdk/hotspot/src/share/vm/prims/jvm.cpp:1284

Events (10 events):
Event: 0.421 loading class 0x00007fca741a3970
Event: 0.422 loading class 0x00007fca741a3970 done
Event: 0.422 loading class 0x00007fca74196100
Event: 0.422 loading class 0x00007fca74196100 done
Event: 0.422 loading class 0x00007fca3801ff70
Event: 0.422 loading class 0x00007fca3801ff70 done
Event: 0.424 loading class 0x00007fca74047d40
Event: 0.424 loading class 0x00007fca74047d40 done
Event: 0.425 loading class 0x00007fca74246bb0
Event: 0.425 loading class 0x00007fca74246bb0 done


Dynamic libraries:
00400000-00401000 r-xp 00000000 08:05 298468                             /usr/lib/jvm/java-7-openjdk-amd64/jre/bin/java
00600000-00601000 r--p 00000000 08:05 298468                             /usr/lib/jvm/java-7-openjdk-amd64/jre/bin/java
00601000-00602000 rw-p 00001000 08:05 298468                             /usr/lib/jvm/java-7-openjdk-amd64/jre/bin/java
00609000-0062a000 rw-p 00000000 00:00 0                                  [heap]
77a600000-77bb00000 rw-p 00000000 00:00 0 
77bb00000-784c00000 rw-p 00000000 00:00 0 
784c00000-789e00000 rw-p 00000000 00:00 0 
789e00000-7d6e80000 rw-p 00000000 00:00 0 
7d6e80000-7d9800000 rw-p 00000000 00:00 0 
7d9800000-800000000 rw-p 00000000 00:00 0 
7fca28000000-7fca28021000 rw-p 00000000 00:00 0 
7fca28021000-7fca2c000000 ---p 00000000 00:00 0 
7fca30000000-7fca30021000 rw-p 00000000 00:00 0 
7fca30021000-7fca34000000 ---p 00000000 00:00 0 
7fca34000000-7fca34021000 rw-p 00000000 00:00 0 
7fca34021000-7fca38000000 ---p 00000000 00:00 0 
7fca38000000-7fca3825e000 rw-p 00000000 00:00 0 
7fca3825e000-7fca3c000000 ---p 00000000 00:00 0 
7fca3c000000-7fca3c272000 rw-p 00000000 00:00 0 
7fca3c272000-7fca40000000 ---p 00000000 00:00 0 
7fca40000000-7fca40021000 rw-p 00000000 00:00 0 
7fca40021000-7fca44000000 ---p 00000000 00:00 0 
7fca44000000-7fca44021000 rw-p 00000000 00:00 0 
7fca44021000-7fca48000000 ---p 00000000 00:00 0 
7fca48000000-7fca48021000 rw-p 00000000 00:00 0 
7fca48021000-7fca4c000000 ---p 00000000 00:00 0 
7fca4fd30000-7fca54000000 rw-p 00000000 00:00 0 
7fca54000000-7fca54021000 rw-p 00000000 00:00 0 
7fca54021000-7fca58000000 ---p 00000000 00:00 0 
7fca58000000-7fca58021000 rw-p 00000000 00:00 0 
7fca58021000-7fca5c000000 ---p 00000000 00:00 0 
7fca5c000000-7fca5c021000 rw-p 00000000 00:00 0 
7fca5c021000-7fca60000000 ---p 00000000 00:00 0 
7fca61412000-7fca61429000 r-xp 00000000 08:05 298523                     /usr/lib/jvm/java-7-openjdk-amd64/jre/lib/amd64/libnet.so
7fca61429000-7fca61628000 ---p 00017000 08:05 298523                     /usr/lib/jvm/java-7-openjdk-amd64/jre/lib/amd64/libnet.so
7fca61628000-7fca61629000 r--p 00016000 08:05 298523                     /usr/lib/jvm/java-7-openjdk-amd64/jre/lib/amd64/libnet.so
7fca61629000-7fca6162a000 rw-p 00017000 08:05 298523                     /usr/lib/jvm/java-7-openjdk-amd64/jre/lib/amd64/libnet.so
7fca6162a000-7fca6163b000 r-xp 00000000 08:05 298494                     /usr/lib/jvm/java-7-openjdk-amd64/jre/lib/amd64/libnio.so
7fca6163b000-7fca6183a000 ---p 00011000 08:05 298494                     /usr/lib/jvm/java-7-openjdk-amd64/jre/lib/amd64/libnio.so
7fca6183a000-7fca6183b000 r--p 00010000 08:05 298494                     /usr/lib/jvm/java-7-openjdk-amd64/jre/lib/amd64/libnio.so
7fca6183b000-7fca6183c000 rw-p 00011000 08:05 298494                     /usr/lib/jvm/java-7-openjdk-amd64/jre/lib/amd64/libnio.so
7fca6183c000-7fca61847000 r-xp 00000000 08:05 275200                     /usr/lib/x86_64-linux-gnu/libjbig.so.0
7fca61847000-7fca61a46000 ---p 0000b000 08:05 275200                     /usr/lib/x86_64-linux-gnu/libjbig.so.0
7fca61a46000-7fca61a47000 r--p 0000a000 08:05 275200                     /usr/lib/x86_64-linux-gnu/libjbig.so.0
7fca61a47000-7fca61a4a000 rw-p 0000b000 08:05 275200                     /usr/lib/x86_64-linux-gnu/libjbig.so.0
7fca61a4a000-7fca61a6b000 r-xp 00000000 08:05 5508                       /lib/x86_64-linux-gnu/liblzma.so.5.0.0
7fca61a6b000-7fca61c6a000 ---p 00021000 08:05 5508                       /lib/x86_64-linux-gnu/liblzma.so.5.0.0
7fca61c6a000-7fca61c6b000 r--p 00020000 08:05 5508                       /lib/x86_64-linux-gnu/liblzma.so.5.0.0
7fca61c6b000-7fca61c6c000 rw-p 00021000 08:05 5508                       /lib/x86_64-linux-gnu/liblzma.so.5.0.0
7fca61c6c000-7fca61cc2000 r-xp 00000000 08:05 275649                     /usr/lib/x86_64-linux-gnu/libwebp.so.5.0.1
7fca61cc2000-7fca61ec1000 ---p 00056000 08:05 275649                     /usr/lib/x86_64-linux-gnu/libwebp.so.5.0.1
7fca61ec1000-7fca61ec2000 r--p 00055000 08:05 275649                     /usr/lib/x86_64-linux-gnu/libwebp.so.5.0.1
7fca61ec2000-7fca61ec4000 rw-p 00056000 08:05 275649                     /usr/lib/x86_64-linux-gnu/libwebp.so.5.0.1
7fca61ec4000-7fca61f34000 r-xp 00000000 08:05 282436                     /usr/lib/x86_64-linux-gnu/libtiff.so.5.2.0
7fca61f34000-7fca62133000 ---p 00070000 08:05 282436                     /usr/lib/x86_64-linux-gnu/libtiff.so.5.2.0
7fca62133000-7fca62135000 r--p 0006f000 08:05 282436                     /usr/lib/x86_64-linux-gnu/libtiff.so.5.2.0
7fca62135000-7fca62138000 rw-p 00071000 08:05 282436                     /usr/lib/x86_64-linux-gnu/libtiff.so.5.2.0
7fca62138000-7fca62140000 r-xp 00000000 08:05 298656                     /usr/lib/x86_64-linux-gnu/libgif.so.4.1.6
7fca62140000-7fca6233f000 ---p 00008000 08:05 298656                     /usr/lib/x86_64-linux-gnu/libgif.so.4.1.6
7fca6233f000-7fca62340000 r--p 00007000 08:05 298656                     /usr/lib/x86_64-linux-gnu/libgif.so.4.1.6
7fca62340000-7fca62341000 rw-p 00008000 08:05 298656                     /usr/lib/x86_64-linux-gnu/libgif.so.4.1.6
7fca62341000-7fca62546000 r-xp 00000000 08:05 310004                     /usr/lib/liblept.so.4.0.2
7fca62546000-7fca62746000 ---p 00205000 08:05 310004                     /usr/lib/liblept.so.4.0.2
7fca62746000-7fca62747000 r--p 00205000 08:05 310004                     /usr/lib/liblept.so.4.0.2
7fca62747000-7fca6274d000 rw-p 00206000 08:05 310004                     /usr/lib/liblept.so.4.0.2
7fca6274d000-7fca62a5c000 r-xp 00000000 08:05 310073                     /usr/local/lib/libtesseract.so.3.0.4
7fca62a5c000-7fca62c5b000 ---p 0030f000 08:05 310073                     /usr/local/lib/libtesseract.so.3.0.4
7fca62c5b000-7fca62c61000 r--p 0030e000 08:05 310073                     /usr/local/lib/libtesseract.so.3.0.4
7fca62c61000-7fca62c69000 rw-p 00314000 08:05 310073                     /usr/local/lib/libtesseract.so.3.0.4
7fca62c69000-7fca62eff000 rw-p 00000000 00:00 0 
7fca62eff000-7fca62f16000 r-xp 00000000 08:05 24175                      /tmp/jna-105408/jna1851374927898001934.tmp (deleted)
7fca62f16000-7fca63015000 ---p 00017000 08:05 24175                      /tmp/jna-105408/jna1851374927898001934.tmp (deleted)
7fca63015000-7fca63017000 rw-p 00016000 08:05 24175                      /tmp/jna-105408/jna1851374927898001934.tmp (deleted)
7fca63017000-7fca6305a000 r-xp 00000000 08:05 275202                     /usr/lib/x86_64-linux-gnu/libjpeg.so.8.0.2
7fca6305a000-7fca6325a000 ---p 00043000 08:05 275202                     /usr/lib/x86_64-linux-gnu/libjpeg.so.8.0.2
7fca6325a000-7fca6325b000 r--p 00043000 08:05 275202                     /usr/lib/x86_64-linux-gnu/libjpeg.so.8.0.2
7fca6325b000-7fca6325c000 rw-p 00044000 08:05 275202                     /usr/lib/x86_64-linux-gnu/libjpeg.so.8.0.2
7fca6325c000-7fca6326c000 rw-p 00000000 00:00 0 
7fca6326c000-7fca63276000 r-xp 00000000 08:05 298497                     /usr/lib/jvm/java-7-openjdk-amd64/jre/lib/amd64/libjavajpeg.so
7fca63276000-7fca63475000 ---p 0000a000 08:05 298497                     /usr/lib/jvm/java-7-openjdk-amd64/jre/lib/amd64/libjavajpeg.so
7fca63475000-7fca63476000 r--p 00009000 08:05 298497                     /usr/lib/jvm/java-7-openjdk-amd64/jre/lib/amd64/libjavajpeg.so
7fca63476000-7fca63477000 rw-p 0000a000 08:05 298497                     /usr/lib/jvm/java-7-openjdk-amd64/jre/lib/amd64/libjavajpeg.so
7fca63477000-7fca634e3000 r-xp 00000000 08:05 5568                       /lib/x86_64-linux-gnu/libpcre.so.3.13.1
7fca634e3000-7fca636e2000 ---p 0006c000 08:05 5568                       /lib/x86_64-linux-gnu/libpcre.so.3.13.1
7fca636e2000-7fca636e3000 r--p 0006b000 08:05 5568                       /lib/x86_64-linux-gnu/libpcre.so.3.13.1
7fca636e3000-7fca636e4000 rw-p 0006c000 08:05 5568                       /lib/x86_64-linux-gnu/libpcre.so.3.13.1
7fca636e4000-7fca63709000 r-xp 00000000 08:05 5580                       /lib/x86_64-linux-gnu/libpng12.so.0.51.0
7fca63709000-7fca63908000 ---p 00025000 08:05 5580                       /lib/x86_64-linux-gnu/libpng12.so.0.51.0
7fca63908000-7fca63909000 r--p 00024000 08:05 5580                       /lib/x86_64-linux-gnu/libpng12.so.0.51.0
7fca63909000-7fca6390a000 rw-p 00025000 08:05 5580                       /lib/x86_64-linux-gnu/libpng12.so.0.51.0
7fca6390a000-7fca63950000 r-xp 00000000 08:05 20376                      /lib/x86_64-linux-gnu/libdbus-1.so.3.8.7
7fca63950000-7fca63b4f000 ---p 00046000 08:05 20376                      /lib/x86_64-linux-gnu/libdbus-1.so.3.8.7
7fca63b4f000-7fca63b51000 r--p 00045000 08:05 20376                      /lib/x86_64-linux-gnu/libdbus-1.so.3.8.7
7fca63b51000-7fca63b52000 rw-p 00047000 08:05 20376                      /lib/x86_64-linux-gnu/libdbus-1.so.3.8.7
7fca63b52000-7fca63bd0000 r-xp 00000000 08:05 274990                     /usr/lib/x86_64-linux-gnu/libgmp.so.10.2.0
7fca63bd0000-7fca63dd0000 ---p 0007e000 08:05 274990                     /usr/lib/x86_64-linux-gnu/libgmp.so.10.2.0
7fca63dd0000-7fca63dd1000 r--p 0007e000 08:05 274990                     /usr/lib/x86_64-linux-gnu/libgmp.so.10.2.0
7fca63dd1000-7fca63dd2000 rw-p 0007f000 08:05 274990                     /usr/lib/x86_64-linux-gnu/libgmp.so.10.2.0
7fca63dd2000-7fca63dfe000 r-xp 00000000 08:05 275147                     /usr/lib/x86_64-linux-gnu/libhogweed.so.2.5
7fca63dfe000-7fca63ffe000 ---p 0002c000 08:05 275147                     /usr/lib/x86_64-linux-gnu/libhogweed.so.2.5
7fca63ffe000-7fca63fff000 r--p 0002c000 08:05 275147                     /usr/lib/x86_64-linux-gnu/libhogweed.so.2.5
7fca63fff000-7fca64000000 rw-p 0002d000 08:05 275147                     /usr/lib/x86_64-linux-gnu/libhogweed.so.2.5
7fca64000000-7fca64021000 rw-p 00000000 00:00 0 
7fca64021000-7fca68000000 ---p 00000000 00:00 0 
7fca68013000-7fca68016000 r-xp 00000000 08:05 5504                       /lib/x86_64-linux-gnu/libkeyutils.so.1.5
7fca68016000-7fca68215000 ---p 00003000 08:05 5504                       /lib/x86_64-linux-gnu/libkeyutils.so.1.5
7fca68215000-7fca68216000 r--p 00002000 08:05 5504                       /lib/x86_64-linux-gnu/libkeyutils.so.1.5
7fca68216000-7fca68217000 rw-p 00003000 08:05 5504                       /lib/x86_64-linux-gnu/libkeyutils.so.1.5
7fca68217000-7fca68246000 r-xp 00000000 08:05 275284                     /usr/lib/x86_64-linux-gnu/libnettle.so.4.7
7fca68246000-7fca68446000 ---p 0002f000 08:05 275284                     /usr/lib/x86_64-linux-gnu/libnettle.so.4.7
7fca68446000-7fca68447000 r--p 0002f000 08:05 275284                     /usr/lib/x86_64-linux-gnu/libnettle.so.4.7
7fca68447000-7fca68448000 rw-p 00030000 08:05 275284                     /usr/lib/x86_64-linux-gnu/libnettle.so.4.7
7fca68448000-7fca68459000 r-xp 00000000 08:05 268069                     /usr/lib/x86_64-linux-gnu/libtasn1.so.6.3.0
7fca68459000-7fca68659000 ---p 00011000 08:05 268069                     /usr/lib/x86_64-linux-gnu/libtasn1.so.6.3.0
7fca68659000-7fca6865a000 r--p 00011000 08:05 268069                     /usr/lib/x86_64-linux-gnu/libtasn1.so.6.3.0
7fca6865a000-7fca6865b000 rw-p 00012000 08:05 268069                     /usr/lib/x86_64-linux-gnu/libtasn1.so.6.3.0
7fca6865b000-7fca68696000 r-xp 00000000 08:05 275334                     /usr/lib/x86_64-linux-gnu/libp11-kit.so.0.0.0
7fca68696000-7fca68895000 ---p 0003b000 08:05 275334                     /usr/lib/x86_64-linux-gnu/libp11-kit.so.0.0.0
7fca68895000-7fca6889b000 r--p 0003a000 08:05 275334                     /usr/lib/x86_64-linux-gnu/libp11-kit.so.0.0.0
7fca6889b000-7fca6889d000 rw-p 00040000 08:05 275334                     /usr/lib/x86_64-linux-gnu/libp11-kit.so.0.0.0
7fca6889d000-7fca688a7000 r-xp 00000000 08:05 274434                     /usr/lib/x86_64-linux-gnu/libkrb5support.so.0.1
7fca688a7000-7fca68aa6000 ---p 0000a000 08:05 274434                     /usr/lib/x86_64-linux-gnu/libkrb5support.so.0.1
7fca68aa6000-7fca68aa7000 r--p 00009000 08:05 274434                     /usr/lib/x86_64-linux-gnu/libkrb5support.so.0.1
7fca68aa7000-7fca68aa8000 rw-p 0000a000 08:05 274434                     /usr/lib/x86_64-linux-gnu/libkrb5support.so.0.1
7fca68aa8000-7fca68aab000 r-xp 00000000 08:05 19397                      /lib/x86_64-linux-gnu/libcom_err.so.2.1
7fca68aab000-7fca68caa000 ---p 00003000 08:05 19397                      /lib/x86_64-linux-gnu/libcom_err.so.2.1
7fca68caa000-7fca68cab000 r--p 00002000 08:05 19397                      /lib/x86_64-linux-gnu/libcom_err.so.2.1
7fca68cab000-7fca68cac000 rw-p 00003000 08:05 19397                      /lib/x86_64-linux-gnu/libcom_err.so.2.1
7fca68cac000-7fca68cd9000 r-xp 00000000 08:05 274437                     /usr/lib/x86_64-linux-gnu/libk5crypto.so.3.1
7fca68cd9000-7fca68ed8000 ---p 0002d000 08:05 274437                     /usr/lib/x86_64-linux-gnu/libk5crypto.so.3.1
7fca68ed8000-7fca68eda000 r--p 0002c000 08:05 274437                     /usr/lib/x86_64-linux-gnu/libk5crypto.so.3.1
7fca68eda000-7fca68edb000 rw-p 0002e000 08:05 274437                     /usr/lib/x86_64-linux-gnu/libk5crypto.so.3.1
7fca68edb000-7fca68edc000 rw-p 00000000 00:00 0 
7fca68edc000-7fca68f9c000 r-xp 00000000 08:05 274432                     /usr/lib/x86_64-linux-gnu/libkrb5.so.3.3
7fca68f9c000-7fca6919c000 ---p 000c0000 08:05 274432                     /usr/lib/x86_64-linux-gnu/libkrb5.so.3.3
7fca6919c000-7fca691a9000 r--p 000c0000 08:05 274432                     /usr/lib/x86_64-linux-gnu/libkrb5.so.3.3
7fca691a9000-7fca691ab000 rw-p 000cd000 08:05 274432                     /usr/lib/x86_64-linux-gnu/libkrb5.so.3.3
7fca691ab000-7fca691b0000 r-xp 00000000 08:05 274588                     /usr/lib/x86_64-linux-gnu/libXdmcp.so.6.0.0
7fca691b0000-7fca693af000 ---p 00005000 08:05 274588                     /usr/lib/x86_64-linux-gnu/libXdmcp.so.6.0.0
7fca693af000-7fca693b0000 r--p 00004000 08:05 274588                     /usr/lib/x86_64-linux-gnu/libXdmcp.so.6.0.0
7fca693b0000-7fca693b1000 rw-p 00005000 08:05 274588                     /usr/lib/x86_64-linux-gnu/libXdmcp.so.6.0.0
7fca693b1000-7fca693b3000 r-xp 00000000 08:05 274577                     /usr/lib/x86_64-linux-gnu/libXau.so.6.0.0
7fca693b3000-7fca695b3000 ---p 00002000 08:05 274577                     /usr/lib/x86_64-linux-gnu/libXau.so.6.0.0
7fca695b3000-7fca695b4000 r--p 00002000 08:05 274577                     /usr/lib/x86_64-linux-gnu/libXau.so.6.0.0
7fca695b4000-7fca695b5000 rw-p 00003000 08:05 274577                     /usr/lib/x86_64-linux-gnu/libXau.so.6.0.0
7fca695b5000-7fca695bc000 r-xp 00000000 08:05 274877                     /usr/lib/x86_64-linux-gnu/libffi.so.6.0.2
7fca695bc000-7fca697bb000 ---p 00007000 08:05 274877                     /usr/lib/x86_64-linux-gnu/libffi.so.6.0.2
7fca697bb000-7fca697bc000 r--p 00006000 08:05 274877                     /usr/lib/x86_64-linux-gnu/libffi.so.6.0.2
7fca697bc000-7fca697bd000 rw-p 00007000 08:05 274877                     /usr/lib/x86_64-linux-gnu/libffi.so.6.0.2
7fca697bd000-7fca697d4000 r-xp 00000000 08:05 19311                      /lib/x86_64-linux-gnu/libresolv-2.19.so
7fca697d4000-7fca699d4000 ---p 00017000 08:05 19311                      /lib/x86_64-linux-gnu/libresolv-2.19.so
7fca699d4000-7fca699d5000 r--p 00017000 08:05 19311                      /lib/x86_64-linux-gnu/libresolv-2.19.so
7fca699d5000-7fca699d6000 rw-p 00018000 08:05 19311                      /lib/x86_64-linux-gnu/libresolv-2.19.so
7fca699d6000-7fca699d8000 rw-p 00000000 00:00 0 
7fca699d8000-7fca699f9000 r-xp 00000000 08:05 5595                       /lib/x86_64-linux-gnu/libselinux.so.1
7fca699f9000-7fca69bf8000 ---p 00021000 08:05 5595                       /lib/x86_64-linux-gnu/libselinux.so.1
7fca69bf8000-7fca69bf9000 r--p 00020000 08:05 5595                       /lib/x86_64-linux-gnu/libselinux.so.1
7fca69bf9000-7fca69bfa000 rw-p 00021000 08:05 5595                       /lib/x86_64-linux-gnu/libselinux.so.1
7fca69bfa000-7fca69bfc000 rw-p 00000000 00:00 0 
7fca69bfc000-7fca69d08000 r-xp 00000000 08:05 5294                       /lib/x86_64-linux-gnu/libglib-2.0.so.0.4200.1
7fca69d08000-7fca69f08000 ---p 0010c000 08:05 5294                       /lib/x86_64-linux-gnu/libglib-2.0.so.0.4200.1
7fca69f08000-7fca69f09000 r--p 0010c000 08:05 5294                       /lib/x86_64-linux-gnu/libglib-2.0.so.0.4200.1
7fca69f09000-7fca69f0a000 rw-p 0010d000 08:05 5294                       /lib/x86_64-linux-gnu/libglib-2.0.so.0.4200.1
7fca69f0a000-7fca69f0b000 rw-p 00000000 00:00 0 
7fca69f0b000-7fca69f0e000 r-xp 00000000 08:05 268184                     /usr/lib/x86_64-linux-gnu/libgmodule-2.0.so.0.4200.1
7fca69f0e000-7fca6a10d000 ---p 00003000 08:05 268184                     /usr/lib/x86_64-linux-gnu/libgmodule-2.0.so.0.4200.1
7fca6a10d000-7fca6a10e000 r--p 00002000 08:05 268184                     /usr/lib/x86_64-linux-gnu/libgmodule-2.0.so.0.4200.1
7fca6a10e000-7fca6a10f000 rw-p 00003000 08:05 268184                     /usr/lib/x86_64-linux-gnu/libgmodule-2.0.so.0.4200.1
7fca6a10f000-7fca6a135000 r-xp 00000000 08:05 5481                       /lib/x86_64-linux-gnu/libexpat.so.1.6.0
7fca6a135000-7fca6a334000 ---p 00026000 08:05 5481                       /lib/x86_64-linux-gnu/libexpat.so.1.6.0
7fca6a334000-7fca6a337000 r--p 00025000 08:05 5481                       /lib/x86_64-linux-gnu/libexpat.so.1.6.0
7fca6a337000-7fca6a338000 rw-p 00028000 08:05 5481                       /lib/x86_64-linux-gnu/libexpat.so.1.6.0
7fca6a338000-7fca6a3da000 r-xp 00000000 08:05 267920                     /usr/lib/x86_64-linux-gnu/libfreetype.so.6.11.1
7fca6a3da000-7fca6a5d9000 ---p 000a2000 08:05 267920                     /usr/lib/x86_64-linux-gnu/libfreetype.so.6.11.1
7fca6a5d9000-7fca6a5df000 r--p 000a1000 08:05 267920                     /usr/lib/x86_64-linux-gnu/libfreetype.so.6.11.1
7fca6a5df000-7fca6a5e0000 rw-p 000a7000 08:05 267920                     /usr/lib/x86_64-linux-gnu/libfreetype.so.6.11.1
7fca6a5e0000-7fca6a5f0000 r-xp 00000000 08:05 274681                     /usr/lib/x86_64-linux-gnu/libavahi-client.so.3.2.9
7fca6a5f0000-7fca6a7ef000 ---p 00010000 08:05 274681                     /usr/lib/x86_64-linux-gnu/libavahi-client.so.3.2.9
7fca6a7ef000-7fca6a7f0000 r--p 0000f000 08:05 274681                     /usr/lib/x86_64-linux-gnu/libavahi-client.so.3.2.9
7fca6a7f0000-7fca6a7f1000 rw-p 00010000 08:05 274681                     /usr/lib/x86_64-linux-gnu/libavahi-client.so.3.2.9
7fca6a7f1000-7fca6a7fc000 r-xp 00000000 08:05 274683                     /usr/lib/x86_64-linux-gnu/libavahi-common.so.3.5.3
7fca6a7fc000-7fca6a9fb000 ---p 0000b000 08:05 274683                     /usr/lib/x86_64-linux-gnu/libavahi-common.so.3.5.3
7fca6a9fb000-7fca6a9fc000 r--p 0000a000 08:05 274683                     /usr/lib/x86_64-linux-gnu/libavahi-common.so.3.5.3
7fca6a9fc000-7fca6a9fd000 rw-p 0000b000 08:05 274683                     /usr/lib/x86_64-linux-gnu/libavahi-common.so.3.5.3
7fca6a9fd000-7fca6aafc000 r-xp 00000000 08:05 268077                     /usr/lib/x86_64-linux-gnu/libgnutls-deb0.so.28.30.7
7fca6aafc000-7fca6acfb000 ---p 000ff000 08:05 268077                     /usr/lib/x86_64-linux-gnu/libgnutls-deb0.so.28.30.7
7fca6acfb000-7fca6ad04000 r--p 000fe000 08:05 268077                     /usr/lib/x86_64-linux-gnu/libgnutls-deb0.so.28.30.7
7fca6ad04000-7fca6ad06000 rw-p 00107000 08:05 268077                     /usr/lib/x86_64-linux-gnu/libgnutls-deb0.so.28.30.7
7fca6ad06000-7fca6ad4b000 r-xp 00000000 08:05 274243                     /usr/lib/x86_64-linux-gnu/libgssapi_krb5.so.2.2
7fca6ad4b000-7fca6af4a000 ---p 00045000 08:05 274243                     /usr/lib/x86_64-linux-gnu/libgssapi_krb5.so.2.2
7fca6af4a000-7fca6af4c000 r--p 00044000 08:05 274243                     /usr/lib/x86_64-linux-gnu/libgssapi_krb5.so.2.2
7fca6af4c000-7fca6af4d000 rw-p 00046000 08:05 274243                     /usr/lib/x86_64-linux-gnu/libgssapi_krb5.so.2.2
7fca6af4d000-7fca6af4e000 rw-p 00000000 00:00 0 
7fca6af4e000-7fca6af6b000 r-xp 00000000 08:05 275697                     /usr/lib/x86_64-linux-gnu/libxcb.so.1.1.0
7fca6af6b000-7fca6b16b000 ---p 0001d000 08:05 275697                     /usr/lib/x86_64-linux-gnu/libxcb.so.1.1.0
7fca6b16b000-7fca6b16c000 r--p 0001d000 08:05 275697                     /usr/lib/x86_64-linux-gnu/libxcb.so.1.1.0
7fca6b16c000-7fca6b16d000 rw-p 0001e000 08:05 275697                     /usr/lib/x86_64-linux-gnu/libxcb.so.1.1.0
7fca6b16d000-7fca6b1bd000 r-xp 00000000 08:05 268182                     /usr/lib/x86_64-linux-gnu/libgobject-2.0.so.0.4200.1
7fca6b1bd000-7fca6b3bd000 ---p 00050000 08:05 268182                     /usr/lib/x86_64-linux-gnu/libgobject-2.0.so.0.4200.1
7fca6b3bd000-7fca6b3be000 r--p 00050000 08:05 268182                     /usr/lib/x86_64-linux-gnu/libgobject-2.0.so.0.4200.1
7fca6b3be000-7fca6b3bf000 rw-p 00051000 08:05 268182                     /usr/lib/x86_64-linux-gnu/libgobject-2.0.so.0.4200.1
7fca6b3bf000-7fca6b530000 r-xp 00000000 08:05 268183                     /usr/lib/x86_64-linux-gnu/libgio-2.0.so.0.4200.1
7fca6b530000-7fca6b730000 ---p 00171000 08:05 268183                     /usr/lib/x86_64-linux-gnu/libgio-2.0.so.0.4200.1
7fca6b730000-7fca6b734000 r--p 00171000 08:05 268183                     /usr/lib/x86_64-linux-gnu/libgio-2.0.so.0.4200.1
7fca6b734000-7fca6b736000 rw-p 00175000 08:05 268183                     /usr/lib/x86_64-linux-gnu/libgio-2.0.so.0.4200.1
7fca6b736000-7fca6b738000 rw-p 00000000 00:00 0 
7fca6b738000-7fca6b773000 r-xp 00000000 08:05 274891                     /usr/lib/x86_64-linux-gnu/libfontconfig.so.1.8.0
7fca6b773000-7fca6b972000 ---p 0003b000 08:05 274891                     /usr/lib/x86_64-linux-gnu/libfontconfig.so.1.8.0
7fca6b972000-7fca6b974000 r--p 0003a000 08:05 274891                     /usr/lib/x86_64-linux-gnu/libfontconfig.so.1.8.0
7fca6b974000-7fca6b975000 rw-p 0003c000 08:05 274891                     /usr/lib/x86_64-linux-gnu/libfontconfig.so.1.8.0
7fca6b975000-7fca6b9e2000 r-xp 00000000 08:05 263551                     /usr/lib/x86_64-linux-gnu/libcups.so.2
7fca6b9e2000-7fca6bbe2000 ---p 0006d000 08:05 263551                     /usr/lib/x86_64-linux-gnu/libcups.so.2
7fca6bbe2000-7fca6bbe9000 r--p 0006d000 08:05 263551                     /usr/lib/x86_64-linux-gnu/libcups.so.2
7fca6bbe9000-7fca6bbea000 rw-p 00074000 08:05 263551                     /usr/lib/x86_64-linux-gnu/libcups.so.2
7fca6bbea000-7fca6bbf9000 r-xp 00000000 08:05 274598                     /usr/lib/x86_64-linux-gnu/libXi.so.6.1.0
7fca6bbf9000-7fca6bdf8000 ---p 0000f000 08:05 274598                     /usr/lib/x86_64-linux-gnu/libXi.so.6.1.0
7fca6bdf8000-7fca6bdf9000 r--p 0000e000 08:05 274598                     /usr/lib/x86_64-linux-gnu/libXi.so.6.1.0
7fca6bdf9000-7fca6bdfa000 rw-p 0000f000 08:05 274598                     /usr/lib/x86_64-linux-gnu/libXi.so.6.1.0
7fca6bdfa000-7fca6bdff000 r-xp 00000000 08:05 274618                     /usr/lib/x86_64-linux-gnu/libXtst.so.6.1.0
7fca6bdff000-7fca6bffe000 ---p 00005000 08:05 274618                     /usr/lib/x86_64-linux-gnu/libXtst.so.6.1.0
7fca6bffe000-7fca6bfff000 r--p 00004000 08:05 274618                     /usr/lib/x86_64-linux-gnu/libXtst.so.6.1.0
7fca6bfff000-7fca6c000000 rw-p 00005000 08:05 274618                     /usr/lib/x86_64-linux-gnu/libXtst.so.6.1.0
7fca6c000000-7fca6c021000 rw-p 00000000 00:00 0 
7fca6c021000-7fca70000000 ---p 00000000 00:00 0 
7fca7008a000-7fca7008d000 ---p 00000000 00:00 0 
7fca7008d000-7fca7018b000 rw-p 00000000 00:00 0                          [stack:2834]
7fca7018b000-7fca70194000 r-xp 00000000 08:05 274918                     /usr/lib/x86_64-linux-gnu/libXrender.so.1.3.0
7fca70194000-7fca70393000 ---p 00009000 08:05 274918                     /usr/lib/x86_64-linux-gnu/libXrender.so.1.3.0
7fca70393000-7fca70394000 r--p 00008000 08:05 274918                     /usr/lib/x86_64-linux-gnu/libXrender.so.1.3.0
7fca70394000-7fca70395000 rw-p 00009000 08:05 274918                     /usr/lib/x86_64-linux-gnu/libXrender.so.1.3.0
7fca70395000-7fca704c8000 r-xp 00000000 08:05 274573                     /usr/lib/x86_64-linux-gnu/libX11.so.6.3.0
7fca704c8000-7fca706c8000 ---p 00133000 08:05 274573                     /usr/lib/x86_64-linux-gnu/libX11.so.6.3.0
7fca706c8000-7fca706c9000 r--p 00133000 08:05 274573                     /usr/lib/x86_64-linux-gnu/libX11.so.6.3.0
7fca706c9000-7fca706cd000 rw-p 00134000 08:05 274573                     /usr/lib/x86_64-linux-gnu/libX11.so.6.3.0
7fca706cd000-7fca706ce000 rw-p 00000000 00:00 0 
7fca706ce000-7fca706df000 r-xp 00000000 08:05 275558                     /usr/lib/x86_64-linux-gnu/libXext.so.6.4.0
7fca706df000-7fca708de000 ---p 00011000 08:05 275558                     /usr/lib/x86_64-linux-gnu/libXext.so.6.4.0
7fca708de000-7fca708df000 r--p 00010000 08:05 275558                     /usr/lib/x86_64-linux-gnu/libXext.so.6.4.0
7fca708df000-7fca708e0000 rw-p 00011000 08:05 275558                     /usr/lib/x86_64-linux-gnu/libXext.so.6.4.0
7fca708e0000-7fca70928000 r-xp 00000000 08:05 298669                     /usr/lib/jvm/java-7-openjdk-amd64/jre/lib/amd64/xawt/libmawt.so
7fca70928000-7fca70b28000 ---p 00048000 08:05 298669                     /usr/lib/jvm/java-7-openjdk-amd64/jre/lib/amd64/xawt/libmawt.so
7fca70b28000-7fca70b29000 r--p 00048000 08:05 298669                     /usr/lib/jvm/java-7-openjdk-amd64/jre/lib/amd64/xawt/libmawt.so
7fca70b29000-7fca70b2c000 rw-p 00049000 08:05 298669                     /usr/lib/jvm/java-7-openjdk-amd64/jre/lib/amd64/xawt/libmawt.so
7fca70b2c000-7fca70b2d000 rw-p 00000000 00:00 0 
7fca70b2d000-7fca70bcd000 r-xp 00000000 08:05 298500                     /usr/lib/jvm/java-7-openjdk-amd64/jre/lib/amd64/libawt.so
7fca70bcd000-7fca70dcd000 ---p 000a0000 08:05 298500                     /usr/lib/jvm/java-7-openjdk-amd64/jre/lib/amd64/libawt.so
7fca70dcd000-7fca70dce000 r--p 000a0000 08:05 298500                     /usr/lib/jvm/java-7-openjdk-amd64/jre/lib/amd64/libawt.so
7fca70dce000-7fca70dd9000 rw-p 000a1000 08:05 298500                     /usr/lib/jvm/java-7-openjdk-amd64/jre/lib/amd64/libawt.so
7fca70dd9000-7fca70dfe000 rw-p 00000000 00:00 0 
7fca70dfe000-7fca70dff000 ---p 00000000 00:00 0 
7fca70dff000-7fca70eff000 rw-p 00000000 00:00 0                          [stack:2833]
7fca70eff000-7fca70f02000 ---p 00000000 00:00 0 
7fca70f02000-7fca71000000 rw-p 00000000 00:00 0                          [stack:2832]
7fca71000000-7fca71270000 rwxp 00000000 00:00 0 
7fca71270000-7fca74591000 rw-p 00000000 00:00 0 
7fca74591000-7fca78000000 ---p 00000000 00:00 0 
7fca78051000-7fca78056000 r--s 0004d000 08:05 298533                     /usr/lib/jvm/java-7-openjdk-amd64/jre/lib/jsse.jar
7fca78056000-7fca78059000 ---p 00000000 00:00 0 
7fca78059000-7fca78157000 rw-p 00000000 00:00 0                          [stack:2831]
7fca78157000-7fca7815a000 ---p 00000000 00:00 0 
7fca7815a000-7fca78258000 rw-p 00000000 00:00 0                          [stack:2830]
7fca78258000-7fca7825b000 ---p 00000000 00:00 0 
7fca7825b000-7fca78359000 rw-p 00000000 00:00 0                          [stack:2829]
7fca78359000-7fca78a3b000 r--p 00000000 08:05 272413                     /usr/lib/locale/locale-archive
7fca78a3b000-7fca78a3e000 ---p 00000000 00:00 0 
7fca78a3e000-7fca78b3c000 rw-p 00000000 00:00 0                          [stack:2828]
7fca78b3c000-7fca78b3f000 ---p 00000000 00:00 0 
7fca78b3f000-7fca78c3d000 rw-p 00000000 00:00 0                          [stack:2827]
7fca78c3d000-7fca78c3e000 ---p 00000000 00:00 0 
7fca78c3e000-7fca79d3b000 rw-p 00000000 00:00 0                          [stack:2826]
7fca79d3b000-7fca79eec000 r--s 01d27000 08:05 298530                     /usr/lib/jvm/java-7-openjdk-amd64/jre/lib/rt.jar
7fca79eec000-7fca7a43c000 rw-p 00000000 00:00 0 
7fca7a43c000-7fca7a43d000 ---p 00000000 00:00 0 
7fca7a43d000-7fca7a53d000 rw-p 00000000 00:00 0                          [stack:2825]
7fca7a53d000-7fca7a53e000 ---p 00000000 00:00 0 
7fca7a53e000-7fca7a63e000 rw-p 00000000 00:00 0                          [stack:2824]
7fca7a63e000-7fca7a63f000 ---p 00000000 00:00 0 
7fca7a63f000-7fca7a73f000 rw-p 00000000 00:00 0                          [stack:2823]
7fca7a73f000-7fca7a740000 ---p 00000000 00:00 0 
7fca7a740000-7fca7a84b000 rw-p 00000000 00:00 0                          [stack:2822]
7fca7a84b000-7fca7a893000 rw-p 00000000 00:00 0 
7fca7a893000-7fca7a8bc000 rw-p 00000000 00:00 0 
7fca7a8bc000-7fca7ab25000 rw-p 00000000 00:00 0 
7fca7ab25000-7fca7ab30000 rw-p 00000000 00:00 0 
7fca7ab30000-7fca7ab78000 rw-p 00000000 00:00 0 
7fca7ab78000-7fca7aba1000 rw-p 00000000 00:00 0 
7fca7aba1000-7fca7ae09000 rw-p 00000000 00:00 0 
7fca7ae09000-7fca7ae1e000 rw-p 00000000 00:00 0 
7fca7ae1e000-7fca7af52000 rw-p 00000000 00:00 0 
7fca7af52000-7fca7af53000 rw-p 00000000 00:00 0 
7fca7af53000-7fca7af5b000 r-xp 00000000 08:05 298496                     /usr/lib/jvm/java-7-openjdk-amd64/jre/lib/amd64/libzip.so
7fca7af5b000-7fca7b15a000 ---p 00008000 08:05 298496                     /usr/lib/jvm/java-7-openjdk-amd64/jre/lib/amd64/libzip.so
7fca7b15a000-7fca7b15b000 r--p 00007000 08:05 298496                     /usr/lib/jvm/java-7-openjdk-amd64/jre/lib/amd64/libzip.so
7fca7b15b000-7fca7b15c000 rw-p 00008000 08:05 298496                     /usr/lib/jvm/java-7-openjdk-amd64/jre/lib/amd64/libzip.so
7fca7b15c000-7fca7b167000 r-xp 00000000 08:05 19316                      /lib/x86_64-linux-gnu/libnss_files-2.19.so
7fca7b167000-7fca7b366000 ---p 0000b000 08:05 19316                      /lib/x86_64-linux-gnu/libnss_files-2.19.so
7fca7b366000-7fca7b367000 r--p 0000a000 08:05 19316                      /lib/x86_64-linux-gnu/libnss_files-2.19.so
7fca7b367000-7fca7b368000 rw-p 0000b000 08:05 19316                      /lib/x86_64-linux-gnu/libnss_files-2.19.so
7fca7b368000-7fca7b373000 r-xp 00000000 08:05 19318                      /lib/x86_64-linux-gnu/libnss_nis-2.19.so
7fca7b373000-7fca7b572000 ---p 0000b000 08:05 19318                      /lib/x86_64-linux-gnu/libnss_nis-2.19.so
7fca7b572000-7fca7b573000 r--p 0000a000 08:05 19318                      /lib/x86_64-linux-gnu/libnss_nis-2.19.so
7fca7b573000-7fca7b574000 rw-p 0000b000 08:05 19318                      /lib/x86_64-linux-gnu/libnss_nis-2.19.so
7fca7b574000-7fca7b58b000 r-xp 00000000 08:05 19302                      /lib/x86_64-linux-gnu/libnsl-2.19.so
7fca7b58b000-7fca7b78a000 ---p 00017000 08:05 19302                      /lib/x86_64-linux-gnu/libnsl-2.19.so
7fca7b78a000-7fca7b78b000 r--p 00016000 08:05 19302                      /lib/x86_64-linux-gnu/libnsl-2.19.so
7fca7b78b000-7fca7b78c000 rw-p 00017000 08:05 19302                      /lib/x86_64-linux-gnu/libnsl-2.19.so
7fca7b78c000-7fca7b78e000 rw-p 00000000 00:00 0 
7fca7b78e000-7fca7b797000 r-xp 00000000 08:05 19303                      /lib/x86_64-linux-gnu/libnss_compat-2.19.so
7fca7b797000-7fca7b996000 ---p 00009000 08:05 19303                      /lib/x86_64-linux-gnu/libnss_compat-2.19.so
7fca7b996000-7fca7b997000 r--p 00008000 08:05 19303                      /lib/x86_64-linux-gnu/libnss_compat-2.19.so
7fca7b997000-7fca7b998000 rw-p 00009000 08:05 19303                      /lib/x86_64-linux-gnu/libnss_compat-2.19.so
7fca7b998000-7fca7b9c5000 r-xp 00000000 08:05 298506                     /usr/lib/jvm/java-7-openjdk-amd64/jre/lib/amd64/libjava.so
7fca7b9c5000-7fca7bbc4000 ---p 0002d000 08:05 298506                     /usr/lib/jvm/java-7-openjdk-amd64/jre/lib/amd64/libjava.so
7fca7bbc4000-7fca7bbc5000 r--p 0002c000 08:05 298506                     /usr/lib/jvm/java-7-openjdk-amd64/jre/lib/amd64/libjava.so
7fca7bbc5000-7fca7bbc7000 rw-p 0002d000 08:05 298506                     /usr/lib/jvm/java-7-openjdk-amd64/jre/lib/amd64/libjava.so
7fca7bbc7000-7fca7bbd8000 r-xp 00000000 08:05 298509                     /usr/lib/jvm/java-7-openjdk-amd64/jre/lib/amd64/libverify.so
7fca7bbd8000-7fca7bdd7000 ---p 00011000 08:05 298509                     /usr/lib/jvm/java-7-openjdk-amd64/jre/lib/amd64/libverify.so
7fca7bdd7000-7fca7bdd9000 r--p 00010000 08:05 298509                     /usr/lib/jvm/java-7-openjdk-amd64/jre/lib/amd64/libverify.so
7fca7bdd9000-7fca7bdda000 rw-p 00012000 08:05 298509                     /usr/lib/jvm/java-7-openjdk-amd64/jre/lib/amd64/libverify.so
7fca7bdda000-7fca7bde1000 r-xp 00000000 08:05 19319                      /lib/x86_64-linux-gnu/librt-2.19.so
7fca7bde1000-7fca7bfe0000 ---p 00007000 08:05 19319                      /lib/x86_64-linux-gnu/librt-2.19.so
7fca7bfe0000-7fca7bfe1000 r--p 00006000 08:05 19319                      /lib/x86_64-linux-gnu/librt-2.19.so
7fca7bfe1000-7fca7bfe2000 rw-p 00007000 08:05 19319                      /lib/x86_64-linux-gnu/librt-2.19.so
7fca7bfe2000-7fca7bff8000 r-xp 00000000 08:05 5486                       /lib/x86_64-linux-gnu/libgcc_s.so.1
7fca7bff8000-7fca7c1f7000 ---p 00016000 08:05 5486                       /lib/x86_64-linux-gnu/libgcc_s.so.1
7fca7c1f7000-7fca7c1f8000 r--p 00015000 08:05 5486                       /lib/x86_64-linux-gnu/libgcc_s.so.1
7fca7c1f8000-7fca7c1f9000 rw-p 00016000 08:05 5486                       /lib/x86_64-linux-gnu/libgcc_s.so.1
7fca7c1f9000-7fca7c2fe000 r-xp 00000000 08:05 19298                      /lib/x86_64-linux-gnu/libm-2.19.so
7fca7c2fe000-7fca7c4fd000 ---p 00105000 08:05 19298                      /lib/x86_64-linux-gnu/libm-2.19.so
7fca7c4fd000-7fca7c4fe000 r--p 00104000 08:05 19298                      /lib/x86_64-linux-gnu/libm-2.19.so
7fca7c4fe000-7fca7c4ff000 rw-p 00105000 08:05 19298                      /lib/x86_64-linux-gnu/libm-2.19.so
7fca7c4ff000-7fca7c5ef000 r-xp 00000000 08:05 275529                     /usr/lib/x86_64-linux-gnu/libstdc++.so.6.0.20
7fca7c5ef000-7fca7c7ef000 ---p 000f0000 08:05 275529                     /usr/lib/x86_64-linux-gnu/libstdc++.so.6.0.20
7fca7c7ef000-7fca7c7f7000 r--p 000f0000 08:05 275529                     /usr/lib/x86_64-linux-gnu/libstdc++.so.6.0.20
7fca7c7f7000-7fca7c7f9000 rw-p 000f8000 08:05 275529                     /usr/lib/x86_64-linux-gnu/libstdc++.so.6.0.20
7fca7c7f9000-7fca7c80e000 rw-p 00000000 00:00 0 
7fca7c80e000-7fca7d35e000 r-xp 00000000 08:05 298521                     /usr/lib/jvm/java-7-openjdk-amd64/jre/lib/amd64/server/libjvm.so
7fca7d35e000-7fca7d55d000 ---p 00b50000 08:05 298521                     /usr/lib/jvm/java-7-openjdk-amd64/jre/lib/amd64/server/libjvm.so
7fca7d55d000-7fca7d5fc000 r--p 00b4f000 08:05 298521                     /usr/lib/jvm/java-7-openjdk-amd64/jre/lib/amd64/server/libjvm.so
7fca7d5fc000-7fca7d61f000 rw-p 00bee000 08:05 298521                     /usr/lib/jvm/java-7-openjdk-amd64/jre/lib/amd64/server/libjvm.so
7fca7d61f000-7fca7d64c000 rw-p 00000000 00:00 0 
7fca7d64c000-7fca7d664000 r-xp 00000000 08:05 5630                       /lib/x86_64-linux-gnu/libz.so.1.2.8
7fca7d664000-7fca7d863000 ---p 00018000 08:05 5630                       /lib/x86_64-linux-gnu/libz.so.1.2.8
7fca7d863000-7fca7d864000 r--p 00017000 08:05 5630                       /lib/x86_64-linux-gnu/libz.so.1.2.8
7fca7d864000-7fca7d865000 rw-p 00018000 08:05 5630                       /lib/x86_64-linux-gnu/libz.so.1.2.8
7fca7d865000-7fca7d87e000 r-xp 00000000 08:05 19306                      /lib/x86_64-linux-gnu/libpthread-2.19.so
7fca7d87e000-7fca7da7d000 ---p 00019000 08:05 19306                      /lib/x86_64-linux-gnu/libpthread-2.19.so
7fca7da7d000-7fca7da7e000 r--p 00018000 08:05 19306                      /lib/x86_64-linux-gnu/libpthread-2.19.so
7fca7da7e000-7fca7da7f000 rw-p 00019000 08:05 19306                      /lib/x86_64-linux-gnu/libpthread-2.19.so
7fca7da7f000-7fca7da83000 rw-p 00000000 00:00 0 
7fca7da83000-7fca7da86000 r-xp 00000000 08:05 19305                      /lib/x86_64-linux-gnu/libdl-2.19.so
7fca7da86000-7fca7dc85000 ---p 00003000 08:05 19305                      /lib/x86_64-linux-gnu/libdl-2.19.so
7fca7dc85000-7fca7dc86000 r--p 00002000 08:05 19305                      /lib/x86_64-linux-gnu/libdl-2.19.so
7fca7dc86000-7fca7dc87000 rw-p 00003000 08:05 19305                      /lib/x86_64-linux-gnu/libdl-2.19.so
7fca7dc87000-7fca7de41000 r-xp 00000000 08:05 19317                      /lib/x86_64-linux-gnu/libc-2.19.so
7fca7de41000-7fca7e040000 ---p 001ba000 08:05 19317                      /lib/x86_64-linux-gnu/libc-2.19.so
7fca7e040000-7fca7e044000 r--p 001b9000 08:05 19317                      /lib/x86_64-linux-gnu/libc-2.19.so
7fca7e044000-7fca7e046000 rw-p 001bd000 08:05 19317                      /lib/x86_64-linux-gnu/libc-2.19.so
7fca7e046000-7fca7e04b000 rw-p 00000000 00:00 0 
7fca7e04b000-7fca7e058000 r-xp 00000000 08:05 298514                     /usr/lib/jvm/java-7-openjdk-amd64/jre/lib/amd64/jli/libjli.so
7fca7e058000-7fca7e257000 ---p 0000d000 08:05 298514                     /usr/lib/jvm/java-7-openjdk-amd64/jre/lib/amd64/jli/libjli.so
7fca7e257000-7fca7e258000 r--p 0000c000 08:05 298514                     /usr/lib/jvm/java-7-openjdk-amd64/jre/lib/amd64/jli/libjli.so
7fca7e258000-7fca7e259000 rw-p 0000d000 08:05 298514                     /usr/lib/jvm/java-7-openjdk-amd64/jre/lib/amd64/jli/libjli.so
7fca7e259000-7fca7e27c000 r-xp 00000000 08:05 19312                      /lib/x86_64-linux-gnu/ld-2.19.so
7fca7e27d000-7fca7e280000 r--s 0233b000 08:07 4599929                    /home/joe/Documents/OCR Project/workspace/workspace/Tesseract/libs/tess4j.jar
7fca7e280000-7fca7e284000 r--s 000dc000 08:07 4599931                    /home/joe/Documents/OCR Project/workspace/workspace/Tesseract/libs/jna.jar
7fca7e284000-7fca7e295000 r--s 00106000 08:07 4599930                    /home/joe/Documents/OCR Project/workspace/workspace/Tesseract/libs/jai_imageio.jar
7fca7e295000-7fca7e29f000 rw-p 00000000 00:00 0 
7fca7e29f000-7fca7e355000 rw-p 00000000 00:00 0 
7fca7e355000-7fca7e358000 ---p 00000000 00:00 0 
7fca7e358000-7fca7e45b000 rw-p 00000000 00:00 0                          [stack:2821]
7fca7e45c000-7fca7e460000 r--s 00034000 08:05 298549                     /usr/lib/jvm/java-7-openjdk-amd64/jre/lib/ext/sunjce_provider.jar
7fca7e460000-7fca7e463000 r--s 0000f000 08:05 298547                     /usr/lib/jvm/java-7-openjdk-amd64/jre/lib/ext/icedtea-sound.jar
7fca7e463000-7fca7e466000 r--s 00086000 08:05 298550                     /usr/lib/jvm/java-7-openjdk-amd64/jre/lib/ext/localedata.jar
7fca7e466000-7fca7e468000 r--s 00012000 08:05 298546                     /usr/lib/jvm/java-7-openjdk-amd64/jre/lib/ext/zipfs.jar
7fca7e468000-7fca7e469000 r--s 00002000 08:05 298548                     /usr/lib/jvm/java-7-openjdk-amd64/jre/lib/ext/dnsns.jar
7fca7e469000-7fca7e46b000 r--s 00006000 08:05 522850                     /usr/share/java/java-atk-wrapper.jar
7fca7e46b000-7fca7e46f000 r--s 0003c000 08:05 298545                     /usr/lib/jvm/java-7-openjdk-amd64/jre/lib/ext/sunpkcs11.jar
7fca7e46f000-7fca7e477000 rw-s 00000000 08:05 24174                      /tmp/hsperfdata_joe/2815
7fca7e477000-7fca7e478000 rw-p 00000000 00:00 0 
7fca7e478000-7fca7e479000 r--p 00000000 00:00 0 
7fca7e479000-7fca7e47b000 rw-p 00000000 00:00 0 
7fca7e47b000-7fca7e47c000 r--p 00022000 08:05 19312                      /lib/x86_64-linux-gnu/ld-2.19.so
7fca7e47c000-7fca7e47d000 rw-p 00023000 08:05 19312                      /lib/x86_64-linux-gnu/ld-2.19.so
7fca7e47d000-7fca7e47e000 rw-p 00000000 00:00 0 
7fff5d527000-7fff5d548000 rw-p 00000000 00:00 0                          [stack]
7fff5d5ce000-7fff5d5d0000 r-xp 00000000 00:00 0                          [vdso]
7fff5d5d0000-7fff5d5d2000 r--p 00000000 00:00 0                          [vvar]
ffffffffff600000-ffffffffff601000 r-xp 00000000 00:00 0                  [vsyscall]

VM Arguments:
jvm_args: -Dfile.encoding=UTF-8 
java_command: Main
Launcher Type: SUN_STANDARD

Environment Variables:
PATH=/home/joe/tesseract-ocr/training:/home/joe/tesseract-ocr:/usr/local/sbin:/usr/local/bin:/usr/sbin:/usr/bin:/sbin:/bin:/usr/games:/usr/local/games
SHELL=/bin/bash
DISPLAY=:0.0

Signal Handlers:
SIGSEGV: [libjvm.so+0x983740], sa_mask[0]=0x7ffbfeff, sa_flags=0x10000004
SIGBUS: [libjvm.so+0x983740], sa_mask[0]=0x7ffbfeff, sa_flags=0x10000004
SIGFPE: [libjvm.so+0x7f0180], sa_mask[0]=0x7ffbfeff, sa_flags=0x10000004
SIGPIPE: [libjvm.so+0x7f0180], sa_mask[0]=0x7ffbfeff, sa_flags=0x10000004
SIGXFSZ: [libjvm.so+0x7f0180], sa_mask[0]=0x7ffbfeff, sa_flags=0x10000004
SIGILL: [libjvm.so+0x7f0180], sa_mask[0]=0x7ffbfeff, sa_flags=0x10000004
SIGUSR1: SIG_DFL, sa_mask[0]=0x00000000, sa_flags=0x00000000
SIGUSR2: [libjvm.so+0x7f0000], sa_mask[0]=0x00000004, sa_flags=0x10000004
SIGHUP: [libjvm.so+0x7f0200], sa_mask[0]=0x7ffbfeff, sa_flags=0x10000004
SIGINT: [libjvm.so+0x7f0200], sa_mask[0]=0x7ffbfeff, sa_flags=0x10000004
SIGTERM: [libjvm.so+0x7f0200], sa_mask[0]=0x7ffbfeff, sa_flags=0x10000004
SIGQUIT: [libjvm.so+0x7f0200], sa_mask[0]=0x7ffbfeff, sa_flags=0x10000004
SIGTRAP: SIG_DFL, sa_mask[0]=0x00000000, sa_flags=0x00000000


---------------  S Y S T E M  ---------------

OS:Ubuntu 14.10 (utopic)
uname:Linux 3.16.0-23-generic #31-Ubuntu SMP Tue Oct 21 17:56:17 UTC 2014 x86_64
libc:glibc 2.19 NPTL 2.19 
rlimit: STACK 8192k, CORE 0k, NPROC 31440, NOFILE 4096, AS infinity
load average:0.62 0.50 0.22

/proc/meminfo:
MemTotal:        8070928 kB
MemFree:         5958804 kB
MemAvailable:    6455268 kB
Buffers:           55668 kB
Cached:           935864 kB
SwapCached:            0 kB
Active:          1312732 kB
Inactive:         600692 kB
Active(anon):     923296 kB
Inactive(anon):   352652 kB
Active(file):     389436 kB
Inactive(file):   248040 kB
Unevictable:           0 kB
Mlocked:               0 kB
SwapTotal:       7811068 kB
SwapFree:        7811068 kB
Dirty:               380 kB
Writeback:             0 kB
AnonPages:        921828 kB
Mapped:           226664 kB
Shmem:            354052 kB
Slab:              84528 kB
SReclaimable:      55864 kB
SUnreclaim:        28664 kB
KernelStack:        6784 kB
PageTables:        24852 kB
NFS_Unstable:          0 kB
Bounce:                0 kB
WritebackTmp:          0 kB
CommitLimit:    11846532 kB
Committed_AS:    3550828 kB
VmallocTotal:   34359738367 kB
VmallocUsed:      557544 kB
VmallocChunk:   34359166952 kB
HardwareCorrupted:     0 kB
AnonHugePages:    483328 kB
HugePages_Total:       0
HugePages_Free:        0
HugePages_Rsvd:        0
HugePages_Surp:        0
Hugepagesize:       2048 kB
DirectMap4k:       69120 kB
DirectMap2M:     2971648 kB
DirectMap1G:     5242880 kB


CPU:total 4 (2 cores per cpu, 2 threads per core) family 6 model 69 stepping 1, cmov, cx8, fxsr, mmx, sse, sse2, sse3, ssse3, sse4.1, sse4.2, popcnt, avx, avx2, aes, erms, ht, tsc, tscinvbit

/proc/cpuinfo:
processor	: 0
vendor_id	: GenuineIntel
cpu family	: 6
model		: 69
model name	: Intel(R) Core(TM) i5-4300U CPU @ 1.90GHz
stepping	: 1
microcode	: 0x1c
cpu MHz		: 2774.414
cache size	: 3072 KB
physical id	: 0
siblings	: 4
core id		: 0
cpu cores	: 2
apicid		: 0
initial apicid	: 0
fpu		: yes
fpu_exception	: yes
cpuid level	: 13
wp		: yes
flags		: fpu vme de pse tsc msr pae mce cx8 apic sep mtrr pge mca cmov pat pse36 clflush dts acpi mmx fxsr sse sse2 ss ht tm pbe syscall nx pdpe1gb rdtscp lm constant_tsc arch_perfmon pebs bts rep_good nopl xtopology nonstop_tsc aperfmperf eagerfpu pni pclmulqdq dtes64 monitor ds_cpl vmx smx est tm2 ssse3 fma cx16 xtpr pdcm pcid sse4_1 sse4_2 x2apic movbe popcnt tsc_deadline_timer aes xsave avx f16c rdrand lahf_lm abm ida arat epb xsaveopt pln pts dtherm tpr_shadow vnmi flexpriority ept vpid fsgsbase tsc_adjust bmi1 avx2 smep bmi2 erms invpcid
bogomips	: 4988.62
clflush size	: 64
cache_alignment	: 64
address sizes	: 39 bits physical, 48 bits virtual
power management:

processor	: 1
vendor_id	: GenuineIntel
cpu family	: 6
model		: 69
model name	: Intel(R) Core(TM) i5-4300U CPU @ 1.90GHz
stepping	: 1
microcode	: 0x1c
cpu MHz		: 2873.730
cache size	: 3072 KB
physical id	: 0
siblings	: 4
core id		: 0
cpu cores	: 2
apicid		: 1
initial apicid	: 1
fpu		: yes
fpu_exception	: yes
cpuid level	: 13
wp		: yes
flags		: fpu vme de pse tsc msr pae mce cx8 apic sep mtrr pge mca cmov pat pse36 clflush dts acpi mmx fxsr sse sse2 ss ht tm pbe syscall nx pdpe1gb rdtscp lm constant_tsc arch_perfmon pebs bts rep_good nopl xtopology nonstop_tsc aperfmperf eagerfpu pni pclmulqdq dtes64 monitor ds_cpl vmx smx est tm2 ssse3 fma cx16 xtpr pdcm pcid sse4_1 sse4_2 x2apic movbe popcnt tsc_deadline_timer aes xsave avx f16c rdrand lahf_lm abm ida arat epb xsaveopt pln pts dtherm tpr_shadow vnmi flexpriority ept vpid fsgsbase tsc_adjust bmi1 avx2 smep bmi2 erms invpcid
bogomips	: 4988.62
clflush size	: 64
cache_alignment	: 64
address sizes	: 39 bits physical, 48 bits virtual
power management:

processor	: 2
vendor_id	: GenuineIntel
cpu family	: 6
model		: 69
model name	: Intel(R) Core(TM) i5-4300U CPU @ 1.90GHz
stepping	: 1
microcode	: 0x1c
cpu MHz		: 2600.000
cache size	: 3072 KB
physical id	: 0
siblings	: 4
core id		: 1
cpu cores	: 2
apicid		: 2
initial apicid	: 2
fpu		: yes
fpu_exception	: yes
cpuid level	: 13
wp		: yes
flags		: fpu vme de pse tsc msr pae mce cx8 apic sep mtrr pge mca cmov pat pse36 clflush dts acpi mmx fxsr sse sse2 ss ht tm pbe syscall nx pdpe1gb rdtscp lm constant_tsc arch_perfmon pebs bts rep_good nopl xtopology nonstop_tsc aperfmperf eagerfpu pni pclmulqdq dtes64 monitor ds_cpl vmx smx est tm2 ssse3 fma cx16 xtpr pdcm pcid sse4_1 sse4_2 x2apic movbe popcnt tsc_deadline_timer aes xsave avx f16c rdrand lahf_lm abm ida arat epb xsaveopt pln pts dtherm tpr_shadow vnmi flexpriority ept vpid fsgsbase tsc_adjust bmi1 avx2 smep bmi2 erms invpcid
bogomips	: 4988.62
clflush size	: 64
cache_alignment	: 64
address sizes	: 39 bits physical, 48 bits virtual
power management:

processor	: 3
vendor_id	: GenuineIntel
cpu family	: 6
model		: 69
model name	: Intel(R) Core(TM) i5-4300U CPU @ 1.90GHz
stepping	: 1
microcode	: 0x1c
cpu MHz		: 2600.000
cache size	: 3072 KB
physical id	: 0
siblings	: 4
core id		: 1
cpu cores	: 2
apicid		: 3
initial apicid	: 3
fpu		: yes
fpu_exception	: yes
cpuid level	: 13
wp		: yes
flags		: fpu vme de pse tsc msr pae mce cx8 apic sep mtrr pge mca cmov pat pse36 clflush dts acpi mmx fxsr sse sse2 ss ht tm pbe syscall nx pdpe1gb rdtscp lm constant_tsc arch_perfmon pebs bts rep_good nopl xtopology nonstop_tsc aperfmperf eagerfpu pni pclmulqdq dtes64 monitor ds_cpl vmx smx est tm2 ssse3 fma cx16 xtpr pdcm pcid sse4_1 sse4_2 x2apic movbe popcnt tsc_deadline_timer aes xsave avx f16c rdrand lahf_lm abm ida arat epb xsaveopt pln pts dtherm tpr_shadow vnmi flexpriority ept vpid fsgsbase tsc_adjust bmi1 avx2 smep bmi2 erms invpcid
bogomips	: 4988.62
clflush size	: 64
cache_alignment	: 64
address sizes	: 39 bits physical, 48 bits virtual
power management:



Memory: 4k page, physical 8070928k(5958804k free), swap 7811068k(7811068k free)

vm_info: OpenJDK 64-Bit Server VM (24.79-b02) for linux-amd64 JRE (1.7.0_79-b14), built on Apr 16 2015 08:25:58 by "buildd" with gcc 4.9.1

time: Tue Jun  9 14:11:57 2015
elapsed time: 0 seconds

