#
# A fatal error has been detected by the Java Runtime Environment:
#
#  SIGSEGV (0xb) at pc=0x00007f3b6d8141db, pid=2763, tid=139894354700032
#
# JRE version: OpenJDK Runtime Environment (7.0_79-b14) (build 1.7.0_79-b14)
# Java VM: OpenJDK 64-Bit Server VM (24.79-b02 mixed mode linux-amd64 compressed oops)
# Derivative: IcedTea 2.5.5
# Distribution: Ubuntu 14.10, package 7u79-2.5.5-0ubuntu0.14.10.2
# Problematic frame:
# C  [libtesseract.so+0x25f1db]  ERRCODE::error(char const*, TessErrorLogCode, char const*, ...) const+0x16b
#
# Failed to write core dump. Core dumps have been disabled. To enable core dumping, try "ulimit -c unlimited" before starting Java again
#
# If you would like to submit a bug report, please include
# instructions on how to reproduce the bug and visit:
#   http://icedtea.classpath.org/bugzilla
# The crash happened outside the Java Virtual Machine in native code.
# See problematic frame for where to report the bug.
#

---------------  T H R E A D  ---------------

Current thread (0x00007f3ba800a000):  JavaThread "main" [_thread_in_native, id=2765, stack(0x00007f3bb1416000,0x00007f3bb1517000)]

siginfo:si_signo=SIGSEGV: si_errno=0, si_code=1 (SEGV_MAPERR), si_addr=0x0000000000000000

Registers:
RAX=0x000000000000004e, RBX=0x00007f3bb1513bbd, RCX=0x00007f3bb0e335bd, RDX=0x00007f3bb11079f0
RSP=0x00007f3bb1513b70, RBP=0x00007f3bb1513b90, RSI=0x000000000000004e, RDI=0x00007f3bb1511340
R8 =0x00007f3bb1516700, R9 =0x61646120656c6966, R10=0x00007f3bb1103be0, R11=0x0000000000000000
R12=0x0000000000000002, R13=0x00007f3b6d81f277, R14=0x00007f3b6dad47c0, R15=0x00007f3ba8572160
RIP=0x00007f3b6d8141db, EFLAGS=0x0000000000010246, CSGSFS=0x0000000000000033, ERR=0x0000000000000004
  TRAPNO=0x000000000000000e

Top of Stack: (sp=0x00007f3bb1513b70)
0x00007f3bb1513b70:   0000000000000000 0000003000000030
0x00007f3bb1513b80:   00007f3bb1514080 00007f3bb1513fa0
0x00007f3bb1513b90:   5464657470616441 736574616c706d65
0x00007f3bb1513ba0:   4c4c554e203d2120 413a726f7272453a
0x00007f3bb1513bb0:   6166207472657373 206e693a64656c69
0x00007f3bb1513bc0:   61646120656c6966 2e686374616d7470
0x00007f3bb1513bd0:   6e696c202c707063 00000a3938312065
0x00007f3bb1513be0:   0000000000000000 0000000000000000
0x00007f3bb1513bf0:   0000000000000000 0000000000000000
0x00007f3bb1513c00:   0000000000000000 0000000000000000
0x00007f3bb1513c10:   0000000000000000 0000000000000000
0x00007f3bb1513c20:   0000000000000000 0000000000000000
0x00007f3bb1513c30:   0000000000000000 0000000000000000
0x00007f3bb1513c40:   0000000000000000 0000000000000000
0x00007f3bb1513c50:   0000000000000000 0000000000000000
0x00007f3bb1513c60:   0000000000000000 0000000000000000
0x00007f3bb1513c70:   0000000000000000 0000000000000000
0x00007f3bb1513c80:   0000000000000000 0000000000000000
0x00007f3bb1513c90:   0000000000000000 0000000000000000
0x00007f3bb1513ca0:   0000000000000000 0000000000000000
0x00007f3bb1513cb0:   0000000000000000 0000000000000000
0x00007f3bb1513cc0:   0000000000000000 0000000000000000
0x00007f3bb1513cd0:   0000000000000000 0000000000000000
0x00007f3bb1513ce0:   0000000000000000 0000000000000000
0x00007f3bb1513cf0:   0000000000000000 0000000000000000
0x00007f3bb1513d00:   0000000000000000 0000000000000000
0x00007f3bb1513d10:   0000000000000000 0000000000000000
0x00007f3bb1513d20:   0000000000000000 0000000000000000
0x00007f3bb1513d30:   0000000000000000 0000000000000000
0x00007f3bb1513d40:   0000000000000000 0000000000000000
0x00007f3bb1513d50:   0000000000000000 0000000000000000
0x00007f3bb1513d60:   0000000000000000 0000000000000000 

Instructions: (pc=0x00007f3b6d8141db)
0x00007f3b6d8141bb:   be 01 00 00 00 48 8b 38 31 c0 e8 c6 91 e3 ff 41
0x00007f3b6d8141cb:   83 fc ff 7c 18 45 85 e4 7e 2f 41 83 fc 02 7f 0d
0x00007f3b6d8141db:   8b 04 25 00 00 00 00 0f 0b 0f 1f 40 00 48 8d 35
0x00007f3b6d8141eb:   d1 b0 01 00 48 8d 3d 92 26 50 00 31 c9 ba 02 00 

Register to memory mapping:

RAX=0x000000000000004e is an unknown value
RBX=0x00007f3bb1513bbd is pointing into the stack for thread: 0x00007f3ba800a000
RCX=0x00007f3bb0e335bd: __write+0x2d in /lib/x86_64-linux-gnu/libc.so.6 at 0x00007f3bb0d48000
RDX=0x00007f3bb11079f0: <offset 0x3bf9f0> in /lib/x86_64-linux-gnu/libc.so.6 at 0x00007f3bb0d48000
RSP=0x00007f3bb1513b70 is pointing into the stack for thread: 0x00007f3ba800a000
RBP=0x00007f3bb1513b90 is pointing into the stack for thread: 0x00007f3ba800a000
RSI=0x000000000000004e is an unknown value
RDI=0x00007f3bb1511340 is pointing into the stack for thread: 0x00007f3ba800a000
R8 =0x00007f3bb1516700 is pointing into the stack for thread: 0x00007f3ba800a000
R9 =0x61646120656c6966 is an unknown value
R10=0x00007f3bb1103be0: <offset 0x3bbbe0> in /lib/x86_64-linux-gnu/libc.so.6 at 0x00007f3bb0d48000
R11=0x0000000000000000 is an unknown value
R12=0x0000000000000002 is an unknown value
R13=0x00007f3b6d81f277: <offset 0x26a277> in /usr/local/lib/libtesseract.so at 0x00007f3b6d5b5000
R14=0x00007f3b6dad47c0: <offset 0x51f7c0> in /usr/local/lib/libtesseract.so at 0x00007f3b6d5b5000
R15=0x00007f3ba8572160 is an unknown value


Stack: [0x00007f3bb1416000,0x00007f3bb1517000],  sp=0x00007f3bb1513b70,  free space=1014k
Native frames: (J=compiled Java code, j=interpreted, Vv=VM code, C=native code)
C  [libtesseract.so+0x25f1db]  ERRCODE::error(char const*, TessErrorLogCode, char const*, ...) const+0x16b

Java frames: (J=compiled Java code, j=interpreted, Vv=VM code)
j  com.sun.jna.Native.invokePointer(JI[Ljava/lang/Object;)J+0
j  com.sun.jna.Function.invokePointer(I[Ljava/lang/Object;)Lcom/sun/jna/Pointer;+6
j  com.sun.jna.Function.invoke([Ljava/lang/Object;Ljava/lang/Class;Z)Ljava/lang/Object;+426
j  com.sun.jna.Function.invoke(Ljava/lang/Class;[Ljava/lang/Object;Ljava/util/Map;)Ljava/lang/Object;+262
j  com.sun.jna.Library$Handler.invoke(Ljava/lang/Object;Ljava/lang/reflect/Method;[Ljava/lang/Object;)Ljava/lang/Object;+316
j  com.sun.proxy.$Proxy0.TessBaseAPIGetUTF8Text(Lnet/sourceforge/tess4j/ITessAPI$TessBaseAPI;)Lcom/sun/jna/Pointer;+16
j  net.sourceforge.tess4j.Tesseract.getOCRText(Ljava/lang/String;I)Ljava/lang/String;+62
j  net.sourceforge.tess4j.Tesseract.doOCR(Ljava/util/List;Ljava/lang/String;Ljava/awt/Rectangle;)Ljava/lang/String;+69
j  net.sourceforge.tess4j.Tesseract.doOCR(Ljava/io/File;Ljava/awt/Rectangle;)Ljava/lang/String;+10
j  net.sourceforge.tess4j.Tesseract.doOCR(Ljava/io/File;)Ljava/lang/String;+3
j  OCREngine.doOCR(Ljava/io/File;)Ljava/lang/String;+5
j  Main.main([Ljava/lang/String;)V+23
v  ~StubRoutines::call_stub

---------------  P R O C E S S  ---------------

Java Threads: ( => current thread )
  0x00007f3ba81ad800 JavaThread "Java2D Disposer" daemon [_thread_blocked, id=2781, stack(0x00007f3b8c048000,0x00007f3b8c149000)]
  0x00007f3ba80af800 JavaThread "Service Thread" daemon [_thread_blocked, id=2779, stack(0x00007f3ba4015000,0x00007f3ba4116000)]
  0x00007f3ba80ad000 JavaThread "C2 CompilerThread1" daemon [_thread_blocked, id=2778, stack(0x00007f3ba4116000,0x00007f3ba4217000)]
  0x00007f3ba80aa000 JavaThread "C2 CompilerThread0" daemon [_thread_blocked, id=2777, stack(0x00007f3ba4217000,0x00007f3ba4318000)]
  0x00007f3ba80a7800 JavaThread "Signal Dispatcher" daemon [_thread_blocked, id=2776, stack(0x00007f3ba4318000,0x00007f3ba4419000)]
  0x00007f3ba807c800 JavaThread "Finalizer" daemon [_thread_blocked, id=2775, stack(0x00007f3ba4afb000,0x00007f3ba4bfc000)]
  0x00007f3ba807a000 JavaThread "Reference Handler" daemon [_thread_blocked, id=2774, stack(0x00007f3ba4bfc000,0x00007f3ba4cfd000)]
=>0x00007f3ba800a000 JavaThread "main" [_thread_in_native, id=2765, stack(0x00007f3bb1416000,0x00007f3bb1517000)]

Other Threads:
  0x00007f3ba8075800 VMThread [stack: 0x00007f3ba4cfd000,0x00007f3ba4dfe000] [id=2773]
  0x00007f3ba80ba000 WatcherThread [stack: 0x00007f3b8fc2f000,0x00007f3b8fd30000] [id=2780]

VM state:not at safepoint (normal execution)

VM Mutex/Monitor currently owned by a thread: None

Heap
 PSYoungGen      total 37376K, used 14248K [0x00000007d6e80000, 0x00000007d9800000, 0x0000000800000000)
  eden space 32256K, 44% used [0x00000007d6e80000,0x00000007d7c6a008,0x00000007d8e00000)
  from space 5120K, 0% used [0x00000007d9300000,0x00000007d9300000,0x00000007d9800000)
  to   space 5120K, 0% used [0x00000007d8e00000,0x00000007d8e00000,0x00000007d9300000)
 ParOldGen       total 83968K, used 0K [0x0000000784c00000, 0x0000000789e00000, 0x00000007d6e80000)
  object space 83968K, 0% used [0x0000000784c00000,0x0000000784c00000,0x0000000789e00000)
 PSPermGen       total 21504K, used 7742K [0x000000077a600000, 0x000000077bb00000, 0x0000000784c00000)
  object space 21504K, 36% used [0x000000077a600000,0x000000077ad8fa18,0x000000077bb00000)

Card table byte_map: [0x00007f3badbe6000,0x00007f3bae014000] byte_map_base: 0x00007f3baa013000

Polling page: 0x00007f3bb1539000

Code Cache  [0x00007f3ba5000000, 0x00007f3ba5270000, 0x00007f3ba8000000)
 total_blobs=312 nmethods=37 adapters=228 free_code_cache=48632Kb largest_free_block=49777024

Compilation events (10 events):
Event: 0.504 Thread 0x00007f3ba80ad000 nmethod 32% 0x00007f3ba5080bd0 code [0x00007f3ba5080d80, 0x00007f3ba5081658]
Event: 0.527 Thread 0x00007f3ba80ad000   34             java.lang.AbstractStringBuilder::append (48 bytes)
Event: 0.536 Thread 0x00007f3ba80ad000 nmethod 34 0x00007f3ba5078990 code [0x00007f3ba5078b00, 0x00007f3ba5078ed8]
Event: 0.536 Thread 0x00007f3ba80ad000   35             java.lang.String::getChars (62 bytes)
Event: 0.537 Thread 0x00007f3ba80ad000 nmethod 35 0x00007f3ba5078590 code [0x00007f3ba50786e0, 0x00007f3ba5078818]
Event: 0.544 Thread 0x00007f3ba80aa000 nmethod 33 0x00007f3ba5085110 code [0x00007f3ba50852e0, 0x00007f3ba5086cb8]
Event: 0.550 Thread 0x00007f3ba80ad000   36             java.lang.StringBuilder::append (8 bytes)
Event: 0.551 Thread 0x00007f3ba80aa000   37             java.util.Arrays::copyOfRange (63 bytes)
Event: 0.554 Thread 0x00007f3ba80aa000 nmethod 37 0x00007f3ba5080710 code [0x00007f3ba5080860, 0x00007f3ba5080a78]
Event: 0.555 Thread 0x00007f3ba80ad000 nmethod 36 0x00007f3ba5084810 code [0x00007f3ba5084980, 0x00007f3ba5084d58]

GC Heap History (0 events):
No events

Deoptimization events (5 events):
Event: 0.393 Thread 0x00007f3ba800a000 Uncommon trap: reason=bimorphic action=maybe_recompile pc=0x00007f3ba50779c4 method=java.util.HashMap.getEntry(Ljava/lang/Object;)Ljava/util/HashMap$Entry; @ 68
Event: 0.394 Thread 0x00007f3ba800a000 Uncommon trap: reason=bimorphic action=maybe_recompile pc=0x00007f3ba50779c4 method=java.util.HashMap.getEntry(Ljava/lang/Object;)Ljava/util/HashMap$Entry; @ 68
Event: 0.396 Thread 0x00007f3ba800a000 Uncommon trap: reason=bimorphic action=maybe_recompile pc=0x00007f3ba50779c4 method=java.util.HashMap.getEntry(Ljava/lang/Object;)Ljava/util/HashMap$Entry; @ 68
Event: 0.396 Thread 0x00007f3ba800a000 Uncommon trap: reason=bimorphic action=maybe_recompile pc=0x00007f3ba50779c4 method=java.util.HashMap.getEntry(Ljava/lang/Object;)Ljava/util/HashMap$Entry; @ 68
Event: 0.397 Thread 0x00007f3ba800a000 Uncommon trap: reason=bimorphic action=maybe_recompile pc=0x00007f3ba5071064 method=java.util.HashMap.getEntry(Ljava/lang/Object;)Ljava/util/HashMap$Entry; @ 68

Internal exceptions (10 events):
Event: 0.553 Thread 0x00007f3ba800a000 Threw 0x00000007d7bbb2d8 at /build/buildd/openjdk-7-7u79-2.5.5/build/openjdk/hotspot/src/share/vm/prims/jvm.cpp:1284
Event: 0.553 Thread 0x00007f3ba800a000 Threw 0x00000007d7bc0e28 at /build/buildd/openjdk-7-7u79-2.5.5/build/openjdk/hotspot/src/share/vm/prims/jvm.cpp:1284
Event: 0.554 Thread 0x00007f3ba800a000 Threw 0x00000007d7bc61d8 at /build/buildd/openjdk-7-7u79-2.5.5/build/openjdk/hotspot/src/share/vm/prims/jvm.cpp:1284
Event: 0.555 Thread 0x00007f3ba800a000 Threw 0x00000007d7bcc898 at /build/buildd/openjdk-7-7u79-2.5.5/build/openjdk/hotspot/src/share/vm/prims/jvm.cpp:1284
Event: 0.555 Thread 0x00007f3ba800a000 Threw 0x00000007d7bd1e40 at /build/buildd/openjdk-7-7u79-2.5.5/build/openjdk/hotspot/src/share/vm/prims/jvm.cpp:1284
Event: 0.556 Thread 0x00007f3ba800a000 Threw 0x00000007d7bd73d8 at /build/buildd/openjdk-7-7u79-2.5.5/build/openjdk/hotspot/src/share/vm/prims/jvm.cpp:1284
Event: 0.556 Thread 0x00007f3ba800a000 Threw 0x00000007d7bdc7f0 at /build/buildd/openjdk-7-7u79-2.5.5/build/openjdk/hotspot/src/share/vm/prims/jvm.cpp:1284
Event: 0.556 Thread 0x00007f3ba800a000 Threw 0x00000007d7be1c88 at /build/buildd/openjdk-7-7u79-2.5.5/build/openjdk/hotspot/src/share/vm/prims/jvm.cpp:1284
Event: 0.556 Thread 0x00007f3ba800a000 Threw 0x00000007d7be70e8 at /build/buildd/openjdk-7-7u79-2.5.5/build/openjdk/hotspot/src/share/vm/prims/jvm.cpp:1284
Event: 0.561 Thread 0x00007f3ba800a000 Threw 0x00000007d7c427a8 at /build/buildd/openjdk-7-7u79-2.5.5/build/openjdk/hotspot/src/share/vm/prims/jvm.cpp:1284

Events (10 events):
Event: 0.557 loading class 0x00007f3ba818f7b0
Event: 0.557 loading class 0x00007f3ba818f7b0 done
Event: 0.557 loading class 0x00007f3ba8189e00
Event: 0.558 loading class 0x00007f3ba8189e00 done
Event: 0.558 loading class 0x00007f3ba814fe30
Event: 0.558 loading class 0x00007f3ba814fe30 done
Event: 0.560 loading class 0x00007f3ba8047d40
Event: 0.560 loading class 0x00007f3ba8047d40 done
Event: 0.561 loading class 0x00007f3ba824fc40
Event: 0.561 loading class 0x00007f3ba824fc40 done


Dynamic libraries:
00400000-00401000 r-xp 00000000 08:05 298468                             /usr/lib/jvm/java-7-openjdk-amd64/jre/bin/java
00600000-00601000 r--p 00000000 08:05 298468                             /usr/lib/jvm/java-7-openjdk-amd64/jre/bin/java
00601000-00602000 rw-p 00001000 08:05 298468                             /usr/lib/jvm/java-7-openjdk-amd64/jre/bin/java
01b73000-01b94000 rw-p 00000000 00:00 0                                  [heap]
77a600000-77bb00000 rw-p 00000000 00:00 0 
77bb00000-784c00000 rw-p 00000000 00:00 0 
784c00000-789e00000 rw-p 00000000 00:00 0 
789e00000-7d6e80000 rw-p 00000000 00:00 0 
7d6e80000-7d9800000 rw-p 00000000 00:00 0 
7d9800000-800000000 rw-p 00000000 00:00 0 
7f3b64000000-7f3b64021000 rw-p 00000000 00:00 0 
7f3b64021000-7f3b68000000 ---p 00000000 00:00 0 
7f3b68000000-7f3b68021000 rw-p 00000000 00:00 0 
7f3b68021000-7f3b6c000000 ---p 00000000 00:00 0 
7f3b6c27a000-7f3b6c291000 r-xp 00000000 08:05 298523                     /usr/lib/jvm/java-7-openjdk-amd64/jre/lib/amd64/libnet.so
7f3b6c291000-7f3b6c490000 ---p 00017000 08:05 298523                     /usr/lib/jvm/java-7-openjdk-amd64/jre/lib/amd64/libnet.so
7f3b6c490000-7f3b6c491000 r--p 00016000 08:05 298523                     /usr/lib/jvm/java-7-openjdk-amd64/jre/lib/amd64/libnet.so
7f3b6c491000-7f3b6c492000 rw-p 00017000 08:05 298523                     /usr/lib/jvm/java-7-openjdk-amd64/jre/lib/amd64/libnet.so
7f3b6c492000-7f3b6c4a3000 r-xp 00000000 08:05 298494                     /usr/lib/jvm/java-7-openjdk-amd64/jre/lib/amd64/libnio.so
7f3b6c4a3000-7f3b6c6a2000 ---p 00011000 08:05 298494                     /usr/lib/jvm/java-7-openjdk-amd64/jre/lib/amd64/libnio.so
7f3b6c6a2000-7f3b6c6a3000 r--p 00010000 08:05 298494                     /usr/lib/jvm/java-7-openjdk-amd64/jre/lib/amd64/libnio.so
7f3b6c6a3000-7f3b6c6a4000 rw-p 00011000 08:05 298494                     /usr/lib/jvm/java-7-openjdk-amd64/jre/lib/amd64/libnio.so
7f3b6c6a4000-7f3b6c6af000 r-xp 00000000 08:05 275200                     /usr/lib/x86_64-linux-gnu/libjbig.so.0
7f3b6c6af000-7f3b6c8ae000 ---p 0000b000 08:05 275200                     /usr/lib/x86_64-linux-gnu/libjbig.so.0
7f3b6c8ae000-7f3b6c8af000 r--p 0000a000 08:05 275200                     /usr/lib/x86_64-linux-gnu/libjbig.so.0
7f3b6c8af000-7f3b6c8b2000 rw-p 0000b000 08:05 275200                     /usr/lib/x86_64-linux-gnu/libjbig.so.0
7f3b6c8b2000-7f3b6c8d3000 r-xp 00000000 08:05 5508                       /lib/x86_64-linux-gnu/liblzma.so.5.0.0
7f3b6c8d3000-7f3b6cad2000 ---p 00021000 08:05 5508                       /lib/x86_64-linux-gnu/liblzma.so.5.0.0
7f3b6cad2000-7f3b6cad3000 r--p 00020000 08:05 5508                       /lib/x86_64-linux-gnu/liblzma.so.5.0.0
7f3b6cad3000-7f3b6cad4000 rw-p 00021000 08:05 5508                       /lib/x86_64-linux-gnu/liblzma.so.5.0.0
7f3b6cad4000-7f3b6cb2a000 r-xp 00000000 08:05 275649                     /usr/lib/x86_64-linux-gnu/libwebp.so.5.0.1
7f3b6cb2a000-7f3b6cd29000 ---p 00056000 08:05 275649                     /usr/lib/x86_64-linux-gnu/libwebp.so.5.0.1
7f3b6cd29000-7f3b6cd2a000 r--p 00055000 08:05 275649                     /usr/lib/x86_64-linux-gnu/libwebp.so.5.0.1
7f3b6cd2a000-7f3b6cd2c000 rw-p 00056000 08:05 275649                     /usr/lib/x86_64-linux-gnu/libwebp.so.5.0.1
7f3b6cd2c000-7f3b6cd9c000 r-xp 00000000 08:05 282436                     /usr/lib/x86_64-linux-gnu/libtiff.so.5.2.0
7f3b6cd9c000-7f3b6cf9b000 ---p 00070000 08:05 282436                     /usr/lib/x86_64-linux-gnu/libtiff.so.5.2.0
7f3b6cf9b000-7f3b6cf9d000 r--p 0006f000 08:05 282436                     /usr/lib/x86_64-linux-gnu/libtiff.so.5.2.0
7f3b6cf9d000-7f3b6cfa0000 rw-p 00071000 08:05 282436                     /usr/lib/x86_64-linux-gnu/libtiff.so.5.2.0
7f3b6cfa0000-7f3b6cfa8000 r-xp 00000000 08:05 298656                     /usr/lib/x86_64-linux-gnu/libgif.so.4.1.6
7f3b6cfa8000-7f3b6d1a7000 ---p 00008000 08:05 298656                     /usr/lib/x86_64-linux-gnu/libgif.so.4.1.6
7f3b6d1a7000-7f3b6d1a8000 r--p 00007000 08:05 298656                     /usr/lib/x86_64-linux-gnu/libgif.so.4.1.6
7f3b6d1a8000-7f3b6d1a9000 rw-p 00008000 08:05 298656                     /usr/lib/x86_64-linux-gnu/libgif.so.4.1.6
7f3b6d1a9000-7f3b6d3ae000 r-xp 00000000 08:05 310004                     /usr/lib/liblept.so.4.0.2
7f3b6d3ae000-7f3b6d5ae000 ---p 00205000 08:05 310004                     /usr/lib/liblept.so.4.0.2
7f3b6d5ae000-7f3b6d5af000 r--p 00205000 08:05 310004                     /usr/lib/liblept.so.4.0.2
7f3b6d5af000-7f3b6d5b5000 rw-p 00206000 08:05 310004                     /usr/lib/liblept.so.4.0.2
7f3b6d5b5000-7f3b6d8c4000 r-xp 00000000 08:05 310073                     /usr/local/lib/libtesseract.so.3.0.4
7f3b6d8c4000-7f3b6dac3000 ---p 0030f000 08:05 310073                     /usr/local/lib/libtesseract.so.3.0.4
7f3b6dac3000-7f3b6dac9000 r--p 0030e000 08:05 310073                     /usr/local/lib/libtesseract.so.3.0.4
7f3b6dac9000-7f3b6dad1000 rw-p 00314000 08:05 310073                     /usr/local/lib/libtesseract.so.3.0.4
7f3b6dad1000-7f3b6dd67000 rw-p 00000000 00:00 0 
7f3b6dd67000-7f3b6dd7e000 r-xp 00000000 08:05 24175                      /tmp/jna-105408/jna193713546982689600.tmp (deleted)
7f3b6dd7e000-7f3b6de7d000 ---p 00017000 08:05 24175                      /tmp/jna-105408/jna193713546982689600.tmp (deleted)
7f3b6de7d000-7f3b6de7f000 rw-p 00016000 08:05 24175                      /tmp/jna-105408/jna193713546982689600.tmp (deleted)
7f3b6de7f000-7f3b6dec2000 r-xp 00000000 08:05 275202                     /usr/lib/x86_64-linux-gnu/libjpeg.so.8.0.2
7f3b6dec2000-7f3b6e0c2000 ---p 00043000 08:05 275202                     /usr/lib/x86_64-linux-gnu/libjpeg.so.8.0.2
7f3b6e0c2000-7f3b6e0c3000 r--p 00043000 08:05 275202                     /usr/lib/x86_64-linux-gnu/libjpeg.so.8.0.2
7f3b6e0c3000-7f3b6e0c4000 rw-p 00044000 08:05 275202                     /usr/lib/x86_64-linux-gnu/libjpeg.so.8.0.2
7f3b6e0c4000-7f3b6e0d4000 rw-p 00000000 00:00 0 
7f3b6e0d4000-7f3b6e0de000 r-xp 00000000 08:05 298497                     /usr/lib/jvm/java-7-openjdk-amd64/jre/lib/amd64/libjavajpeg.so
7f3b6e0de000-7f3b6e2dd000 ---p 0000a000 08:05 298497                     /usr/lib/jvm/java-7-openjdk-amd64/jre/lib/amd64/libjavajpeg.so
7f3b6e2dd000-7f3b6e2de000 r--p 00009000 08:05 298497                     /usr/lib/jvm/java-7-openjdk-amd64/jre/lib/amd64/libjavajpeg.so
7f3b6e2de000-7f3b6e2df000 rw-p 0000a000 08:05 298497                     /usr/lib/jvm/java-7-openjdk-amd64/jre/lib/amd64/libjavajpeg.so
7f3b6e2df000-7f3b6e2e2000 r-xp 00000000 08:05 5504                       /lib/x86_64-linux-gnu/libkeyutils.so.1.5
7f3b6e2e2000-7f3b6e4e1000 ---p 00003000 08:05 5504                       /lib/x86_64-linux-gnu/libkeyutils.so.1.5
7f3b6e4e1000-7f3b6e4e2000 r--p 00002000 08:05 5504                       /lib/x86_64-linux-gnu/libkeyutils.so.1.5
7f3b6e4e2000-7f3b6e4e3000 rw-p 00003000 08:05 5504                       /lib/x86_64-linux-gnu/libkeyutils.so.1.5
7f3b6e4e3000-7f3b6e54f000 r-xp 00000000 08:05 5568                       /lib/x86_64-linux-gnu/libpcre.so.3.13.1
7f3b6e54f000-7f3b6e74e000 ---p 0006c000 08:05 5568                       /lib/x86_64-linux-gnu/libpcre.so.3.13.1
7f3b6e74e000-7f3b6e74f000 r--p 0006b000 08:05 5568                       /lib/x86_64-linux-gnu/libpcre.so.3.13.1
7f3b6e74f000-7f3b6e750000 rw-p 0006c000 08:05 5568                       /lib/x86_64-linux-gnu/libpcre.so.3.13.1
7f3b6e750000-7f3b6e775000 r-xp 00000000 08:05 5580                       /lib/x86_64-linux-gnu/libpng12.so.0.51.0
7f3b6e775000-7f3b6e974000 ---p 00025000 08:05 5580                       /lib/x86_64-linux-gnu/libpng12.so.0.51.0
7f3b6e974000-7f3b6e975000 r--p 00024000 08:05 5580                       /lib/x86_64-linux-gnu/libpng12.so.0.51.0
7f3b6e975000-7f3b6e976000 rw-p 00025000 08:05 5580                       /lib/x86_64-linux-gnu/libpng12.so.0.51.0
7f3b6e976000-7f3b6e9bc000 r-xp 00000000 08:05 20376                      /lib/x86_64-linux-gnu/libdbus-1.so.3.8.7
7f3b6e9bc000-7f3b6ebbb000 ---p 00046000 08:05 20376                      /lib/x86_64-linux-gnu/libdbus-1.so.3.8.7
7f3b6ebbb000-7f3b6ebbd000 r--p 00045000 08:05 20376                      /lib/x86_64-linux-gnu/libdbus-1.so.3.8.7
7f3b6ebbd000-7f3b6ebbe000 rw-p 00047000 08:05 20376                      /lib/x86_64-linux-gnu/libdbus-1.so.3.8.7
7f3b6ebbe000-7f3b6ec3c000 r-xp 00000000 08:05 274990                     /usr/lib/x86_64-linux-gnu/libgmp.so.10.2.0
7f3b6ec3c000-7f3b6ee3c000 ---p 0007e000 08:05 274990                     /usr/lib/x86_64-linux-gnu/libgmp.so.10.2.0
7f3b6ee3c000-7f3b6ee3d000 r--p 0007e000 08:05 274990                     /usr/lib/x86_64-linux-gnu/libgmp.so.10.2.0
7f3b6ee3d000-7f3b6ee3e000 rw-p 0007f000 08:05 274990                     /usr/lib/x86_64-linux-gnu/libgmp.so.10.2.0
7f3b6ee3e000-7f3b6ee6a000 r-xp 00000000 08:05 275147                     /usr/lib/x86_64-linux-gnu/libhogweed.so.2.5
7f3b6ee6a000-7f3b6f06a000 ---p 0002c000 08:05 275147                     /usr/lib/x86_64-linux-gnu/libhogweed.so.2.5
7f3b6f06a000-7f3b6f06b000 r--p 0002c000 08:05 275147                     /usr/lib/x86_64-linux-gnu/libhogweed.so.2.5
7f3b6f06b000-7f3b6f06c000 rw-p 0002d000 08:05 275147                     /usr/lib/x86_64-linux-gnu/libhogweed.so.2.5
7f3b6f06c000-7f3b6f09b000 r-xp 00000000 08:05 275284                     /usr/lib/x86_64-linux-gnu/libnettle.so.4.7
7f3b6f09b000-7f3b6f29b000 ---p 0002f000 08:05 275284                     /usr/lib/x86_64-linux-gnu/libnettle.so.4.7
7f3b6f29b000-7f3b6f29c000 r--p 0002f000 08:05 275284                     /usr/lib/x86_64-linux-gnu/libnettle.so.4.7
7f3b6f29c000-7f3b6f29d000 rw-p 00030000 08:05 275284                     /usr/lib/x86_64-linux-gnu/libnettle.so.4.7
7f3b6f29d000-7f3b6f2ae000 r-xp 00000000 08:05 268069                     /usr/lib/x86_64-linux-gnu/libtasn1.so.6.3.0
7f3b6f2ae000-7f3b6f4ae000 ---p 00011000 08:05 268069                     /usr/lib/x86_64-linux-gnu/libtasn1.so.6.3.0
7f3b6f4ae000-7f3b6f4af000 r--p 00011000 08:05 268069                     /usr/lib/x86_64-linux-gnu/libtasn1.so.6.3.0
7f3b6f4af000-7f3b6f4b0000 rw-p 00012000 08:05 268069                     /usr/lib/x86_64-linux-gnu/libtasn1.so.6.3.0
7f3b6f4b0000-7f3b6f4eb000 r-xp 00000000 08:05 275334                     /usr/lib/x86_64-linux-gnu/libp11-kit.so.0.0.0
7f3b6f4eb000-7f3b6f6ea000 ---p 0003b000 08:05 275334                     /usr/lib/x86_64-linux-gnu/libp11-kit.so.0.0.0
7f3b6f6ea000-7f3b6f6f0000 r--p 0003a000 08:05 275334                     /usr/lib/x86_64-linux-gnu/libp11-kit.so.0.0.0
7f3b6f6f0000-7f3b6f6f2000 rw-p 00040000 08:05 275334                     /usr/lib/x86_64-linux-gnu/libp11-kit.so.0.0.0
7f3b6f6f2000-7f3b6f6fc000 r-xp 00000000 08:05 274434                     /usr/lib/x86_64-linux-gnu/libkrb5support.so.0.1
7f3b6f6fc000-7f3b6f8fb000 ---p 0000a000 08:05 274434                     /usr/lib/x86_64-linux-gnu/libkrb5support.so.0.1
7f3b6f8fb000-7f3b6f8fc000 r--p 00009000 08:05 274434                     /usr/lib/x86_64-linux-gnu/libkrb5support.so.0.1
7f3b6f8fc000-7f3b6f8fd000 rw-p 0000a000 08:05 274434                     /usr/lib/x86_64-linux-gnu/libkrb5support.so.0.1
7f3b6f8fd000-7f3b6f900000 r-xp 00000000 08:05 19397                      /lib/x86_64-linux-gnu/libcom_err.so.2.1
7f3b6f900000-7f3b6faff000 ---p 00003000 08:05 19397                      /lib/x86_64-linux-gnu/libcom_err.so.2.1
7f3b6faff000-7f3b6fb00000 r--p 00002000 08:05 19397                      /lib/x86_64-linux-gnu/libcom_err.so.2.1
7f3b6fb00000-7f3b6fb01000 rw-p 00003000 08:05 19397                      /lib/x86_64-linux-gnu/libcom_err.so.2.1
7f3b6fb01000-7f3b6fb2e000 r-xp 00000000 08:05 274437                     /usr/lib/x86_64-linux-gnu/libk5crypto.so.3.1
7f3b6fb2e000-7f3b6fd2d000 ---p 0002d000 08:05 274437                     /usr/lib/x86_64-linux-gnu/libk5crypto.so.3.1
7f3b6fd2d000-7f3b6fd2f000 r--p 0002c000 08:05 274437                     /usr/lib/x86_64-linux-gnu/libk5crypto.so.3.1
7f3b6fd2f000-7f3b6fd30000 rw-p 0002e000 08:05 274437                     /usr/lib/x86_64-linux-gnu/libk5crypto.so.3.1
7f3b6fd30000-7f3b6fd31000 rw-p 00000000 00:00 0 
7f3b6fd31000-7f3b6fdf1000 r-xp 00000000 08:05 274432                     /usr/lib/x86_64-linux-gnu/libkrb5.so.3.3
7f3b6fdf1000-7f3b6fff1000 ---p 000c0000 08:05 274432                     /usr/lib/x86_64-linux-gnu/libkrb5.so.3.3
7f3b6fff1000-7f3b6fffe000 r--p 000c0000 08:05 274432                     /usr/lib/x86_64-linux-gnu/libkrb5.so.3.3
7f3b6fffe000-7f3b70000000 rw-p 000cd000 08:05 274432                     /usr/lib/x86_64-linux-gnu/libkrb5.so.3.3
7f3b70000000-7f3b7026e000 rw-p 00000000 00:00 0 
7f3b7026e000-7f3b74000000 ---p 00000000 00:00 0 
7f3b74000000-7f3b74021000 rw-p 00000000 00:00 0 
7f3b74021000-7f3b78000000 ---p 00000000 00:00 0 
7f3b78000000-7f3b78021000 rw-p 00000000 00:00 0 
7f3b78021000-7f3b7c000000 ---p 00000000 00:00 0 
7f3b7c000000-7f3b7c299000 rw-p 00000000 00:00 0 
7f3b7c299000-7f3b80000000 ---p 00000000 00:00 0 
7f3b80000000-7f3b80021000 rw-p 00000000 00:00 0 
7f3b80021000-7f3b84000000 ---p 00000000 00:00 0 
7f3b84000000-7f3b84021000 rw-p 00000000 00:00 0 
7f3b84021000-7f3b88000000 ---p 00000000 00:00 0 
7f3b88000000-7f3b88021000 rw-p 00000000 00:00 0 
7f3b88021000-7f3b8c000000 ---p 00000000 00:00 0 
7f3b8c048000-7f3b8c04b000 ---p 00000000 00:00 0 
7f3b8c04b000-7f3b8c149000 rw-p 00000000 00:00 0                          [stack:2781]
7f3b8c149000-7f3b8c14e000 r-xp 00000000 08:05 274588                     /usr/lib/x86_64-linux-gnu/libXdmcp.so.6.0.0
7f3b8c14e000-7f3b8c34d000 ---p 00005000 08:05 274588                     /usr/lib/x86_64-linux-gnu/libXdmcp.so.6.0.0
7f3b8c34d000-7f3b8c34e000 r--p 00004000 08:05 274588                     /usr/lib/x86_64-linux-gnu/libXdmcp.so.6.0.0
7f3b8c34e000-7f3b8c34f000 rw-p 00005000 08:05 274588                     /usr/lib/x86_64-linux-gnu/libXdmcp.so.6.0.0
7f3b8c34f000-7f3b8c351000 r-xp 00000000 08:05 274577                     /usr/lib/x86_64-linux-gnu/libXau.so.6.0.0
7f3b8c351000-7f3b8c551000 ---p 00002000 08:05 274577                     /usr/lib/x86_64-linux-gnu/libXau.so.6.0.0
7f3b8c551000-7f3b8c552000 r--p 00002000 08:05 274577                     /usr/lib/x86_64-linux-gnu/libXau.so.6.0.0
7f3b8c552000-7f3b8c553000 rw-p 00003000 08:05 274577                     /usr/lib/x86_64-linux-gnu/libXau.so.6.0.0
7f3b8c553000-7f3b8c55a000 r-xp 00000000 08:05 274877                     /usr/lib/x86_64-linux-gnu/libffi.so.6.0.2
7f3b8c55a000-7f3b8c759000 ---p 00007000 08:05 274877                     /usr/lib/x86_64-linux-gnu/libffi.so.6.0.2
7f3b8c759000-7f3b8c75a000 r--p 00006000 08:05 274877                     /usr/lib/x86_64-linux-gnu/libffi.so.6.0.2
7f3b8c75a000-7f3b8c75b000 rw-p 00007000 08:05 274877                     /usr/lib/x86_64-linux-gnu/libffi.so.6.0.2
7f3b8c75b000-7f3b8c772000 r-xp 00000000 08:05 19311                      /lib/x86_64-linux-gnu/libresolv-2.19.so
7f3b8c772000-7f3b8c972000 ---p 00017000 08:05 19311                      /lib/x86_64-linux-gnu/libresolv-2.19.so
7f3b8c972000-7f3b8c973000 r--p 00017000 08:05 19311                      /lib/x86_64-linux-gnu/libresolv-2.19.so
7f3b8c973000-7f3b8c974000 rw-p 00018000 08:05 19311                      /lib/x86_64-linux-gnu/libresolv-2.19.so
7f3b8c974000-7f3b8c976000 rw-p 00000000 00:00 0 
7f3b8c976000-7f3b8c997000 r-xp 00000000 08:05 5595                       /lib/x86_64-linux-gnu/libselinux.so.1
7f3b8c997000-7f3b8cb96000 ---p 00021000 08:05 5595                       /lib/x86_64-linux-gnu/libselinux.so.1
7f3b8cb96000-7f3b8cb97000 r--p 00020000 08:05 5595                       /lib/x86_64-linux-gnu/libselinux.so.1
7f3b8cb97000-7f3b8cb98000 rw-p 00021000 08:05 5595                       /lib/x86_64-linux-gnu/libselinux.so.1
7f3b8cb98000-7f3b8cb9a000 rw-p 00000000 00:00 0 
7f3b8cb9a000-7f3b8cca6000 r-xp 00000000 08:05 5294                       /lib/x86_64-linux-gnu/libglib-2.0.so.0.4200.1
7f3b8cca6000-7f3b8cea6000 ---p 0010c000 08:05 5294                       /lib/x86_64-linux-gnu/libglib-2.0.so.0.4200.1
7f3b8cea6000-7f3b8cea7000 r--p 0010c000 08:05 5294                       /lib/x86_64-linux-gnu/libglib-2.0.so.0.4200.1
7f3b8cea7000-7f3b8cea8000 rw-p 0010d000 08:05 5294                       /lib/x86_64-linux-gnu/libglib-2.0.so.0.4200.1
7f3b8cea8000-7f3b8cea9000 rw-p 00000000 00:00 0 
7f3b8cea9000-7f3b8ceac000 r-xp 00000000 08:05 268184                     /usr/lib/x86_64-linux-gnu/libgmodule-2.0.so.0.4200.1
7f3b8ceac000-7f3b8d0ab000 ---p 00003000 08:05 268184                     /usr/lib/x86_64-linux-gnu/libgmodule-2.0.so.0.4200.1
7f3b8d0ab000-7f3b8d0ac000 r--p 00002000 08:05 268184                     /usr/lib/x86_64-linux-gnu/libgmodule-2.0.so.0.4200.1
7f3b8d0ac000-7f3b8d0ad000 rw-p 00003000 08:05 268184                     /usr/lib/x86_64-linux-gnu/libgmodule-2.0.so.0.4200.1
7f3b8d0ad000-7f3b8d0d3000 r-xp 00000000 08:05 5481                       /lib/x86_64-linux-gnu/libexpat.so.1.6.0
7f3b8d0d3000-7f3b8d2d2000 ---p 00026000 08:05 5481                       /lib/x86_64-linux-gnu/libexpat.so.1.6.0
7f3b8d2d2000-7f3b8d2d5000 r--p 00025000 08:05 5481                       /lib/x86_64-linux-gnu/libexpat.so.1.6.0
7f3b8d2d5000-7f3b8d2d6000 rw-p 00028000 08:05 5481                       /lib/x86_64-linux-gnu/libexpat.so.1.6.0
7f3b8d2d6000-7f3b8d378000 r-xp 00000000 08:05 267920                     /usr/lib/x86_64-linux-gnu/libfreetype.so.6.11.1
7f3b8d378000-7f3b8d577000 ---p 000a2000 08:05 267920                     /usr/lib/x86_64-linux-gnu/libfreetype.so.6.11.1
7f3b8d577000-7f3b8d57d000 r--p 000a1000 08:05 267920                     /usr/lib/x86_64-linux-gnu/libfreetype.so.6.11.1
7f3b8d57d000-7f3b8d57e000 rw-p 000a7000 08:05 267920                     /usr/lib/x86_64-linux-gnu/libfreetype.so.6.11.1
7f3b8d57e000-7f3b8d58e000 r-xp 00000000 08:05 274681                     /usr/lib/x86_64-linux-gnu/libavahi-client.so.3.2.9
7f3b8d58e000-7f3b8d78d000 ---p 00010000 08:05 274681                     /usr/lib/x86_64-linux-gnu/libavahi-client.so.3.2.9
7f3b8d78d000-7f3b8d78e000 r--p 0000f000 08:05 274681                     /usr/lib/x86_64-linux-gnu/libavahi-client.so.3.2.9
7f3b8d78e000-7f3b8d78f000 rw-p 00010000 08:05 274681                     /usr/lib/x86_64-linux-gnu/libavahi-client.so.3.2.9
7f3b8d78f000-7f3b8d79a000 r-xp 00000000 08:05 274683                     /usr/lib/x86_64-linux-gnu/libavahi-common.so.3.5.3
7f3b8d79a000-7f3b8d999000 ---p 0000b000 08:05 274683                     /usr/lib/x86_64-linux-gnu/libavahi-common.so.3.5.3
7f3b8d999000-7f3b8d99a000 r--p 0000a000 08:05 274683                     /usr/lib/x86_64-linux-gnu/libavahi-common.so.3.5.3
7f3b8d99a000-7f3b8d99b000 rw-p 0000b000 08:05 274683                     /usr/lib/x86_64-linux-gnu/libavahi-common.so.3.5.3
7f3b8d99b000-7f3b8da9a000 r-xp 00000000 08:05 268077                     /usr/lib/x86_64-linux-gnu/libgnutls-deb0.so.28.30.7
7f3b8da9a000-7f3b8dc99000 ---p 000ff000 08:05 268077                     /usr/lib/x86_64-linux-gnu/libgnutls-deb0.so.28.30.7
7f3b8dc99000-7f3b8dca2000 r--p 000fe000 08:05 268077                     /usr/lib/x86_64-linux-gnu/libgnutls-deb0.so.28.30.7
7f3b8dca2000-7f3b8dca4000 rw-p 00107000 08:05 268077                     /usr/lib/x86_64-linux-gnu/libgnutls-deb0.so.28.30.7
7f3b8dca4000-7f3b8dce9000 r-xp 00000000 08:05 274243                     /usr/lib/x86_64-linux-gnu/libgssapi_krb5.so.2.2
7f3b8dce9000-7f3b8dee8000 ---p 00045000 08:05 274243                     /usr/lib/x86_64-linux-gnu/libgssapi_krb5.so.2.2
7f3b8dee8000-7f3b8deea000 r--p 00044000 08:05 274243                     /usr/lib/x86_64-linux-gnu/libgssapi_krb5.so.2.2
7f3b8deea000-7f3b8deeb000 rw-p 00046000 08:05 274243                     /usr/lib/x86_64-linux-gnu/libgssapi_krb5.so.2.2
7f3b8deeb000-7f3b8deec000 rw-p 00000000 00:00 0 
7f3b8deec000-7f3b8df09000 r-xp 00000000 08:05 275697                     /usr/lib/x86_64-linux-gnu/libxcb.so.1.1.0
7f3b8df09000-7f3b8e109000 ---p 0001d000 08:05 275697                     /usr/lib/x86_64-linux-gnu/libxcb.so.1.1.0
7f3b8e109000-7f3b8e10a000 r--p 0001d000 08:05 275697                     /usr/lib/x86_64-linux-gnu/libxcb.so.1.1.0
7f3b8e10a000-7f3b8e10b000 rw-p 0001e000 08:05 275697                     /usr/lib/x86_64-linux-gnu/libxcb.so.1.1.0
7f3b8e10b000-7f3b8e15b000 r-xp 00000000 08:05 268182                     /usr/lib/x86_64-linux-gnu/libgobject-2.0.so.0.4200.1
7f3b8e15b000-7f3b8e35b000 ---p 00050000 08:05 268182                     /usr/lib/x86_64-linux-gnu/libgobject-2.0.so.0.4200.1
7f3b8e35b000-7f3b8e35c000 r--p 00050000 08:05 268182                     /usr/lib/x86_64-linux-gnu/libgobject-2.0.so.0.4200.1
7f3b8e35c000-7f3b8e35d000 rw-p 00051000 08:05 268182                     /usr/lib/x86_64-linux-gnu/libgobject-2.0.so.0.4200.1
7f3b8e35d000-7f3b8e4ce000 r-xp 00000000 08:05 268183                     /usr/lib/x86_64-linux-gnu/libgio-2.0.so.0.4200.1
7f3b8e4ce000-7f3b8e6ce000 ---p 00171000 08:05 268183                     /usr/lib/x86_64-linux-gnu/libgio-2.0.so.0.4200.1
7f3b8e6ce000-7f3b8e6d2000 r--p 00171000 08:05 268183                     /usr/lib/x86_64-linux-gnu/libgio-2.0.so.0.4200.1
7f3b8e6d2000-7f3b8e6d4000 rw-p 00175000 08:05 268183                     /usr/lib/x86_64-linux-gnu/libgio-2.0.so.0.4200.1
7f3b8e6d4000-7f3b8e6d6000 rw-p 00000000 00:00 0 
7f3b8e6d6000-7f3b8e711000 r-xp 00000000 08:05 274891                     /usr/lib/x86_64-linux-gnu/libfontconfig.so.1.8.0
7f3b8e711000-7f3b8e910000 ---p 0003b000 08:05 274891                     /usr/lib/x86_64-linux-gnu/libfontconfig.so.1.8.0
7f3b8e910000-7f3b8e912000 r--p 0003a000 08:05 274891                     /usr/lib/x86_64-linux-gnu/libfontconfig.so.1.8.0
7f3b8e912000-7f3b8e913000 rw-p 0003c000 08:05 274891                     /usr/lib/x86_64-linux-gnu/libfontconfig.so.1.8.0
7f3b8e913000-7f3b8e980000 r-xp 00000000 08:05 263551                     /usr/lib/x86_64-linux-gnu/libcups.so.2
7f3b8e980000-7f3b8eb80000 ---p 0006d000 08:05 263551                     /usr/lib/x86_64-linux-gnu/libcups.so.2
7f3b8eb80000-7f3b8eb87000 r--p 0006d000 08:05 263551                     /usr/lib/x86_64-linux-gnu/libcups.so.2
7f3b8eb87000-7f3b8eb88000 rw-p 00074000 08:05 263551                     /usr/lib/x86_64-linux-gnu/libcups.so.2
7f3b8eb88000-7f3b8eb97000 r-xp 00000000 08:05 274598                     /usr/lib/x86_64-linux-gnu/libXi.so.6.1.0
7f3b8eb97000-7f3b8ed96000 ---p 0000f000 08:05 274598                     /usr/lib/x86_64-linux-gnu/libXi.so.6.1.0
7f3b8ed96000-7f3b8ed97000 r--p 0000e000 08:05 274598                     /usr/lib/x86_64-linux-gnu/libXi.so.6.1.0
7f3b8ed97000-7f3b8ed98000 rw-p 0000f000 08:05 274598                     /usr/lib/x86_64-linux-gnu/libXi.so.6.1.0
7f3b8ed98000-7f3b8ed9d000 r-xp 00000000 08:05 274618                     /usr/lib/x86_64-linux-gnu/libXtst.so.6.1.0
7f3b8ed9d000-7f3b8ef9c000 ---p 00005000 08:05 274618                     /usr/lib/x86_64-linux-gnu/libXtst.so.6.1.0
7f3b8ef9c000-7f3b8ef9d000 r--p 00004000 08:05 274618                     /usr/lib/x86_64-linux-gnu/libXtst.so.6.1.0
7f3b8ef9d000-7f3b8ef9e000 rw-p 00005000 08:05 274618                     /usr/lib/x86_64-linux-gnu/libXtst.so.6.1.0
7f3b8ef9e000-7f3b8efa7000 r-xp 00000000 08:05 274918                     /usr/lib/x86_64-linux-gnu/libXrender.so.1.3.0
7f3b8efa7000-7f3b8f1a6000 ---p 00009000 08:05 274918                     /usr/lib/x86_64-linux-gnu/libXrender.so.1.3.0
7f3b8f1a6000-7f3b8f1a7000 r--p 00008000 08:05 274918                     /usr/lib/x86_64-linux-gnu/libXrender.so.1.3.0
7f3b8f1a7000-7f3b8f1a8000 rw-p 00009000 08:05 274918                     /usr/lib/x86_64-linux-gnu/libXrender.so.1.3.0
7f3b8f1a8000-7f3b8f2db000 r-xp 00000000 08:05 274573                     /usr/lib/x86_64-linux-gnu/libX11.so.6.3.0
7f3b8f2db000-7f3b8f4db000 ---p 00133000 08:05 274573                     /usr/lib/x86_64-linux-gnu/libX11.so.6.3.0
7f3b8f4db000-7f3b8f4dc000 r--p 00133000 08:05 274573                     /usr/lib/x86_64-linux-gnu/libX11.so.6.3.0
7f3b8f4dc000-7f3b8f4e0000 rw-p 00134000 08:05 274573                     /usr/lib/x86_64-linux-gnu/libX11.so.6.3.0
7f3b8f4e0000-7f3b8f4e1000 rw-p 00000000 00:00 0 
7f3b8f4e1000-7f3b8f4f2000 r-xp 00000000 08:05 275558                     /usr/lib/x86_64-linux-gnu/libXext.so.6.4.0
7f3b8f4f2000-7f3b8f6f1000 ---p 00011000 08:05 275558                     /usr/lib/x86_64-linux-gnu/libXext.so.6.4.0
7f3b8f6f1000-7f3b8f6f2000 r--p 00010000 08:05 275558                     /usr/lib/x86_64-linux-gnu/libXext.so.6.4.0
7f3b8f6f2000-7f3b8f6f3000 rw-p 00011000 08:05 275558                     /usr/lib/x86_64-linux-gnu/libXext.so.6.4.0
7f3b8f711000-7f3b8f759000 r-xp 00000000 08:05 298669                     /usr/lib/jvm/java-7-openjdk-amd64/jre/lib/amd64/xawt/libmawt.so
7f3b8f759000-7f3b8f959000 ---p 00048000 08:05 298669                     /usr/lib/jvm/java-7-openjdk-amd64/jre/lib/amd64/xawt/libmawt.so
7f3b8f959000-7f3b8f95a000 r--p 00048000 08:05 298669                     /usr/lib/jvm/java-7-openjdk-amd64/jre/lib/amd64/xawt/libmawt.so
7f3b8f95a000-7f3b8f95d000 rw-p 00049000 08:05 298669                     /usr/lib/jvm/java-7-openjdk-amd64/jre/lib/amd64/xawt/libmawt.so
7f3b8f95d000-7f3b8f95e000 rw-p 00000000 00:00 0 
7f3b8f95e000-7f3b8f9fe000 r-xp 00000000 08:05 298500                     /usr/lib/jvm/java-7-openjdk-amd64/jre/lib/amd64/libawt.so
7f3b8f9fe000-7f3b8fbfe000 ---p 000a0000 08:05 298500                     /usr/lib/jvm/java-7-openjdk-amd64/jre/lib/amd64/libawt.so
7f3b8fbfe000-7f3b8fbff000 r--p 000a0000 08:05 298500                     /usr/lib/jvm/java-7-openjdk-amd64/jre/lib/amd64/libawt.so
7f3b8fbff000-7f3b8fc0a000 rw-p 000a1000 08:05 298500                     /usr/lib/jvm/java-7-openjdk-amd64/jre/lib/amd64/libawt.so
7f3b8fc0a000-7f3b8fc2f000 rw-p 00000000 00:00 0 
7f3b8fc2f000-7f3b8fc30000 ---p 00000000 00:00 0 
7f3b8fc30000-7f3b94000000 rw-p 00000000 00:00 0                          [stack:2780]
7f3b94000000-7f3b94021000 rw-p 00000000 00:00 0 
7f3b94021000-7f3b98000000 ---p 00000000 00:00 0 
7f3b98000000-7f3b98021000 rw-p 00000000 00:00 0 
7f3b98021000-7f3b9c000000 ---p 00000000 00:00 0 
7f3b9c000000-7f3b9c021000 rw-p 00000000 00:00 0 
7f3b9c021000-7f3ba0000000 ---p 00000000 00:00 0 
7f3ba0000000-7f3ba0021000 rw-p 00000000 00:00 0 
7f3ba0021000-7f3ba4000000 ---p 00000000 00:00 0 
7f3ba4010000-7f3ba4015000 r--s 0004d000 08:05 298533                     /usr/lib/jvm/java-7-openjdk-amd64/jre/lib/jsse.jar
7f3ba4015000-7f3ba4018000 ---p 00000000 00:00 0 
7f3ba4018000-7f3ba4116000 rw-p 00000000 00:00 0                          [stack:2779]
7f3ba4116000-7f3ba4119000 ---p 00000000 00:00 0 
7f3ba4119000-7f3ba4217000 rw-p 00000000 00:00 0                          [stack:2778]
7f3ba4217000-7f3ba421a000 ---p 00000000 00:00 0 
7f3ba421a000-7f3ba4318000 rw-p 00000000 00:00 0                          [stack:2777]
7f3ba4318000-7f3ba431b000 ---p 00000000 00:00 0 
7f3ba431b000-7f3ba4419000 rw-p 00000000 00:00 0                          [stack:2776]
7f3ba4419000-7f3ba4afb000 r--p 00000000 08:05 272413                     /usr/lib/locale/locale-archive
7f3ba4afb000-7f3ba4afe000 ---p 00000000 00:00 0 
7f3ba4afe000-7f3ba4bfc000 rw-p 00000000 00:00 0                          [stack:2775]
7f3ba4bfc000-7f3ba4bff000 ---p 00000000 00:00 0 
7f3ba4bff000-7f3ba4cfd000 rw-p 00000000 00:00 0                          [stack:2774]
7f3ba4cfd000-7f3ba4cfe000 ---p 00000000 00:00 0 
7f3ba4cfe000-7f3ba5000000 rw-p 00000000 00:00 0                          [stack:2773]
7f3ba5000000-7f3ba5270000 rwxp 00000000 00:00 0 
7f3ba5270000-7f3ba85c3000 rw-p 00000000 00:00 0 
7f3ba85c3000-7f3bac000000 ---p 00000000 00:00 0 
7f3bac001000-7f3bacdfc000 rw-p 00000000 00:00 0 
7f3bacdfc000-7f3bacfad000 r--s 01d27000 08:05 298530                     /usr/lib/jvm/java-7-openjdk-amd64/jre/lib/rt.jar
7f3bacfad000-7f3bad4fd000 rw-p 00000000 00:00 0 
7f3bad4fd000-7f3bad4fe000 ---p 00000000 00:00 0 
7f3bad4fe000-7f3bad5fe000 rw-p 00000000 00:00 0                          [stack:2772]
7f3bad5fe000-7f3bad5ff000 ---p 00000000 00:00 0 
7f3bad5ff000-7f3bad6ff000 rw-p 00000000 00:00 0                          [stack:2771]
7f3bad6ff000-7f3bad700000 ---p 00000000 00:00 0 
7f3bad700000-7f3bad800000 rw-p 00000000 00:00 0                          [stack:2770]
7f3bad800000-7f3bad801000 ---p 00000000 00:00 0 
7f3bad801000-7f3bad90c000 rw-p 00000000 00:00 0                          [stack:2769]
7f3bad90c000-7f3bad954000 rw-p 00000000 00:00 0 
7f3bad954000-7f3bad97d000 rw-p 00000000 00:00 0 
7f3bad97d000-7f3badbe6000 rw-p 00000000 00:00 0 
7f3badbe6000-7f3badbf1000 rw-p 00000000 00:00 0 
7f3badbf1000-7f3badc39000 rw-p 00000000 00:00 0 
7f3badc39000-7f3badc62000 rw-p 00000000 00:00 0 
7f3badc62000-7f3badeca000 rw-p 00000000 00:00 0 
7f3badeca000-7f3badedf000 rw-p 00000000 00:00 0 
7f3badedf000-7f3bae013000 rw-p 00000000 00:00 0 
7f3bae013000-7f3bae014000 rw-p 00000000 00:00 0 
7f3bae014000-7f3bae01c000 r-xp 00000000 08:05 298496                     /usr/lib/jvm/java-7-openjdk-amd64/jre/lib/amd64/libzip.so
7f3bae01c000-7f3bae21b000 ---p 00008000 08:05 298496                     /usr/lib/jvm/java-7-openjdk-amd64/jre/lib/amd64/libzip.so
7f3bae21b000-7f3bae21c000 r--p 00007000 08:05 298496                     /usr/lib/jvm/java-7-openjdk-amd64/jre/lib/amd64/libzip.so
7f3bae21c000-7f3bae21d000 rw-p 00008000 08:05 298496                     /usr/lib/jvm/java-7-openjdk-amd64/jre/lib/amd64/libzip.so
7f3bae21d000-7f3bae228000 r-xp 00000000 08:05 19316                      /lib/x86_64-linux-gnu/libnss_files-2.19.so
7f3bae228000-7f3bae427000 ---p 0000b000 08:05 19316                      /lib/x86_64-linux-gnu/libnss_files-2.19.so
7f3bae427000-7f3bae428000 r--p 0000a000 08:05 19316                      /lib/x86_64-linux-gnu/libnss_files-2.19.so
7f3bae428000-7f3bae429000 rw-p 0000b000 08:05 19316                      /lib/x86_64-linux-gnu/libnss_files-2.19.so
7f3bae429000-7f3bae434000 r-xp 00000000 08:05 19318                      /lib/x86_64-linux-gnu/libnss_nis-2.19.so
7f3bae434000-7f3bae633000 ---p 0000b000 08:05 19318                      /lib/x86_64-linux-gnu/libnss_nis-2.19.so
7f3bae633000-7f3bae634000 r--p 0000a000 08:05 19318                      /lib/x86_64-linux-gnu/libnss_nis-2.19.so
7f3bae634000-7f3bae635000 rw-p 0000b000 08:05 19318                      /lib/x86_64-linux-gnu/libnss_nis-2.19.so
7f3bae635000-7f3bae64c000 r-xp 00000000 08:05 19302                      /lib/x86_64-linux-gnu/libnsl-2.19.so
7f3bae64c000-7f3bae84b000 ---p 00017000 08:05 19302                      /lib/x86_64-linux-gnu/libnsl-2.19.so
7f3bae84b000-7f3bae84c000 r--p 00016000 08:05 19302                      /lib/x86_64-linux-gnu/libnsl-2.19.so
7f3bae84c000-7f3bae84d000 rw-p 00017000 08:05 19302                      /lib/x86_64-linux-gnu/libnsl-2.19.so
7f3bae84d000-7f3bae84f000 rw-p 00000000 00:00 0 
7f3bae84f000-7f3bae858000 r-xp 00000000 08:05 19303                      /lib/x86_64-linux-gnu/libnss_compat-2.19.so
7f3bae858000-7f3baea57000 ---p 00009000 08:05 19303                      /lib/x86_64-linux-gnu/libnss_compat-2.19.so
7f3baea57000-7f3baea58000 r--p 00008000 08:05 19303                      /lib/x86_64-linux-gnu/libnss_compat-2.19.so
7f3baea58000-7f3baea59000 rw-p 00009000 08:05 19303                      /lib/x86_64-linux-gnu/libnss_compat-2.19.so
7f3baea59000-7f3baea86000 r-xp 00000000 08:05 298506                     /usr/lib/jvm/java-7-openjdk-amd64/jre/lib/amd64/libjava.so
7f3baea86000-7f3baec85000 ---p 0002d000 08:05 298506                     /usr/lib/jvm/java-7-openjdk-amd64/jre/lib/amd64/libjava.so
7f3baec85000-7f3baec86000 r--p 0002c000 08:05 298506                     /usr/lib/jvm/java-7-openjdk-amd64/jre/lib/amd64/libjava.so
7f3baec86000-7f3baec88000 rw-p 0002d000 08:05 298506                     /usr/lib/jvm/java-7-openjdk-amd64/jre/lib/amd64/libjava.so
7f3baec88000-7f3baec99000 r-xp 00000000 08:05 298509                     /usr/lib/jvm/java-7-openjdk-amd64/jre/lib/amd64/libverify.so
7f3baec99000-7f3baee98000 ---p 00011000 08:05 298509                     /usr/lib/jvm/java-7-openjdk-amd64/jre/lib/amd64/libverify.so
7f3baee98000-7f3baee9a000 r--p 00010000 08:05 298509                     /usr/lib/jvm/java-7-openjdk-amd64/jre/lib/amd64/libverify.so
7f3baee9a000-7f3baee9b000 rw-p 00012000 08:05 298509                     /usr/lib/jvm/java-7-openjdk-amd64/jre/lib/amd64/libverify.so
7f3baee9b000-7f3baeea2000 r-xp 00000000 08:05 19319                      /lib/x86_64-linux-gnu/librt-2.19.so
7f3baeea2000-7f3baf0a1000 ---p 00007000 08:05 19319                      /lib/x86_64-linux-gnu/librt-2.19.so
7f3baf0a1000-7f3baf0a2000 r--p 00006000 08:05 19319                      /lib/x86_64-linux-gnu/librt-2.19.so
7f3baf0a2000-7f3baf0a3000 rw-p 00007000 08:05 19319                      /lib/x86_64-linux-gnu/librt-2.19.so
7f3baf0a3000-7f3baf0b9000 r-xp 00000000 08:05 5486                       /lib/x86_64-linux-gnu/libgcc_s.so.1
7f3baf0b9000-7f3baf2b8000 ---p 00016000 08:05 5486                       /lib/x86_64-linux-gnu/libgcc_s.so.1
7f3baf2b8000-7f3baf2b9000 r--p 00015000 08:05 5486                       /lib/x86_64-linux-gnu/libgcc_s.so.1
7f3baf2b9000-7f3baf2ba000 rw-p 00016000 08:05 5486                       /lib/x86_64-linux-gnu/libgcc_s.so.1
7f3baf2ba000-7f3baf3bf000 r-xp 00000000 08:05 19298                      /lib/x86_64-linux-gnu/libm-2.19.so
7f3baf3bf000-7f3baf5be000 ---p 00105000 08:05 19298                      /lib/x86_64-linux-gnu/libm-2.19.so
7f3baf5be000-7f3baf5bf000 r--p 00104000 08:05 19298                      /lib/x86_64-linux-gnu/libm-2.19.so
7f3baf5bf000-7f3baf5c0000 rw-p 00105000 08:05 19298                      /lib/x86_64-linux-gnu/libm-2.19.so
7f3baf5c0000-7f3baf6b0000 r-xp 00000000 08:05 275529                     /usr/lib/x86_64-linux-gnu/libstdc++.so.6.0.20
7f3baf6b0000-7f3baf8b0000 ---p 000f0000 08:05 275529                     /usr/lib/x86_64-linux-gnu/libstdc++.so.6.0.20
7f3baf8b0000-7f3baf8b8000 r--p 000f0000 08:05 275529                     /usr/lib/x86_64-linux-gnu/libstdc++.so.6.0.20
7f3baf8b8000-7f3baf8ba000 rw-p 000f8000 08:05 275529                     /usr/lib/x86_64-linux-gnu/libstdc++.so.6.0.20
7f3baf8ba000-7f3baf8cf000 rw-p 00000000 00:00 0 
7f3baf8cf000-7f3bb041f000 r-xp 00000000 08:05 298521                     /usr/lib/jvm/java-7-openjdk-amd64/jre/lib/amd64/server/libjvm.so
7f3bb041f000-7f3bb061e000 ---p 00b50000 08:05 298521                     /usr/lib/jvm/java-7-openjdk-amd64/jre/lib/amd64/server/libjvm.so
7f3bb061e000-7f3bb06bd000 r--p 00b4f000 08:05 298521                     /usr/lib/jvm/java-7-openjdk-amd64/jre/lib/amd64/server/libjvm.so
7f3bb06bd000-7f3bb06e0000 rw-p 00bee000 08:05 298521                     /usr/lib/jvm/java-7-openjdk-amd64/jre/lib/amd64/server/libjvm.so
7f3bb06e0000-7f3bb070d000 rw-p 00000000 00:00 0 
7f3bb070d000-7f3bb0725000 r-xp 00000000 08:05 5630                       /lib/x86_64-linux-gnu/libz.so.1.2.8
7f3bb0725000-7f3bb0924000 ---p 00018000 08:05 5630                       /lib/x86_64-linux-gnu/libz.so.1.2.8
7f3bb0924000-7f3bb0925000 r--p 00017000 08:05 5630                       /lib/x86_64-linux-gnu/libz.so.1.2.8
7f3bb0925000-7f3bb0926000 rw-p 00018000 08:05 5630                       /lib/x86_64-linux-gnu/libz.so.1.2.8
7f3bb0926000-7f3bb093f000 r-xp 00000000 08:05 19306                      /lib/x86_64-linux-gnu/libpthread-2.19.so
7f3bb093f000-7f3bb0b3e000 ---p 00019000 08:05 19306                      /lib/x86_64-linux-gnu/libpthread-2.19.so
7f3bb0b3e000-7f3bb0b3f000 r--p 00018000 08:05 19306                      /lib/x86_64-linux-gnu/libpthread-2.19.so
7f3bb0b3f000-7f3bb0b40000 rw-p 00019000 08:05 19306                      /lib/x86_64-linux-gnu/libpthread-2.19.so
7f3bb0b40000-7f3bb0b44000 rw-p 00000000 00:00 0 
7f3bb0b44000-7f3bb0b47000 r-xp 00000000 08:05 19305                      /lib/x86_64-linux-gnu/libdl-2.19.so
7f3bb0b47000-7f3bb0d46000 ---p 00003000 08:05 19305                      /lib/x86_64-linux-gnu/libdl-2.19.so
7f3bb0d46000-7f3bb0d47000 r--p 00002000 08:05 19305                      /lib/x86_64-linux-gnu/libdl-2.19.so
7f3bb0d47000-7f3bb0d48000 rw-p 00003000 08:05 19305                      /lib/x86_64-linux-gnu/libdl-2.19.so
7f3bb0d48000-7f3bb0f02000 r-xp 00000000 08:05 19317                      /lib/x86_64-linux-gnu/libc-2.19.so
7f3bb0f02000-7f3bb1101000 ---p 001ba000 08:05 19317                      /lib/x86_64-linux-gnu/libc-2.19.so
7f3bb1101000-7f3bb1105000 r--p 001b9000 08:05 19317                      /lib/x86_64-linux-gnu/libc-2.19.so
7f3bb1105000-7f3bb1107000 rw-p 001bd000 08:05 19317                      /lib/x86_64-linux-gnu/libc-2.19.so
7f3bb1107000-7f3bb110c000 rw-p 00000000 00:00 0 
7f3bb110c000-7f3bb1119000 r-xp 00000000 08:05 298514                     /usr/lib/jvm/java-7-openjdk-amd64/jre/lib/amd64/jli/libjli.so
7f3bb1119000-7f3bb1318000 ---p 0000d000 08:05 298514                     /usr/lib/jvm/java-7-openjdk-amd64/jre/lib/amd64/jli/libjli.so
7f3bb1318000-7f3bb1319000 r--p 0000c000 08:05 298514                     /usr/lib/jvm/java-7-openjdk-amd64/jre/lib/amd64/jli/libjli.so
7f3bb1319000-7f3bb131a000 rw-p 0000d000 08:05 298514                     /usr/lib/jvm/java-7-openjdk-amd64/jre/lib/amd64/jli/libjli.so
7f3bb131a000-7f3bb133d000 r-xp 00000000 08:05 19312                      /lib/x86_64-linux-gnu/ld-2.19.so
7f3bb133e000-7f3bb1341000 r--s 0233b000 08:07 4599929                    /home/joe/Documents/OCR Project/workspace/workspace/Tesseract/libs/tess4j.jar
7f3bb1341000-7f3bb1345000 r--s 000dc000 08:07 4599931                    /home/joe/Documents/OCR Project/workspace/workspace/Tesseract/libs/jna.jar
7f3bb1345000-7f3bb1356000 r--s 00106000 08:07 4599930                    /home/joe/Documents/OCR Project/workspace/workspace/Tesseract/libs/jai_imageio.jar
7f3bb1356000-7f3bb1360000 rw-p 00000000 00:00 0 
7f3bb1360000-7f3bb1416000 rw-p 00000000 00:00 0 
7f3bb1416000-7f3bb1419000 ---p 00000000 00:00 0 
7f3bb1419000-7f3bb151c000 rw-p 00000000 00:00 0                          [stack:2765]
7f3bb151d000-7f3bb1521000 r--s 00034000 08:05 298549                     /usr/lib/jvm/java-7-openjdk-amd64/jre/lib/ext/sunjce_provider.jar
7f3bb1521000-7f3bb1524000 r--s 0000f000 08:05 298547                     /usr/lib/jvm/java-7-openjdk-amd64/jre/lib/ext/icedtea-sound.jar
7f3bb1524000-7f3bb1527000 r--s 00086000 08:05 298550                     /usr/lib/jvm/java-7-openjdk-amd64/jre/lib/ext/localedata.jar
7f3bb1527000-7f3bb1529000 r--s 00012000 08:05 298546                     /usr/lib/jvm/java-7-openjdk-amd64/jre/lib/ext/zipfs.jar
7f3bb1529000-7f3bb152a000 r--s 00002000 08:05 298548                     /usr/lib/jvm/java-7-openjdk-amd64/jre/lib/ext/dnsns.jar
7f3bb152a000-7f3bb152c000 r--s 00006000 08:05 522850                     /usr/share/java/java-atk-wrapper.jar
7f3bb152c000-7f3bb1530000 r--s 0003c000 08:05 298545                     /usr/lib/jvm/java-7-openjdk-amd64/jre/lib/ext/sunpkcs11.jar
7f3bb1530000-7f3bb1538000 rw-s 00000000 08:05 24174                      /tmp/hsperfdata_joe/2763
7f3bb1538000-7f3bb1539000 rw-p 00000000 00:00 0 
7f3bb1539000-7f3bb153a000 r--p 00000000 00:00 0 
7f3bb153a000-7f3bb153c000 rw-p 00000000 00:00 0 
7f3bb153c000-7f3bb153d000 r--p 00022000 08:05 19312                      /lib/x86_64-linux-gnu/ld-2.19.so
7f3bb153d000-7f3bb153e000 rw-p 00023000 08:05 19312                      /lib/x86_64-linux-gnu/ld-2.19.so
7f3bb153e000-7f3bb153f000 rw-p 00000000 00:00 0 
7fff9eda6000-7fff9edc7000 rw-p 00000000 00:00 0                          [stack]
7fff9edfc000-7fff9edfe000 r-xp 00000000 00:00 0                          [vdso]
7fff9edfe000-7fff9ee00000 r--p 00000000 00:00 0                          [vvar]
ffffffffff600000-ffffffffff601000 r-xp 00000000 00:00 0                  [vsyscall]

VM Arguments:
jvm_args: -Dfile.encoding=UTF-8 
java_command: Main
Launcher Type: SUN_STANDARD

Environment Variables:
PATH=/home/joe/tesseract-ocr/training:/home/joe/tesseract-ocr:/usr/local/sbin:/usr/local/bin:/usr/sbin:/usr/bin:/sbin:/bin:/usr/games:/usr/local/games
SHELL=/bin/bash
DISPLAY=:0.0

Signal Handlers:
SIGSEGV: [libjvm.so+0x983740], sa_mask[0]=0x7ffbfeff, sa_flags=0x10000004
SIGBUS: [libjvm.so+0x983740], sa_mask[0]=0x7ffbfeff, sa_flags=0x10000004
SIGFPE: [libjvm.so+0x7f0180], sa_mask[0]=0x7ffbfeff, sa_flags=0x10000004
SIGPIPE: [libjvm.so+0x7f0180], sa_mask[0]=0x7ffbfeff, sa_flags=0x10000004
SIGXFSZ: [libjvm.so+0x7f0180], sa_mask[0]=0x7ffbfeff, sa_flags=0x10000004
SIGILL: [libjvm.so+0x7f0180], sa_mask[0]=0x7ffbfeff, sa_flags=0x10000004
SIGUSR1: SIG_DFL, sa_mask[0]=0x00000000, sa_flags=0x00000000
SIGUSR2: [libjvm.so+0x7f0000], sa_mask[0]=0x00000004, sa_flags=0x10000004
SIGHUP: [libjvm.so+0x7f0200], sa_mask[0]=0x7ffbfeff, sa_flags=0x10000004
SIGINT: [libjvm.so+0x7f0200], sa_mask[0]=0x7ffbfeff, sa_flags=0x10000004
SIGTERM: [libjvm.so+0x7f0200], sa_mask[0]=0x7ffbfeff, sa_flags=0x10000004
SIGQUIT: [libjvm.so+0x7f0200], sa_mask[0]=0x7ffbfeff, sa_flags=0x10000004
SIGTRAP: SIG_DFL, sa_mask[0]=0x00000000, sa_flags=0x00000000


---------------  S Y S T E M  ---------------

OS:Ubuntu 14.10 (utopic)
uname:Linux 3.16.0-23-generic #31-Ubuntu SMP Tue Oct 21 17:56:17 UTC 2014 x86_64
libc:glibc 2.19 NPTL 2.19 
rlimit: STACK 8192k, CORE 0k, NPROC 31440, NOFILE 4096, AS infinity
load average:1.38 0.56 0.21

/proc/meminfo:
MemTotal:        8070928 kB
MemFree:         6028216 kB
MemAvailable:    6514852 kB
Buffers:           54572 kB
Cached:           901384 kB
SwapCached:            0 kB
Active:          1277612 kB
Inactive:         568484 kB
Active(anon):     891124 kB
Inactive(anon):   327004 kB
Active(file):     386488 kB
Inactive(file):   241480 kB
Unevictable:           0 kB
Mlocked:               0 kB
SwapTotal:       7811068 kB
SwapFree:        7811068 kB
Dirty:               708 kB
Writeback:             0 kB
AnonPages:        889900 kB
Mapped:           218468 kB
Shmem:            328156 kB
Slab:              83452 kB
SReclaimable:      55224 kB
SUnreclaim:        28228 kB
KernelStack:        6672 kB
PageTables:        24328 kB
NFS_Unstable:          0 kB
Bounce:                0 kB
WritebackTmp:          0 kB
CommitLimit:    11846532 kB
Committed_AS:    3444480 kB
VmallocTotal:   34359738367 kB
VmallocUsed:      557544 kB
VmallocChunk:   34359166952 kB
HardwareCorrupted:     0 kB
AnonHugePages:    468992 kB
HugePages_Total:       0
HugePages_Free:        0
HugePages_Rsvd:        0
HugePages_Surp:        0
Hugepagesize:       2048 kB
DirectMap4k:       69120 kB
DirectMap2M:     2971648 kB
DirectMap1G:     5242880 kB


CPU:total 4 (2 cores per cpu, 2 threads per core) family 6 model 69 stepping 1, cmov, cx8, fxsr, mmx, sse, sse2, sse3, ssse3, sse4.1, sse4.2, popcnt, avx, avx2, aes, erms, ht, tsc, tscinvbit

/proc/cpuinfo:
processor	: 0
vendor_id	: GenuineIntel
cpu family	: 6
model		: 69
model name	: Intel(R) Core(TM) i5-4300U CPU @ 1.90GHz
stepping	: 1
microcode	: 0x1c
cpu MHz		: 2663.183
cache size	: 3072 KB
physical id	: 0
siblings	: 4
core id		: 0
cpu cores	: 2
apicid		: 0
initial apicid	: 0
fpu		: yes
fpu_exception	: yes
cpuid level	: 13
wp		: yes
flags		: fpu vme de pse tsc msr pae mce cx8 apic sep mtrr pge mca cmov pat pse36 clflush dts acpi mmx fxsr sse sse2 ss ht tm pbe syscall nx pdpe1gb rdtscp lm constant_tsc arch_perfmon pebs bts rep_good nopl xtopology nonstop_tsc aperfmperf eagerfpu pni pclmulqdq dtes64 monitor ds_cpl vmx smx est tm2 ssse3 fma cx16 xtpr pdcm pcid sse4_1 sse4_2 x2apic movbe popcnt tsc_deadline_timer aes xsave avx f16c rdrand lahf_lm abm ida arat epb xsaveopt pln pts dtherm tpr_shadow vnmi flexpriority ept vpid fsgsbase tsc_adjust bmi1 avx2 smep bmi2 erms invpcid
bogomips	: 4988.62
clflush size	: 64
cache_alignment	: 64
address sizes	: 39 bits physical, 48 bits virtual
power management:

processor	: 1
vendor_id	: GenuineIntel
cpu family	: 6
model		: 69
model name	: Intel(R) Core(TM) i5-4300U CPU @ 1.90GHz
stepping	: 1
microcode	: 0x1c
cpu MHz		: 2775.488
cache size	: 3072 KB
physical id	: 0
siblings	: 4
core id		: 0
cpu cores	: 2
apicid		: 1
initial apicid	: 1
fpu		: yes
fpu_exception	: yes
cpuid level	: 13
wp		: yes
flags		: fpu vme de pse tsc msr pae mce cx8 apic sep mtrr pge mca cmov pat pse36 clflush dts acpi mmx fxsr sse sse2 ss ht tm pbe syscall nx pdpe1gb rdtscp lm constant_tsc arch_perfmon pebs bts rep_good nopl xtopology nonstop_tsc aperfmperf eagerfpu pni pclmulqdq dtes64 monitor ds_cpl vmx smx est tm2 ssse3 fma cx16 xtpr pdcm pcid sse4_1 sse4_2 x2apic movbe popcnt tsc_deadline_timer aes xsave avx f16c rdrand lahf_lm abm ida arat epb xsaveopt pln pts dtherm tpr_shadow vnmi flexpriority ept vpid fsgsbase tsc_adjust bmi1 avx2 smep bmi2 erms invpcid
bogomips	: 4988.62
clflush size	: 64
cache_alignment	: 64
address sizes	: 39 bits physical, 48 bits virtual
power management:

processor	: 2
vendor_id	: GenuineIntel
cpu family	: 6
model		: 69
model name	: Intel(R) Core(TM) i5-4300U CPU @ 1.90GHz
stepping	: 1
microcode	: 0x1c
cpu MHz		: 2600.000
cache size	: 3072 KB
physical id	: 0
siblings	: 4
core id		: 1
cpu cores	: 2
apicid		: 2
initial apicid	: 2
fpu		: yes
fpu_exception	: yes
cpuid level	: 13
wp		: yes
flags		: fpu vme de pse tsc msr pae mce cx8 apic sep mtrr pge mca cmov pat pse36 clflush dts acpi mmx fxsr sse sse2 ss ht tm pbe syscall nx pdpe1gb rdtscp lm constant_tsc arch_perfmon pebs bts rep_good nopl xtopology nonstop_tsc aperfmperf eagerfpu pni pclmulqdq dtes64 monitor ds_cpl vmx smx est tm2 ssse3 fma cx16 xtpr pdcm pcid sse4_1 sse4_2 x2apic movbe popcnt tsc_deadline_timer aes xsave avx f16c rdrand lahf_lm abm ida arat epb xsaveopt pln pts dtherm tpr_shadow vnmi flexpriority ept vpid fsgsbase tsc_adjust bmi1 avx2 smep bmi2 erms invpcid
bogomips	: 4988.62
clflush size	: 64
cache_alignment	: 64
address sizes	: 39 bits physical, 48 bits virtual
power management:

processor	: 3
vendor_id	: GenuineIntel
cpu family	: 6
model		: 69
model name	: Intel(R) Core(TM) i5-4300U CPU @ 1.90GHz
stepping	: 1
microcode	: 0x1c
cpu MHz		: 2600.000
cache size	: 3072 KB
physical id	: 0
siblings	: 4
core id		: 1
cpu cores	: 2
apicid		: 3
initial apicid	: 3
fpu		: yes
fpu_exception	: yes
cpuid level	: 13
wp		: yes
flags		: fpu vme de pse tsc msr pae mce cx8 apic sep mtrr pge mca cmov pat pse36 clflush dts acpi mmx fxsr sse sse2 ss ht tm pbe syscall nx pdpe1gb rdtscp lm constant_tsc arch_perfmon pebs bts rep_good nopl xtopology nonstop_tsc aperfmperf eagerfpu pni pclmulqdq dtes64 monitor ds_cpl vmx smx est tm2 ssse3 fma cx16 xtpr pdcm pcid sse4_1 sse4_2 x2apic movbe popcnt tsc_deadline_timer aes xsave avx f16c rdrand lahf_lm abm ida arat epb xsaveopt pln pts dtherm tpr_shadow vnmi flexpriority ept vpid fsgsbase tsc_adjust bmi1 avx2 smep bmi2 erms invpcid
bogomips	: 4988.62
clflush size	: 64
cache_alignment	: 64
address sizes	: 39 bits physical, 48 bits virtual
power management:



Memory: 4k page, physical 8070928k(6028216k free), swap 7811068k(7811068k free)

vm_info: OpenJDK 64-Bit Server VM (24.79-b02) for linux-amd64 JRE (1.7.0_79-b14), built on Apr 16 2015 08:25:58 by "buildd" with gcc 4.9.1

time: Tue Jun  9 14:10:40 2015
elapsed time: 0 seconds

