#
# A fatal error has been detected by the Java Runtime Environment:
#
#  SIGSEGV (0xb) at pc=0x00007f49935351db, pid=4016, tid=139954445285120
#
# JRE version: OpenJDK Runtime Environment (7.0_79-b14) (build 1.7.0_79-b14)
# Java VM: OpenJDK 64-Bit Server VM (24.79-b02 mixed mode linux-amd64 compressed oops)
# Derivative: IcedTea 2.5.5
# Distribution: Ubuntu 14.10, package 7u79-2.5.5-0ubuntu0.14.10.2
# Problematic frame:
# C  [libtesseract.so+0x25f1db]  ERRCODE::error(char const*, TessErrorLogCode, char const*, ...) const+0x16b
#
# Failed to write core dump. Core dumps have been disabled. To enable core dumping, try "ulimit -c unlimited" before starting Java again
#
# If you would like to submit a bug report, please include
# instructions on how to reproduce the bug and visit:
#   http://icedtea.classpath.org/bugzilla
# The crash happened outside the Java Virtual Machine in native code.
# See problematic frame for where to report the bug.
#

---------------  T H R E A D  ---------------

Current thread (0x00007f49a800a000):  JavaThread "main" [_thread_in_native, id=4022, stack(0x00007f49aeeef000,0x00007f49aeff0000)]

siginfo:si_signo=SIGSEGV: si_errno=0, si_code=1 (SEGV_MAPERR), si_addr=0x0000000000000000

Registers:
RAX=0x000000000000004e, RBX=0x00007f49aefecbbd, RCX=0x00007f49ae90c5bd, RDX=0x00007f49aebe09f0
RSP=0x00007f49aefecb70, RBP=0x00007f49aefecb90, RSI=0x000000000000004e, RDI=0x00007f49aefea340
R8 =0x00007f49aefef700, R9 =0x61646120656c6966, R10=0x00007f49aebdcbe0, R11=0x0000000000000000
R12=0x0000000000000002, R13=0x00007f4993540277, R14=0x00007f49937f57c0, R15=0x00007f49a84f8170
RIP=0x00007f49935351db, EFLAGS=0x0000000000010246, CSGSFS=0x0000000000000033, ERR=0x0000000000000004
  TRAPNO=0x000000000000000e

Top of Stack: (sp=0x00007f49aefecb70)
0x00007f49aefecb70:   0000000000000000 0000003000000030
0x00007f49aefecb80:   00007f49aefed080 00007f49aefecfa0
0x00007f49aefecb90:   5464657470616441 736574616c706d65
0x00007f49aefecba0:   4c4c554e203d2120 413a726f7272453a
0x00007f49aefecbb0:   6166207472657373 206e693a64656c69
0x00007f49aefecbc0:   61646120656c6966 2e686374616d7470
0x00007f49aefecbd0:   6e696c202c707063 00000a3938312065
0x00007f49aefecbe0:   0000000000000000 0000000000000000
0x00007f49aefecbf0:   0000000000000000 0000000000000000
0x00007f49aefecc00:   0000000000000000 0000000000000000
0x00007f49aefecc10:   0000000000000000 0000000000000000
0x00007f49aefecc20:   0000000000000000 0000000000000000
0x00007f49aefecc30:   0000000000000000 0000000000000000
0x00007f49aefecc40:   0000000000000000 0000000000000000
0x00007f49aefecc50:   0000000000000000 0000000000000000
0x00007f49aefecc60:   0000000000000000 0000000000000000
0x00007f49aefecc70:   0000000000000000 0000000000000000
0x00007f49aefecc80:   0000000000000000 0000000000000000
0x00007f49aefecc90:   0000000000000000 0000000000000000
0x00007f49aefecca0:   0000000000000000 0000000000000000
0x00007f49aefeccb0:   0000000000000000 0000000000000000
0x00007f49aefeccc0:   0000000000000000 0000000000000000
0x00007f49aefeccd0:   0000000000000000 0000000000000000
0x00007f49aefecce0:   0000000000000000 0000000000000000
0x00007f49aefeccf0:   0000000000000000 0000000000000000
0x00007f49aefecd00:   0000000000000000 0000000000000000
0x00007f49aefecd10:   0000000000000000 0000000000000000
0x00007f49aefecd20:   0000000000000000 0000000000000000
0x00007f49aefecd30:   0000000000000000 0000000000000000
0x00007f49aefecd40:   0000000000000000 0000000000000000
0x00007f49aefecd50:   0000000000000000 0000000000000000
0x00007f49aefecd60:   0000000000000000 0000000000000000 

Instructions: (pc=0x00007f49935351db)
0x00007f49935351bb:   be 01 00 00 00 48 8b 38 31 c0 e8 c6 91 e3 ff 41
0x00007f49935351cb:   83 fc ff 7c 18 45 85 e4 7e 2f 41 83 fc 02 7f 0d
0x00007f49935351db:   8b 04 25 00 00 00 00 0f 0b 0f 1f 40 00 48 8d 35
0x00007f49935351eb:   d1 b0 01 00 48 8d 3d 92 26 50 00 31 c9 ba 02 00 

Register to memory mapping:

RAX=0x000000000000004e is an unknown value
RBX=0x00007f49aefecbbd is pointing into the stack for thread: 0x00007f49a800a000
RCX=0x00007f49ae90c5bd: __write+0x2d in /lib/x86_64-linux-gnu/libc.so.6 at 0x00007f49ae821000
RDX=0x00007f49aebe09f0: <offset 0x3bf9f0> in /lib/x86_64-linux-gnu/libc.so.6 at 0x00007f49ae821000
RSP=0x00007f49aefecb70 is pointing into the stack for thread: 0x00007f49a800a000
RBP=0x00007f49aefecb90 is pointing into the stack for thread: 0x00007f49a800a000
RSI=0x000000000000004e is an unknown value
RDI=0x00007f49aefea340 is pointing into the stack for thread: 0x00007f49a800a000
R8 =0x00007f49aefef700 is pointing into the stack for thread: 0x00007f49a800a000
R9 =0x61646120656c6966 is an unknown value
R10=0x00007f49aebdcbe0: <offset 0x3bbbe0> in /lib/x86_64-linux-gnu/libc.so.6 at 0x00007f49ae821000
R11=0x0000000000000000 is an unknown value
R12=0x0000000000000002 is an unknown value
R13=0x00007f4993540277: <offset 0x26a277> in /usr/local/lib/libtesseract.so at 0x00007f49932d6000
R14=0x00007f49937f57c0: <offset 0x51f7c0> in /usr/local/lib/libtesseract.so at 0x00007f49932d6000
R15=0x00007f49a84f8170 is an unknown value


Stack: [0x00007f49aeeef000,0x00007f49aeff0000],  sp=0x00007f49aefecb70,  free space=1014k
Native frames: (J=compiled Java code, j=interpreted, Vv=VM code, C=native code)
C  [libtesseract.so+0x25f1db]  ERRCODE::error(char const*, TessErrorLogCode, char const*, ...) const+0x16b

Java frames: (J=compiled Java code, j=interpreted, Vv=VM code)
j  com.sun.jna.Native.invokePointer(JI[Ljava/lang/Object;)J+0
j  com.sun.jna.Function.invokePointer(I[Ljava/lang/Object;)Lcom/sun/jna/Pointer;+6
j  com.sun.jna.Function.invoke([Ljava/lang/Object;Ljava/lang/Class;Z)Ljava/lang/Object;+426
j  com.sun.jna.Function.invoke(Ljava/lang/Class;[Ljava/lang/Object;Ljava/util/Map;)Ljava/lang/Object;+262
j  com.sun.jna.Library$Handler.invoke(Ljava/lang/Object;Ljava/lang/reflect/Method;[Ljava/lang/Object;)Ljava/lang/Object;+316
j  com.sun.proxy.$Proxy0.TessBaseAPIGetUTF8Text(Lnet/sourceforge/tess4j/ITessAPI$TessBaseAPI;)Lcom/sun/jna/Pointer;+16
j  net.sourceforge.tess4j.Tesseract.getOCRText(Ljava/lang/String;I)Ljava/lang/String;+62
j  net.sourceforge.tess4j.Tesseract.doOCR(Ljava/util/List;Ljava/lang/String;Ljava/awt/Rectangle;)Ljava/lang/String;+69
j  net.sourceforge.tess4j.Tesseract.doOCR(Ljava/io/File;Ljava/awt/Rectangle;)Ljava/lang/String;+10
j  net.sourceforge.tess4j.Tesseract.doOCR(Ljava/io/File;)Ljava/lang/String;+3
j  OCREngine.doOCR(Ljava/io/File;)Ljava/lang/String;+5
j  Main.main([Ljava/lang/String;)V+23
v  ~StubRoutines::call_stub

---------------  P R O C E S S  ---------------

Java Threads: ( => current thread )
  0x00007f49a81ae000 JavaThread "Java2D Disposer" daemon [_thread_blocked, id=4035, stack(0x00007f49a000d000,0x00007f49a010e000)]
  0x00007f49a80af000 JavaThread "Service Thread" daemon [_thread_blocked, id=4033, stack(0x00007f49a1ae1000,0x00007f49a1be2000)]
  0x00007f49a80ad000 JavaThread "C2 CompilerThread1" daemon [_thread_blocked, id=4032, stack(0x00007f49a1be2000,0x00007f49a1ce3000)]
  0x00007f49a80aa000 JavaThread "C2 CompilerThread0" daemon [_thread_blocked, id=4031, stack(0x00007f49a1ce3000,0x00007f49a1de4000)]
  0x00007f49a80a7800 JavaThread "Signal Dispatcher" daemon [_thread_blocked, id=4030, stack(0x00007f49a1de4000,0x00007f49a1ee5000)]
  0x00007f49a807c800 JavaThread "Finalizer" daemon [_thread_blocked, id=4029, stack(0x00007f49a25c7000,0x00007f49a26c8000)]
  0x00007f49a807a000 JavaThread "Reference Handler" daemon [_thread_blocked, id=4028, stack(0x00007f49a26c8000,0x00007f49a27c9000)]
=>0x00007f49a800a000 JavaThread "main" [_thread_in_native, id=4022, stack(0x00007f49aeeef000,0x00007f49aeff0000)]

Other Threads:
  0x00007f49a8075800 VMThread [stack: 0x00007f49a27c9000,0x00007f49a28ca000] [id=4027]
  0x00007f49a80ba000 WatcherThread [stack: 0x00007f49a19e0000,0x00007f49a1ae1000] [id=4034]

VM state:not at safepoint (normal execution)

VM Mutex/Monitor currently owned by a thread: None

Heap
 PSYoungGen      total 37376K, used 14215K [0x00000007d6e80000, 0x00000007d9800000, 0x0000000800000000)
  eden space 32256K, 44% used [0x00000007d6e80000,0x00000007d7c61d28,0x00000007d8e00000)
  from space 5120K, 0% used [0x00000007d9300000,0x00000007d9300000,0x00000007d9800000)
  to   space 5120K, 0% used [0x00000007d8e00000,0x00000007d8e00000,0x00000007d9300000)
 ParOldGen       total 83968K, used 0K [0x0000000784c00000, 0x0000000789e00000, 0x00000007d6e80000)
  object space 83968K, 0% used [0x0000000784c00000,0x0000000784c00000,0x0000000789e00000)
 PSPermGen       total 21504K, used 7742K [0x000000077a600000, 0x000000077bb00000, 0x0000000784c00000)
  object space 21504K, 36% used [0x000000077a600000,0x000000077ad8fa18,0x000000077bb00000)

Card table byte_map: [0x00007f49a45b1000,0x00007f49a49df000] byte_map_base: 0x00007f49a09de000

Polling page: 0x00007f49af012000

Code Cache  [0x00007f49a49df000, 0x00007f49a4c4f000, 0x00007f49a79df000)
 total_blobs=312 nmethods=37 adapters=228 free_code_cache=48633Kb largest_free_block=49776640

Compilation events (10 events):
Event: 0.391 Thread 0x00007f49a80ad000 nmethod 32% 0x00007f49a4a5f610 code [0x00007f49a4a5f7c0, 0x00007f49a4a60098]
Event: 0.405 Thread 0x00007f49a80ad000   34             java.lang.AbstractStringBuilder::append (48 bytes)
Event: 0.411 Thread 0x00007f49a80ad000 nmethod 34 0x00007f49a4a60a10 code [0x00007f49a4a60b80, 0x00007f49a4a60f58]
Event: 0.411 Thread 0x00007f49a80ad000   35             java.lang.String::getChars (62 bytes)
Event: 0.412 Thread 0x00007f49a80ad000 nmethod 35 0x00007f49a4a5a090 code [0x00007f49a4a5a1e0, 0x00007f49a4a5a318]
Event: 0.414 Thread 0x00007f49a80aa000 nmethod 33 0x00007f49a4a62790 code [0x00007f49a4a62960, 0x00007f49a4a64338]
Event: 0.423 Thread 0x00007f49a80ad000   36             java.lang.StringBuilder::append (8 bytes)
Event: 0.424 Thread 0x00007f49a80aa000   37             java.util.Arrays::copyOfRange (63 bytes)
Event: 0.426 Thread 0x00007f49a80aa000 nmethod 37 0x00007f49a4a5d850 code [0x00007f49a4a5d9a0, 0x00007f49a4a5dbb8]
Event: 0.429 Thread 0x00007f49a80ad000 nmethod 36 0x00007f49a4a5cf50 code [0x00007f49a4a5d0c0, 0x00007f49a4a5d498]

GC Heap History (0 events):
No events

Deoptimization events (5 events):
Event: 0.307 Thread 0x00007f49a800a000 Uncommon trap: reason=bimorphic action=maybe_recompile pc=0x00007f49a4a57e44 method=java.util.HashMap.getEntry(Ljava/lang/Object;)Ljava/util/HashMap$Entry; @ 68
Event: 0.308 Thread 0x00007f49a800a000 Uncommon trap: reason=bimorphic action=maybe_recompile pc=0x00007f49a4a57e44 method=java.util.HashMap.getEntry(Ljava/lang/Object;)Ljava/util/HashMap$Entry; @ 68
Event: 0.308 Thread 0x00007f49a800a000 Uncommon trap: reason=bimorphic action=maybe_recompile pc=0x00007f49a4a57e44 method=java.util.HashMap.getEntry(Ljava/lang/Object;)Ljava/util/HashMap$Entry; @ 68
Event: 0.309 Thread 0x00007f49a800a000 Uncommon trap: reason=bimorphic action=maybe_recompile pc=0x00007f49a4a57e44 method=java.util.HashMap.getEntry(Ljava/lang/Object;)Ljava/util/HashMap$Entry; @ 68
Event: 0.309 Thread 0x00007f49a800a000 Uncommon trap: reason=bimorphic action=maybe_recompile pc=0x00007f49a4a525e4 method=java.util.HashMap.getEntry(Ljava/lang/Object;)Ljava/util/HashMap$Entry; @ 68

Internal exceptions (10 events):
Event: 0.426 Thread 0x00007f49a800a000 Threw 0x00000007d7bbba58 at /build/buildd/openjdk-7-7u79-2.5.5/build/openjdk/hotspot/src/share/vm/prims/jvm.cpp:1284
Event: 0.427 Thread 0x00007f49a800a000 Threw 0x00000007d7bc15f0 at /build/buildd/openjdk-7-7u79-2.5.5/build/openjdk/hotspot/src/share/vm/prims/jvm.cpp:1284
Event: 0.427 Thread 0x00007f49a800a000 Threw 0x00000007d7bc69a0 at /build/buildd/openjdk-7-7u79-2.5.5/build/openjdk/hotspot/src/share/vm/prims/jvm.cpp:1284
Event: 0.428 Thread 0x00007f49a800a000 Threw 0x00000007d7bcd050 at /build/buildd/openjdk-7-7u79-2.5.5/build/openjdk/hotspot/src/share/vm/prims/jvm.cpp:1284
Event: 0.428 Thread 0x00007f49a800a000 Threw 0x00000007d7bd25f8 at /build/buildd/openjdk-7-7u79-2.5.5/build/openjdk/hotspot/src/share/vm/prims/jvm.cpp:1284
Event: 0.429 Thread 0x00007f49a800a000 Threw 0x00000007d7bd7b90 at /build/buildd/openjdk-7-7u79-2.5.5/build/openjdk/hotspot/src/share/vm/prims/jvm.cpp:1284
Event: 0.429 Thread 0x00007f49a800a000 Threw 0x00000007d7bdcfa8 at /build/buildd/openjdk-7-7u79-2.5.5/build/openjdk/hotspot/src/share/vm/prims/jvm.cpp:1284
Event: 0.429 Thread 0x00007f49a800a000 Threw 0x00000007d7be2440 at /build/buildd/openjdk-7-7u79-2.5.5/build/openjdk/hotspot/src/share/vm/prims/jvm.cpp:1284
Event: 0.430 Thread 0x00007f49a800a000 Threw 0x00000007d7be78a0 at /build/buildd/openjdk-7-7u79-2.5.5/build/openjdk/hotspot/src/share/vm/prims/jvm.cpp:1284
Event: 0.434 Thread 0x00007f49a800a000 Threw 0x00000007d7c42f60 at /build/buildd/openjdk-7-7u79-2.5.5/build/openjdk/hotspot/src/share/vm/prims/jvm.cpp:1284

Events (10 events):
Event: 0.430 loading class 0x00007f49a81a3970
Event: 0.431 loading class 0x00007f49a81a3970 done
Event: 0.431 loading class 0x00007f49a8196100
Event: 0.431 loading class 0x00007f49a8196100 done
Event: 0.431 loading class 0x00007f49a8153e50
Event: 0.431 loading class 0x00007f49a8153e50 done
Event: 0.433 loading class 0x00007f49a8011700
Event: 0.433 loading class 0x00007f49a8011700 done
Event: 0.434 loading class 0x00007f49a821ec20
Event: 0.434 loading class 0x00007f49a821ec20 done


Dynamic libraries:
00400000-00401000 r-xp 00000000 08:05 298468                             /usr/lib/jvm/java-7-openjdk-amd64/jre/bin/java
00600000-00601000 r--p 00000000 08:05 298468                             /usr/lib/jvm/java-7-openjdk-amd64/jre/bin/java
00601000-00602000 rw-p 00001000 08:05 298468                             /usr/lib/jvm/java-7-openjdk-amd64/jre/bin/java
01edc000-01efd000 rw-p 00000000 00:00 0                                  [heap]
77a600000-77bb00000 rw-p 00000000 00:00 0 
77bb00000-784c00000 rw-p 00000000 00:00 0 
784c00000-789e00000 rw-p 00000000 00:00 0 
789e00000-7d6e80000 rw-p 00000000 00:00 0 
7d6e80000-7d9800000 rw-p 00000000 00:00 0 
7d9800000-800000000 rw-p 00000000 00:00 0 
7f4958000000-7f4958021000 rw-p 00000000 00:00 0 
7f4958021000-7f495c000000 ---p 00000000 00:00 0 
7f4960000000-7f4960021000 rw-p 00000000 00:00 0 
7f4960021000-7f4964000000 ---p 00000000 00:00 0 
7f4964000000-7f4964021000 rw-p 00000000 00:00 0 
7f4964021000-7f4968000000 ---p 00000000 00:00 0 
7f4968000000-7f4968344000 rw-p 00000000 00:00 0 
7f4968344000-7f496c000000 ---p 00000000 00:00 0 
7f496c000000-7f496c200000 rw-p 00000000 00:00 0 
7f496c200000-7f4970000000 ---p 00000000 00:00 0 
7f4970000000-7f4970021000 rw-p 00000000 00:00 0 
7f4970021000-7f4974000000 ---p 00000000 00:00 0 
7f4974000000-7f4974021000 rw-p 00000000 00:00 0 
7f4974021000-7f4978000000 ---p 00000000 00:00 0 
7f4978000000-7f4978021000 rw-p 00000000 00:00 0 
7f4978021000-7f497c000000 ---p 00000000 00:00 0 
7f497fd30000-7f4984000000 rw-p 00000000 00:00 0 
7f4984000000-7f4984021000 rw-p 00000000 00:00 0 
7f4984021000-7f4988000000 ---p 00000000 00:00 0 
7f4988000000-7f4988021000 rw-p 00000000 00:00 0 
7f4988021000-7f498c000000 ---p 00000000 00:00 0 
7f498c000000-7f498c021000 rw-p 00000000 00:00 0 
7f498c021000-7f4990000000 ---p 00000000 00:00 0 
7f4991f9b000-7f4991fb2000 r-xp 00000000 08:05 298523                     /usr/lib/jvm/java-7-openjdk-amd64/jre/lib/amd64/libnet.so
7f4991fb2000-7f49921b1000 ---p 00017000 08:05 298523                     /usr/lib/jvm/java-7-openjdk-amd64/jre/lib/amd64/libnet.so
7f49921b1000-7f49921b2000 r--p 00016000 08:05 298523                     /usr/lib/jvm/java-7-openjdk-amd64/jre/lib/amd64/libnet.so
7f49921b2000-7f49921b3000 rw-p 00017000 08:05 298523                     /usr/lib/jvm/java-7-openjdk-amd64/jre/lib/amd64/libnet.so
7f49921b3000-7f49921c4000 r-xp 00000000 08:05 298494                     /usr/lib/jvm/java-7-openjdk-amd64/jre/lib/amd64/libnio.so
7f49921c4000-7f49923c3000 ---p 00011000 08:05 298494                     /usr/lib/jvm/java-7-openjdk-amd64/jre/lib/amd64/libnio.so
7f49923c3000-7f49923c4000 r--p 00010000 08:05 298494                     /usr/lib/jvm/java-7-openjdk-amd64/jre/lib/amd64/libnio.so
7f49923c4000-7f49923c5000 rw-p 00011000 08:05 298494                     /usr/lib/jvm/java-7-openjdk-amd64/jre/lib/amd64/libnio.so
7f49923c5000-7f49923d0000 r-xp 00000000 08:05 275200                     /usr/lib/x86_64-linux-gnu/libjbig.so.0
7f49923d0000-7f49925cf000 ---p 0000b000 08:05 275200                     /usr/lib/x86_64-linux-gnu/libjbig.so.0
7f49925cf000-7f49925d0000 r--p 0000a000 08:05 275200                     /usr/lib/x86_64-linux-gnu/libjbig.so.0
7f49925d0000-7f49925d3000 rw-p 0000b000 08:05 275200                     /usr/lib/x86_64-linux-gnu/libjbig.so.0
7f49925d3000-7f49925f4000 r-xp 00000000 08:05 5508                       /lib/x86_64-linux-gnu/liblzma.so.5.0.0
7f49925f4000-7f49927f3000 ---p 00021000 08:05 5508                       /lib/x86_64-linux-gnu/liblzma.so.5.0.0
7f49927f3000-7f49927f4000 r--p 00020000 08:05 5508                       /lib/x86_64-linux-gnu/liblzma.so.5.0.0
7f49927f4000-7f49927f5000 rw-p 00021000 08:05 5508                       /lib/x86_64-linux-gnu/liblzma.so.5.0.0
7f49927f5000-7f499284b000 r-xp 00000000 08:05 275649                     /usr/lib/x86_64-linux-gnu/libwebp.so.5.0.1
7f499284b000-7f4992a4a000 ---p 00056000 08:05 275649                     /usr/lib/x86_64-linux-gnu/libwebp.so.5.0.1
7f4992a4a000-7f4992a4b000 r--p 00055000 08:05 275649                     /usr/lib/x86_64-linux-gnu/libwebp.so.5.0.1
7f4992a4b000-7f4992a4d000 rw-p 00056000 08:05 275649                     /usr/lib/x86_64-linux-gnu/libwebp.so.5.0.1
7f4992a4d000-7f4992abd000 r-xp 00000000 08:05 282436                     /usr/lib/x86_64-linux-gnu/libtiff.so.5.2.0
7f4992abd000-7f4992cbc000 ---p 00070000 08:05 282436                     /usr/lib/x86_64-linux-gnu/libtiff.so.5.2.0
7f4992cbc000-7f4992cbe000 r--p 0006f000 08:05 282436                     /usr/lib/x86_64-linux-gnu/libtiff.so.5.2.0
7f4992cbe000-7f4992cc1000 rw-p 00071000 08:05 282436                     /usr/lib/x86_64-linux-gnu/libtiff.so.5.2.0
7f4992cc1000-7f4992cc9000 r-xp 00000000 08:05 298656                     /usr/lib/x86_64-linux-gnu/libgif.so.4.1.6
7f4992cc9000-7f4992ec8000 ---p 00008000 08:05 298656                     /usr/lib/x86_64-linux-gnu/libgif.so.4.1.6
7f4992ec8000-7f4992ec9000 r--p 00007000 08:05 298656                     /usr/lib/x86_64-linux-gnu/libgif.so.4.1.6
7f4992ec9000-7f4992eca000 rw-p 00008000 08:05 298656                     /usr/lib/x86_64-linux-gnu/libgif.so.4.1.6
7f4992eca000-7f49930cf000 r-xp 00000000 08:05 310004                     /usr/lib/liblept.so.4.0.2
7f49930cf000-7f49932cf000 ---p 00205000 08:05 310004                     /usr/lib/liblept.so.4.0.2
7f49932cf000-7f49932d0000 r--p 00205000 08:05 310004                     /usr/lib/liblept.so.4.0.2
7f49932d0000-7f49932d6000 rw-p 00206000 08:05 310004                     /usr/lib/liblept.so.4.0.2
7f49932d6000-7f49935e5000 r-xp 00000000 08:05 310073                     /usr/local/lib/libtesseract.so.3.0.4
7f49935e5000-7f49937e4000 ---p 0030f000 08:05 310073                     /usr/local/lib/libtesseract.so.3.0.4
7f49937e4000-7f49937ea000 r--p 0030e000 08:05 310073                     /usr/local/lib/libtesseract.so.3.0.4
7f49937ea000-7f49937f2000 rw-p 00314000 08:05 310073                     /usr/local/lib/libtesseract.so.3.0.4
7f49937f2000-7f4993a88000 rw-p 00000000 00:00 0 
7f4993a88000-7f4993a9f000 r-xp 00000000 08:05 35045                      /tmp/jna-105408/jna4616443742449040324.tmp (deleted)
7f4993a9f000-7f4993b9e000 ---p 00017000 08:05 35045                      /tmp/jna-105408/jna4616443742449040324.tmp (deleted)
7f4993b9e000-7f4993ba0000 rw-p 00016000 08:05 35045                      /tmp/jna-105408/jna4616443742449040324.tmp (deleted)
7f4993ba0000-7f4993be3000 r-xp 00000000 08:05 275202                     /usr/lib/x86_64-linux-gnu/libjpeg.so.8.0.2
7f4993be3000-7f4993de3000 ---p 00043000 08:05 275202                     /usr/lib/x86_64-linux-gnu/libjpeg.so.8.0.2
7f4993de3000-7f4993de4000 r--p 00043000 08:05 275202                     /usr/lib/x86_64-linux-gnu/libjpeg.so.8.0.2
7f4993de4000-7f4993de5000 rw-p 00044000 08:05 275202                     /usr/lib/x86_64-linux-gnu/libjpeg.so.8.0.2
7f4993de5000-7f4993df5000 rw-p 00000000 00:00 0 
7f4993df5000-7f4993dff000 r-xp 00000000 08:05 298497                     /usr/lib/jvm/java-7-openjdk-amd64/jre/lib/amd64/libjavajpeg.so
7f4993dff000-7f4993ffe000 ---p 0000a000 08:05 298497                     /usr/lib/jvm/java-7-openjdk-amd64/jre/lib/amd64/libjavajpeg.so
7f4993ffe000-7f4993fff000 r--p 00009000 08:05 298497                     /usr/lib/jvm/java-7-openjdk-amd64/jre/lib/amd64/libjavajpeg.so
7f4993fff000-7f4994000000 rw-p 0000a000 08:05 298497                     /usr/lib/jvm/java-7-openjdk-amd64/jre/lib/amd64/libjavajpeg.so
7f4994000000-7f4994021000 rw-p 00000000 00:00 0 
7f4994021000-7f4998000000 ---p 00000000 00:00 0 
7f49980cb000-7f49980ce000 r-xp 00000000 08:05 5504                       /lib/x86_64-linux-gnu/libkeyutils.so.1.5
7f49980ce000-7f49982cd000 ---p 00003000 08:05 5504                       /lib/x86_64-linux-gnu/libkeyutils.so.1.5
7f49982cd000-7f49982ce000 r--p 00002000 08:05 5504                       /lib/x86_64-linux-gnu/libkeyutils.so.1.5
7f49982ce000-7f49982cf000 rw-p 00003000 08:05 5504                       /lib/x86_64-linux-gnu/libkeyutils.so.1.5
7f49982cf000-7f499833b000 r-xp 00000000 08:05 5568                       /lib/x86_64-linux-gnu/libpcre.so.3.13.1
7f499833b000-7f499853a000 ---p 0006c000 08:05 5568                       /lib/x86_64-linux-gnu/libpcre.so.3.13.1
7f499853a000-7f499853b000 r--p 0006b000 08:05 5568                       /lib/x86_64-linux-gnu/libpcre.so.3.13.1
7f499853b000-7f499853c000 rw-p 0006c000 08:05 5568                       /lib/x86_64-linux-gnu/libpcre.so.3.13.1
7f499853c000-7f4998561000 r-xp 00000000 08:05 5580                       /lib/x86_64-linux-gnu/libpng12.so.0.51.0
7f4998561000-7f4998760000 ---p 00025000 08:05 5580                       /lib/x86_64-linux-gnu/libpng12.so.0.51.0
7f4998760000-7f4998761000 r--p 00024000 08:05 5580                       /lib/x86_64-linux-gnu/libpng12.so.0.51.0
7f4998761000-7f4998762000 rw-p 00025000 08:05 5580                       /lib/x86_64-linux-gnu/libpng12.so.0.51.0
7f4998762000-7f49987a8000 r-xp 00000000 08:05 20376                      /lib/x86_64-linux-gnu/libdbus-1.so.3.8.7
7f49987a8000-7f49989a7000 ---p 00046000 08:05 20376                      /lib/x86_64-linux-gnu/libdbus-1.so.3.8.7
7f49989a7000-7f49989a9000 r--p 00045000 08:05 20376                      /lib/x86_64-linux-gnu/libdbus-1.so.3.8.7
7f49989a9000-7f49989aa000 rw-p 00047000 08:05 20376                      /lib/x86_64-linux-gnu/libdbus-1.so.3.8.7
7f49989aa000-7f4998a28000 r-xp 00000000 08:05 274990                     /usr/lib/x86_64-linux-gnu/libgmp.so.10.2.0
7f4998a28000-7f4998c28000 ---p 0007e000 08:05 274990                     /usr/lib/x86_64-linux-gnu/libgmp.so.10.2.0
7f4998c28000-7f4998c29000 r--p 0007e000 08:05 274990                     /usr/lib/x86_64-linux-gnu/libgmp.so.10.2.0
7f4998c29000-7f4998c2a000 rw-p 0007f000 08:05 274990                     /usr/lib/x86_64-linux-gnu/libgmp.so.10.2.0
7f4998c2a000-7f4998c56000 r-xp 00000000 08:05 275147                     /usr/lib/x86_64-linux-gnu/libhogweed.so.2.5
7f4998c56000-7f4998e56000 ---p 0002c000 08:05 275147                     /usr/lib/x86_64-linux-gnu/libhogweed.so.2.5
7f4998e56000-7f4998e57000 r--p 0002c000 08:05 275147                     /usr/lib/x86_64-linux-gnu/libhogweed.so.2.5
7f4998e57000-7f4998e58000 rw-p 0002d000 08:05 275147                     /usr/lib/x86_64-linux-gnu/libhogweed.so.2.5
7f4998e58000-7f4998e87000 r-xp 00000000 08:05 275284                     /usr/lib/x86_64-linux-gnu/libnettle.so.4.7
7f4998e87000-7f4999087000 ---p 0002f000 08:05 275284                     /usr/lib/x86_64-linux-gnu/libnettle.so.4.7
7f4999087000-7f4999088000 r--p 0002f000 08:05 275284                     /usr/lib/x86_64-linux-gnu/libnettle.so.4.7
7f4999088000-7f4999089000 rw-p 00030000 08:05 275284                     /usr/lib/x86_64-linux-gnu/libnettle.so.4.7
7f4999089000-7f499909a000 r-xp 00000000 08:05 268069                     /usr/lib/x86_64-linux-gnu/libtasn1.so.6.3.0
7f499909a000-7f499929a000 ---p 00011000 08:05 268069                     /usr/lib/x86_64-linux-gnu/libtasn1.so.6.3.0
7f499929a000-7f499929b000 r--p 00011000 08:05 268069                     /usr/lib/x86_64-linux-gnu/libtasn1.so.6.3.0
7f499929b000-7f499929c000 rw-p 00012000 08:05 268069                     /usr/lib/x86_64-linux-gnu/libtasn1.so.6.3.0
7f499929c000-7f49992d7000 r-xp 00000000 08:05 275334                     /usr/lib/x86_64-linux-gnu/libp11-kit.so.0.0.0
7f49992d7000-7f49994d6000 ---p 0003b000 08:05 275334                     /usr/lib/x86_64-linux-gnu/libp11-kit.so.0.0.0
7f49994d6000-7f49994dc000 r--p 0003a000 08:05 275334                     /usr/lib/x86_64-linux-gnu/libp11-kit.so.0.0.0
7f49994dc000-7f49994de000 rw-p 00040000 08:05 275334                     /usr/lib/x86_64-linux-gnu/libp11-kit.so.0.0.0
7f49994de000-7f49994e8000 r-xp 00000000 08:05 274434                     /usr/lib/x86_64-linux-gnu/libkrb5support.so.0.1
7f49994e8000-7f49996e7000 ---p 0000a000 08:05 274434                     /usr/lib/x86_64-linux-gnu/libkrb5support.so.0.1
7f49996e7000-7f49996e8000 r--p 00009000 08:05 274434                     /usr/lib/x86_64-linux-gnu/libkrb5support.so.0.1
7f49996e8000-7f49996e9000 rw-p 0000a000 08:05 274434                     /usr/lib/x86_64-linux-gnu/libkrb5support.so.0.1
7f49996e9000-7f49996ec000 r-xp 00000000 08:05 19397                      /lib/x86_64-linux-gnu/libcom_err.so.2.1
7f49996ec000-7f49998eb000 ---p 00003000 08:05 19397                      /lib/x86_64-linux-gnu/libcom_err.so.2.1
7f49998eb000-7f49998ec000 r--p 00002000 08:05 19397                      /lib/x86_64-linux-gnu/libcom_err.so.2.1
7f49998ec000-7f49998ed000 rw-p 00003000 08:05 19397                      /lib/x86_64-linux-gnu/libcom_err.so.2.1
7f49998ed000-7f499991a000 r-xp 00000000 08:05 274437                     /usr/lib/x86_64-linux-gnu/libk5crypto.so.3.1
7f499991a000-7f4999b19000 ---p 0002d000 08:05 274437                     /usr/lib/x86_64-linux-gnu/libk5crypto.so.3.1
7f4999b19000-7f4999b1b000 r--p 0002c000 08:05 274437                     /usr/lib/x86_64-linux-gnu/libk5crypto.so.3.1
7f4999b1b000-7f4999b1c000 rw-p 0002e000 08:05 274437                     /usr/lib/x86_64-linux-gnu/libk5crypto.so.3.1
7f4999b1c000-7f4999b1d000 rw-p 00000000 00:00 0 
7f4999b1d000-7f4999bdd000 r-xp 00000000 08:05 274432                     /usr/lib/x86_64-linux-gnu/libkrb5.so.3.3
7f4999bdd000-7f4999ddd000 ---p 000c0000 08:05 274432                     /usr/lib/x86_64-linux-gnu/libkrb5.so.3.3
7f4999ddd000-7f4999dea000 r--p 000c0000 08:05 274432                     /usr/lib/x86_64-linux-gnu/libkrb5.so.3.3
7f4999dea000-7f4999dec000 rw-p 000cd000 08:05 274432                     /usr/lib/x86_64-linux-gnu/libkrb5.so.3.3
7f4999dec000-7f4999df1000 r-xp 00000000 08:05 274588                     /usr/lib/x86_64-linux-gnu/libXdmcp.so.6.0.0
7f4999df1000-7f4999ff0000 ---p 00005000 08:05 274588                     /usr/lib/x86_64-linux-gnu/libXdmcp.so.6.0.0
7f4999ff0000-7f4999ff1000 r--p 00004000 08:05 274588                     /usr/lib/x86_64-linux-gnu/libXdmcp.so.6.0.0
7f4999ff1000-7f4999ff2000 rw-p 00005000 08:05 274588                     /usr/lib/x86_64-linux-gnu/libXdmcp.so.6.0.0
7f4999ff2000-7f4999ff4000 r-xp 00000000 08:05 274577                     /usr/lib/x86_64-linux-gnu/libXau.so.6.0.0
7f4999ff4000-7f499a1f4000 ---p 00002000 08:05 274577                     /usr/lib/x86_64-linux-gnu/libXau.so.6.0.0
7f499a1f4000-7f499a1f5000 r--p 00002000 08:05 274577                     /usr/lib/x86_64-linux-gnu/libXau.so.6.0.0
7f499a1f5000-7f499a1f6000 rw-p 00003000 08:05 274577                     /usr/lib/x86_64-linux-gnu/libXau.so.6.0.0
7f499a1f6000-7f499a1fd000 r-xp 00000000 08:05 274877                     /usr/lib/x86_64-linux-gnu/libffi.so.6.0.2
7f499a1fd000-7f499a3fc000 ---p 00007000 08:05 274877                     /usr/lib/x86_64-linux-gnu/libffi.so.6.0.2
7f499a3fc000-7f499a3fd000 r--p 00006000 08:05 274877                     /usr/lib/x86_64-linux-gnu/libffi.so.6.0.2
7f499a3fd000-7f499a3fe000 rw-p 00007000 08:05 274877                     /usr/lib/x86_64-linux-gnu/libffi.so.6.0.2
7f499a3fe000-7f499a415000 r-xp 00000000 08:05 19311                      /lib/x86_64-linux-gnu/libresolv-2.19.so
7f499a415000-7f499a615000 ---p 00017000 08:05 19311                      /lib/x86_64-linux-gnu/libresolv-2.19.so
7f499a615000-7f499a616000 r--p 00017000 08:05 19311                      /lib/x86_64-linux-gnu/libresolv-2.19.so
7f499a616000-7f499a617000 rw-p 00018000 08:05 19311                      /lib/x86_64-linux-gnu/libresolv-2.19.so
7f499a617000-7f499a619000 rw-p 00000000 00:00 0 
7f499a619000-7f499a63a000 r-xp 00000000 08:05 5595                       /lib/x86_64-linux-gnu/libselinux.so.1
7f499a63a000-7f499a839000 ---p 00021000 08:05 5595                       /lib/x86_64-linux-gnu/libselinux.so.1
7f499a839000-7f499a83a000 r--p 00020000 08:05 5595                       /lib/x86_64-linux-gnu/libselinux.so.1
7f499a83a000-7f499a83b000 rw-p 00021000 08:05 5595                       /lib/x86_64-linux-gnu/libselinux.so.1
7f499a83b000-7f499a83d000 rw-p 00000000 00:00 0 
7f499a83d000-7f499a949000 r-xp 00000000 08:05 5294                       /lib/x86_64-linux-gnu/libglib-2.0.so.0.4200.1
7f499a949000-7f499ab49000 ---p 0010c000 08:05 5294                       /lib/x86_64-linux-gnu/libglib-2.0.so.0.4200.1
7f499ab49000-7f499ab4a000 r--p 0010c000 08:05 5294                       /lib/x86_64-linux-gnu/libglib-2.0.so.0.4200.1
7f499ab4a000-7f499ab4b000 rw-p 0010d000 08:05 5294                       /lib/x86_64-linux-gnu/libglib-2.0.so.0.4200.1
7f499ab4b000-7f499ab4c000 rw-p 00000000 00:00 0 
7f499ab4c000-7f499ab4f000 r-xp 00000000 08:05 268184                     /usr/lib/x86_64-linux-gnu/libgmodule-2.0.so.0.4200.1
7f499ab4f000-7f499ad4e000 ---p 00003000 08:05 268184                     /usr/lib/x86_64-linux-gnu/libgmodule-2.0.so.0.4200.1
7f499ad4e000-7f499ad4f000 r--p 00002000 08:05 268184                     /usr/lib/x86_64-linux-gnu/libgmodule-2.0.so.0.4200.1
7f499ad4f000-7f499ad50000 rw-p 00003000 08:05 268184                     /usr/lib/x86_64-linux-gnu/libgmodule-2.0.so.0.4200.1
7f499ad50000-7f499ad76000 r-xp 00000000 08:05 5481                       /lib/x86_64-linux-gnu/libexpat.so.1.6.0
7f499ad76000-7f499af75000 ---p 00026000 08:05 5481                       /lib/x86_64-linux-gnu/libexpat.so.1.6.0
7f499af75000-7f499af78000 r--p 00025000 08:05 5481                       /lib/x86_64-linux-gnu/libexpat.so.1.6.0
7f499af78000-7f499af79000 rw-p 00028000 08:05 5481                       /lib/x86_64-linux-gnu/libexpat.so.1.6.0
7f499af79000-7f499b01b000 r-xp 00000000 08:05 267920                     /usr/lib/x86_64-linux-gnu/libfreetype.so.6.11.1
7f499b01b000-7f499b21a000 ---p 000a2000 08:05 267920                     /usr/lib/x86_64-linux-gnu/libfreetype.so.6.11.1
7f499b21a000-7f499b220000 r--p 000a1000 08:05 267920                     /usr/lib/x86_64-linux-gnu/libfreetype.so.6.11.1
7f499b220000-7f499b221000 rw-p 000a7000 08:05 267920                     /usr/lib/x86_64-linux-gnu/libfreetype.so.6.11.1
7f499b221000-7f499b231000 r-xp 00000000 08:05 274681                     /usr/lib/x86_64-linux-gnu/libavahi-client.so.3.2.9
7f499b231000-7f499b430000 ---p 00010000 08:05 274681                     /usr/lib/x86_64-linux-gnu/libavahi-client.so.3.2.9
7f499b430000-7f499b431000 r--p 0000f000 08:05 274681                     /usr/lib/x86_64-linux-gnu/libavahi-client.so.3.2.9
7f499b431000-7f499b432000 rw-p 00010000 08:05 274681                     /usr/lib/x86_64-linux-gnu/libavahi-client.so.3.2.9
7f499b432000-7f499b43d000 r-xp 00000000 08:05 274683                     /usr/lib/x86_64-linux-gnu/libavahi-common.so.3.5.3
7f499b43d000-7f499b63c000 ---p 0000b000 08:05 274683                     /usr/lib/x86_64-linux-gnu/libavahi-common.so.3.5.3
7f499b63c000-7f499b63d000 r--p 0000a000 08:05 274683                     /usr/lib/x86_64-linux-gnu/libavahi-common.so.3.5.3
7f499b63d000-7f499b63e000 rw-p 0000b000 08:05 274683                     /usr/lib/x86_64-linux-gnu/libavahi-common.so.3.5.3
7f499b63e000-7f499b73d000 r-xp 00000000 08:05 268077                     /usr/lib/x86_64-linux-gnu/libgnutls-deb0.so.28.30.7
7f499b73d000-7f499b93c000 ---p 000ff000 08:05 268077                     /usr/lib/x86_64-linux-gnu/libgnutls-deb0.so.28.30.7
7f499b93c000-7f499b945000 r--p 000fe000 08:05 268077                     /usr/lib/x86_64-linux-gnu/libgnutls-deb0.so.28.30.7
7f499b945000-7f499b947000 rw-p 00107000 08:05 268077                     /usr/lib/x86_64-linux-gnu/libgnutls-deb0.so.28.30.7
7f499b947000-7f499b98c000 r-xp 00000000 08:05 274243                     /usr/lib/x86_64-linux-gnu/libgssapi_krb5.so.2.2
7f499b98c000-7f499bb8b000 ---p 00045000 08:05 274243                     /usr/lib/x86_64-linux-gnu/libgssapi_krb5.so.2.2
7f499bb8b000-7f499bb8d000 r--p 00044000 08:05 274243                     /usr/lib/x86_64-linux-gnu/libgssapi_krb5.so.2.2
7f499bb8d000-7f499bb8e000 rw-p 00046000 08:05 274243                     /usr/lib/x86_64-linux-gnu/libgssapi_krb5.so.2.2
7f499bb8e000-7f499bb8f000 rw-p 00000000 00:00 0 
7f499bb8f000-7f499bbac000 r-xp 00000000 08:05 275697                     /usr/lib/x86_64-linux-gnu/libxcb.so.1.1.0
7f499bbac000-7f499bdac000 ---p 0001d000 08:05 275697                     /usr/lib/x86_64-linux-gnu/libxcb.so.1.1.0
7f499bdac000-7f499bdad000 r--p 0001d000 08:05 275697                     /usr/lib/x86_64-linux-gnu/libxcb.so.1.1.0
7f499bdad000-7f499bdae000 rw-p 0001e000 08:05 275697                     /usr/lib/x86_64-linux-gnu/libxcb.so.1.1.0
7f499bdae000-7f499bdfe000 r-xp 00000000 08:05 268182                     /usr/lib/x86_64-linux-gnu/libgobject-2.0.so.0.4200.1
7f499bdfe000-7f499bffe000 ---p 00050000 08:05 268182                     /usr/lib/x86_64-linux-gnu/libgobject-2.0.so.0.4200.1
7f499bffe000-7f499bfff000 r--p 00050000 08:05 268182                     /usr/lib/x86_64-linux-gnu/libgobject-2.0.so.0.4200.1
7f499bfff000-7f499c000000 rw-p 00051000 08:05 268182                     /usr/lib/x86_64-linux-gnu/libgobject-2.0.so.0.4200.1
7f499c000000-7f499c021000 rw-p 00000000 00:00 0 
7f499c021000-7f49a0000000 ---p 00000000 00:00 0 
7f49a000d000-7f49a0010000 ---p 00000000 00:00 0 
7f49a0010000-7f49a010e000 rw-p 00000000 00:00 0                          [stack:4035]
7f49a010e000-7f49a027f000 r-xp 00000000 08:05 268183                     /usr/lib/x86_64-linux-gnu/libgio-2.0.so.0.4200.1
7f49a027f000-7f49a047f000 ---p 00171000 08:05 268183                     /usr/lib/x86_64-linux-gnu/libgio-2.0.so.0.4200.1
7f49a047f000-7f49a0483000 r--p 00171000 08:05 268183                     /usr/lib/x86_64-linux-gnu/libgio-2.0.so.0.4200.1
7f49a0483000-7f49a0485000 rw-p 00175000 08:05 268183                     /usr/lib/x86_64-linux-gnu/libgio-2.0.so.0.4200.1
7f49a0485000-7f49a0487000 rw-p 00000000 00:00 0 
7f49a0487000-7f49a04c2000 r-xp 00000000 08:05 274891                     /usr/lib/x86_64-linux-gnu/libfontconfig.so.1.8.0
7f49a04c2000-7f49a06c1000 ---p 0003b000 08:05 274891                     /usr/lib/x86_64-linux-gnu/libfontconfig.so.1.8.0
7f49a06c1000-7f49a06c3000 r--p 0003a000 08:05 274891                     /usr/lib/x86_64-linux-gnu/libfontconfig.so.1.8.0
7f49a06c3000-7f49a06c4000 rw-p 0003c000 08:05 274891                     /usr/lib/x86_64-linux-gnu/libfontconfig.so.1.8.0
7f49a06c4000-7f49a0731000 r-xp 00000000 08:05 263551                     /usr/lib/x86_64-linux-gnu/libcups.so.2
7f49a0731000-7f49a0931000 ---p 0006d000 08:05 263551                     /usr/lib/x86_64-linux-gnu/libcups.so.2
7f49a0931000-7f49a0938000 r--p 0006d000 08:05 263551                     /usr/lib/x86_64-linux-gnu/libcups.so.2
7f49a0938000-7f49a0939000 rw-p 00074000 08:05 263551                     /usr/lib/x86_64-linux-gnu/libcups.so.2
7f49a0939000-7f49a0948000 r-xp 00000000 08:05 274598                     /usr/lib/x86_64-linux-gnu/libXi.so.6.1.0
7f49a0948000-7f49a0b47000 ---p 0000f000 08:05 274598                     /usr/lib/x86_64-linux-gnu/libXi.so.6.1.0
7f49a0b47000-7f49a0b48000 r--p 0000e000 08:05 274598                     /usr/lib/x86_64-linux-gnu/libXi.so.6.1.0
7f49a0b48000-7f49a0b49000 rw-p 0000f000 08:05 274598                     /usr/lib/x86_64-linux-gnu/libXi.so.6.1.0
7f49a0b49000-7f49a0b4e000 r-xp 00000000 08:05 274618                     /usr/lib/x86_64-linux-gnu/libXtst.so.6.1.0
7f49a0b4e000-7f49a0d4d000 ---p 00005000 08:05 274618                     /usr/lib/x86_64-linux-gnu/libXtst.so.6.1.0
7f49a0d4d000-7f49a0d4e000 r--p 00004000 08:05 274618                     /usr/lib/x86_64-linux-gnu/libXtst.so.6.1.0
7f49a0d4e000-7f49a0d4f000 rw-p 00005000 08:05 274618                     /usr/lib/x86_64-linux-gnu/libXtst.so.6.1.0
7f49a0d4f000-7f49a0d58000 r-xp 00000000 08:05 274918                     /usr/lib/x86_64-linux-gnu/libXrender.so.1.3.0
7f49a0d58000-7f49a0f57000 ---p 00009000 08:05 274918                     /usr/lib/x86_64-linux-gnu/libXrender.so.1.3.0
7f49a0f57000-7f49a0f58000 r--p 00008000 08:05 274918                     /usr/lib/x86_64-linux-gnu/libXrender.so.1.3.0
7f49a0f58000-7f49a0f59000 rw-p 00009000 08:05 274918                     /usr/lib/x86_64-linux-gnu/libXrender.so.1.3.0
7f49a0f59000-7f49a108c000 r-xp 00000000 08:05 274573                     /usr/lib/x86_64-linux-gnu/libX11.so.6.3.0
7f49a108c000-7f49a128c000 ---p 00133000 08:05 274573                     /usr/lib/x86_64-linux-gnu/libX11.so.6.3.0
7f49a128c000-7f49a128d000 r--p 00133000 08:05 274573                     /usr/lib/x86_64-linux-gnu/libX11.so.6.3.0
7f49a128d000-7f49a1291000 rw-p 00134000 08:05 274573                     /usr/lib/x86_64-linux-gnu/libX11.so.6.3.0
7f49a1291000-7f49a1292000 rw-p 00000000 00:00 0 
7f49a1292000-7f49a12a3000 r-xp 00000000 08:05 275558                     /usr/lib/x86_64-linux-gnu/libXext.so.6.4.0
7f49a12a3000-7f49a14a2000 ---p 00011000 08:05 275558                     /usr/lib/x86_64-linux-gnu/libXext.so.6.4.0
7f49a14a2000-7f49a14a3000 r--p 00010000 08:05 275558                     /usr/lib/x86_64-linux-gnu/libXext.so.6.4.0
7f49a14a3000-7f49a14a4000 rw-p 00011000 08:05 275558                     /usr/lib/x86_64-linux-gnu/libXext.so.6.4.0
7f49a14c2000-7f49a150a000 r-xp 00000000 08:05 298669                     /usr/lib/jvm/java-7-openjdk-amd64/jre/lib/amd64/xawt/libmawt.so
7f49a150a000-7f49a170a000 ---p 00048000 08:05 298669                     /usr/lib/jvm/java-7-openjdk-amd64/jre/lib/amd64/xawt/libmawt.so
7f49a170a000-7f49a170b000 r--p 00048000 08:05 298669                     /usr/lib/jvm/java-7-openjdk-amd64/jre/lib/amd64/xawt/libmawt.so
7f49a170b000-7f49a170e000 rw-p 00049000 08:05 298669                     /usr/lib/jvm/java-7-openjdk-amd64/jre/lib/amd64/xawt/libmawt.so
7f49a170e000-7f49a170f000 rw-p 00000000 00:00 0 
7f49a170f000-7f49a17af000 r-xp 00000000 08:05 298500                     /usr/lib/jvm/java-7-openjdk-amd64/jre/lib/amd64/libawt.so
7f49a17af000-7f49a19af000 ---p 000a0000 08:05 298500                     /usr/lib/jvm/java-7-openjdk-amd64/jre/lib/amd64/libawt.so
7f49a19af000-7f49a19b0000 r--p 000a0000 08:05 298500                     /usr/lib/jvm/java-7-openjdk-amd64/jre/lib/amd64/libawt.so
7f49a19b0000-7f49a19bb000 rw-p 000a1000 08:05 298500                     /usr/lib/jvm/java-7-openjdk-amd64/jre/lib/amd64/libawt.so
7f49a19bb000-7f49a19e0000 rw-p 00000000 00:00 0 
7f49a19e0000-7f49a19e1000 ---p 00000000 00:00 0 
7f49a19e1000-7f49a1ae1000 rw-p 00000000 00:00 0                          [stack:4034]
7f49a1ae1000-7f49a1ae4000 ---p 00000000 00:00 0 
7f49a1ae4000-7f49a1be2000 rw-p 00000000 00:00 0                          [stack:4033]
7f49a1be2000-7f49a1be5000 ---p 00000000 00:00 0 
7f49a1be5000-7f49a1ce3000 rw-p 00000000 00:00 0                          [stack:4032]
7f49a1ce3000-7f49a1ce6000 ---p 00000000 00:00 0 
7f49a1ce6000-7f49a1de4000 rw-p 00000000 00:00 0                          [stack:4031]
7f49a1de4000-7f49a1de7000 ---p 00000000 00:00 0 
7f49a1de7000-7f49a1ee5000 rw-p 00000000 00:00 0                          [stack:4030]
7f49a1ee5000-7f49a25c7000 r--p 00000000 08:05 272413                     /usr/lib/locale/locale-archive
7f49a25c7000-7f49a25ca000 ---p 00000000 00:00 0 
7f49a25ca000-7f49a26c8000 rw-p 00000000 00:00 0                          [stack:4029]
7f49a26c8000-7f49a26cb000 ---p 00000000 00:00 0 
7f49a26cb000-7f49a27c9000 rw-p 00000000 00:00 0                          [stack:4028]
7f49a27c9000-7f49a27ca000 ---p 00000000 00:00 0 
7f49a27ca000-7f49a38c7000 rw-p 00000000 00:00 0                          [stack:4027]
7f49a38c7000-7f49a3a78000 r--s 01d27000 08:05 298530                     /usr/lib/jvm/java-7-openjdk-amd64/jre/lib/rt.jar
7f49a3a78000-7f49a3f1b000 rw-p 00000000 00:00 0 
7f49a3f1b000-7f49a3f1c000 ---p 00000000 00:00 0 
7f49a3f1c000-7f49a401c000 rw-p 00000000 00:00 0                          [stack:4026]
7f49a401c000-7f49a401d000 ---p 00000000 00:00 0 
7f49a401d000-7f49a411d000 rw-p 00000000 00:00 0                          [stack:4025]
7f49a411d000-7f49a411e000 ---p 00000000 00:00 0 
7f49a411e000-7f49a421e000 rw-p 00000000 00:00 0                          [stack:4024]
7f49a421e000-7f49a421f000 ---p 00000000 00:00 0 
7f49a421f000-7f49a4348000 rw-p 00000000 00:00 0                          [stack:4023]
7f49a4348000-7f49a45b1000 rw-p 00000000 00:00 0 
7f49a45b1000-7f49a45bc000 rw-p 00000000 00:00 0 
7f49a45bc000-7f49a4604000 rw-p 00000000 00:00 0 
7f49a4604000-7f49a462d000 rw-p 00000000 00:00 0 
7f49a462d000-7f49a4895000 rw-p 00000000 00:00 0 
7f49a4895000-7f49a48aa000 rw-p 00000000 00:00 0 
7f49a48aa000-7f49a49de000 rw-p 00000000 00:00 0 
7f49a49de000-7f49a49df000 rw-p 00000000 00:00 0 
7f49a49df000-7f49a4c4f000 rwxp 00000000 00:00 0 
7f49a4c4f000-7f49a79df000 rw-p 00000000 00:00 0 
7f49a79df000-7f49a79e7000 r-xp 00000000 08:05 298496                     /usr/lib/jvm/java-7-openjdk-amd64/jre/lib/amd64/libzip.so
7f49a79e7000-7f49a7be6000 ---p 00008000 08:05 298496                     /usr/lib/jvm/java-7-openjdk-amd64/jre/lib/amd64/libzip.so
7f49a7be6000-7f49a7be7000 r--p 00007000 08:05 298496                     /usr/lib/jvm/java-7-openjdk-amd64/jre/lib/amd64/libzip.so
7f49a7be7000-7f49a7be8000 rw-p 00008000 08:05 298496                     /usr/lib/jvm/java-7-openjdk-amd64/jre/lib/amd64/libzip.so
7f49a7be8000-7f49a7bf3000 r-xp 00000000 08:05 19316                      /lib/x86_64-linux-gnu/libnss_files-2.19.so
7f49a7bf3000-7f49a7df2000 ---p 0000b000 08:05 19316                      /lib/x86_64-linux-gnu/libnss_files-2.19.so
7f49a7df2000-7f49a7df3000 r--p 0000a000 08:05 19316                      /lib/x86_64-linux-gnu/libnss_files-2.19.so
7f49a7df3000-7f49a7df4000 rw-p 0000b000 08:05 19316                      /lib/x86_64-linux-gnu/libnss_files-2.19.so
7f49a7df4000-7f49a7dff000 r-xp 00000000 08:05 19318                      /lib/x86_64-linux-gnu/libnss_nis-2.19.so
7f49a7dff000-7f49a7ffe000 ---p 0000b000 08:05 19318                      /lib/x86_64-linux-gnu/libnss_nis-2.19.so
7f49a7ffe000-7f49a7fff000 r--p 0000a000 08:05 19318                      /lib/x86_64-linux-gnu/libnss_nis-2.19.so
7f49a7fff000-7f49a8000000 rw-p 0000b000 08:05 19318                      /lib/x86_64-linux-gnu/libnss_nis-2.19.so
7f49a8000000-7f49a858b000 rw-p 00000000 00:00 0 
7f49a858b000-7f49ac000000 ---p 00000000 00:00 0 
7f49ac009000-7f49ac00e000 r--s 0004d000 08:05 298533                     /usr/lib/jvm/java-7-openjdk-amd64/jre/lib/jsse.jar
7f49ac00e000-7f49ac0c6000 rw-p 00000000 00:00 0 
7f49ac0c6000-7f49ac10e000 rw-p 00000000 00:00 0 
7f49ac10e000-7f49ac125000 r-xp 00000000 08:05 19302                      /lib/x86_64-linux-gnu/libnsl-2.19.so
7f49ac125000-7f49ac324000 ---p 00017000 08:05 19302                      /lib/x86_64-linux-gnu/libnsl-2.19.so
7f49ac324000-7f49ac325000 r--p 00016000 08:05 19302                      /lib/x86_64-linux-gnu/libnsl-2.19.so
7f49ac325000-7f49ac326000 rw-p 00017000 08:05 19302                      /lib/x86_64-linux-gnu/libnsl-2.19.so
7f49ac326000-7f49ac328000 rw-p 00000000 00:00 0 
7f49ac328000-7f49ac331000 r-xp 00000000 08:05 19303                      /lib/x86_64-linux-gnu/libnss_compat-2.19.so
7f49ac331000-7f49ac530000 ---p 00009000 08:05 19303                      /lib/x86_64-linux-gnu/libnss_compat-2.19.so
7f49ac530000-7f49ac531000 r--p 00008000 08:05 19303                      /lib/x86_64-linux-gnu/libnss_compat-2.19.so
7f49ac531000-7f49ac532000 rw-p 00009000 08:05 19303                      /lib/x86_64-linux-gnu/libnss_compat-2.19.so
7f49ac532000-7f49ac55f000 r-xp 00000000 08:05 298506                     /usr/lib/jvm/java-7-openjdk-amd64/jre/lib/amd64/libjava.so
7f49ac55f000-7f49ac75e000 ---p 0002d000 08:05 298506                     /usr/lib/jvm/java-7-openjdk-amd64/jre/lib/amd64/libjava.so
7f49ac75e000-7f49ac75f000 r--p 0002c000 08:05 298506                     /usr/lib/jvm/java-7-openjdk-amd64/jre/lib/amd64/libjava.so
7f49ac75f000-7f49ac761000 rw-p 0002d000 08:05 298506                     /usr/lib/jvm/java-7-openjdk-amd64/jre/lib/amd64/libjava.so
7f49ac761000-7f49ac772000 r-xp 00000000 08:05 298509                     /usr/lib/jvm/java-7-openjdk-amd64/jre/lib/amd64/libverify.so
7f49ac772000-7f49ac971000 ---p 00011000 08:05 298509                     /usr/lib/jvm/java-7-openjdk-amd64/jre/lib/amd64/libverify.so
7f49ac971000-7f49ac973000 r--p 00010000 08:05 298509                     /usr/lib/jvm/java-7-openjdk-amd64/jre/lib/amd64/libverify.so
7f49ac973000-7f49ac974000 rw-p 00012000 08:05 298509                     /usr/lib/jvm/java-7-openjdk-amd64/jre/lib/amd64/libverify.so
7f49ac974000-7f49ac97b000 r-xp 00000000 08:05 19319                      /lib/x86_64-linux-gnu/librt-2.19.so
7f49ac97b000-7f49acb7a000 ---p 00007000 08:05 19319                      /lib/x86_64-linux-gnu/librt-2.19.so
7f49acb7a000-7f49acb7b000 r--p 00006000 08:05 19319                      /lib/x86_64-linux-gnu/librt-2.19.so
7f49acb7b000-7f49acb7c000 rw-p 00007000 08:05 19319                      /lib/x86_64-linux-gnu/librt-2.19.so
7f49acb7c000-7f49acb92000 r-xp 00000000 08:05 5486                       /lib/x86_64-linux-gnu/libgcc_s.so.1
7f49acb92000-7f49acd91000 ---p 00016000 08:05 5486                       /lib/x86_64-linux-gnu/libgcc_s.so.1
7f49acd91000-7f49acd92000 r--p 00015000 08:05 5486                       /lib/x86_64-linux-gnu/libgcc_s.so.1
7f49acd92000-7f49acd93000 rw-p 00016000 08:05 5486                       /lib/x86_64-linux-gnu/libgcc_s.so.1
7f49acd93000-7f49ace98000 r-xp 00000000 08:05 19298                      /lib/x86_64-linux-gnu/libm-2.19.so
7f49ace98000-7f49ad097000 ---p 00105000 08:05 19298                      /lib/x86_64-linux-gnu/libm-2.19.so
7f49ad097000-7f49ad098000 r--p 00104000 08:05 19298                      /lib/x86_64-linux-gnu/libm-2.19.so
7f49ad098000-7f49ad099000 rw-p 00105000 08:05 19298                      /lib/x86_64-linux-gnu/libm-2.19.so
7f49ad099000-7f49ad189000 r-xp 00000000 08:05 275529                     /usr/lib/x86_64-linux-gnu/libstdc++.so.6.0.20
7f49ad189000-7f49ad389000 ---p 000f0000 08:05 275529                     /usr/lib/x86_64-linux-gnu/libstdc++.so.6.0.20
7f49ad389000-7f49ad391000 r--p 000f0000 08:05 275529                     /usr/lib/x86_64-linux-gnu/libstdc++.so.6.0.20
7f49ad391000-7f49ad393000 rw-p 000f8000 08:05 275529                     /usr/lib/x86_64-linux-gnu/libstdc++.so.6.0.20
7f49ad393000-7f49ad3a8000 rw-p 00000000 00:00 0 
7f49ad3a8000-7f49adef8000 r-xp 00000000 08:05 298521                     /usr/lib/jvm/java-7-openjdk-amd64/jre/lib/amd64/server/libjvm.so
7f49adef8000-7f49ae0f7000 ---p 00b50000 08:05 298521                     /usr/lib/jvm/java-7-openjdk-amd64/jre/lib/amd64/server/libjvm.so
7f49ae0f7000-7f49ae196000 r--p 00b4f000 08:05 298521                     /usr/lib/jvm/java-7-openjdk-amd64/jre/lib/amd64/server/libjvm.so
7f49ae196000-7f49ae1b9000 rw-p 00bee000 08:05 298521                     /usr/lib/jvm/java-7-openjdk-amd64/jre/lib/amd64/server/libjvm.so
7f49ae1b9000-7f49ae1e6000 rw-p 00000000 00:00 0 
7f49ae1e6000-7f49ae1fe000 r-xp 00000000 08:05 5630                       /lib/x86_64-linux-gnu/libz.so.1.2.8
7f49ae1fe000-7f49ae3fd000 ---p 00018000 08:05 5630                       /lib/x86_64-linux-gnu/libz.so.1.2.8
7f49ae3fd000-7f49ae3fe000 r--p 00017000 08:05 5630                       /lib/x86_64-linux-gnu/libz.so.1.2.8
7f49ae3fe000-7f49ae3ff000 rw-p 00018000 08:05 5630                       /lib/x86_64-linux-gnu/libz.so.1.2.8
7f49ae3ff000-7f49ae418000 r-xp 00000000 08:05 19306                      /lib/x86_64-linux-gnu/libpthread-2.19.so
7f49ae418000-7f49ae617000 ---p 00019000 08:05 19306                      /lib/x86_64-linux-gnu/libpthread-2.19.so
7f49ae617000-7f49ae618000 r--p 00018000 08:05 19306                      /lib/x86_64-linux-gnu/libpthread-2.19.so
7f49ae618000-7f49ae619000 rw-p 00019000 08:05 19306                      /lib/x86_64-linux-gnu/libpthread-2.19.so
7f49ae619000-7f49ae61d000 rw-p 00000000 00:00 0 
7f49ae61d000-7f49ae620000 r-xp 00000000 08:05 19305                      /lib/x86_64-linux-gnu/libdl-2.19.so
7f49ae620000-7f49ae81f000 ---p 00003000 08:05 19305                      /lib/x86_64-linux-gnu/libdl-2.19.so
7f49ae81f000-7f49ae820000 r--p 00002000 08:05 19305                      /lib/x86_64-linux-gnu/libdl-2.19.so
7f49ae820000-7f49ae821000 rw-p 00003000 08:05 19305                      /lib/x86_64-linux-gnu/libdl-2.19.so
7f49ae821000-7f49ae9db000 r-xp 00000000 08:05 19317                      /lib/x86_64-linux-gnu/libc-2.19.so
7f49ae9db000-7f49aebda000 ---p 001ba000 08:05 19317                      /lib/x86_64-linux-gnu/libc-2.19.so
7f49aebda000-7f49aebde000 r--p 001b9000 08:05 19317                      /lib/x86_64-linux-gnu/libc-2.19.so
7f49aebde000-7f49aebe0000 rw-p 001bd000 08:05 19317                      /lib/x86_64-linux-gnu/libc-2.19.so
7f49aebe0000-7f49aebe5000 rw-p 00000000 00:00 0 
7f49aebe5000-7f49aebf2000 r-xp 00000000 08:05 298514                     /usr/lib/jvm/java-7-openjdk-amd64/jre/lib/amd64/jli/libjli.so
7f49aebf2000-7f49aedf1000 ---p 0000d000 08:05 298514                     /usr/lib/jvm/java-7-openjdk-amd64/jre/lib/amd64/jli/libjli.so
7f49aedf1000-7f49aedf2000 r--p 0000c000 08:05 298514                     /usr/lib/jvm/java-7-openjdk-amd64/jre/lib/amd64/jli/libjli.so
7f49aedf2000-7f49aedf3000 rw-p 0000d000 08:05 298514                     /usr/lib/jvm/java-7-openjdk-amd64/jre/lib/amd64/jli/libjli.so
7f49aedf3000-7f49aee16000 r-xp 00000000 08:05 19312                      /lib/x86_64-linux-gnu/ld-2.19.so
7f49aee17000-7f49aee1a000 r--s 0233b000 08:07 4599929                    /home/joe/Documents/OCR Project/workspace/workspace/Tesseract/libs/tess4j.jar
7f49aee1a000-7f49aee1e000 r--s 000dc000 08:07 4599931                    /home/joe/Documents/OCR Project/workspace/workspace/Tesseract/libs/jna.jar
7f49aee1e000-7f49aee2f000 r--s 00106000 08:07 4599930                    /home/joe/Documents/OCR Project/workspace/workspace/Tesseract/libs/jai_imageio.jar
7f49aee2f000-7f49aee39000 rw-p 00000000 00:00 0 
7f49aee39000-7f49aeeef000 rw-p 00000000 00:00 0 
7f49aeeef000-7f49aeef2000 ---p 00000000 00:00 0 
7f49aeef2000-7f49aeff5000 rw-p 00000000 00:00 0                          [stack:4022]
7f49aeff6000-7f49aeffa000 r--s 00034000 08:05 298549                     /usr/lib/jvm/java-7-openjdk-amd64/jre/lib/ext/sunjce_provider.jar
7f49aeffa000-7f49aeffd000 r--s 0000f000 08:05 298547                     /usr/lib/jvm/java-7-openjdk-amd64/jre/lib/ext/icedtea-sound.jar
7f49aeffd000-7f49af000000 r--s 00086000 08:05 298550                     /usr/lib/jvm/java-7-openjdk-amd64/jre/lib/ext/localedata.jar
7f49af000000-7f49af002000 r--s 00012000 08:05 298546                     /usr/lib/jvm/java-7-openjdk-amd64/jre/lib/ext/zipfs.jar
7f49af002000-7f49af003000 r--s 00002000 08:05 298548                     /usr/lib/jvm/java-7-openjdk-amd64/jre/lib/ext/dnsns.jar
7f49af003000-7f49af005000 r--s 00006000 08:05 522850                     /usr/share/java/java-atk-wrapper.jar
7f49af005000-7f49af009000 r--s 0003c000 08:05 298545                     /usr/lib/jvm/java-7-openjdk-amd64/jre/lib/ext/sunpkcs11.jar
7f49af009000-7f49af011000 rw-s 00000000 08:05 35044                      /tmp/hsperfdata_joe/4016
7f49af011000-7f49af012000 rw-p 00000000 00:00 0 
7f49af012000-7f49af013000 r--p 00000000 00:00 0 
7f49af013000-7f49af015000 rw-p 00000000 00:00 0 
7f49af015000-7f49af016000 r--p 00022000 08:05 19312                      /lib/x86_64-linux-gnu/ld-2.19.so
7f49af016000-7f49af017000 rw-p 00023000 08:05 19312                      /lib/x86_64-linux-gnu/ld-2.19.so
7f49af017000-7f49af018000 rw-p 00000000 00:00 0 
7fff94eec000-7fff94f0d000 rw-p 00000000 00:00 0                          [stack]
7fff94f1d000-7fff94f1f000 r-xp 00000000 00:00 0                          [vdso]
7fff94f1f000-7fff94f21000 r--p 00000000 00:00 0                          [vvar]
ffffffffff600000-ffffffffff601000 r-xp 00000000 00:00 0                  [vsyscall]

VM Arguments:
jvm_args: -Dfile.encoding=UTF-8 
java_command: Main
Launcher Type: SUN_STANDARD

Environment Variables:
PATH=/home/joe/tesseract-ocr/training:/home/joe/tesseract-ocr:/usr/local/sbin:/usr/local/bin:/usr/sbin:/usr/bin:/sbin:/bin:/usr/games:/usr/local/games
SHELL=/bin/bash
DISPLAY=:0.0

Signal Handlers:
SIGSEGV: [libjvm.so+0x983740], sa_mask[0]=0x7ffbfeff, sa_flags=0x10000004
SIGBUS: [libjvm.so+0x983740], sa_mask[0]=0x7ffbfeff, sa_flags=0x10000004
SIGFPE: [libjvm.so+0x7f0180], sa_mask[0]=0x7ffbfeff, sa_flags=0x10000004
SIGPIPE: [libjvm.so+0x7f0180], sa_mask[0]=0x7ffbfeff, sa_flags=0x10000004
SIGXFSZ: [libjvm.so+0x7f0180], sa_mask[0]=0x7ffbfeff, sa_flags=0x10000004
SIGILL: [libjvm.so+0x7f0180], sa_mask[0]=0x7ffbfeff, sa_flags=0x10000004
SIGUSR1: SIG_DFL, sa_mask[0]=0x00000000, sa_flags=0x00000000
SIGUSR2: [libjvm.so+0x7f0000], sa_mask[0]=0x00000004, sa_flags=0x10000004
SIGHUP: [libjvm.so+0x7f0200], sa_mask[0]=0x7ffbfeff, sa_flags=0x10000004
SIGINT: [libjvm.so+0x7f0200], sa_mask[0]=0x7ffbfeff, sa_flags=0x10000004
SIGTERM: [libjvm.so+0x7f0200], sa_mask[0]=0x7ffbfeff, sa_flags=0x10000004
SIGQUIT: [libjvm.so+0x7f0200], sa_mask[0]=0x7ffbfeff, sa_flags=0x10000004
SIGTRAP: SIG_DFL, sa_mask[0]=0x00000000, sa_flags=0x00000000


---------------  S Y S T E M  ---------------

OS:Ubuntu 14.10 (utopic)
uname:Linux 3.16.0-23-generic #31-Ubuntu SMP Tue Oct 21 17:56:17 UTC 2014 x86_64
libc:glibc 2.19 NPTL 2.19 
rlimit: STACK 8192k, CORE 0k, NPROC 31440, NOFILE 4096, AS infinity
load average:0.67 0.42 0.32

/proc/meminfo:
MemTotal:        8070928 kB
MemFree:         5096716 kB
MemAvailable:    5894616 kB
Buffers:           67964 kB
Cached:          1390908 kB
SwapCached:            0 kB
Active:          1805780 kB
Inactive:         921948 kB
Active(anon):    1281224 kB
Inactive(anon):   518548 kB
Active(file):     524556 kB
Inactive(file):   403400 kB
Unevictable:          16 kB
Mlocked:              16 kB
SwapTotal:       7811068 kB
SwapFree:        7811068 kB
Dirty:               168 kB
Writeback:             0 kB
AnonPages:       1268888 kB
Mapped:           383656 kB
Shmem:            530920 kB
Slab:             112784 kB
SReclaimable:      77772 kB
SUnreclaim:        35012 kB
KernelStack:        8080 kB
PageTables:        37588 kB
NFS_Unstable:          0 kB
Bounce:                0 kB
WritebackTmp:          0 kB
CommitLimit:    11846532 kB
Committed_AS:    5000920 kB
VmallocTotal:   34359738367 kB
VmallocUsed:      557672 kB
VmallocChunk:   34359084440 kB
HardwareCorrupted:     0 kB
AnonHugePages:    659456 kB
HugePages_Total:       0
HugePages_Free:        0
HugePages_Rsvd:        0
HugePages_Surp:        0
Hugepagesize:       2048 kB
DirectMap4k:       62976 kB
DirectMap2M:     2977792 kB
DirectMap1G:     5242880 kB


CPU:total 4 (2 cores per cpu, 2 threads per core) family 6 model 69 stepping 1, cmov, cx8, fxsr, mmx, sse, sse2, sse3, ssse3, sse4.1, sse4.2, popcnt, avx, avx2, aes, erms, ht, tsc, tscinvbit

/proc/cpuinfo:
processor	: 0
vendor_id	: GenuineIntel
cpu family	: 6
model		: 69
model name	: Intel(R) Core(TM) i5-4300U CPU @ 1.90GHz
stepping	: 1
microcode	: 0x1c
cpu MHz		: 2600.000
cache size	: 3072 KB
physical id	: 0
siblings	: 4
core id		: 0
cpu cores	: 2
apicid		: 0
initial apicid	: 0
fpu		: yes
fpu_exception	: yes
cpuid level	: 13
wp		: yes
flags		: fpu vme de pse tsc msr pae mce cx8 apic sep mtrr pge mca cmov pat pse36 clflush dts acpi mmx fxsr sse sse2 ss ht tm pbe syscall nx pdpe1gb rdtscp lm constant_tsc arch_perfmon pebs bts rep_good nopl xtopology nonstop_tsc aperfmperf eagerfpu pni pclmulqdq dtes64 monitor ds_cpl vmx smx est tm2 ssse3 fma cx16 xtpr pdcm pcid sse4_1 sse4_2 x2apic movbe popcnt tsc_deadline_timer aes xsave avx f16c rdrand lahf_lm abm ida arat epb xsaveopt pln pts dtherm tpr_shadow vnmi flexpriority ept vpid fsgsbase tsc_adjust bmi1 avx2 smep bmi2 erms invpcid
bogomips	: 4988.31
clflush size	: 64
cache_alignment	: 64
address sizes	: 39 bits physical, 48 bits virtual
power management:

processor	: 1
vendor_id	: GenuineIntel
cpu family	: 6
model		: 69
model name	: Intel(R) Core(TM) i5-4300U CPU @ 1.90GHz
stepping	: 1
microcode	: 0x1c
cpu MHz		: 2600.000
cache size	: 3072 KB
physical id	: 0
siblings	: 4
core id		: 0
cpu cores	: 2
apicid		: 1
initial apicid	: 1
fpu		: yes
fpu_exception	: yes
cpuid level	: 13
wp		: yes
flags		: fpu vme de pse tsc msr pae mce cx8 apic sep mtrr pge mca cmov pat pse36 clflush dts acpi mmx fxsr sse sse2 ss ht tm pbe syscall nx pdpe1gb rdtscp lm constant_tsc arch_perfmon pebs bts rep_good nopl xtopology nonstop_tsc aperfmperf eagerfpu pni pclmulqdq dtes64 monitor ds_cpl vmx smx est tm2 ssse3 fma cx16 xtpr pdcm pcid sse4_1 sse4_2 x2apic movbe popcnt tsc_deadline_timer aes xsave avx f16c rdrand lahf_lm abm ida arat epb xsaveopt pln pts dtherm tpr_shadow vnmi flexpriority ept vpid fsgsbase tsc_adjust bmi1 avx2 smep bmi2 erms invpcid
bogomips	: 4988.31
clflush size	: 64
cache_alignment	: 64
address sizes	: 39 bits physical, 48 bits virtual
power management:

processor	: 2
vendor_id	: GenuineIntel
cpu family	: 6
model		: 69
model name	: Intel(R) Core(TM) i5-4300U CPU @ 1.90GHz
stepping	: 1
microcode	: 0x1c
cpu MHz		: 2804.589
cache size	: 3072 KB
physical id	: 0
siblings	: 4
core id		: 1
cpu cores	: 2
apicid		: 2
initial apicid	: 2
fpu		: yes
fpu_exception	: yes
cpuid level	: 13
wp		: yes
flags		: fpu vme de pse tsc msr pae mce cx8 apic sep mtrr pge mca cmov pat pse36 clflush dts acpi mmx fxsr sse sse2 ss ht tm pbe syscall nx pdpe1gb rdtscp lm constant_tsc arch_perfmon pebs bts rep_good nopl xtopology nonstop_tsc aperfmperf eagerfpu pni pclmulqdq dtes64 monitor ds_cpl vmx smx est tm2 ssse3 fma cx16 xtpr pdcm pcid sse4_1 sse4_2 x2apic movbe popcnt tsc_deadline_timer aes xsave avx f16c rdrand lahf_lm abm ida arat epb xsaveopt pln pts dtherm tpr_shadow vnmi flexpriority ept vpid fsgsbase tsc_adjust bmi1 avx2 smep bmi2 erms invpcid
bogomips	: 4988.31
clflush size	: 64
cache_alignment	: 64
address sizes	: 39 bits physical, 48 bits virtual
power management:

processor	: 3
vendor_id	: GenuineIntel
cpu family	: 6
model		: 69
model name	: Intel(R) Core(TM) i5-4300U CPU @ 1.90GHz
stepping	: 1
microcode	: 0x1c
cpu MHz		: 2770.507
cache size	: 3072 KB
physical id	: 0
siblings	: 4
core id		: 1
cpu cores	: 2
apicid		: 3
initial apicid	: 3
fpu		: yes
fpu_exception	: yes
cpuid level	: 13
wp		: yes
flags		: fpu vme de pse tsc msr pae mce cx8 apic sep mtrr pge mca cmov pat pse36 clflush dts acpi mmx fxsr sse sse2 ss ht tm pbe syscall nx pdpe1gb rdtscp lm constant_tsc arch_perfmon pebs bts rep_good nopl xtopology nonstop_tsc aperfmperf eagerfpu pni pclmulqdq dtes64 monitor ds_cpl vmx smx est tm2 ssse3 fma cx16 xtpr pdcm pcid sse4_1 sse4_2 x2apic movbe popcnt tsc_deadline_timer aes xsave avx f16c rdrand lahf_lm abm ida arat epb xsaveopt pln pts dtherm tpr_shadow vnmi flexpriority ept vpid fsgsbase tsc_adjust bmi1 avx2 smep bmi2 erms invpcid
bogomips	: 4988.31
clflush size	: 64
cache_alignment	: 64
address sizes	: 39 bits physical, 48 bits virtual
power management:



Memory: 4k page, physical 8070928k(5096716k free), swap 7811068k(7811068k free)

vm_info: OpenJDK 64-Bit Server VM (24.79-b02) for linux-amd64 JRE (1.7.0_79-b14), built on Apr 16 2015 08:25:58 by "buildd" with gcc 4.9.1

time: Tue Jun  9 14:02:36 2015
elapsed time: 0 seconds

