#
# A fatal error has been detected by the Java Runtime Environment:
#
#  SIGSEGV (0xb) at pc=0x00007f298baad1db, pid=2803, tid=139817693382400
#
# JRE version: OpenJDK Runtime Environment (7.0_79-b14) (build 1.7.0_79-b14)
# Java VM: OpenJDK 64-Bit Server VM (24.79-b02 mixed mode linux-amd64 compressed oops)
# Derivative: IcedTea 2.5.5
# Distribution: Ubuntu 14.10, package 7u79-2.5.5-0ubuntu0.14.10.2
# Problematic frame:
# C  [libtesseract.so+0x25f1db]  ERRCODE::error(char const*, TessErrorLogCode, char const*, ...) const+0x16b
#
# Failed to write core dump. Core dumps have been disabled. To enable core dumping, try "ulimit -c unlimited" before starting Java again
#
# If you would like to submit a bug report, please include
# instructions on how to reproduce the bug and visit:
#   http://icedtea.classpath.org/bugzilla
# The crash happened outside the Java Virtual Machine in native code.
# See problematic frame for where to report the bug.
#

---------------  T H R E A D  ---------------

Current thread (0x00007f29d000a000):  JavaThread "main" [_thread_in_native, id=2809, stack(0x00007f29d7e28000,0x00007f29d7f29000)]

siginfo:si_signo=SIGSEGV: si_errno=0, si_code=1 (SEGV_MAPERR), si_addr=0x0000000000000000

Registers:
RAX=0x000000000000004e, RBX=0x00007f29d7f25bbd, RCX=0x00007f29d78455bd, RDX=0x00007f29d7b199f0
RSP=0x00007f29d7f25b70, RBP=0x00007f29d7f25b90, RSI=0x000000000000004e, RDI=0x00007f29d7f23340
R8 =0x00007f29d7f28700, R9 =0x61646120656c6966, R10=0x00007f29d7b15be0, R11=0x0000000000000000
R12=0x0000000000000002, R13=0x00007f298bab8277, R14=0x00007f298bd6d7c0, R15=0x00007f29d05490d0
RIP=0x00007f298baad1db, EFLAGS=0x0000000000010246, CSGSFS=0x0000000000000033, ERR=0x0000000000000004
  TRAPNO=0x000000000000000e

Top of Stack: (sp=0x00007f29d7f25b70)
0x00007f29d7f25b70:   0000000000000000 0000003000000030
0x00007f29d7f25b80:   00007f29d7f26080 00007f29d7f25fa0
0x00007f29d7f25b90:   5464657470616441 736574616c706d65
0x00007f29d7f25ba0:   4c4c554e203d2120 413a726f7272453a
0x00007f29d7f25bb0:   6166207472657373 206e693a64656c69
0x00007f29d7f25bc0:   61646120656c6966 2e686374616d7470
0x00007f29d7f25bd0:   6e696c202c707063 00000a3938312065
0x00007f29d7f25be0:   0000000000000000 0000000000000000
0x00007f29d7f25bf0:   0000000000000000 0000000000000000
0x00007f29d7f25c00:   0000000000000000 0000000000000000
0x00007f29d7f25c10:   0000000000000000 0000000000000000
0x00007f29d7f25c20:   0000000000000000 0000000000000000
0x00007f29d7f25c30:   0000000000000000 0000000000000000
0x00007f29d7f25c40:   0000000000000000 0000000000000000
0x00007f29d7f25c50:   0000000000000000 0000000000000000
0x00007f29d7f25c60:   0000000000000000 0000000000000000
0x00007f29d7f25c70:   0000000000000000 0000000000000000
0x00007f29d7f25c80:   0000000000000000 0000000000000000
0x00007f29d7f25c90:   0000000000000000 0000000000000000
0x00007f29d7f25ca0:   0000000000000000 0000000000000000
0x00007f29d7f25cb0:   0000000000000000 0000000000000000
0x00007f29d7f25cc0:   0000000000000000 0000000000000000
0x00007f29d7f25cd0:   0000000000000000 0000000000000000
0x00007f29d7f25ce0:   0000000000000000 0000000000000000
0x00007f29d7f25cf0:   0000000000000000 0000000000000000
0x00007f29d7f25d00:   0000000000000000 0000000000000000
0x00007f29d7f25d10:   0000000000000000 0000000000000000
0x00007f29d7f25d20:   0000000000000000 0000000000000000
0x00007f29d7f25d30:   0000000000000000 0000000000000000
0x00007f29d7f25d40:   0000000000000000 0000000000000000
0x00007f29d7f25d50:   0000000000000000 0000000000000000
0x00007f29d7f25d60:   0000000000000000 0000000000000000 

Instructions: (pc=0x00007f298baad1db)
0x00007f298baad1bb:   be 01 00 00 00 48 8b 38 31 c0 e8 c6 91 e3 ff 41
0x00007f298baad1cb:   83 fc ff 7c 18 45 85 e4 7e 2f 41 83 fc 02 7f 0d
0x00007f298baad1db:   8b 04 25 00 00 00 00 0f 0b 0f 1f 40 00 48 8d 35
0x00007f298baad1eb:   d1 b0 01 00 48 8d 3d 92 26 50 00 31 c9 ba 02 00 

Register to memory mapping:

RAX=0x000000000000004e is an unknown value
RBX=0x00007f29d7f25bbd is pointing into the stack for thread: 0x00007f29d000a000
RCX=0x00007f29d78455bd: __write+0x2d in /lib/x86_64-linux-gnu/libc.so.6 at 0x00007f29d775a000
RDX=0x00007f29d7b199f0: <offset 0x3bf9f0> in /lib/x86_64-linux-gnu/libc.so.6 at 0x00007f29d775a000
RSP=0x00007f29d7f25b70 is pointing into the stack for thread: 0x00007f29d000a000
RBP=0x00007f29d7f25b90 is pointing into the stack for thread: 0x00007f29d000a000
RSI=0x000000000000004e is an unknown value
RDI=0x00007f29d7f23340 is pointing into the stack for thread: 0x00007f29d000a000
R8 =0x00007f29d7f28700 is pointing into the stack for thread: 0x00007f29d000a000
R9 =0x61646120656c6966 is an unknown value
R10=0x00007f29d7b15be0: <offset 0x3bbbe0> in /lib/x86_64-linux-gnu/libc.so.6 at 0x00007f29d775a000
R11=0x0000000000000000 is an unknown value
R12=0x0000000000000002 is an unknown value
R13=0x00007f298bab8277: <offset 0x26a277> in /usr/local/lib/libtesseract.so at 0x00007f298b84e000
R14=0x00007f298bd6d7c0: <offset 0x51f7c0> in /usr/local/lib/libtesseract.so at 0x00007f298b84e000
R15=0x00007f29d05490d0 is an unknown value


Stack: [0x00007f29d7e28000,0x00007f29d7f29000],  sp=0x00007f29d7f25b70,  free space=1014k
Native frames: (J=compiled Java code, j=interpreted, Vv=VM code, C=native code)
C  [libtesseract.so+0x25f1db]  ERRCODE::error(char const*, TessErrorLogCode, char const*, ...) const+0x16b

Java frames: (J=compiled Java code, j=interpreted, Vv=VM code)
j  com.sun.jna.Native.invokePointer(JI[Ljava/lang/Object;)J+0
j  com.sun.jna.Function.invokePointer(I[Ljava/lang/Object;)Lcom/sun/jna/Pointer;+6
j  com.sun.jna.Function.invoke([Ljava/lang/Object;Ljava/lang/Class;Z)Ljava/lang/Object;+426
j  com.sun.jna.Function.invoke(Ljava/lang/Class;[Ljava/lang/Object;Ljava/util/Map;)Ljava/lang/Object;+262
j  com.sun.jna.Library$Handler.invoke(Ljava/lang/Object;Ljava/lang/reflect/Method;[Ljava/lang/Object;)Ljava/lang/Object;+316
j  com.sun.proxy.$Proxy0.TessBaseAPIGetUTF8Text(Lnet/sourceforge/tess4j/ITessAPI$TessBaseAPI;)Lcom/sun/jna/Pointer;+16
j  net.sourceforge.tess4j.Tesseract.getOCRText(Ljava/lang/String;I)Ljava/lang/String;+62
j  net.sourceforge.tess4j.Tesseract.doOCR(Ljava/util/List;Ljava/lang/String;Ljava/awt/Rectangle;)Ljava/lang/String;+69
j  net.sourceforge.tess4j.Tesseract.doOCR(Ljava/io/File;Ljava/awt/Rectangle;)Ljava/lang/String;+10
j  net.sourceforge.tess4j.Tesseract.doOCR(Ljava/io/File;)Ljava/lang/String;+3
j  OCREngine.doOCR(Ljava/io/File;)Ljava/lang/String;+5
j  Main.main([Ljava/lang/String;)V+23
v  ~StubRoutines::call_stub

---------------  P R O C E S S  ---------------

Java Threads: ( => current thread )
  0x00007f29d0197000 JavaThread "Java2D Disposer" daemon [_thread_blocked, id=2822, stack(0x00007f29b08a2000,0x00007f29b09a3000)]
  0x00007f29d00af000 JavaThread "Service Thread" daemon [_thread_blocked, id=2820, stack(0x00007f29c6a0f000,0x00007f29c6b10000)]
  0x00007f29d00ad000 JavaThread "C2 CompilerThread1" daemon [_thread_blocked, id=2819, stack(0x00007f29c6b10000,0x00007f29c6c11000)]
  0x00007f29d00aa000 JavaThread "C2 CompilerThread0" daemon [_thread_blocked, id=2818, stack(0x00007f29c6c11000,0x00007f29c6d12000)]
  0x00007f29d00a7800 JavaThread "Signal Dispatcher" daemon [_thread_blocked, id=2817, stack(0x00007f29c6d12000,0x00007f29c6e13000)]
  0x00007f29d007c800 JavaThread "Finalizer" daemon [_thread_blocked, id=2816, stack(0x00007f29c74f5000,0x00007f29c75f6000)]
  0x00007f29d007a000 JavaThread "Reference Handler" daemon [_thread_blocked, id=2815, stack(0x00007f29c75f6000,0x00007f29c76f7000)]
=>0x00007f29d000a000 JavaThread "main" [_thread_in_native, id=2809, stack(0x00007f29d7e28000,0x00007f29d7f29000)]

Other Threads:
  0x00007f29d0075800 VMThread [stack: 0x00007f29c76f7000,0x00007f29c77f8000] [id=2814]
  0x00007f29d00ba000 WatcherThread [stack: 0x00007f29c690e000,0x00007f29c6a0f000] [id=2821]

VM state:not at safepoint (normal execution)

VM Mutex/Monitor currently owned by a thread: None

Heap
 PSYoungGen      total 37376K, used 14205K [0x00000007d6e80000, 0x00000007d9800000, 0x0000000800000000)
  eden space 32256K, 44% used [0x00000007d6e80000,0x00000007d7c5f7e0,0x00000007d8e00000)
  from space 5120K, 0% used [0x00000007d9300000,0x00000007d9300000,0x00000007d9800000)
  to   space 5120K, 0% used [0x00000007d8e00000,0x00000007d8e00000,0x00000007d9300000)
 ParOldGen       total 83968K, used 0K [0x0000000784c00000, 0x0000000789e00000, 0x00000007d6e80000)
  object space 83968K, 0% used [0x0000000784c00000,0x0000000784c00000,0x0000000789e00000)
 PSPermGen       total 21504K, used 7742K [0x000000077a600000, 0x000000077bb00000, 0x0000000784c00000)
  object space 21504K, 36% used [0x000000077a600000,0x000000077ad8fac0,0x000000077bb00000)

Card table byte_map: [0x00007f29d45f8000,0x00007f29d4a26000] byte_map_base: 0x00007f29d0a25000

Polling page: 0x00007f29d7f4b000

Code Cache  [0x00007f29cd000000, 0x00007f29cd270000, 0x00007f29d0000000)
 total_blobs=312 nmethods=37 adapters=228 free_code_cache=48633Kb largest_free_block=49775232

Compilation events (10 events):
Event: 0.454 Thread 0x00007f29d00ad000 nmethod 32% 0x00007f29cd080a50 code [0x00007f29cd080c00, 0x00007f29cd0814d8]
Event: 0.473 Thread 0x00007f29d00ad000   34             java.lang.AbstractStringBuilder::append (48 bytes)
Event: 0.478 Thread 0x00007f29d00ad000 nmethod 34 0x00007f29cd081e50 code [0x00007f29cd081fc0, 0x00007f29cd082398]
Event: 0.478 Thread 0x00007f29d00ad000   35             java.lang.String::getChars (62 bytes)
Event: 0.480 Thread 0x00007f29d00ad000 nmethod 35 0x00007f29cd07d910 code [0x00007f29cd07da60, 0x00007f29cd07db98]
Event: 0.485 Thread 0x00007f29d00aa000 nmethod 33 0x00007f29cd085810 code [0x00007f29cd0859e0, 0x00007f29cd0873b8]
Event: 0.493 Thread 0x00007f29d00ad000   36             java.lang.StringBuilder::append (8 bytes)
Event: 0.494 Thread 0x00007f29d00aa000   37             java.util.Arrays::copyOfRange (63 bytes)
Event: 0.497 Thread 0x00007f29d00aa000 nmethod 37 0x00007f29cd079f90 code [0x00007f29cd07a0e0, 0x00007f29cd07a2f8]
Event: 0.498 Thread 0x00007f29d00ad000 nmethod 36 0x00007f29cd083410 code [0x00007f29cd083580, 0x00007f29cd083958]

GC Heap History (0 events):
No events

Deoptimization events (5 events):
Event: 0.347 Thread 0x00007f29d000a000 Uncommon trap: reason=bimorphic action=maybe_recompile pc=0x00007f29cd073984 method=java.util.HashMap.getEntry(Ljava/lang/Object;)Ljava/util/HashMap$Entry; @ 68
Event: 0.348 Thread 0x00007f29d000a000 Uncommon trap: reason=bimorphic action=maybe_recompile pc=0x00007f29cd073984 method=java.util.HashMap.getEntry(Ljava/lang/Object;)Ljava/util/HashMap$Entry; @ 68
Event: 0.349 Thread 0x00007f29d000a000 Uncommon trap: reason=bimorphic action=maybe_recompile pc=0x00007f29cd073984 method=java.util.HashMap.getEntry(Ljava/lang/Object;)Ljava/util/HashMap$Entry; @ 68
Event: 0.350 Thread 0x00007f29d000a000 Uncommon trap: reason=bimorphic action=maybe_recompile pc=0x00007f29cd073984 method=java.util.HashMap.getEntry(Ljava/lang/Object;)Ljava/util/HashMap$Entry; @ 68
Event: 0.350 Thread 0x00007f29d000a000 Uncommon trap: reason=bimorphic action=maybe_recompile pc=0x00007f29cd078be4 method=java.util.HashMap.getEntry(Ljava/lang/Object;)Ljava/util/HashMap$Entry; @ 68

Internal exceptions (10 events):
Event: 0.496 Thread 0x00007f29d000a000 Threw 0x00000007d7bb98e0 at /build/buildd/openjdk-7-7u79-2.5.5/build/openjdk/hotspot/src/share/vm/prims/jvm.cpp:1284
Event: 0.496 Thread 0x00007f29d000a000 Threw 0x00000007d7bbf458 at /build/buildd/openjdk-7-7u79-2.5.5/build/openjdk/hotspot/src/share/vm/prims/jvm.cpp:1284
Event: 0.497 Thread 0x00007f29d000a000 Threw 0x00000007d7bc4808 at /build/buildd/openjdk-7-7u79-2.5.5/build/openjdk/hotspot/src/share/vm/prims/jvm.cpp:1284
Event: 0.498 Thread 0x00007f29d000a000 Threw 0x00000007d7bcaeb8 at /build/buildd/openjdk-7-7u79-2.5.5/build/openjdk/hotspot/src/share/vm/prims/jvm.cpp:1284
Event: 0.498 Thread 0x00007f29d000a000 Threw 0x00000007d7bd0460 at /build/buildd/openjdk-7-7u79-2.5.5/build/openjdk/hotspot/src/share/vm/prims/jvm.cpp:1284
Event: 0.498 Thread 0x00007f29d000a000 Threw 0x00000007d7bd59f8 at /build/buildd/openjdk-7-7u79-2.5.5/build/openjdk/hotspot/src/share/vm/prims/jvm.cpp:1284
Event: 0.499 Thread 0x00007f29d000a000 Threw 0x00000007d7bdae10 at /build/buildd/openjdk-7-7u79-2.5.5/build/openjdk/hotspot/src/share/vm/prims/jvm.cpp:1284
Event: 0.499 Thread 0x00007f29d000a000 Threw 0x00000007d7be02a8 at /build/buildd/openjdk-7-7u79-2.5.5/build/openjdk/hotspot/src/share/vm/prims/jvm.cpp:1284
Event: 0.499 Thread 0x00007f29d000a000 Threw 0x00000007d7be5708 at /build/buildd/openjdk-7-7u79-2.5.5/build/openjdk/hotspot/src/share/vm/prims/jvm.cpp:1284
Event: 0.505 Thread 0x00007f29d000a000 Threw 0x00000007d7c40dc8 at /build/buildd/openjdk-7-7u79-2.5.5/build/openjdk/hotspot/src/share/vm/prims/jvm.cpp:1284

Events (10 events):
Event: 0.502 loading class 0x00007f29d018bdc0
Event: 0.502 loading class 0x00007f29d018bdc0 done
Event: 0.502 loading class 0x00007f29d017dc70
Event: 0.502 loading class 0x00007f29d017dc70 done
Event: 0.502 loading class 0x00007f299407ac10
Event: 0.502 loading class 0x00007f299407ac10 done
Event: 0.505 loading class 0x00007f29d0011700
Event: 0.505 loading class 0x00007f29d0011700 done
Event: 0.505 loading class 0x00007f29d0236ff0
Event: 0.505 loading class 0x00007f29d0236ff0 done


Dynamic libraries:
00400000-00401000 r-xp 00000000 08:05 298468                             /usr/lib/jvm/java-7-openjdk-amd64/jre/bin/java
00600000-00601000 r--p 00000000 08:05 298468                             /usr/lib/jvm/java-7-openjdk-amd64/jre/bin/java
00601000-00602000 rw-p 00001000 08:05 298468                             /usr/lib/jvm/java-7-openjdk-amd64/jre/bin/java
01f35000-01f56000 rw-p 00000000 00:00 0                                  [heap]
77a600000-77bb00000 rw-p 00000000 00:00 0 
77bb00000-784c00000 rw-p 00000000 00:00 0 
784c00000-789e00000 rw-p 00000000 00:00 0 
789e00000-7d6e80000 rw-p 00000000 00:00 0 
7d6e80000-7d9800000 rw-p 00000000 00:00 0 
7d9800000-800000000 rw-p 00000000 00:00 0 
7f298ab28000-7f298ab3f000 r-xp 00000000 08:05 298523                     /usr/lib/jvm/java-7-openjdk-amd64/jre/lib/amd64/libnet.so
7f298ab3f000-7f298ad3e000 ---p 00017000 08:05 298523                     /usr/lib/jvm/java-7-openjdk-amd64/jre/lib/amd64/libnet.so
7f298ad3e000-7f298ad3f000 r--p 00016000 08:05 298523                     /usr/lib/jvm/java-7-openjdk-amd64/jre/lib/amd64/libnet.so
7f298ad3f000-7f298ad40000 rw-p 00017000 08:05 298523                     /usr/lib/jvm/java-7-openjdk-amd64/jre/lib/amd64/libnet.so
7f298ad40000-7f298ad51000 r-xp 00000000 08:05 298494                     /usr/lib/jvm/java-7-openjdk-amd64/jre/lib/amd64/libnio.so
7f298ad51000-7f298af50000 ---p 00011000 08:05 298494                     /usr/lib/jvm/java-7-openjdk-amd64/jre/lib/amd64/libnio.so
7f298af50000-7f298af51000 r--p 00010000 08:05 298494                     /usr/lib/jvm/java-7-openjdk-amd64/jre/lib/amd64/libnio.so
7f298af51000-7f298af52000 rw-p 00011000 08:05 298494                     /usr/lib/jvm/java-7-openjdk-amd64/jre/lib/amd64/libnio.so
7f298af52000-7f298af5d000 r-xp 00000000 08:05 275200                     /usr/lib/x86_64-linux-gnu/libjbig.so.0
7f298af5d000-7f298b15c000 ---p 0000b000 08:05 275200                     /usr/lib/x86_64-linux-gnu/libjbig.so.0
7f298b15c000-7f298b15d000 r--p 0000a000 08:05 275200                     /usr/lib/x86_64-linux-gnu/libjbig.so.0
7f298b15d000-7f298b160000 rw-p 0000b000 08:05 275200                     /usr/lib/x86_64-linux-gnu/libjbig.so.0
7f298b160000-7f298b181000 r-xp 00000000 08:05 5508                       /lib/x86_64-linux-gnu/liblzma.so.5.0.0
7f298b181000-7f298b380000 ---p 00021000 08:05 5508                       /lib/x86_64-linux-gnu/liblzma.so.5.0.0
7f298b380000-7f298b381000 r--p 00020000 08:05 5508                       /lib/x86_64-linux-gnu/liblzma.so.5.0.0
7f298b381000-7f298b382000 rw-p 00021000 08:05 5508                       /lib/x86_64-linux-gnu/liblzma.so.5.0.0
7f298b382000-7f298b3d8000 r-xp 00000000 08:05 275649                     /usr/lib/x86_64-linux-gnu/libwebp.so.5.0.1
7f298b3d8000-7f298b5d7000 ---p 00056000 08:05 275649                     /usr/lib/x86_64-linux-gnu/libwebp.so.5.0.1
7f298b5d7000-7f298b5d8000 r--p 00055000 08:05 275649                     /usr/lib/x86_64-linux-gnu/libwebp.so.5.0.1
7f298b5d8000-7f298b5da000 rw-p 00056000 08:05 275649                     /usr/lib/x86_64-linux-gnu/libwebp.so.5.0.1
7f298b5da000-7f298b64a000 r-xp 00000000 08:05 282436                     /usr/lib/x86_64-linux-gnu/libtiff.so.5.2.0
7f298b64a000-7f298b849000 ---p 00070000 08:05 282436                     /usr/lib/x86_64-linux-gnu/libtiff.so.5.2.0
7f298b849000-7f298b84b000 r--p 0006f000 08:05 282436                     /usr/lib/x86_64-linux-gnu/libtiff.so.5.2.0
7f298b84b000-7f298b84e000 rw-p 00071000 08:05 282436                     /usr/lib/x86_64-linux-gnu/libtiff.so.5.2.0
7f298b84e000-7f298bb5d000 r-xp 00000000 08:05 310073                     /usr/local/lib/libtesseract.so.3.0.4
7f298bb5d000-7f298bd5c000 ---p 0030f000 08:05 310073                     /usr/local/lib/libtesseract.so.3.0.4
7f298bd5c000-7f298bd62000 r--p 0030e000 08:05 310073                     /usr/local/lib/libtesseract.so.3.0.4
7f298bd62000-7f298bd6a000 rw-p 00314000 08:05 310073                     /usr/local/lib/libtesseract.so.3.0.4
7f298bd6a000-7f298c000000 rw-p 00000000 00:00 0 
7f298c000000-7f298c021000 rw-p 00000000 00:00 0 
7f298c021000-7f2990000000 ---p 00000000 00:00 0 
7f2990000000-7f2990021000 rw-p 00000000 00:00 0 
7f2990021000-7f2994000000 ---p 00000000 00:00 0 
7f2994000000-7f2994205000 rw-p 00000000 00:00 0 
7f2994205000-7f2998000000 ---p 00000000 00:00 0 
7f2998000000-7f2998021000 rw-p 00000000 00:00 0 
7f2998021000-7f299c000000 ---p 00000000 00:00 0 
7f299c000000-7f299c021000 rw-p 00000000 00:00 0 
7f299c021000-7f29a0000000 ---p 00000000 00:00 0 
7f29a0000000-7f29a036f000 rw-p 00000000 00:00 0 
7f29a036f000-7f29a4000000 ---p 00000000 00:00 0 
7f29a4000000-7f29a4021000 rw-p 00000000 00:00 0 
7f29a4021000-7f29a8000000 ---p 00000000 00:00 0 
7f29a8000000-7f29a8021000 rw-p 00000000 00:00 0 
7f29a8021000-7f29ac000000 ---p 00000000 00:00 0 
7f29ac000000-7f29ac021000 rw-p 00000000 00:00 0 
7f29ac021000-7f29b0000000 ---p 00000000 00:00 0 
7f29b0175000-7f29b017d000 r-xp 00000000 08:05 298656                     /usr/lib/x86_64-linux-gnu/libgif.so.4.1.6
7f29b017d000-7f29b037c000 ---p 00008000 08:05 298656                     /usr/lib/x86_64-linux-gnu/libgif.so.4.1.6
7f29b037c000-7f29b037d000 r--p 00007000 08:05 298656                     /usr/lib/x86_64-linux-gnu/libgif.so.4.1.6
7f29b037d000-7f29b037e000 rw-p 00008000 08:05 298656                     /usr/lib/x86_64-linux-gnu/libgif.so.4.1.6
7f29b037e000-7f29b0583000 r-xp 00000000 08:05 310004                     /usr/lib/liblept.so.4.0.2
7f29b0583000-7f29b0783000 ---p 00205000 08:05 310004                     /usr/lib/liblept.so.4.0.2
7f29b0783000-7f29b0784000 r--p 00205000 08:05 310004                     /usr/lib/liblept.so.4.0.2
7f29b0784000-7f29b078a000 rw-p 00206000 08:05 310004                     /usr/lib/liblept.so.4.0.2
7f29b078a000-7f29b07a1000 r-xp 00000000 08:05 35008                      /tmp/jna-105408/jna3719587892282558698.tmp (deleted)
7f29b07a1000-7f29b08a0000 ---p 00017000 08:05 35008                      /tmp/jna-105408/jna3719587892282558698.tmp (deleted)
7f29b08a0000-7f29b08a2000 rw-p 00016000 08:05 35008                      /tmp/jna-105408/jna3719587892282558698.tmp (deleted)
7f29b08a2000-7f29b08a5000 ---p 00000000 00:00 0 
7f29b08a5000-7f29b09a3000 rw-p 00000000 00:00 0                          [stack:2822]
7f29b09a3000-7f29b09e6000 r-xp 00000000 08:05 275202                     /usr/lib/x86_64-linux-gnu/libjpeg.so.8.0.2
7f29b09e6000-7f29b0be6000 ---p 00043000 08:05 275202                     /usr/lib/x86_64-linux-gnu/libjpeg.so.8.0.2
7f29b0be6000-7f29b0be7000 r--p 00043000 08:05 275202                     /usr/lib/x86_64-linux-gnu/libjpeg.so.8.0.2
7f29b0be7000-7f29b0be8000 rw-p 00044000 08:05 275202                     /usr/lib/x86_64-linux-gnu/libjpeg.so.8.0.2
7f29b0be8000-7f29b0bf8000 rw-p 00000000 00:00 0 
7f29b0bf8000-7f29b0c02000 r-xp 00000000 08:05 298497                     /usr/lib/jvm/java-7-openjdk-amd64/jre/lib/amd64/libjavajpeg.so
7f29b0c02000-7f29b0e01000 ---p 0000a000 08:05 298497                     /usr/lib/jvm/java-7-openjdk-amd64/jre/lib/amd64/libjavajpeg.so
7f29b0e01000-7f29b0e02000 r--p 00009000 08:05 298497                     /usr/lib/jvm/java-7-openjdk-amd64/jre/lib/amd64/libjavajpeg.so
7f29b0e02000-7f29b0e03000 rw-p 0000a000 08:05 298497                     /usr/lib/jvm/java-7-openjdk-amd64/jre/lib/amd64/libjavajpeg.so
7f29b0e03000-7f29b0e06000 r-xp 00000000 08:05 5504                       /lib/x86_64-linux-gnu/libkeyutils.so.1.5
7f29b0e06000-7f29b1005000 ---p 00003000 08:05 5504                       /lib/x86_64-linux-gnu/libkeyutils.so.1.5
7f29b1005000-7f29b1006000 r--p 00002000 08:05 5504                       /lib/x86_64-linux-gnu/libkeyutils.so.1.5
7f29b1006000-7f29b1007000 rw-p 00003000 08:05 5504                       /lib/x86_64-linux-gnu/libkeyutils.so.1.5
7f29b1007000-7f29b1073000 r-xp 00000000 08:05 5568                       /lib/x86_64-linux-gnu/libpcre.so.3.13.1
7f29b1073000-7f29b1272000 ---p 0006c000 08:05 5568                       /lib/x86_64-linux-gnu/libpcre.so.3.13.1
7f29b1272000-7f29b1273000 r--p 0006b000 08:05 5568                       /lib/x86_64-linux-gnu/libpcre.so.3.13.1
7f29b1273000-7f29b1274000 rw-p 0006c000 08:05 5568                       /lib/x86_64-linux-gnu/libpcre.so.3.13.1
7f29b1274000-7f29b1299000 r-xp 00000000 08:05 5580                       /lib/x86_64-linux-gnu/libpng12.so.0.51.0
7f29b1299000-7f29b1498000 ---p 00025000 08:05 5580                       /lib/x86_64-linux-gnu/libpng12.so.0.51.0
7f29b1498000-7f29b1499000 r--p 00024000 08:05 5580                       /lib/x86_64-linux-gnu/libpng12.so.0.51.0
7f29b1499000-7f29b149a000 rw-p 00025000 08:05 5580                       /lib/x86_64-linux-gnu/libpng12.so.0.51.0
7f29b149a000-7f29b14e0000 r-xp 00000000 08:05 20376                      /lib/x86_64-linux-gnu/libdbus-1.so.3.8.7
7f29b14e0000-7f29b16df000 ---p 00046000 08:05 20376                      /lib/x86_64-linux-gnu/libdbus-1.so.3.8.7
7f29b16df000-7f29b16e1000 r--p 00045000 08:05 20376                      /lib/x86_64-linux-gnu/libdbus-1.so.3.8.7
7f29b16e1000-7f29b16e2000 rw-p 00047000 08:05 20376                      /lib/x86_64-linux-gnu/libdbus-1.so.3.8.7
7f29b16e2000-7f29b1760000 r-xp 00000000 08:05 274990                     /usr/lib/x86_64-linux-gnu/libgmp.so.10.2.0
7f29b1760000-7f29b1960000 ---p 0007e000 08:05 274990                     /usr/lib/x86_64-linux-gnu/libgmp.so.10.2.0
7f29b1960000-7f29b1961000 r--p 0007e000 08:05 274990                     /usr/lib/x86_64-linux-gnu/libgmp.so.10.2.0
7f29b1961000-7f29b1962000 rw-p 0007f000 08:05 274990                     /usr/lib/x86_64-linux-gnu/libgmp.so.10.2.0
7f29b1962000-7f29b198e000 r-xp 00000000 08:05 275147                     /usr/lib/x86_64-linux-gnu/libhogweed.so.2.5
7f29b198e000-7f29b1b8e000 ---p 0002c000 08:05 275147                     /usr/lib/x86_64-linux-gnu/libhogweed.so.2.5
7f29b1b8e000-7f29b1b8f000 r--p 0002c000 08:05 275147                     /usr/lib/x86_64-linux-gnu/libhogweed.so.2.5
7f29b1b8f000-7f29b1b90000 rw-p 0002d000 08:05 275147                     /usr/lib/x86_64-linux-gnu/libhogweed.so.2.5
7f29b1b90000-7f29b1bbf000 r-xp 00000000 08:05 275284                     /usr/lib/x86_64-linux-gnu/libnettle.so.4.7
7f29b1bbf000-7f29b1dbf000 ---p 0002f000 08:05 275284                     /usr/lib/x86_64-linux-gnu/libnettle.so.4.7
7f29b1dbf000-7f29b1dc0000 r--p 0002f000 08:05 275284                     /usr/lib/x86_64-linux-gnu/libnettle.so.4.7
7f29b1dc0000-7f29b1dc1000 rw-p 00030000 08:05 275284                     /usr/lib/x86_64-linux-gnu/libnettle.so.4.7
7f29b1dc1000-7f29b1dd2000 r-xp 00000000 08:05 268069                     /usr/lib/x86_64-linux-gnu/libtasn1.so.6.3.0
7f29b1dd2000-7f29b1fd2000 ---p 00011000 08:05 268069                     /usr/lib/x86_64-linux-gnu/libtasn1.so.6.3.0
7f29b1fd2000-7f29b1fd3000 r--p 00011000 08:05 268069                     /usr/lib/x86_64-linux-gnu/libtasn1.so.6.3.0
7f29b1fd3000-7f29b1fd4000 rw-p 00012000 08:05 268069                     /usr/lib/x86_64-linux-gnu/libtasn1.so.6.3.0
7f29b1fd4000-7f29b200f000 r-xp 00000000 08:05 275334                     /usr/lib/x86_64-linux-gnu/libp11-kit.so.0.0.0
7f29b200f000-7f29b220e000 ---p 0003b000 08:05 275334                     /usr/lib/x86_64-linux-gnu/libp11-kit.so.0.0.0
7f29b220e000-7f29b2214000 r--p 0003a000 08:05 275334                     /usr/lib/x86_64-linux-gnu/libp11-kit.so.0.0.0
7f29b2214000-7f29b2216000 rw-p 00040000 08:05 275334                     /usr/lib/x86_64-linux-gnu/libp11-kit.so.0.0.0
7f29b2216000-7f29b2220000 r-xp 00000000 08:05 274434                     /usr/lib/x86_64-linux-gnu/libkrb5support.so.0.1
7f29b2220000-7f29b241f000 ---p 0000a000 08:05 274434                     /usr/lib/x86_64-linux-gnu/libkrb5support.so.0.1
7f29b241f000-7f29b2420000 r--p 00009000 08:05 274434                     /usr/lib/x86_64-linux-gnu/libkrb5support.so.0.1
7f29b2420000-7f29b2421000 rw-p 0000a000 08:05 274434                     /usr/lib/x86_64-linux-gnu/libkrb5support.so.0.1
7f29b2421000-7f29b2424000 r-xp 00000000 08:05 19397                      /lib/x86_64-linux-gnu/libcom_err.so.2.1
7f29b2424000-7f29b2623000 ---p 00003000 08:05 19397                      /lib/x86_64-linux-gnu/libcom_err.so.2.1
7f29b2623000-7f29b2624000 r--p 00002000 08:05 19397                      /lib/x86_64-linux-gnu/libcom_err.so.2.1
7f29b2624000-7f29b2625000 rw-p 00003000 08:05 19397                      /lib/x86_64-linux-gnu/libcom_err.so.2.1
7f29b2625000-7f29b2652000 r-xp 00000000 08:05 274437                     /usr/lib/x86_64-linux-gnu/libk5crypto.so.3.1
7f29b2652000-7f29b2851000 ---p 0002d000 08:05 274437                     /usr/lib/x86_64-linux-gnu/libk5crypto.so.3.1
7f29b2851000-7f29b2853000 r--p 0002c000 08:05 274437                     /usr/lib/x86_64-linux-gnu/libk5crypto.so.3.1
7f29b2853000-7f29b2854000 rw-p 0002e000 08:05 274437                     /usr/lib/x86_64-linux-gnu/libk5crypto.so.3.1
7f29b2854000-7f29b2855000 rw-p 00000000 00:00 0 
7f29b2855000-7f29b2915000 r-xp 00000000 08:05 274432                     /usr/lib/x86_64-linux-gnu/libkrb5.so.3.3
7f29b2915000-7f29b2b15000 ---p 000c0000 08:05 274432                     /usr/lib/x86_64-linux-gnu/libkrb5.so.3.3
7f29b2b15000-7f29b2b22000 r--p 000c0000 08:05 274432                     /usr/lib/x86_64-linux-gnu/libkrb5.so.3.3
7f29b2b22000-7f29b2b24000 rw-p 000cd000 08:05 274432                     /usr/lib/x86_64-linux-gnu/libkrb5.so.3.3
7f29b2b24000-7f29b2b29000 r-xp 00000000 08:05 274588                     /usr/lib/x86_64-linux-gnu/libXdmcp.so.6.0.0
7f29b2b29000-7f29b2d28000 ---p 00005000 08:05 274588                     /usr/lib/x86_64-linux-gnu/libXdmcp.so.6.0.0
7f29b2d28000-7f29b2d29000 r--p 00004000 08:05 274588                     /usr/lib/x86_64-linux-gnu/libXdmcp.so.6.0.0
7f29b2d29000-7f29b2d2a000 rw-p 00005000 08:05 274588                     /usr/lib/x86_64-linux-gnu/libXdmcp.so.6.0.0
7f29b2d2a000-7f29b2d2c000 r-xp 00000000 08:05 274577                     /usr/lib/x86_64-linux-gnu/libXau.so.6.0.0
7f29b2d2c000-7f29b2f2c000 ---p 00002000 08:05 274577                     /usr/lib/x86_64-linux-gnu/libXau.so.6.0.0
7f29b2f2c000-7f29b2f2d000 r--p 00002000 08:05 274577                     /usr/lib/x86_64-linux-gnu/libXau.so.6.0.0
7f29b2f2d000-7f29b2f2e000 rw-p 00003000 08:05 274577                     /usr/lib/x86_64-linux-gnu/libXau.so.6.0.0
7f29b2f2e000-7f29b2f35000 r-xp 00000000 08:05 274877                     /usr/lib/x86_64-linux-gnu/libffi.so.6.0.2
7f29b2f35000-7f29b3134000 ---p 00007000 08:05 274877                     /usr/lib/x86_64-linux-gnu/libffi.so.6.0.2
7f29b3134000-7f29b3135000 r--p 00006000 08:05 274877                     /usr/lib/x86_64-linux-gnu/libffi.so.6.0.2
7f29b3135000-7f29b3136000 rw-p 00007000 08:05 274877                     /usr/lib/x86_64-linux-gnu/libffi.so.6.0.2
7f29b3136000-7f29b314d000 r-xp 00000000 08:05 19311                      /lib/x86_64-linux-gnu/libresolv-2.19.so
7f29b314d000-7f29b334d000 ---p 00017000 08:05 19311                      /lib/x86_64-linux-gnu/libresolv-2.19.so
7f29b334d000-7f29b334e000 r--p 00017000 08:05 19311                      /lib/x86_64-linux-gnu/libresolv-2.19.so
7f29b334e000-7f29b334f000 rw-p 00018000 08:05 19311                      /lib/x86_64-linux-gnu/libresolv-2.19.so
7f29b334f000-7f29b3351000 rw-p 00000000 00:00 0 
7f29b3351000-7f29b3372000 r-xp 00000000 08:05 5595                       /lib/x86_64-linux-gnu/libselinux.so.1
7f29b3372000-7f29b3571000 ---p 00021000 08:05 5595                       /lib/x86_64-linux-gnu/libselinux.so.1
7f29b3571000-7f29b3572000 r--p 00020000 08:05 5595                       /lib/x86_64-linux-gnu/libselinux.so.1
7f29b3572000-7f29b3573000 rw-p 00021000 08:05 5595                       /lib/x86_64-linux-gnu/libselinux.so.1
7f29b3573000-7f29b3575000 rw-p 00000000 00:00 0 
7f29b3575000-7f29b3681000 r-xp 00000000 08:05 5294                       /lib/x86_64-linux-gnu/libglib-2.0.so.0.4200.1
7f29b3681000-7f29b3881000 ---p 0010c000 08:05 5294                       /lib/x86_64-linux-gnu/libglib-2.0.so.0.4200.1
7f29b3881000-7f29b3882000 r--p 0010c000 08:05 5294                       /lib/x86_64-linux-gnu/libglib-2.0.so.0.4200.1
7f29b3882000-7f29b3883000 rw-p 0010d000 08:05 5294                       /lib/x86_64-linux-gnu/libglib-2.0.so.0.4200.1
7f29b3883000-7f29b3884000 rw-p 00000000 00:00 0 
7f29b3884000-7f29b3887000 r-xp 00000000 08:05 268184                     /usr/lib/x86_64-linux-gnu/libgmodule-2.0.so.0.4200.1
7f29b3887000-7f29b3a86000 ---p 00003000 08:05 268184                     /usr/lib/x86_64-linux-gnu/libgmodule-2.0.so.0.4200.1
7f29b3a86000-7f29b3a87000 r--p 00002000 08:05 268184                     /usr/lib/x86_64-linux-gnu/libgmodule-2.0.so.0.4200.1
7f29b3a87000-7f29b3a88000 rw-p 00003000 08:05 268184                     /usr/lib/x86_64-linux-gnu/libgmodule-2.0.so.0.4200.1
7f29b3a88000-7f29b3b2a000 r-xp 00000000 08:05 267920                     /usr/lib/x86_64-linux-gnu/libfreetype.so.6.11.1
7f29b3b2a000-7f29b3d29000 ---p 000a2000 08:05 267920                     /usr/lib/x86_64-linux-gnu/libfreetype.so.6.11.1
7f29b3d29000-7f29b3d2f000 r--p 000a1000 08:05 267920                     /usr/lib/x86_64-linux-gnu/libfreetype.so.6.11.1
7f29b3d2f000-7f29b3d30000 rw-p 000a7000 08:05 267920                     /usr/lib/x86_64-linux-gnu/libfreetype.so.6.11.1
7f29b3d30000-7f29b8000000 rw-p 00000000 00:00 0 
7f29b8000000-7f29b8021000 rw-p 00000000 00:00 0 
7f29b8021000-7f29bc000000 ---p 00000000 00:00 0 
7f29bc000000-7f29bc021000 rw-p 00000000 00:00 0 
7f29bc021000-7f29c0000000 ---p 00000000 00:00 0 
7f29c0000000-7f29c0021000 rw-p 00000000 00:00 0 
7f29c0021000-7f29c4000000 ---p 00000000 00:00 0 
7f29c4034000-7f29c405a000 r-xp 00000000 08:05 5481                       /lib/x86_64-linux-gnu/libexpat.so.1.6.0
7f29c405a000-7f29c4259000 ---p 00026000 08:05 5481                       /lib/x86_64-linux-gnu/libexpat.so.1.6.0
7f29c4259000-7f29c425c000 r--p 00025000 08:05 5481                       /lib/x86_64-linux-gnu/libexpat.so.1.6.0
7f29c425c000-7f29c425d000 rw-p 00028000 08:05 5481                       /lib/x86_64-linux-gnu/libexpat.so.1.6.0
7f29c425d000-7f29c426d000 r-xp 00000000 08:05 274681                     /usr/lib/x86_64-linux-gnu/libavahi-client.so.3.2.9
7f29c426d000-7f29c446c000 ---p 00010000 08:05 274681                     /usr/lib/x86_64-linux-gnu/libavahi-client.so.3.2.9
7f29c446c000-7f29c446d000 r--p 0000f000 08:05 274681                     /usr/lib/x86_64-linux-gnu/libavahi-client.so.3.2.9
7f29c446d000-7f29c446e000 rw-p 00010000 08:05 274681                     /usr/lib/x86_64-linux-gnu/libavahi-client.so.3.2.9
7f29c446e000-7f29c4479000 r-xp 00000000 08:05 274683                     /usr/lib/x86_64-linux-gnu/libavahi-common.so.3.5.3
7f29c4479000-7f29c4678000 ---p 0000b000 08:05 274683                     /usr/lib/x86_64-linux-gnu/libavahi-common.so.3.5.3
7f29c4678000-7f29c4679000 r--p 0000a000 08:05 274683                     /usr/lib/x86_64-linux-gnu/libavahi-common.so.3.5.3
7f29c4679000-7f29c467a000 rw-p 0000b000 08:05 274683                     /usr/lib/x86_64-linux-gnu/libavahi-common.so.3.5.3
7f29c467a000-7f29c4779000 r-xp 00000000 08:05 268077                     /usr/lib/x86_64-linux-gnu/libgnutls-deb0.so.28.30.7
7f29c4779000-7f29c4978000 ---p 000ff000 08:05 268077                     /usr/lib/x86_64-linux-gnu/libgnutls-deb0.so.28.30.7
7f29c4978000-7f29c4981000 r--p 000fe000 08:05 268077                     /usr/lib/x86_64-linux-gnu/libgnutls-deb0.so.28.30.7
7f29c4981000-7f29c4983000 rw-p 00107000 08:05 268077                     /usr/lib/x86_64-linux-gnu/libgnutls-deb0.so.28.30.7
7f29c4983000-7f29c49c8000 r-xp 00000000 08:05 274243                     /usr/lib/x86_64-linux-gnu/libgssapi_krb5.so.2.2
7f29c49c8000-7f29c4bc7000 ---p 00045000 08:05 274243                     /usr/lib/x86_64-linux-gnu/libgssapi_krb5.so.2.2
7f29c4bc7000-7f29c4bc9000 r--p 00044000 08:05 274243                     /usr/lib/x86_64-linux-gnu/libgssapi_krb5.so.2.2
7f29c4bc9000-7f29c4bca000 rw-p 00046000 08:05 274243                     /usr/lib/x86_64-linux-gnu/libgssapi_krb5.so.2.2
7f29c4bca000-7f29c4bcb000 rw-p 00000000 00:00 0 
7f29c4bcb000-7f29c4be8000 r-xp 00000000 08:05 275697                     /usr/lib/x86_64-linux-gnu/libxcb.so.1.1.0
7f29c4be8000-7f29c4de8000 ---p 0001d000 08:05 275697                     /usr/lib/x86_64-linux-gnu/libxcb.so.1.1.0
7f29c4de8000-7f29c4de9000 r--p 0001d000 08:05 275697                     /usr/lib/x86_64-linux-gnu/libxcb.so.1.1.0
7f29c4de9000-7f29c4dea000 rw-p 0001e000 08:05 275697                     /usr/lib/x86_64-linux-gnu/libxcb.so.1.1.0
7f29c4dea000-7f29c4e3a000 r-xp 00000000 08:05 268182                     /usr/lib/x86_64-linux-gnu/libgobject-2.0.so.0.4200.1
7f29c4e3a000-7f29c503a000 ---p 00050000 08:05 268182                     /usr/lib/x86_64-linux-gnu/libgobject-2.0.so.0.4200.1
7f29c503a000-7f29c503b000 r--p 00050000 08:05 268182                     /usr/lib/x86_64-linux-gnu/libgobject-2.0.so.0.4200.1
7f29c503b000-7f29c503c000 rw-p 00051000 08:05 268182                     /usr/lib/x86_64-linux-gnu/libgobject-2.0.so.0.4200.1
7f29c503c000-7f29c51ad000 r-xp 00000000 08:05 268183                     /usr/lib/x86_64-linux-gnu/libgio-2.0.so.0.4200.1
7f29c51ad000-7f29c53ad000 ---p 00171000 08:05 268183                     /usr/lib/x86_64-linux-gnu/libgio-2.0.so.0.4200.1
7f29c53ad000-7f29c53b1000 r--p 00171000 08:05 268183                     /usr/lib/x86_64-linux-gnu/libgio-2.0.so.0.4200.1
7f29c53b1000-7f29c53b3000 rw-p 00175000 08:05 268183                     /usr/lib/x86_64-linux-gnu/libgio-2.0.so.0.4200.1
7f29c53b3000-7f29c53b5000 rw-p 00000000 00:00 0 
7f29c53b5000-7f29c53f0000 r-xp 00000000 08:05 274891                     /usr/lib/x86_64-linux-gnu/libfontconfig.so.1.8.0
7f29c53f0000-7f29c55ef000 ---p 0003b000 08:05 274891                     /usr/lib/x86_64-linux-gnu/libfontconfig.so.1.8.0
7f29c55ef000-7f29c55f1000 r--p 0003a000 08:05 274891                     /usr/lib/x86_64-linux-gnu/libfontconfig.so.1.8.0
7f29c55f1000-7f29c55f2000 rw-p 0003c000 08:05 274891                     /usr/lib/x86_64-linux-gnu/libfontconfig.so.1.8.0
7f29c55f2000-7f29c565f000 r-xp 00000000 08:05 263551                     /usr/lib/x86_64-linux-gnu/libcups.so.2
7f29c565f000-7f29c585f000 ---p 0006d000 08:05 263551                     /usr/lib/x86_64-linux-gnu/libcups.so.2
7f29c585f000-7f29c5866000 r--p 0006d000 08:05 263551                     /usr/lib/x86_64-linux-gnu/libcups.so.2
7f29c5866000-7f29c5867000 rw-p 00074000 08:05 263551                     /usr/lib/x86_64-linux-gnu/libcups.so.2
7f29c5867000-7f29c5876000 r-xp 00000000 08:05 274598                     /usr/lib/x86_64-linux-gnu/libXi.so.6.1.0
7f29c5876000-7f29c5a75000 ---p 0000f000 08:05 274598                     /usr/lib/x86_64-linux-gnu/libXi.so.6.1.0
7f29c5a75000-7f29c5a76000 r--p 0000e000 08:05 274598                     /usr/lib/x86_64-linux-gnu/libXi.so.6.1.0
7f29c5a76000-7f29c5a77000 rw-p 0000f000 08:05 274598                     /usr/lib/x86_64-linux-gnu/libXi.so.6.1.0
7f29c5a77000-7f29c5a7c000 r-xp 00000000 08:05 274618                     /usr/lib/x86_64-linux-gnu/libXtst.so.6.1.0
7f29c5a7c000-7f29c5c7b000 ---p 00005000 08:05 274618                     /usr/lib/x86_64-linux-gnu/libXtst.so.6.1.0
7f29c5c7b000-7f29c5c7c000 r--p 00004000 08:05 274618                     /usr/lib/x86_64-linux-gnu/libXtst.so.6.1.0
7f29c5c7c000-7f29c5c7d000 rw-p 00005000 08:05 274618                     /usr/lib/x86_64-linux-gnu/libXtst.so.6.1.0
7f29c5c7d000-7f29c5c86000 r-xp 00000000 08:05 274918                     /usr/lib/x86_64-linux-gnu/libXrender.so.1.3.0
7f29c5c86000-7f29c5e85000 ---p 00009000 08:05 274918                     /usr/lib/x86_64-linux-gnu/libXrender.so.1.3.0
7f29c5e85000-7f29c5e86000 r--p 00008000 08:05 274918                     /usr/lib/x86_64-linux-gnu/libXrender.so.1.3.0
7f29c5e86000-7f29c5e87000 rw-p 00009000 08:05 274918                     /usr/lib/x86_64-linux-gnu/libXrender.so.1.3.0
7f29c5e87000-7f29c5fba000 r-xp 00000000 08:05 274573                     /usr/lib/x86_64-linux-gnu/libX11.so.6.3.0
7f29c5fba000-7f29c61ba000 ---p 00133000 08:05 274573                     /usr/lib/x86_64-linux-gnu/libX11.so.6.3.0
7f29c61ba000-7f29c61bb000 r--p 00133000 08:05 274573                     /usr/lib/x86_64-linux-gnu/libX11.so.6.3.0
7f29c61bb000-7f29c61bf000 rw-p 00134000 08:05 274573                     /usr/lib/x86_64-linux-gnu/libX11.so.6.3.0
7f29c61bf000-7f29c61c0000 rw-p 00000000 00:00 0 
7f29c61c0000-7f29c61d1000 r-xp 00000000 08:05 275558                     /usr/lib/x86_64-linux-gnu/libXext.so.6.4.0
7f29c61d1000-7f29c63d0000 ---p 00011000 08:05 275558                     /usr/lib/x86_64-linux-gnu/libXext.so.6.4.0
7f29c63d0000-7f29c63d1000 r--p 00010000 08:05 275558                     /usr/lib/x86_64-linux-gnu/libXext.so.6.4.0
7f29c63d1000-7f29c63d2000 rw-p 00011000 08:05 275558                     /usr/lib/x86_64-linux-gnu/libXext.so.6.4.0
7f29c63f0000-7f29c6438000 r-xp 00000000 08:05 298669                     /usr/lib/jvm/java-7-openjdk-amd64/jre/lib/amd64/xawt/libmawt.so
7f29c6438000-7f29c6638000 ---p 00048000 08:05 298669                     /usr/lib/jvm/java-7-openjdk-amd64/jre/lib/amd64/xawt/libmawt.so
7f29c6638000-7f29c6639000 r--p 00048000 08:05 298669                     /usr/lib/jvm/java-7-openjdk-amd64/jre/lib/amd64/xawt/libmawt.so
7f29c6639000-7f29c663c000 rw-p 00049000 08:05 298669                     /usr/lib/jvm/java-7-openjdk-amd64/jre/lib/amd64/xawt/libmawt.so
7f29c663c000-7f29c663d000 rw-p 00000000 00:00 0 
7f29c663d000-7f29c66dd000 r-xp 00000000 08:05 298500                     /usr/lib/jvm/java-7-openjdk-amd64/jre/lib/amd64/libawt.so
7f29c66dd000-7f29c68dd000 ---p 000a0000 08:05 298500                     /usr/lib/jvm/java-7-openjdk-amd64/jre/lib/amd64/libawt.so
7f29c68dd000-7f29c68de000 r--p 000a0000 08:05 298500                     /usr/lib/jvm/java-7-openjdk-amd64/jre/lib/amd64/libawt.so
7f29c68de000-7f29c68e9000 rw-p 000a1000 08:05 298500                     /usr/lib/jvm/java-7-openjdk-amd64/jre/lib/amd64/libawt.so
7f29c68e9000-7f29c690e000 rw-p 00000000 00:00 0 
7f29c690e000-7f29c690f000 ---p 00000000 00:00 0 
7f29c690f000-7f29c6a0f000 rw-p 00000000 00:00 0                          [stack:2821]
7f29c6a0f000-7f29c6a12000 ---p 00000000 00:00 0 
7f29c6a12000-7f29c6b10000 rw-p 00000000 00:00 0                          [stack:2820]
7f29c6b10000-7f29c6b13000 ---p 00000000 00:00 0 
7f29c6b13000-7f29c6c11000 rw-p 00000000 00:00 0                          [stack:2819]
7f29c6c11000-7f29c6c14000 ---p 00000000 00:00 0 
7f29c6c14000-7f29c6d12000 rw-p 00000000 00:00 0                          [stack:2818]
7f29c6d12000-7f29c6d15000 ---p 00000000 00:00 0 
7f29c6d15000-7f29c6e13000 rw-p 00000000 00:00 0                          [stack:2817]
7f29c6e13000-7f29c74f5000 r--p 00000000 08:05 272413                     /usr/lib/locale/locale-archive
7f29c74f5000-7f29c74f8000 ---p 00000000 00:00 0 
7f29c74f8000-7f29c75f6000 rw-p 00000000 00:00 0                          [stack:2816]
7f29c75f6000-7f29c75f9000 ---p 00000000 00:00 0 
7f29c75f9000-7f29c76f7000 rw-p 00000000 00:00 0                          [stack:2815]
7f29c76f7000-7f29c76f8000 ---p 00000000 00:00 0 
7f29c76f8000-7f29c8000000 rw-p 00000000 00:00 0                          [stack:2814]
7f29c8000000-7f29c8021000 rw-p 00000000 00:00 0 
7f29c8021000-7f29cc000000 ---p 00000000 00:00 0 
7f29cc009000-7f29cc7fe000 rw-p 00000000 00:00 0 
7f29cc7fe000-7f29cc9af000 r--s 01d27000 08:05 298530                     /usr/lib/jvm/java-7-openjdk-amd64/jre/lib/rt.jar
7f29cc9af000-7f29cceff000 rw-p 00000000 00:00 0 
7f29cceff000-7f29ccf00000 ---p 00000000 00:00 0 
7f29ccf00000-7f29cd000000 rw-p 00000000 00:00 0                          [stack:2813]
7f29cd000000-7f29cd270000 rwxp 00000000 00:00 0 
7f29cd270000-7f29d0593000 rw-p 00000000 00:00 0 
7f29d0593000-7f29d4000000 ---p 00000000 00:00 0 
7f29d400b000-7f29d4010000 r--s 0004d000 08:05 298533                     /usr/lib/jvm/java-7-openjdk-amd64/jre/lib/jsse.jar
7f29d4010000-7f29d4011000 ---p 00000000 00:00 0 
7f29d4011000-7f29d4111000 rw-p 00000000 00:00 0                          [stack:2812]
7f29d4111000-7f29d4112000 ---p 00000000 00:00 0 
7f29d4112000-7f29d4212000 rw-p 00000000 00:00 0                          [stack:2811]
7f29d4212000-7f29d4213000 ---p 00000000 00:00 0 
7f29d4213000-7f29d431e000 rw-p 00000000 00:00 0                          [stack:2810]
7f29d431e000-7f29d4366000 rw-p 00000000 00:00 0 
7f29d4366000-7f29d438f000 rw-p 00000000 00:00 0 
7f29d438f000-7f29d45f8000 rw-p 00000000 00:00 0 
7f29d45f8000-7f29d4603000 rw-p 00000000 00:00 0 
7f29d4603000-7f29d464b000 rw-p 00000000 00:00 0 
7f29d464b000-7f29d4674000 rw-p 00000000 00:00 0 
7f29d4674000-7f29d48dc000 rw-p 00000000 00:00 0 
7f29d48dc000-7f29d48f1000 rw-p 00000000 00:00 0 
7f29d48f1000-7f29d4a25000 rw-p 00000000 00:00 0 
7f29d4a25000-7f29d4a26000 rw-p 00000000 00:00 0 
7f29d4a26000-7f29d4a2e000 r-xp 00000000 08:05 298496                     /usr/lib/jvm/java-7-openjdk-amd64/jre/lib/amd64/libzip.so
7f29d4a2e000-7f29d4c2d000 ---p 00008000 08:05 298496                     /usr/lib/jvm/java-7-openjdk-amd64/jre/lib/amd64/libzip.so
7f29d4c2d000-7f29d4c2e000 r--p 00007000 08:05 298496                     /usr/lib/jvm/java-7-openjdk-amd64/jre/lib/amd64/libzip.so
7f29d4c2e000-7f29d4c2f000 rw-p 00008000 08:05 298496                     /usr/lib/jvm/java-7-openjdk-amd64/jre/lib/amd64/libzip.so
7f29d4c2f000-7f29d4c3a000 r-xp 00000000 08:05 19316                      /lib/x86_64-linux-gnu/libnss_files-2.19.so
7f29d4c3a000-7f29d4e39000 ---p 0000b000 08:05 19316                      /lib/x86_64-linux-gnu/libnss_files-2.19.so
7f29d4e39000-7f29d4e3a000 r--p 0000a000 08:05 19316                      /lib/x86_64-linux-gnu/libnss_files-2.19.so
7f29d4e3a000-7f29d4e3b000 rw-p 0000b000 08:05 19316                      /lib/x86_64-linux-gnu/libnss_files-2.19.so
7f29d4e3b000-7f29d4e46000 r-xp 00000000 08:05 19318                      /lib/x86_64-linux-gnu/libnss_nis-2.19.so
7f29d4e46000-7f29d5045000 ---p 0000b000 08:05 19318                      /lib/x86_64-linux-gnu/libnss_nis-2.19.so
7f29d5045000-7f29d5046000 r--p 0000a000 08:05 19318                      /lib/x86_64-linux-gnu/libnss_nis-2.19.so
7f29d5046000-7f29d5047000 rw-p 0000b000 08:05 19318                      /lib/x86_64-linux-gnu/libnss_nis-2.19.so
7f29d5047000-7f29d505e000 r-xp 00000000 08:05 19302                      /lib/x86_64-linux-gnu/libnsl-2.19.so
7f29d505e000-7f29d525d000 ---p 00017000 08:05 19302                      /lib/x86_64-linux-gnu/libnsl-2.19.so
7f29d525d000-7f29d525e000 r--p 00016000 08:05 19302                      /lib/x86_64-linux-gnu/libnsl-2.19.so
7f29d525e000-7f29d525f000 rw-p 00017000 08:05 19302                      /lib/x86_64-linux-gnu/libnsl-2.19.so
7f29d525f000-7f29d5261000 rw-p 00000000 00:00 0 
7f29d5261000-7f29d526a000 r-xp 00000000 08:05 19303                      /lib/x86_64-linux-gnu/libnss_compat-2.19.so
7f29d526a000-7f29d5469000 ---p 00009000 08:05 19303                      /lib/x86_64-linux-gnu/libnss_compat-2.19.so
7f29d5469000-7f29d546a000 r--p 00008000 08:05 19303                      /lib/x86_64-linux-gnu/libnss_compat-2.19.so
7f29d546a000-7f29d546b000 rw-p 00009000 08:05 19303                      /lib/x86_64-linux-gnu/libnss_compat-2.19.so
7f29d546b000-7f29d5498000 r-xp 00000000 08:05 298506                     /usr/lib/jvm/java-7-openjdk-amd64/jre/lib/amd64/libjava.so
7f29d5498000-7f29d5697000 ---p 0002d000 08:05 298506                     /usr/lib/jvm/java-7-openjdk-amd64/jre/lib/amd64/libjava.so
7f29d5697000-7f29d5698000 r--p 0002c000 08:05 298506                     /usr/lib/jvm/java-7-openjdk-amd64/jre/lib/amd64/libjava.so
7f29d5698000-7f29d569a000 rw-p 0002d000 08:05 298506                     /usr/lib/jvm/java-7-openjdk-amd64/jre/lib/amd64/libjava.so
7f29d569a000-7f29d56ab000 r-xp 00000000 08:05 298509                     /usr/lib/jvm/java-7-openjdk-amd64/jre/lib/amd64/libverify.so
7f29d56ab000-7f29d58aa000 ---p 00011000 08:05 298509                     /usr/lib/jvm/java-7-openjdk-amd64/jre/lib/amd64/libverify.so
7f29d58aa000-7f29d58ac000 r--p 00010000 08:05 298509                     /usr/lib/jvm/java-7-openjdk-amd64/jre/lib/amd64/libverify.so
7f29d58ac000-7f29d58ad000 rw-p 00012000 08:05 298509                     /usr/lib/jvm/java-7-openjdk-amd64/jre/lib/amd64/libverify.so
7f29d58ad000-7f29d58b4000 r-xp 00000000 08:05 19319                      /lib/x86_64-linux-gnu/librt-2.19.so
7f29d58b4000-7f29d5ab3000 ---p 00007000 08:05 19319                      /lib/x86_64-linux-gnu/librt-2.19.so
7f29d5ab3000-7f29d5ab4000 r--p 00006000 08:05 19319                      /lib/x86_64-linux-gnu/librt-2.19.so
7f29d5ab4000-7f29d5ab5000 rw-p 00007000 08:05 19319                      /lib/x86_64-linux-gnu/librt-2.19.so
7f29d5ab5000-7f29d5acb000 r-xp 00000000 08:05 5486                       /lib/x86_64-linux-gnu/libgcc_s.so.1
7f29d5acb000-7f29d5cca000 ---p 00016000 08:05 5486                       /lib/x86_64-linux-gnu/libgcc_s.so.1
7f29d5cca000-7f29d5ccb000 r--p 00015000 08:05 5486                       /lib/x86_64-linux-gnu/libgcc_s.so.1
7f29d5ccb000-7f29d5ccc000 rw-p 00016000 08:05 5486                       /lib/x86_64-linux-gnu/libgcc_s.so.1
7f29d5ccc000-7f29d5dd1000 r-xp 00000000 08:05 19298                      /lib/x86_64-linux-gnu/libm-2.19.so
7f29d5dd1000-7f29d5fd0000 ---p 00105000 08:05 19298                      /lib/x86_64-linux-gnu/libm-2.19.so
7f29d5fd0000-7f29d5fd1000 r--p 00104000 08:05 19298                      /lib/x86_64-linux-gnu/libm-2.19.so
7f29d5fd1000-7f29d5fd2000 rw-p 00105000 08:05 19298                      /lib/x86_64-linux-gnu/libm-2.19.so
7f29d5fd2000-7f29d60c2000 r-xp 00000000 08:05 275529                     /usr/lib/x86_64-linux-gnu/libstdc++.so.6.0.20
7f29d60c2000-7f29d62c2000 ---p 000f0000 08:05 275529                     /usr/lib/x86_64-linux-gnu/libstdc++.so.6.0.20
7f29d62c2000-7f29d62ca000 r--p 000f0000 08:05 275529                     /usr/lib/x86_64-linux-gnu/libstdc++.so.6.0.20
7f29d62ca000-7f29d62cc000 rw-p 000f8000 08:05 275529                     /usr/lib/x86_64-linux-gnu/libstdc++.so.6.0.20
7f29d62cc000-7f29d62e1000 rw-p 00000000 00:00 0 
7f29d62e1000-7f29d6e31000 r-xp 00000000 08:05 298521                     /usr/lib/jvm/java-7-openjdk-amd64/jre/lib/amd64/server/libjvm.so
7f29d6e31000-7f29d7030000 ---p 00b50000 08:05 298521                     /usr/lib/jvm/java-7-openjdk-amd64/jre/lib/amd64/server/libjvm.so
7f29d7030000-7f29d70cf000 r--p 00b4f000 08:05 298521                     /usr/lib/jvm/java-7-openjdk-amd64/jre/lib/amd64/server/libjvm.so
7f29d70cf000-7f29d70f2000 rw-p 00bee000 08:05 298521                     /usr/lib/jvm/java-7-openjdk-amd64/jre/lib/amd64/server/libjvm.so
7f29d70f2000-7f29d711f000 rw-p 00000000 00:00 0 
7f29d711f000-7f29d7137000 r-xp 00000000 08:05 5630                       /lib/x86_64-linux-gnu/libz.so.1.2.8
7f29d7137000-7f29d7336000 ---p 00018000 08:05 5630                       /lib/x86_64-linux-gnu/libz.so.1.2.8
7f29d7336000-7f29d7337000 r--p 00017000 08:05 5630                       /lib/x86_64-linux-gnu/libz.so.1.2.8
7f29d7337000-7f29d7338000 rw-p 00018000 08:05 5630                       /lib/x86_64-linux-gnu/libz.so.1.2.8
7f29d7338000-7f29d7351000 r-xp 00000000 08:05 19306                      /lib/x86_64-linux-gnu/libpthread-2.19.so
7f29d7351000-7f29d7550000 ---p 00019000 08:05 19306                      /lib/x86_64-linux-gnu/libpthread-2.19.so
7f29d7550000-7f29d7551000 r--p 00018000 08:05 19306                      /lib/x86_64-linux-gnu/libpthread-2.19.so
7f29d7551000-7f29d7552000 rw-p 00019000 08:05 19306                      /lib/x86_64-linux-gnu/libpthread-2.19.so
7f29d7552000-7f29d7556000 rw-p 00000000 00:00 0 
7f29d7556000-7f29d7559000 r-xp 00000000 08:05 19305                      /lib/x86_64-linux-gnu/libdl-2.19.so
7f29d7559000-7f29d7758000 ---p 00003000 08:05 19305                      /lib/x86_64-linux-gnu/libdl-2.19.so
7f29d7758000-7f29d7759000 r--p 00002000 08:05 19305                      /lib/x86_64-linux-gnu/libdl-2.19.so
7f29d7759000-7f29d775a000 rw-p 00003000 08:05 19305                      /lib/x86_64-linux-gnu/libdl-2.19.so
7f29d775a000-7f29d7914000 r-xp 00000000 08:05 19317                      /lib/x86_64-linux-gnu/libc-2.19.so
7f29d7914000-7f29d7b13000 ---p 001ba000 08:05 19317                      /lib/x86_64-linux-gnu/libc-2.19.so
7f29d7b13000-7f29d7b17000 r--p 001b9000 08:05 19317                      /lib/x86_64-linux-gnu/libc-2.19.so
7f29d7b17000-7f29d7b19000 rw-p 001bd000 08:05 19317                      /lib/x86_64-linux-gnu/libc-2.19.so
7f29d7b19000-7f29d7b1e000 rw-p 00000000 00:00 0 
7f29d7b1e000-7f29d7b2b000 r-xp 00000000 08:05 298514                     /usr/lib/jvm/java-7-openjdk-amd64/jre/lib/amd64/jli/libjli.so
7f29d7b2b000-7f29d7d2a000 ---p 0000d000 08:05 298514                     /usr/lib/jvm/java-7-openjdk-amd64/jre/lib/amd64/jli/libjli.so
7f29d7d2a000-7f29d7d2b000 r--p 0000c000 08:05 298514                     /usr/lib/jvm/java-7-openjdk-amd64/jre/lib/amd64/jli/libjli.so
7f29d7d2b000-7f29d7d2c000 rw-p 0000d000 08:05 298514                     /usr/lib/jvm/java-7-openjdk-amd64/jre/lib/amd64/jli/libjli.so
7f29d7d2c000-7f29d7d4f000 r-xp 00000000 08:05 19312                      /lib/x86_64-linux-gnu/ld-2.19.so
7f29d7d50000-7f29d7d53000 r--s 0233b000 08:07 4599929                    /home/joe/Documents/OCR Project/workspace/workspace/Tesseract/libs/tess4j.jar
7f29d7d53000-7f29d7d57000 r--s 000dc000 08:07 4599931                    /home/joe/Documents/OCR Project/workspace/workspace/Tesseract/libs/jna.jar
7f29d7d57000-7f29d7d68000 r--s 00106000 08:07 4599930                    /home/joe/Documents/OCR Project/workspace/workspace/Tesseract/libs/jai_imageio.jar
7f29d7d68000-7f29d7d72000 rw-p 00000000 00:00 0 
7f29d7d72000-7f29d7e28000 rw-p 00000000 00:00 0 
7f29d7e28000-7f29d7e2b000 ---p 00000000 00:00 0 
7f29d7e2b000-7f29d7f2e000 rw-p 00000000 00:00 0                          [stack:2809]
7f29d7f2f000-7f29d7f33000 r--s 00034000 08:05 298549                     /usr/lib/jvm/java-7-openjdk-amd64/jre/lib/ext/sunjce_provider.jar
7f29d7f33000-7f29d7f36000 r--s 0000f000 08:05 298547                     /usr/lib/jvm/java-7-openjdk-amd64/jre/lib/ext/icedtea-sound.jar
7f29d7f36000-7f29d7f39000 r--s 00086000 08:05 298550                     /usr/lib/jvm/java-7-openjdk-amd64/jre/lib/ext/localedata.jar
7f29d7f39000-7f29d7f3b000 r--s 00012000 08:05 298546                     /usr/lib/jvm/java-7-openjdk-amd64/jre/lib/ext/zipfs.jar
7f29d7f3b000-7f29d7f3c000 r--s 00002000 08:05 298548                     /usr/lib/jvm/java-7-openjdk-amd64/jre/lib/ext/dnsns.jar
7f29d7f3c000-7f29d7f3e000 r--s 00006000 08:05 522850                     /usr/share/java/java-atk-wrapper.jar
7f29d7f3e000-7f29d7f42000 r--s 0003c000 08:05 298545                     /usr/lib/jvm/java-7-openjdk-amd64/jre/lib/ext/sunpkcs11.jar
7f29d7f42000-7f29d7f4a000 rw-s 00000000 08:05 24176                      /tmp/hsperfdata_joe/2803
7f29d7f4a000-7f29d7f4b000 rw-p 00000000 00:00 0 
7f29d7f4b000-7f29d7f4c000 r--p 00000000 00:00 0 
7f29d7f4c000-7f29d7f4e000 rw-p 00000000 00:00 0 
7f29d7f4e000-7f29d7f4f000 r--p 00022000 08:05 19312                      /lib/x86_64-linux-gnu/ld-2.19.so
7f29d7f4f000-7f29d7f50000 rw-p 00023000 08:05 19312                      /lib/x86_64-linux-gnu/ld-2.19.so
7f29d7f50000-7f29d7f51000 rw-p 00000000 00:00 0 
7fff9f53b000-7fff9f55c000 rw-p 00000000 00:00 0                          [stack]
7fff9f5cf000-7fff9f5d1000 r-xp 00000000 00:00 0                          [vdso]
7fff9f5d1000-7fff9f5d3000 r--p 00000000 00:00 0                          [vvar]
ffffffffff600000-ffffffffff601000 r-xp 00000000 00:00 0                  [vsyscall]

VM Arguments:
jvm_args: -Dfile.encoding=UTF-8 
java_command: Main
Launcher Type: SUN_STANDARD

Environment Variables:
PATH=/home/joe/tesseract-ocr/training:/home/joe/tesseract-ocr:/usr/local/sbin:/usr/local/bin:/usr/sbin:/usr/bin:/sbin:/bin:/usr/games:/usr/local/games
SHELL=/bin/bash
DISPLAY=:0.0

Signal Handlers:
SIGSEGV: [libjvm.so+0x983740], sa_mask[0]=0x7ffbfeff, sa_flags=0x10000004
SIGBUS: [libjvm.so+0x983740], sa_mask[0]=0x7ffbfeff, sa_flags=0x10000004
SIGFPE: [libjvm.so+0x7f0180], sa_mask[0]=0x7ffbfeff, sa_flags=0x10000004
SIGPIPE: [libjvm.so+0x7f0180], sa_mask[0]=0x7ffbfeff, sa_flags=0x10000004
SIGXFSZ: [libjvm.so+0x7f0180], sa_mask[0]=0x7ffbfeff, sa_flags=0x10000004
SIGILL: [libjvm.so+0x7f0180], sa_mask[0]=0x7ffbfeff, sa_flags=0x10000004
SIGUSR1: SIG_DFL, sa_mask[0]=0x00000000, sa_flags=0x00000000
SIGUSR2: [libjvm.so+0x7f0000], sa_mask[0]=0x00000004, sa_flags=0x10000004
SIGHUP: [libjvm.so+0x7f0200], sa_mask[0]=0x7ffbfeff, sa_flags=0x10000004
SIGINT: [libjvm.so+0x7f0200], sa_mask[0]=0x7ffbfeff, sa_flags=0x10000004
SIGTERM: [libjvm.so+0x7f0200], sa_mask[0]=0x7ffbfeff, sa_flags=0x10000004
SIGQUIT: [libjvm.so+0x7f0200], sa_mask[0]=0x7ffbfeff, sa_flags=0x10000004
SIGTRAP: SIG_DFL, sa_mask[0]=0x00000000, sa_flags=0x00000000


---------------  S Y S T E M  ---------------

OS:Ubuntu 14.10 (utopic)
uname:Linux 3.16.0-23-generic #31-Ubuntu SMP Tue Oct 21 17:56:17 UTC 2014 x86_64
libc:glibc 2.19 NPTL 2.19 
rlimit: STACK 8192k, CORE 0k, NPROC 31440, NOFILE 4096, AS infinity
load average:3.58 0.95 0.32

/proc/meminfo:
MemTotal:        8070928 kB
MemFree:         5990772 kB
MemAvailable:    6473468 kB
Buffers:           54264 kB
Cached:           887140 kB
SwapCached:            0 kB
Active:          1305344 kB
Inactive:         576020 kB
Active(anon):     941156 kB
Inactive(anon):   315528 kB
Active(file):     364188 kB
Inactive(file):   260492 kB
Unevictable:           0 kB
Mlocked:               0 kB
SwapTotal:       7811068 kB
SwapFree:        7811068 kB
Dirty:              8576 kB
Writeback:             0 kB
AnonPages:        939856 kB
Mapped:           206820 kB
Shmem:            316868 kB
Slab:              81856 kB
SReclaimable:      53920 kB
SUnreclaim:        27936 kB
KernelStack:        6624 kB
PageTables:        24208 kB
NFS_Unstable:          0 kB
Bounce:                0 kB
WritebackTmp:          0 kB
CommitLimit:    11846532 kB
Committed_AS:    3649520 kB
VmallocTotal:   34359738367 kB
VmallocUsed:      557576 kB
VmallocChunk:   34359118772 kB
HardwareCorrupted:     0 kB
AnonHugePages:    454656 kB
HugePages_Total:       0
HugePages_Free:        0
HugePages_Rsvd:        0
HugePages_Surp:        0
Hugepagesize:       2048 kB
DirectMap4k:       62976 kB
DirectMap2M:     2977792 kB
DirectMap1G:     5242880 kB


CPU:total 4 (2 cores per cpu, 2 threads per core) family 6 model 69 stepping 1, cmov, cx8, fxsr, mmx, sse, sse2, sse3, ssse3, sse4.1, sse4.2, popcnt, avx, avx2, aes, erms, ht, tsc, tscinvbit

/proc/cpuinfo:
processor	: 0
vendor_id	: GenuineIntel
cpu family	: 6
model		: 69
model name	: Intel(R) Core(TM) i5-4300U CPU @ 1.90GHz
stepping	: 1
microcode	: 0x1c
cpu MHz		: 2600.000
cache size	: 3072 KB
physical id	: 0
siblings	: 4
core id		: 0
cpu cores	: 2
apicid		: 0
initial apicid	: 0
fpu		: yes
fpu_exception	: yes
cpuid level	: 13
wp		: yes
flags		: fpu vme de pse tsc msr pae mce cx8 apic sep mtrr pge mca cmov pat pse36 clflush dts acpi mmx fxsr sse sse2 ss ht tm pbe syscall nx pdpe1gb rdtscp lm constant_tsc arch_perfmon pebs bts rep_good nopl xtopology nonstop_tsc aperfmperf eagerfpu pni pclmulqdq dtes64 monitor ds_cpl vmx smx est tm2 ssse3 fma cx16 xtpr pdcm pcid sse4_1 sse4_2 x2apic movbe popcnt tsc_deadline_timer aes xsave avx f16c rdrand lahf_lm abm ida arat epb xsaveopt pln pts dtherm tpr_shadow vnmi flexpriority ept vpid fsgsbase tsc_adjust bmi1 avx2 smep bmi2 erms invpcid
bogomips	: 4988.31
clflush size	: 64
cache_alignment	: 64
address sizes	: 39 bits physical, 48 bits virtual
power management:

processor	: 1
vendor_id	: GenuineIntel
cpu family	: 6
model		: 69
model name	: Intel(R) Core(TM) i5-4300U CPU @ 1.90GHz
stepping	: 1
microcode	: 0x1c
cpu MHz		: 2600.000
cache size	: 3072 KB
physical id	: 0
siblings	: 4
core id		: 0
cpu cores	: 2
apicid		: 1
initial apicid	: 1
fpu		: yes
fpu_exception	: yes
cpuid level	: 13
wp		: yes
flags		: fpu vme de pse tsc msr pae mce cx8 apic sep mtrr pge mca cmov pat pse36 clflush dts acpi mmx fxsr sse sse2 ss ht tm pbe syscall nx pdpe1gb rdtscp lm constant_tsc arch_perfmon pebs bts rep_good nopl xtopology nonstop_tsc aperfmperf eagerfpu pni pclmulqdq dtes64 monitor ds_cpl vmx smx est tm2 ssse3 fma cx16 xtpr pdcm pcid sse4_1 sse4_2 x2apic movbe popcnt tsc_deadline_timer aes xsave avx f16c rdrand lahf_lm abm ida arat epb xsaveopt pln pts dtherm tpr_shadow vnmi flexpriority ept vpid fsgsbase tsc_adjust bmi1 avx2 smep bmi2 erms invpcid
bogomips	: 4988.31
clflush size	: 64
cache_alignment	: 64
address sizes	: 39 bits physical, 48 bits virtual
power management:

processor	: 2
vendor_id	: GenuineIntel
cpu family	: 6
model		: 69
model name	: Intel(R) Core(TM) i5-4300U CPU @ 1.90GHz
stepping	: 1
microcode	: 0x1c
cpu MHz		: 2861.621
cache size	: 3072 KB
physical id	: 0
siblings	: 4
core id		: 1
cpu cores	: 2
apicid		: 2
initial apicid	: 2
fpu		: yes
fpu_exception	: yes
cpuid level	: 13
wp		: yes
flags		: fpu vme de pse tsc msr pae mce cx8 apic sep mtrr pge mca cmov pat pse36 clflush dts acpi mmx fxsr sse sse2 ss ht tm pbe syscall nx pdpe1gb rdtscp lm constant_tsc arch_perfmon pebs bts rep_good nopl xtopology nonstop_tsc aperfmperf eagerfpu pni pclmulqdq dtes64 monitor ds_cpl vmx smx est tm2 ssse3 fma cx16 xtpr pdcm pcid sse4_1 sse4_2 x2apic movbe popcnt tsc_deadline_timer aes xsave avx f16c rdrand lahf_lm abm ida arat epb xsaveopt pln pts dtherm tpr_shadow vnmi flexpriority ept vpid fsgsbase tsc_adjust bmi1 avx2 smep bmi2 erms invpcid
bogomips	: 4988.31
clflush size	: 64
cache_alignment	: 64
address sizes	: 39 bits physical, 48 bits virtual
power management:

processor	: 3
vendor_id	: GenuineIntel
cpu family	: 6
model		: 69
model name	: Intel(R) Core(TM) i5-4300U CPU @ 1.90GHz
stepping	: 1
microcode	: 0x1c
cpu MHz		: 2869.531
cache size	: 3072 KB
physical id	: 0
siblings	: 4
core id		: 1
cpu cores	: 2
apicid		: 3
initial apicid	: 3
fpu		: yes
fpu_exception	: yes
cpuid level	: 13
wp		: yes
flags		: fpu vme de pse tsc msr pae mce cx8 apic sep mtrr pge mca cmov pat pse36 clflush dts acpi mmx fxsr sse sse2 ss ht tm pbe syscall nx pdpe1gb rdtscp lm constant_tsc arch_perfmon pebs bts rep_good nopl xtopology nonstop_tsc aperfmperf eagerfpu pni pclmulqdq dtes64 monitor ds_cpl vmx smx est tm2 ssse3 fma cx16 xtpr pdcm pcid sse4_1 sse4_2 x2apic movbe popcnt tsc_deadline_timer aes xsave avx f16c rdrand lahf_lm abm ida arat epb xsaveopt pln pts dtherm tpr_shadow vnmi flexpriority ept vpid fsgsbase tsc_adjust bmi1 avx2 smep bmi2 erms invpcid
bogomips	: 4988.31
clflush size	: 64
cache_alignment	: 64
address sizes	: 39 bits physical, 48 bits virtual
power management:



Memory: 4k page, physical 8070928k(5990772k free), swap 7811068k(7811068k free)

vm_info: OpenJDK 64-Bit Server VM (24.79-b02) for linux-amd64 JRE (1.7.0_79-b14), built on Apr 16 2015 08:25:58 by "buildd" with gcc 4.9.1

time: Tue Jun  9 13:38:48 2015
elapsed time: 0 seconds

