#
# A fatal error has been detected by the Java Runtime Environment:
#
#  SIGSEGV (0xb) at pc=0x00007f3531c4b1db, pid=2780, tid=139867649726208
#
# JRE version: OpenJDK Runtime Environment (7.0_79-b14) (build 1.7.0_79-b14)
# Java VM: OpenJDK 64-Bit Server VM (24.79-b02 mixed mode linux-amd64 compressed oops)
# Derivative: IcedTea 2.5.5
# Distribution: Ubuntu 14.10, package 7u79-2.5.5-0ubuntu0.14.10.2
# Problematic frame:
# C  [libtesseract.so+0x25f1db]  ERRCODE::error(char const*, TessErrorLogCode, char const*, ...) const+0x16b
#
# Failed to write core dump. Core dumps have been disabled. To enable core dumping, try "ulimit -c unlimited" before starting Java again
#
# If you would like to submit a bug report, please include
# instructions on how to reproduce the bug and visit:
#   http://icedtea.classpath.org/bugzilla
# The crash happened outside the Java Virtual Machine in native code.
# See problematic frame for where to report the bug.
#

---------------  T H R E A D  ---------------

Current thread (0x00007f357000a000):  JavaThread "main" [_thread_in_native, id=2781, stack(0x00007f357983d000,0x00007f357993e000)]

siginfo:si_signo=SIGSEGV: si_errno=0, si_code=1 (SEGV_MAPERR), si_addr=0x0000000000000000

Registers:
RAX=0x000000000000004e, RBX=0x00007f357993abbd, RCX=0x00007f357925a5bd, RDX=0x00007f357952e9f0
RSP=0x00007f357993ab70, RBP=0x00007f357993ab90, RSI=0x000000000000004e, RDI=0x00007f3579938340
R8 =0x00007f357993d700, R9 =0x61646120656c6966, R10=0x00007f357952abe0, R11=0x0000000000000000
R12=0x0000000000000002, R13=0x00007f3531c56277, R14=0x00007f3531f0b7c0, R15=0x00007f3570552ae0
RIP=0x00007f3531c4b1db, EFLAGS=0x0000000000010246, CSGSFS=0x0000000000000033, ERR=0x0000000000000004
  TRAPNO=0x000000000000000e

Top of Stack: (sp=0x00007f357993ab70)
0x00007f357993ab70:   0000000000000000 0000003000000030
0x00007f357993ab80:   00007f357993b080 00007f357993afa0
0x00007f357993ab90:   5464657470616441 736574616c706d65
0x00007f357993aba0:   4c4c554e203d2120 413a726f7272453a
0x00007f357993abb0:   6166207472657373 206e693a64656c69
0x00007f357993abc0:   61646120656c6966 2e686374616d7470
0x00007f357993abd0:   6e696c202c707063 00000a3938312065
0x00007f357993abe0:   0000000000000000 0000000000000000
0x00007f357993abf0:   0000000000000000 0000000000000000
0x00007f357993ac00:   0000000000000000 0000000000000000
0x00007f357993ac10:   0000000000000000 0000000000000000
0x00007f357993ac20:   0000000000000000 0000000000000000
0x00007f357993ac30:   0000000000000000 0000000000000000
0x00007f357993ac40:   0000000000000000 0000000000000000
0x00007f357993ac50:   0000000000000000 0000000000000000
0x00007f357993ac60:   0000000000000000 0000000000000000
0x00007f357993ac70:   0000000000000000 0000000000000000
0x00007f357993ac80:   0000000000000000 0000000000000000
0x00007f357993ac90:   0000000000000000 0000000000000000
0x00007f357993aca0:   0000000000000000 0000000000000000
0x00007f357993acb0:   0000000000000000 0000000000000000
0x00007f357993acc0:   0000000000000000 0000000000000000
0x00007f357993acd0:   0000000000000000 0000000000000000
0x00007f357993ace0:   0000000000000000 0000000000000000
0x00007f357993acf0:   0000000000000000 0000000000000000
0x00007f357993ad00:   0000000000000000 0000000000000000
0x00007f357993ad10:   0000000000000000 0000000000000000
0x00007f357993ad20:   0000000000000000 0000000000000000
0x00007f357993ad30:   0000000000000000 0000000000000000
0x00007f357993ad40:   0000000000000000 0000000000000000
0x00007f357993ad50:   0000000000000000 0000000000000000
0x00007f357993ad60:   0000000000000000 0000000000000000 

Instructions: (pc=0x00007f3531c4b1db)
0x00007f3531c4b1bb:   be 01 00 00 00 48 8b 38 31 c0 e8 c6 91 e3 ff 41
0x00007f3531c4b1cb:   83 fc ff 7c 18 45 85 e4 7e 2f 41 83 fc 02 7f 0d
0x00007f3531c4b1db:   8b 04 25 00 00 00 00 0f 0b 0f 1f 40 00 48 8d 35
0x00007f3531c4b1eb:   d1 b0 01 00 48 8d 3d 92 26 50 00 31 c9 ba 02 00 

Register to memory mapping:

RAX=0x000000000000004e is an unknown value
RBX=0x00007f357993abbd is pointing into the stack for thread: 0x00007f357000a000
RCX=0x00007f357925a5bd: __write+0x2d in /lib/x86_64-linux-gnu/libc.so.6 at 0x00007f357916f000
RDX=0x00007f357952e9f0: <offset 0x3bf9f0> in /lib/x86_64-linux-gnu/libc.so.6 at 0x00007f357916f000
RSP=0x00007f357993ab70 is pointing into the stack for thread: 0x00007f357000a000
RBP=0x00007f357993ab90 is pointing into the stack for thread: 0x00007f357000a000
RSI=0x000000000000004e is an unknown value
RDI=0x00007f3579938340 is pointing into the stack for thread: 0x00007f357000a000
R8 =0x00007f357993d700 is pointing into the stack for thread: 0x00007f357000a000
R9 =0x61646120656c6966 is an unknown value
R10=0x00007f357952abe0: <offset 0x3bbbe0> in /lib/x86_64-linux-gnu/libc.so.6 at 0x00007f357916f000
R11=0x0000000000000000 is an unknown value
R12=0x0000000000000002 is an unknown value
R13=0x00007f3531c56277: <offset 0x26a277> in /usr/local/lib/libtesseract.so at 0x00007f35319ec000
R14=0x00007f3531f0b7c0: <offset 0x51f7c0> in /usr/local/lib/libtesseract.so at 0x00007f35319ec000
R15=0x00007f3570552ae0 is an unknown value


Stack: [0x00007f357983d000,0x00007f357993e000],  sp=0x00007f357993ab70,  free space=1014k
Native frames: (J=compiled Java code, j=interpreted, Vv=VM code, C=native code)
C  [libtesseract.so+0x25f1db]  ERRCODE::error(char const*, TessErrorLogCode, char const*, ...) const+0x16b

Java frames: (J=compiled Java code, j=interpreted, Vv=VM code)
j  com.sun.jna.Native.invokePointer(JI[Ljava/lang/Object;)J+0
j  com.sun.jna.Function.invokePointer(I[Ljava/lang/Object;)Lcom/sun/jna/Pointer;+6
j  com.sun.jna.Function.invoke([Ljava/lang/Object;Ljava/lang/Class;Z)Ljava/lang/Object;+426
j  com.sun.jna.Function.invoke(Ljava/lang/Class;[Ljava/lang/Object;Ljava/util/Map;)Ljava/lang/Object;+262
j  com.sun.jna.Library$Handler.invoke(Ljava/lang/Object;Ljava/lang/reflect/Method;[Ljava/lang/Object;)Ljava/lang/Object;+316
j  com.sun.proxy.$Proxy0.TessBaseAPIGetUTF8Text(Lnet/sourceforge/tess4j/ITessAPI$TessBaseAPI;)Lcom/sun/jna/Pointer;+16
j  net.sourceforge.tess4j.Tesseract.getOCRText(Ljava/lang/String;I)Ljava/lang/String;+62
j  net.sourceforge.tess4j.Tesseract.doOCR(Ljava/util/List;Ljava/lang/String;Ljava/awt/Rectangle;)Ljava/lang/String;+69
j  net.sourceforge.tess4j.Tesseract.doOCR(Ljava/io/File;Ljava/awt/Rectangle;)Ljava/lang/String;+10
j  net.sourceforge.tess4j.Tesseract.doOCR(Ljava/io/File;)Ljava/lang/String;+3
j  OCREngine.doOCR(Ljava/io/File;)Ljava/lang/String;+5
j  Main.main([Ljava/lang/String;)V+23
v  ~StubRoutines::call_stub

---------------  P R O C E S S  ---------------

Java Threads: ( => current thread )
  0x00007f357019c000 JavaThread "Java2D Disposer" daemon [_thread_blocked, id=2798, stack(0x00007f35322b6000,0x00007f35323b7000)]
  0x00007f35700af800 JavaThread "Service Thread" daemon [_thread_blocked, id=2796, stack(0x00007f3568149000,0x00007f356824a000)]
  0x00007f35700ad000 JavaThread "C2 CompilerThread1" daemon [_thread_blocked, id=2795, stack(0x00007f356824a000,0x00007f356834b000)]
  0x00007f35700aa000 JavaThread "C2 CompilerThread0" daemon [_thread_blocked, id=2794, stack(0x00007f356834b000,0x00007f356844c000)]
  0x00007f35700a7800 JavaThread "Signal Dispatcher" daemon [_thread_blocked, id=2793, stack(0x00007f356844c000,0x00007f356854d000)]
  0x00007f357007c800 JavaThread "Finalizer" daemon [_thread_blocked, id=2792, stack(0x00007f3568c2f000,0x00007f3568d30000)]
  0x00007f357007a000 JavaThread "Reference Handler" daemon [_thread_blocked, id=2791, stack(0x00007f3574024000,0x00007f3574125000)]
=>0x00007f357000a000 JavaThread "main" [_thread_in_native, id=2781, stack(0x00007f357983d000,0x00007f357993e000)]

Other Threads:
  0x00007f3570075800 VMThread [stack: 0x00007f3574125000,0x00007f3574226000] [id=2790]
  0x00007f35700ba000 WatcherThread [stack: 0x00007f3568048000,0x00007f3568149000] [id=2797]

VM state:not at safepoint (normal execution)

VM Mutex/Monitor currently owned by a thread: None

Heap
 PSYoungGen      total 37376K, used 14319K [0x00000007d6e80000, 0x00000007d9800000, 0x0000000800000000)
  eden space 32256K, 44% used [0x00000007d6e80000,0x00000007d7c7bc40,0x00000007d8e00000)
  from space 5120K, 0% used [0x00000007d9300000,0x00000007d9300000,0x00000007d9800000)
  to   space 5120K, 0% used [0x00000007d8e00000,0x00000007d8e00000,0x00000007d9300000)
 ParOldGen       total 83968K, used 0K [0x0000000784c00000, 0x0000000789e00000, 0x00000007d6e80000)
  object space 83968K, 0% used [0x0000000784c00000,0x0000000784c00000,0x0000000789e00000)
 PSPermGen       total 21504K, used 7742K [0x000000077a600000, 0x000000077bb00000, 0x0000000784c00000)
  object space 21504K, 36% used [0x000000077a600000,0x000000077ad8f970,0x000000077bb00000)

Card table byte_map: [0x00007f357600d000,0x00007f357643b000] byte_map_base: 0x00007f357243a000

Polling page: 0x00007f3579960000

Code Cache  [0x00007f356d000000, 0x00007f356d270000, 0x00007f3570000000)
 total_blobs=312 nmethods=37 adapters=228 free_code_cache=48633Kb largest_free_block=49776448

Compilation events (10 events):
Event: 0.731 Thread 0x00007f35700ad000 nmethod 32% 0x00007f356d080e10 code [0x00007f356d080fc0, 0x00007f356d081898]
Event: 0.743 Thread 0x00007f35700ad000   34             java.lang.AbstractStringBuilder::append (48 bytes)
Event: 0.749 Thread 0x00007f35700ad000 nmethod 34 0x00007f356d07a790 code [0x00007f356d07a900, 0x00007f356d07acd8]
Event: 0.749 Thread 0x00007f35700ad000   35             java.lang.String::getChars (62 bytes)
Event: 0.751 Thread 0x00007f35700ad000 nmethod 35 0x00007f356d07a390 code [0x00007f356d07a4e0, 0x00007f356d07a618]
Event: 0.754 Thread 0x00007f35700aa000 nmethod 33 0x00007f356d085350 code [0x00007f356d085520, 0x00007f356d086ef8]
Event: 0.764 Thread 0x00007f35700ad000   36             java.lang.StringBuilder::append (8 bytes)
Event: 0.765 Thread 0x00007f35700aa000   37             java.util.Arrays::copyOfRange (63 bytes)
Event: 0.768 Thread 0x00007f35700aa000 nmethod 37 0x00007f356d079ed0 code [0x00007f356d07a020, 0x00007f356d07a238]
Event: 0.769 Thread 0x00007f35700ad000 nmethod 36 0x00007f356d080510 code [0x00007f356d080680, 0x00007f356d080a58]

GC Heap History (0 events):
No events

Deoptimization events (5 events):
Event: 0.599 Thread 0x00007f357000a000 Uncommon trap: reason=bimorphic action=maybe_recompile pc=0x00007f356d074b04 method=java.util.HashMap.getEntry(Ljava/lang/Object;)Ljava/util/HashMap$Entry; @ 68
Event: 0.600 Thread 0x00007f357000a000 Uncommon trap: reason=bimorphic action=maybe_recompile pc=0x00007f356d074b04 method=java.util.HashMap.getEntry(Ljava/lang/Object;)Ljava/util/HashMap$Entry; @ 68
Event: 0.601 Thread 0x00007f357000a000 Uncommon trap: reason=bimorphic action=maybe_recompile pc=0x00007f356d074b04 method=java.util.HashMap.getEntry(Ljava/lang/Object;)Ljava/util/HashMap$Entry; @ 68
Event: 0.601 Thread 0x00007f357000a000 Uncommon trap: reason=bimorphic action=maybe_recompile pc=0x00007f356d074b04 method=java.util.HashMap.getEntry(Ljava/lang/Object;)Ljava/util/HashMap$Entry; @ 68
Event: 0.602 Thread 0x00007f357000a000 Uncommon trap: reason=bimorphic action=maybe_recompile pc=0x00007f356d073524 method=java.util.HashMap.getEntry(Ljava/lang/Object;)Ljava/util/HashMap$Entry; @ 68

Internal exceptions (10 events):
Event: 0.767 Thread 0x00007f357000a000 Threw 0x00000007d7bbd378 at /build/buildd/openjdk-7-7u79-2.5.5/build/openjdk/hotspot/src/share/vm/prims/jvm.cpp:1284
Event: 0.767 Thread 0x00007f357000a000 Threw 0x00000007d7bc2ec8 at /build/buildd/openjdk-7-7u79-2.5.5/build/openjdk/hotspot/src/share/vm/prims/jvm.cpp:1284
Event: 0.768 Thread 0x00007f357000a000 Threw 0x00000007d7bc8278 at /build/buildd/openjdk-7-7u79-2.5.5/build/openjdk/hotspot/src/share/vm/prims/jvm.cpp:1284
Event: 0.769 Thread 0x00007f357000a000 Threw 0x00000007d7bce928 at /build/buildd/openjdk-7-7u79-2.5.5/build/openjdk/hotspot/src/share/vm/prims/jvm.cpp:1284
Event: 0.769 Thread 0x00007f357000a000 Threw 0x00000007d7bd3ed0 at /build/buildd/openjdk-7-7u79-2.5.5/build/openjdk/hotspot/src/share/vm/prims/jvm.cpp:1284
Event: 0.770 Thread 0x00007f357000a000 Threw 0x00000007d7bd9468 at /build/buildd/openjdk-7-7u79-2.5.5/build/openjdk/hotspot/src/share/vm/prims/jvm.cpp:1284
Event: 0.770 Thread 0x00007f357000a000 Threw 0x00000007d7bde978 at /build/buildd/openjdk-7-7u79-2.5.5/build/openjdk/hotspot/src/share/vm/prims/jvm.cpp:1284
Event: 0.770 Thread 0x00007f357000a000 Threw 0x00000007d7be3e10 at /build/buildd/openjdk-7-7u79-2.5.5/build/openjdk/hotspot/src/share/vm/prims/jvm.cpp:1284
Event: 0.771 Thread 0x00007f357000a000 Threw 0x00000007d7be9270 at /build/buildd/openjdk-7-7u79-2.5.5/build/openjdk/hotspot/src/share/vm/prims/jvm.cpp:1284
Event: 0.777 Thread 0x00007f357000a000 Threw 0x00000007d7c44930 at /build/buildd/openjdk-7-7u79-2.5.5/build/openjdk/hotspot/src/share/vm/prims/jvm.cpp:1284

Events (10 events):
Event: 0.772 loading class 0x00007f357018af60
Event: 0.772 loading class 0x00007f357018af60 done
Event: 0.772 loading class 0x00007f3570185ed0
Event: 0.772 loading class 0x00007f3570185ed0 done
Event: 0.772 loading class 0x00007f35700efc60
Event: 0.773 loading class 0x00007f35700efc60 done
Event: 0.777 loading class 0x00007f35700b6370
Event: 0.777 loading class 0x00007f35700b6370 done
Event: 0.777 loading class 0x00007f35701d1b60
Event: 0.777 loading class 0x00007f35701d1b60 done


Dynamic libraries:
00400000-00401000 r-xp 00000000 08:05 298468                             /usr/lib/jvm/java-7-openjdk-amd64/jre/bin/java
00600000-00601000 r--p 00000000 08:05 298468                             /usr/lib/jvm/java-7-openjdk-amd64/jre/bin/java
00601000-00602000 rw-p 00001000 08:05 298468                             /usr/lib/jvm/java-7-openjdk-amd64/jre/bin/java
00ee1000-00f02000 rw-p 00000000 00:00 0                                  [heap]
77a600000-77bb00000 rw-p 00000000 00:00 0 
77bb00000-784c00000 rw-p 00000000 00:00 0 
784c00000-789e00000 rw-p 00000000 00:00 0 
789e00000-7d6e80000 rw-p 00000000 00:00 0 
7d6e80000-7d9800000 rw-p 00000000 00:00 0 
7d9800000-800000000 rw-p 00000000 00:00 0 
7f352c000000-7f352c021000 rw-p 00000000 00:00 0 
7f352c021000-7f3530000000 ---p 00000000 00:00 0 
7f35306b1000-7f35306c8000 r-xp 00000000 08:05 298523                     /usr/lib/jvm/java-7-openjdk-amd64/jre/lib/amd64/libnet.so
7f35306c8000-7f35308c7000 ---p 00017000 08:05 298523                     /usr/lib/jvm/java-7-openjdk-amd64/jre/lib/amd64/libnet.so
7f35308c7000-7f35308c8000 r--p 00016000 08:05 298523                     /usr/lib/jvm/java-7-openjdk-amd64/jre/lib/amd64/libnet.so
7f35308c8000-7f35308c9000 rw-p 00017000 08:05 298523                     /usr/lib/jvm/java-7-openjdk-amd64/jre/lib/amd64/libnet.so
7f35308c9000-7f35308da000 r-xp 00000000 08:05 298494                     /usr/lib/jvm/java-7-openjdk-amd64/jre/lib/amd64/libnio.so
7f35308da000-7f3530ad9000 ---p 00011000 08:05 298494                     /usr/lib/jvm/java-7-openjdk-amd64/jre/lib/amd64/libnio.so
7f3530ad9000-7f3530ada000 r--p 00010000 08:05 298494                     /usr/lib/jvm/java-7-openjdk-amd64/jre/lib/amd64/libnio.so
7f3530ada000-7f3530adb000 rw-p 00011000 08:05 298494                     /usr/lib/jvm/java-7-openjdk-amd64/jre/lib/amd64/libnio.so
7f3530adb000-7f3530ae6000 r-xp 00000000 08:05 275200                     /usr/lib/x86_64-linux-gnu/libjbig.so.0
7f3530ae6000-7f3530ce5000 ---p 0000b000 08:05 275200                     /usr/lib/x86_64-linux-gnu/libjbig.so.0
7f3530ce5000-7f3530ce6000 r--p 0000a000 08:05 275200                     /usr/lib/x86_64-linux-gnu/libjbig.so.0
7f3530ce6000-7f3530ce9000 rw-p 0000b000 08:05 275200                     /usr/lib/x86_64-linux-gnu/libjbig.so.0
7f3530ce9000-7f3530d0a000 r-xp 00000000 08:05 5508                       /lib/x86_64-linux-gnu/liblzma.so.5.0.0
7f3530d0a000-7f3530f09000 ---p 00021000 08:05 5508                       /lib/x86_64-linux-gnu/liblzma.so.5.0.0
7f3530f09000-7f3530f0a000 r--p 00020000 08:05 5508                       /lib/x86_64-linux-gnu/liblzma.so.5.0.0
7f3530f0a000-7f3530f0b000 rw-p 00021000 08:05 5508                       /lib/x86_64-linux-gnu/liblzma.so.5.0.0
7f3530f0b000-7f3530f61000 r-xp 00000000 08:05 275649                     /usr/lib/x86_64-linux-gnu/libwebp.so.5.0.1
7f3530f61000-7f3531160000 ---p 00056000 08:05 275649                     /usr/lib/x86_64-linux-gnu/libwebp.so.5.0.1
7f3531160000-7f3531161000 r--p 00055000 08:05 275649                     /usr/lib/x86_64-linux-gnu/libwebp.so.5.0.1
7f3531161000-7f3531163000 rw-p 00056000 08:05 275649                     /usr/lib/x86_64-linux-gnu/libwebp.so.5.0.1
7f3531163000-7f35311d3000 r-xp 00000000 08:05 282436                     /usr/lib/x86_64-linux-gnu/libtiff.so.5.2.0
7f35311d3000-7f35313d2000 ---p 00070000 08:05 282436                     /usr/lib/x86_64-linux-gnu/libtiff.so.5.2.0
7f35313d2000-7f35313d4000 r--p 0006f000 08:05 282436                     /usr/lib/x86_64-linux-gnu/libtiff.so.5.2.0
7f35313d4000-7f35313d7000 rw-p 00071000 08:05 282436                     /usr/lib/x86_64-linux-gnu/libtiff.so.5.2.0
7f35313d7000-7f35313df000 r-xp 00000000 08:05 298656                     /usr/lib/x86_64-linux-gnu/libgif.so.4.1.6
7f35313df000-7f35315de000 ---p 00008000 08:05 298656                     /usr/lib/x86_64-linux-gnu/libgif.so.4.1.6
7f35315de000-7f35315df000 r--p 00007000 08:05 298656                     /usr/lib/x86_64-linux-gnu/libgif.so.4.1.6
7f35315df000-7f35315e0000 rw-p 00008000 08:05 298656                     /usr/lib/x86_64-linux-gnu/libgif.so.4.1.6
7f35315e0000-7f35317e5000 r-xp 00000000 08:05 310004                     /usr/lib/liblept.so.4.0.2
7f35317e5000-7f35319e5000 ---p 00205000 08:05 310004                     /usr/lib/liblept.so.4.0.2
7f35319e5000-7f35319e6000 r--p 00205000 08:05 310004                     /usr/lib/liblept.so.4.0.2
7f35319e6000-7f35319ec000 rw-p 00206000 08:05 310004                     /usr/lib/liblept.so.4.0.2
7f35319ec000-7f3531cfb000 r-xp 00000000 08:05 310073                     /usr/local/lib/libtesseract.so.3.0.4
7f3531cfb000-7f3531efa000 ---p 0030f000 08:05 310073                     /usr/local/lib/libtesseract.so.3.0.4
7f3531efa000-7f3531f00000 r--p 0030e000 08:05 310073                     /usr/local/lib/libtesseract.so.3.0.4
7f3531f00000-7f3531f08000 rw-p 00314000 08:05 310073                     /usr/local/lib/libtesseract.so.3.0.4
7f3531f08000-7f353219e000 rw-p 00000000 00:00 0 
7f353219e000-7f35321b5000 r-xp 00000000 08:05 24175                      /tmp/jna-105408/jna1300226965912701884.tmp (deleted)
7f35321b5000-7f35322b4000 ---p 00017000 08:05 24175                      /tmp/jna-105408/jna1300226965912701884.tmp (deleted)
7f35322b4000-7f35322b6000 rw-p 00016000 08:05 24175                      /tmp/jna-105408/jna1300226965912701884.tmp (deleted)
7f35322b6000-7f35322b9000 ---p 00000000 00:00 0 
7f35322b9000-7f35323b7000 rw-p 00000000 00:00 0                          [stack:2798]
7f35323b7000-7f35323fa000 r-xp 00000000 08:05 275202                     /usr/lib/x86_64-linux-gnu/libjpeg.so.8.0.2
7f35323fa000-7f35325fa000 ---p 00043000 08:05 275202                     /usr/lib/x86_64-linux-gnu/libjpeg.so.8.0.2
7f35325fa000-7f35325fb000 r--p 00043000 08:05 275202                     /usr/lib/x86_64-linux-gnu/libjpeg.so.8.0.2
7f35325fb000-7f35325fc000 rw-p 00044000 08:05 275202                     /usr/lib/x86_64-linux-gnu/libjpeg.so.8.0.2
7f35325fc000-7f353260c000 rw-p 00000000 00:00 0 
7f353260c000-7f3532616000 r-xp 00000000 08:05 298497                     /usr/lib/jvm/java-7-openjdk-amd64/jre/lib/amd64/libjavajpeg.so
7f3532616000-7f3532815000 ---p 0000a000 08:05 298497                     /usr/lib/jvm/java-7-openjdk-amd64/jre/lib/amd64/libjavajpeg.so
7f3532815000-7f3532816000 r--p 00009000 08:05 298497                     /usr/lib/jvm/java-7-openjdk-amd64/jre/lib/amd64/libjavajpeg.so
7f3532816000-7f3532817000 rw-p 0000a000 08:05 298497                     /usr/lib/jvm/java-7-openjdk-amd64/jre/lib/amd64/libjavajpeg.so
7f3532817000-7f353281a000 r-xp 00000000 08:05 5504                       /lib/x86_64-linux-gnu/libkeyutils.so.1.5
7f353281a000-7f3532a19000 ---p 00003000 08:05 5504                       /lib/x86_64-linux-gnu/libkeyutils.so.1.5
7f3532a19000-7f3532a1a000 r--p 00002000 08:05 5504                       /lib/x86_64-linux-gnu/libkeyutils.so.1.5
7f3532a1a000-7f3532a1b000 rw-p 00003000 08:05 5504                       /lib/x86_64-linux-gnu/libkeyutils.so.1.5
7f3532a1b000-7f3532a87000 r-xp 00000000 08:05 5568                       /lib/x86_64-linux-gnu/libpcre.so.3.13.1
7f3532a87000-7f3532c86000 ---p 0006c000 08:05 5568                       /lib/x86_64-linux-gnu/libpcre.so.3.13.1
7f3532c86000-7f3532c87000 r--p 0006b000 08:05 5568                       /lib/x86_64-linux-gnu/libpcre.so.3.13.1
7f3532c87000-7f3532c88000 rw-p 0006c000 08:05 5568                       /lib/x86_64-linux-gnu/libpcre.so.3.13.1
7f3532c88000-7f3532cad000 r-xp 00000000 08:05 5580                       /lib/x86_64-linux-gnu/libpng12.so.0.51.0
7f3532cad000-7f3532eac000 ---p 00025000 08:05 5580                       /lib/x86_64-linux-gnu/libpng12.so.0.51.0
7f3532eac000-7f3532ead000 r--p 00024000 08:05 5580                       /lib/x86_64-linux-gnu/libpng12.so.0.51.0
7f3532ead000-7f3532eae000 rw-p 00025000 08:05 5580                       /lib/x86_64-linux-gnu/libpng12.so.0.51.0
7f3532eae000-7f3532ef4000 r-xp 00000000 08:05 20376                      /lib/x86_64-linux-gnu/libdbus-1.so.3.8.7
7f3532ef4000-7f35330f3000 ---p 00046000 08:05 20376                      /lib/x86_64-linux-gnu/libdbus-1.so.3.8.7
7f35330f3000-7f35330f5000 r--p 00045000 08:05 20376                      /lib/x86_64-linux-gnu/libdbus-1.so.3.8.7
7f35330f5000-7f35330f6000 rw-p 00047000 08:05 20376                      /lib/x86_64-linux-gnu/libdbus-1.so.3.8.7
7f35330f6000-7f3533174000 r-xp 00000000 08:05 274990                     /usr/lib/x86_64-linux-gnu/libgmp.so.10.2.0
7f3533174000-7f3533374000 ---p 0007e000 08:05 274990                     /usr/lib/x86_64-linux-gnu/libgmp.so.10.2.0
7f3533374000-7f3533375000 r--p 0007e000 08:05 274990                     /usr/lib/x86_64-linux-gnu/libgmp.so.10.2.0
7f3533375000-7f3533376000 rw-p 0007f000 08:05 274990                     /usr/lib/x86_64-linux-gnu/libgmp.so.10.2.0
7f3533376000-7f35333a2000 r-xp 00000000 08:05 275147                     /usr/lib/x86_64-linux-gnu/libhogweed.so.2.5
7f35333a2000-7f35335a2000 ---p 0002c000 08:05 275147                     /usr/lib/x86_64-linux-gnu/libhogweed.so.2.5
7f35335a2000-7f35335a3000 r--p 0002c000 08:05 275147                     /usr/lib/x86_64-linux-gnu/libhogweed.so.2.5
7f35335a3000-7f35335a4000 rw-p 0002d000 08:05 275147                     /usr/lib/x86_64-linux-gnu/libhogweed.so.2.5
7f35335a4000-7f35335d3000 r-xp 00000000 08:05 275284                     /usr/lib/x86_64-linux-gnu/libnettle.so.4.7
7f35335d3000-7f35337d3000 ---p 0002f000 08:05 275284                     /usr/lib/x86_64-linux-gnu/libnettle.so.4.7
7f35337d3000-7f35337d4000 r--p 0002f000 08:05 275284                     /usr/lib/x86_64-linux-gnu/libnettle.so.4.7
7f35337d4000-7f35337d5000 rw-p 00030000 08:05 275284                     /usr/lib/x86_64-linux-gnu/libnettle.so.4.7
7f35337d5000-7f35337e6000 r-xp 00000000 08:05 268069                     /usr/lib/x86_64-linux-gnu/libtasn1.so.6.3.0
7f35337e6000-7f35339e6000 ---p 00011000 08:05 268069                     /usr/lib/x86_64-linux-gnu/libtasn1.so.6.3.0
7f35339e6000-7f35339e7000 r--p 00011000 08:05 268069                     /usr/lib/x86_64-linux-gnu/libtasn1.so.6.3.0
7f35339e7000-7f35339e8000 rw-p 00012000 08:05 268069                     /usr/lib/x86_64-linux-gnu/libtasn1.so.6.3.0
7f35339e8000-7f3533a23000 r-xp 00000000 08:05 275334                     /usr/lib/x86_64-linux-gnu/libp11-kit.so.0.0.0
7f3533a23000-7f3533c22000 ---p 0003b000 08:05 275334                     /usr/lib/x86_64-linux-gnu/libp11-kit.so.0.0.0
7f3533c22000-7f3533c28000 r--p 0003a000 08:05 275334                     /usr/lib/x86_64-linux-gnu/libp11-kit.so.0.0.0
7f3533c28000-7f3533c2a000 rw-p 00040000 08:05 275334                     /usr/lib/x86_64-linux-gnu/libp11-kit.so.0.0.0
7f3533c2a000-7f3533c34000 r-xp 00000000 08:05 274434                     /usr/lib/x86_64-linux-gnu/libkrb5support.so.0.1
7f3533c34000-7f3533e33000 ---p 0000a000 08:05 274434                     /usr/lib/x86_64-linux-gnu/libkrb5support.so.0.1
7f3533e33000-7f3533e34000 r--p 00009000 08:05 274434                     /usr/lib/x86_64-linux-gnu/libkrb5support.so.0.1
7f3533e34000-7f3533e35000 rw-p 0000a000 08:05 274434                     /usr/lib/x86_64-linux-gnu/libkrb5support.so.0.1
7f3533e35000-7f3533e38000 r-xp 00000000 08:05 19397                      /lib/x86_64-linux-gnu/libcom_err.so.2.1
7f3533e38000-7f3534037000 ---p 00003000 08:05 19397                      /lib/x86_64-linux-gnu/libcom_err.so.2.1
7f3534037000-7f3534038000 r--p 00002000 08:05 19397                      /lib/x86_64-linux-gnu/libcom_err.so.2.1
7f3534038000-7f3534039000 rw-p 00003000 08:05 19397                      /lib/x86_64-linux-gnu/libcom_err.so.2.1
7f3534039000-7f3534066000 r-xp 00000000 08:05 274437                     /usr/lib/x86_64-linux-gnu/libk5crypto.so.3.1
7f3534066000-7f3534265000 ---p 0002d000 08:05 274437                     /usr/lib/x86_64-linux-gnu/libk5crypto.so.3.1
7f3534265000-7f3534267000 r--p 0002c000 08:05 274437                     /usr/lib/x86_64-linux-gnu/libk5crypto.so.3.1
7f3534267000-7f3534268000 rw-p 0002e000 08:05 274437                     /usr/lib/x86_64-linux-gnu/libk5crypto.so.3.1
7f3534268000-7f3534269000 rw-p 00000000 00:00 0 
7f3534269000-7f3534329000 r-xp 00000000 08:05 274432                     /usr/lib/x86_64-linux-gnu/libkrb5.so.3.3
7f3534329000-7f3534529000 ---p 000c0000 08:05 274432                     /usr/lib/x86_64-linux-gnu/libkrb5.so.3.3
7f3534529000-7f3534536000 r--p 000c0000 08:05 274432                     /usr/lib/x86_64-linux-gnu/libkrb5.so.3.3
7f3534536000-7f3534538000 rw-p 000cd000 08:05 274432                     /usr/lib/x86_64-linux-gnu/libkrb5.so.3.3
7f3534538000-7f353453d000 r-xp 00000000 08:05 274588                     /usr/lib/x86_64-linux-gnu/libXdmcp.so.6.0.0
7f353453d000-7f353473c000 ---p 00005000 08:05 274588                     /usr/lib/x86_64-linux-gnu/libXdmcp.so.6.0.0
7f353473c000-7f353473d000 r--p 00004000 08:05 274588                     /usr/lib/x86_64-linux-gnu/libXdmcp.so.6.0.0
7f353473d000-7f353473e000 rw-p 00005000 08:05 274588                     /usr/lib/x86_64-linux-gnu/libXdmcp.so.6.0.0
7f353473e000-7f3534740000 r-xp 00000000 08:05 274577                     /usr/lib/x86_64-linux-gnu/libXau.so.6.0.0
7f3534740000-7f3534940000 ---p 00002000 08:05 274577                     /usr/lib/x86_64-linux-gnu/libXau.so.6.0.0
7f3534940000-7f3534941000 r--p 00002000 08:05 274577                     /usr/lib/x86_64-linux-gnu/libXau.so.6.0.0
7f3534941000-7f3534942000 rw-p 00003000 08:05 274577                     /usr/lib/x86_64-linux-gnu/libXau.so.6.0.0
7f3534942000-7f3534949000 r-xp 00000000 08:05 274877                     /usr/lib/x86_64-linux-gnu/libffi.so.6.0.2
7f3534949000-7f3534b48000 ---p 00007000 08:05 274877                     /usr/lib/x86_64-linux-gnu/libffi.so.6.0.2
7f3534b48000-7f3534b49000 r--p 00006000 08:05 274877                     /usr/lib/x86_64-linux-gnu/libffi.so.6.0.2
7f3534b49000-7f3534b4a000 rw-p 00007000 08:05 274877                     /usr/lib/x86_64-linux-gnu/libffi.so.6.0.2
7f3534b4a000-7f3534b61000 r-xp 00000000 08:05 19311                      /lib/x86_64-linux-gnu/libresolv-2.19.so
7f3534b61000-7f3534d61000 ---p 00017000 08:05 19311                      /lib/x86_64-linux-gnu/libresolv-2.19.so
7f3534d61000-7f3534d62000 r--p 00017000 08:05 19311                      /lib/x86_64-linux-gnu/libresolv-2.19.so
7f3534d62000-7f3534d63000 rw-p 00018000 08:05 19311                      /lib/x86_64-linux-gnu/libresolv-2.19.so
7f3534d63000-7f3534d65000 rw-p 00000000 00:00 0 
7f3534d65000-7f3534d86000 r-xp 00000000 08:05 5595                       /lib/x86_64-linux-gnu/libselinux.so.1
7f3534d86000-7f3534f85000 ---p 00021000 08:05 5595                       /lib/x86_64-linux-gnu/libselinux.so.1
7f3534f85000-7f3534f86000 r--p 00020000 08:05 5595                       /lib/x86_64-linux-gnu/libselinux.so.1
7f3534f86000-7f3534f87000 rw-p 00021000 08:05 5595                       /lib/x86_64-linux-gnu/libselinux.so.1
7f3534f87000-7f3534f89000 rw-p 00000000 00:00 0 
7f3534f89000-7f3535095000 r-xp 00000000 08:05 5294                       /lib/x86_64-linux-gnu/libglib-2.0.so.0.4200.1
7f3535095000-7f3535295000 ---p 0010c000 08:05 5294                       /lib/x86_64-linux-gnu/libglib-2.0.so.0.4200.1
7f3535295000-7f3535296000 r--p 0010c000 08:05 5294                       /lib/x86_64-linux-gnu/libglib-2.0.so.0.4200.1
7f3535296000-7f3535297000 rw-p 0010d000 08:05 5294                       /lib/x86_64-linux-gnu/libglib-2.0.so.0.4200.1
7f3535297000-7f3535298000 rw-p 00000000 00:00 0 
7f3535298000-7f353529b000 r-xp 00000000 08:05 268184                     /usr/lib/x86_64-linux-gnu/libgmodule-2.0.so.0.4200.1
7f353529b000-7f353549a000 ---p 00003000 08:05 268184                     /usr/lib/x86_64-linux-gnu/libgmodule-2.0.so.0.4200.1
7f353549a000-7f353549b000 r--p 00002000 08:05 268184                     /usr/lib/x86_64-linux-gnu/libgmodule-2.0.so.0.4200.1
7f353549b000-7f353549c000 rw-p 00003000 08:05 268184                     /usr/lib/x86_64-linux-gnu/libgmodule-2.0.so.0.4200.1
7f353549c000-7f35354c2000 r-xp 00000000 08:05 5481                       /lib/x86_64-linux-gnu/libexpat.so.1.6.0
7f35354c2000-7f35356c1000 ---p 00026000 08:05 5481                       /lib/x86_64-linux-gnu/libexpat.so.1.6.0
7f35356c1000-7f35356c4000 r--p 00025000 08:05 5481                       /lib/x86_64-linux-gnu/libexpat.so.1.6.0
7f35356c4000-7f35356c5000 rw-p 00028000 08:05 5481                       /lib/x86_64-linux-gnu/libexpat.so.1.6.0
7f35356c5000-7f3535767000 r-xp 00000000 08:05 267920                     /usr/lib/x86_64-linux-gnu/libfreetype.so.6.11.1
7f3535767000-7f3535966000 ---p 000a2000 08:05 267920                     /usr/lib/x86_64-linux-gnu/libfreetype.so.6.11.1
7f3535966000-7f353596c000 r--p 000a1000 08:05 267920                     /usr/lib/x86_64-linux-gnu/libfreetype.so.6.11.1
7f353596c000-7f353596d000 rw-p 000a7000 08:05 267920                     /usr/lib/x86_64-linux-gnu/libfreetype.so.6.11.1
7f353596d000-7f353597d000 r-xp 00000000 08:05 274681                     /usr/lib/x86_64-linux-gnu/libavahi-client.so.3.2.9
7f353597d000-7f3535b7c000 ---p 00010000 08:05 274681                     /usr/lib/x86_64-linux-gnu/libavahi-client.so.3.2.9
7f3535b7c000-7f3535b7d000 r--p 0000f000 08:05 274681                     /usr/lib/x86_64-linux-gnu/libavahi-client.so.3.2.9
7f3535b7d000-7f3535b7e000 rw-p 00010000 08:05 274681                     /usr/lib/x86_64-linux-gnu/libavahi-client.so.3.2.9
7f3535b7e000-7f3535b89000 r-xp 00000000 08:05 274683                     /usr/lib/x86_64-linux-gnu/libavahi-common.so.3.5.3
7f3535b89000-7f3535d88000 ---p 0000b000 08:05 274683                     /usr/lib/x86_64-linux-gnu/libavahi-common.so.3.5.3
7f3535d88000-7f3535d89000 r--p 0000a000 08:05 274683                     /usr/lib/x86_64-linux-gnu/libavahi-common.so.3.5.3
7f3535d89000-7f3535d8a000 rw-p 0000b000 08:05 274683                     /usr/lib/x86_64-linux-gnu/libavahi-common.so.3.5.3
7f3535d8a000-7f3535e89000 r-xp 00000000 08:05 268077                     /usr/lib/x86_64-linux-gnu/libgnutls-deb0.so.28.30.7
7f3535e89000-7f3536088000 ---p 000ff000 08:05 268077                     /usr/lib/x86_64-linux-gnu/libgnutls-deb0.so.28.30.7
7f3536088000-7f3536091000 r--p 000fe000 08:05 268077                     /usr/lib/x86_64-linux-gnu/libgnutls-deb0.so.28.30.7
7f3536091000-7f3536093000 rw-p 00107000 08:05 268077                     /usr/lib/x86_64-linux-gnu/libgnutls-deb0.so.28.30.7
7f3536093000-7f35360d8000 r-xp 00000000 08:05 274243                     /usr/lib/x86_64-linux-gnu/libgssapi_krb5.so.2.2
7f35360d8000-7f35362d7000 ---p 00045000 08:05 274243                     /usr/lib/x86_64-linux-gnu/libgssapi_krb5.so.2.2
7f35362d7000-7f35362d9000 r--p 00044000 08:05 274243                     /usr/lib/x86_64-linux-gnu/libgssapi_krb5.so.2.2
7f35362d9000-7f35362da000 rw-p 00046000 08:05 274243                     /usr/lib/x86_64-linux-gnu/libgssapi_krb5.so.2.2
7f35362da000-7f35362db000 rw-p 00000000 00:00 0 
7f35362db000-7f35362f8000 r-xp 00000000 08:05 275697                     /usr/lib/x86_64-linux-gnu/libxcb.so.1.1.0
7f35362f8000-7f35364f8000 ---p 0001d000 08:05 275697                     /usr/lib/x86_64-linux-gnu/libxcb.so.1.1.0
7f35364f8000-7f35364f9000 r--p 0001d000 08:05 275697                     /usr/lib/x86_64-linux-gnu/libxcb.so.1.1.0
7f35364f9000-7f35364fa000 rw-p 0001e000 08:05 275697                     /usr/lib/x86_64-linux-gnu/libxcb.so.1.1.0
7f35364fa000-7f353654a000 r-xp 00000000 08:05 268182                     /usr/lib/x86_64-linux-gnu/libgobject-2.0.so.0.4200.1
7f353654a000-7f353674a000 ---p 00050000 08:05 268182                     /usr/lib/x86_64-linux-gnu/libgobject-2.0.so.0.4200.1
7f353674a000-7f353674b000 r--p 00050000 08:05 268182                     /usr/lib/x86_64-linux-gnu/libgobject-2.0.so.0.4200.1
7f353674b000-7f353674c000 rw-p 00051000 08:05 268182                     /usr/lib/x86_64-linux-gnu/libgobject-2.0.so.0.4200.1
7f353674c000-7f35368bd000 r-xp 00000000 08:05 268183                     /usr/lib/x86_64-linux-gnu/libgio-2.0.so.0.4200.1
7f35368bd000-7f3536abd000 ---p 00171000 08:05 268183                     /usr/lib/x86_64-linux-gnu/libgio-2.0.so.0.4200.1
7f3536abd000-7f3536ac1000 r--p 00171000 08:05 268183                     /usr/lib/x86_64-linux-gnu/libgio-2.0.so.0.4200.1
7f3536ac1000-7f3536ac3000 rw-p 00175000 08:05 268183                     /usr/lib/x86_64-linux-gnu/libgio-2.0.so.0.4200.1
7f3536ac3000-7f3536ac5000 rw-p 00000000 00:00 0 
7f3536ac5000-7f3536b00000 r-xp 00000000 08:05 274891                     /usr/lib/x86_64-linux-gnu/libfontconfig.so.1.8.0
7f3536b00000-7f3536cff000 ---p 0003b000 08:05 274891                     /usr/lib/x86_64-linux-gnu/libfontconfig.so.1.8.0
7f3536cff000-7f3536d01000 r--p 0003a000 08:05 274891                     /usr/lib/x86_64-linux-gnu/libfontconfig.so.1.8.0
7f3536d01000-7f3536d02000 rw-p 0003c000 08:05 274891                     /usr/lib/x86_64-linux-gnu/libfontconfig.so.1.8.0
7f3536d02000-7f3536d6f000 r-xp 00000000 08:05 263551                     /usr/lib/x86_64-linux-gnu/libcups.so.2
7f3536d6f000-7f3536f6f000 ---p 0006d000 08:05 263551                     /usr/lib/x86_64-linux-gnu/libcups.so.2
7f3536f6f000-7f3536f76000 r--p 0006d000 08:05 263551                     /usr/lib/x86_64-linux-gnu/libcups.so.2
7f3536f76000-7f3536f77000 rw-p 00074000 08:05 263551                     /usr/lib/x86_64-linux-gnu/libcups.so.2
7f3536f77000-7f3536f86000 r-xp 00000000 08:05 274598                     /usr/lib/x86_64-linux-gnu/libXi.so.6.1.0
7f3536f86000-7f3537185000 ---p 0000f000 08:05 274598                     /usr/lib/x86_64-linux-gnu/libXi.so.6.1.0
7f3537185000-7f3537186000 r--p 0000e000 08:05 274598                     /usr/lib/x86_64-linux-gnu/libXi.so.6.1.0
7f3537186000-7f3537187000 rw-p 0000f000 08:05 274598                     /usr/lib/x86_64-linux-gnu/libXi.so.6.1.0
7f3537187000-7f353718c000 r-xp 00000000 08:05 274618                     /usr/lib/x86_64-linux-gnu/libXtst.so.6.1.0
7f353718c000-7f353738b000 ---p 00005000 08:05 274618                     /usr/lib/x86_64-linux-gnu/libXtst.so.6.1.0
7f353738b000-7f353738c000 r--p 00004000 08:05 274618                     /usr/lib/x86_64-linux-gnu/libXtst.so.6.1.0
7f353738c000-7f353738d000 rw-p 00005000 08:05 274618                     /usr/lib/x86_64-linux-gnu/libXtst.so.6.1.0
7f353738d000-7f3537396000 r-xp 00000000 08:05 274918                     /usr/lib/x86_64-linux-gnu/libXrender.so.1.3.0
7f3537396000-7f3537595000 ---p 00009000 08:05 274918                     /usr/lib/x86_64-linux-gnu/libXrender.so.1.3.0
7f3537595000-7f3537596000 r--p 00008000 08:05 274918                     /usr/lib/x86_64-linux-gnu/libXrender.so.1.3.0
7f3537596000-7f3537597000 rw-p 00009000 08:05 274918                     /usr/lib/x86_64-linux-gnu/libXrender.so.1.3.0
7f3537597000-7f35376ca000 r-xp 00000000 08:05 274573                     /usr/lib/x86_64-linux-gnu/libX11.so.6.3.0
7f35376ca000-7f35378ca000 ---p 00133000 08:05 274573                     /usr/lib/x86_64-linux-gnu/libX11.so.6.3.0
7f35378ca000-7f35378cb000 r--p 00133000 08:05 274573                     /usr/lib/x86_64-linux-gnu/libX11.so.6.3.0
7f35378cb000-7f35378cf000 rw-p 00134000 08:05 274573                     /usr/lib/x86_64-linux-gnu/libX11.so.6.3.0
7f35378cf000-7f35378d0000 rw-p 00000000 00:00 0 
7f35378d0000-7f35378e1000 r-xp 00000000 08:05 275558                     /usr/lib/x86_64-linux-gnu/libXext.so.6.4.0
7f35378e1000-7f3537ae0000 ---p 00011000 08:05 275558                     /usr/lib/x86_64-linux-gnu/libXext.so.6.4.0
7f3537ae0000-7f3537ae1000 r--p 00010000 08:05 275558                     /usr/lib/x86_64-linux-gnu/libXext.so.6.4.0
7f3537ae1000-7f3537ae2000 rw-p 00011000 08:05 275558                     /usr/lib/x86_64-linux-gnu/libXext.so.6.4.0
7f3537ae2000-7f3537b2a000 r-xp 00000000 08:05 298669                     /usr/lib/jvm/java-7-openjdk-amd64/jre/lib/amd64/xawt/libmawt.so
7f3537b2a000-7f3537d2a000 ---p 00048000 08:05 298669                     /usr/lib/jvm/java-7-openjdk-amd64/jre/lib/amd64/xawt/libmawt.so
7f3537d2a000-7f3537d2b000 r--p 00048000 08:05 298669                     /usr/lib/jvm/java-7-openjdk-amd64/jre/lib/amd64/xawt/libmawt.so
7f3537d2b000-7f3537d2e000 rw-p 00049000 08:05 298669                     /usr/lib/jvm/java-7-openjdk-amd64/jre/lib/amd64/xawt/libmawt.so
7f3537d2e000-7f3537d2f000 rw-p 00000000 00:00 0 
7f3537d2f000-7f3537dcf000 r-xp 00000000 08:05 298500                     /usr/lib/jvm/java-7-openjdk-amd64/jre/lib/amd64/libawt.so
7f3537dcf000-7f3537fcf000 ---p 000a0000 08:05 298500                     /usr/lib/jvm/java-7-openjdk-amd64/jre/lib/amd64/libawt.so
7f3537fcf000-7f3537fd0000 r--p 000a0000 08:05 298500                     /usr/lib/jvm/java-7-openjdk-amd64/jre/lib/amd64/libawt.so
7f3537fd0000-7f3537fdb000 rw-p 000a1000 08:05 298500                     /usr/lib/jvm/java-7-openjdk-amd64/jre/lib/amd64/libawt.so
7f3537fdb000-7f3538000000 rw-p 00000000 00:00 0 
7f3538000000-7f3538021000 rw-p 00000000 00:00 0 
7f3538021000-7f353c000000 ---p 00000000 00:00 0 
7f353c000000-7f353c021000 rw-p 00000000 00:00 0 
7f353c021000-7f3540000000 ---p 00000000 00:00 0 
7f3540000000-7f3540373000 rw-p 00000000 00:00 0 
7f3540373000-7f3544000000 ---p 00000000 00:00 0 
7f3544000000-7f35441b8000 rw-p 00000000 00:00 0 
7f35441b8000-7f3548000000 ---p 00000000 00:00 0 
7f3548000000-7f3548021000 rw-p 00000000 00:00 0 
7f3548021000-7f354c000000 ---p 00000000 00:00 0 
7f354c000000-7f354c021000 rw-p 00000000 00:00 0 
7f354c021000-7f3550000000 ---p 00000000 00:00 0 
7f3550000000-7f3550021000 rw-p 00000000 00:00 0 
7f3550021000-7f3554000000 ---p 00000000 00:00 0 
7f3554000000-7f3554021000 rw-p 00000000 00:00 0 
7f3554021000-7f3558000000 ---p 00000000 00:00 0 
7f3558000000-7f3558021000 rw-p 00000000 00:00 0 
7f3558021000-7f355c000000 ---p 00000000 00:00 0 
7f355c000000-7f355c021000 rw-p 00000000 00:00 0 
7f355c021000-7f3560000000 ---p 00000000 00:00 0 
7f3560000000-7f3560021000 rw-p 00000000 00:00 0 
7f3560021000-7f3564000000 ---p 00000000 00:00 0 
7f3564000000-7f3564021000 rw-p 00000000 00:00 0 
7f3564021000-7f3568000000 ---p 00000000 00:00 0 
7f3568048000-7f3568049000 ---p 00000000 00:00 0 
7f3568049000-7f3568149000 rw-p 00000000 00:00 0                          [stack:2797]
7f3568149000-7f356814c000 ---p 00000000 00:00 0 
7f356814c000-7f356824a000 rw-p 00000000 00:00 0                          [stack:2796]
7f356824a000-7f356824d000 ---p 00000000 00:00 0 
7f356824d000-7f356834b000 rw-p 00000000 00:00 0                          [stack:2795]
7f356834b000-7f356834e000 ---p 00000000 00:00 0 
7f356834e000-7f356844c000 rw-p 00000000 00:00 0                          [stack:2794]
7f356844c000-7f356844f000 ---p 00000000 00:00 0 
7f356844f000-7f356854d000 rw-p 00000000 00:00 0                          [stack:2793]
7f356854d000-7f3568c2f000 r--p 00000000 08:05 272413                     /usr/lib/locale/locale-archive
7f3568c2f000-7f3568c32000 ---p 00000000 00:00 0 
7f3568c32000-7f356d000000 rw-p 00000000 00:00 0                          [stack:2792]
7f356d000000-7f356d270000 rwxp 00000000 00:00 0 
7f356d270000-7f3570571000 rw-p 00000000 00:00 0 
7f3570571000-7f3574000000 ---p 00000000 00:00 0 
7f357401f000-7f3574024000 r--s 0004d000 08:05 298533                     /usr/lib/jvm/java-7-openjdk-amd64/jre/lib/jsse.jar
7f3574024000-7f3574027000 ---p 00000000 00:00 0 
7f3574027000-7f3574125000 rw-p 00000000 00:00 0                          [stack:2791]
7f3574125000-7f3574126000 ---p 00000000 00:00 0 
7f3574126000-7f3575223000 rw-p 00000000 00:00 0                          [stack:2790]
7f3575223000-7f35753d4000 r--s 01d27000 08:05 298530                     /usr/lib/jvm/java-7-openjdk-amd64/jre/lib/rt.jar
7f35753d4000-7f3575924000 rw-p 00000000 00:00 0 
7f3575924000-7f3575925000 ---p 00000000 00:00 0 
7f3575925000-7f3575a25000 rw-p 00000000 00:00 0                          [stack:2787]
7f3575a25000-7f3575a26000 ---p 00000000 00:00 0 
7f3575a26000-7f3575b26000 rw-p 00000000 00:00 0                          [stack:2786]
7f3575b26000-7f3575b27000 ---p 00000000 00:00 0 
7f3575b27000-7f3575c27000 rw-p 00000000 00:00 0                          [stack:2785]
7f3575c27000-7f3575c28000 ---p 00000000 00:00 0 
7f3575c28000-7f3575d33000 rw-p 00000000 00:00 0                          [stack:2783]
7f3575d33000-7f3575d7b000 rw-p 00000000 00:00 0 
7f3575d7b000-7f3575da4000 rw-p 00000000 00:00 0 
7f3575da4000-7f357600d000 rw-p 00000000 00:00 0 
7f357600d000-7f3576018000 rw-p 00000000 00:00 0 
7f3576018000-7f3576060000 rw-p 00000000 00:00 0 
7f3576060000-7f3576089000 rw-p 00000000 00:00 0 
7f3576089000-7f35762f1000 rw-p 00000000 00:00 0 
7f35762f1000-7f3576306000 rw-p 00000000 00:00 0 
7f3576306000-7f357643a000 rw-p 00000000 00:00 0 
7f357643a000-7f357643b000 rw-p 00000000 00:00 0 
7f357643b000-7f3576443000 r-xp 00000000 08:05 298496                     /usr/lib/jvm/java-7-openjdk-amd64/jre/lib/amd64/libzip.so
7f3576443000-7f3576642000 ---p 00008000 08:05 298496                     /usr/lib/jvm/java-7-openjdk-amd64/jre/lib/amd64/libzip.so
7f3576642000-7f3576643000 r--p 00007000 08:05 298496                     /usr/lib/jvm/java-7-openjdk-amd64/jre/lib/amd64/libzip.so
7f3576643000-7f3576644000 rw-p 00008000 08:05 298496                     /usr/lib/jvm/java-7-openjdk-amd64/jre/lib/amd64/libzip.so
7f3576644000-7f357664f000 r-xp 00000000 08:05 19316                      /lib/x86_64-linux-gnu/libnss_files-2.19.so
7f357664f000-7f357684e000 ---p 0000b000 08:05 19316                      /lib/x86_64-linux-gnu/libnss_files-2.19.so
7f357684e000-7f357684f000 r--p 0000a000 08:05 19316                      /lib/x86_64-linux-gnu/libnss_files-2.19.so
7f357684f000-7f3576850000 rw-p 0000b000 08:05 19316                      /lib/x86_64-linux-gnu/libnss_files-2.19.so
7f3576850000-7f357685b000 r-xp 00000000 08:05 19318                      /lib/x86_64-linux-gnu/libnss_nis-2.19.so
7f357685b000-7f3576a5a000 ---p 0000b000 08:05 19318                      /lib/x86_64-linux-gnu/libnss_nis-2.19.so
7f3576a5a000-7f3576a5b000 r--p 0000a000 08:05 19318                      /lib/x86_64-linux-gnu/libnss_nis-2.19.so
7f3576a5b000-7f3576a5c000 rw-p 0000b000 08:05 19318                      /lib/x86_64-linux-gnu/libnss_nis-2.19.so
7f3576a5c000-7f3576a73000 r-xp 00000000 08:05 19302                      /lib/x86_64-linux-gnu/libnsl-2.19.so
7f3576a73000-7f3576c72000 ---p 00017000 08:05 19302                      /lib/x86_64-linux-gnu/libnsl-2.19.so
7f3576c72000-7f3576c73000 r--p 00016000 08:05 19302                      /lib/x86_64-linux-gnu/libnsl-2.19.so
7f3576c73000-7f3576c74000 rw-p 00017000 08:05 19302                      /lib/x86_64-linux-gnu/libnsl-2.19.so
7f3576c74000-7f3576c76000 rw-p 00000000 00:00 0 
7f3576c76000-7f3576c7f000 r-xp 00000000 08:05 19303                      /lib/x86_64-linux-gnu/libnss_compat-2.19.so
7f3576c7f000-7f3576e7e000 ---p 00009000 08:05 19303                      /lib/x86_64-linux-gnu/libnss_compat-2.19.so
7f3576e7e000-7f3576e7f000 r--p 00008000 08:05 19303                      /lib/x86_64-linux-gnu/libnss_compat-2.19.so
7f3576e7f000-7f3576e80000 rw-p 00009000 08:05 19303                      /lib/x86_64-linux-gnu/libnss_compat-2.19.so
7f3576e80000-7f3576ead000 r-xp 00000000 08:05 298506                     /usr/lib/jvm/java-7-openjdk-amd64/jre/lib/amd64/libjava.so
7f3576ead000-7f35770ac000 ---p 0002d000 08:05 298506                     /usr/lib/jvm/java-7-openjdk-amd64/jre/lib/amd64/libjava.so
7f35770ac000-7f35770ad000 r--p 0002c000 08:05 298506                     /usr/lib/jvm/java-7-openjdk-amd64/jre/lib/amd64/libjava.so
7f35770ad000-7f35770af000 rw-p 0002d000 08:05 298506                     /usr/lib/jvm/java-7-openjdk-amd64/jre/lib/amd64/libjava.so
7f35770af000-7f35770c0000 r-xp 00000000 08:05 298509                     /usr/lib/jvm/java-7-openjdk-amd64/jre/lib/amd64/libverify.so
7f35770c0000-7f35772bf000 ---p 00011000 08:05 298509                     /usr/lib/jvm/java-7-openjdk-amd64/jre/lib/amd64/libverify.so
7f35772bf000-7f35772c1000 r--p 00010000 08:05 298509                     /usr/lib/jvm/java-7-openjdk-amd64/jre/lib/amd64/libverify.so
7f35772c1000-7f35772c2000 rw-p 00012000 08:05 298509                     /usr/lib/jvm/java-7-openjdk-amd64/jre/lib/amd64/libverify.so
7f35772c2000-7f35772c9000 r-xp 00000000 08:05 19319                      /lib/x86_64-linux-gnu/librt-2.19.so
7f35772c9000-7f35774c8000 ---p 00007000 08:05 19319                      /lib/x86_64-linux-gnu/librt-2.19.so
7f35774c8000-7f35774c9000 r--p 00006000 08:05 19319                      /lib/x86_64-linux-gnu/librt-2.19.so
7f35774c9000-7f35774ca000 rw-p 00007000 08:05 19319                      /lib/x86_64-linux-gnu/librt-2.19.so
7f35774ca000-7f35774e0000 r-xp 00000000 08:05 5486                       /lib/x86_64-linux-gnu/libgcc_s.so.1
7f35774e0000-7f35776df000 ---p 00016000 08:05 5486                       /lib/x86_64-linux-gnu/libgcc_s.so.1
7f35776df000-7f35776e0000 r--p 00015000 08:05 5486                       /lib/x86_64-linux-gnu/libgcc_s.so.1
7f35776e0000-7f35776e1000 rw-p 00016000 08:05 5486                       /lib/x86_64-linux-gnu/libgcc_s.so.1
7f35776e1000-7f35777e6000 r-xp 00000000 08:05 19298                      /lib/x86_64-linux-gnu/libm-2.19.so
7f35777e6000-7f35779e5000 ---p 00105000 08:05 19298                      /lib/x86_64-linux-gnu/libm-2.19.so
7f35779e5000-7f35779e6000 r--p 00104000 08:05 19298                      /lib/x86_64-linux-gnu/libm-2.19.so
7f35779e6000-7f35779e7000 rw-p 00105000 08:05 19298                      /lib/x86_64-linux-gnu/libm-2.19.so
7f35779e7000-7f3577ad7000 r-xp 00000000 08:05 275529                     /usr/lib/x86_64-linux-gnu/libstdc++.so.6.0.20
7f3577ad7000-7f3577cd7000 ---p 000f0000 08:05 275529                     /usr/lib/x86_64-linux-gnu/libstdc++.so.6.0.20
7f3577cd7000-7f3577cdf000 r--p 000f0000 08:05 275529                     /usr/lib/x86_64-linux-gnu/libstdc++.so.6.0.20
7f3577cdf000-7f3577ce1000 rw-p 000f8000 08:05 275529                     /usr/lib/x86_64-linux-gnu/libstdc++.so.6.0.20
7f3577ce1000-7f3577cf6000 rw-p 00000000 00:00 0 
7f3577cf6000-7f3578846000 r-xp 00000000 08:05 298521                     /usr/lib/jvm/java-7-openjdk-amd64/jre/lib/amd64/server/libjvm.so
7f3578846000-7f3578a45000 ---p 00b50000 08:05 298521                     /usr/lib/jvm/java-7-openjdk-amd64/jre/lib/amd64/server/libjvm.so
7f3578a45000-7f3578ae4000 r--p 00b4f000 08:05 298521                     /usr/lib/jvm/java-7-openjdk-amd64/jre/lib/amd64/server/libjvm.so
7f3578ae4000-7f3578b07000 rw-p 00bee000 08:05 298521                     /usr/lib/jvm/java-7-openjdk-amd64/jre/lib/amd64/server/libjvm.so
7f3578b07000-7f3578b34000 rw-p 00000000 00:00 0 
7f3578b34000-7f3578b4c000 r-xp 00000000 08:05 5630                       /lib/x86_64-linux-gnu/libz.so.1.2.8
7f3578b4c000-7f3578d4b000 ---p 00018000 08:05 5630                       /lib/x86_64-linux-gnu/libz.so.1.2.8
7f3578d4b000-7f3578d4c000 r--p 00017000 08:05 5630                       /lib/x86_64-linux-gnu/libz.so.1.2.8
7f3578d4c000-7f3578d4d000 rw-p 00018000 08:05 5630                       /lib/x86_64-linux-gnu/libz.so.1.2.8
7f3578d4d000-7f3578d66000 r-xp 00000000 08:05 19306                      /lib/x86_64-linux-gnu/libpthread-2.19.so
7f3578d66000-7f3578f65000 ---p 00019000 08:05 19306                      /lib/x86_64-linux-gnu/libpthread-2.19.so
7f3578f65000-7f3578f66000 r--p 00018000 08:05 19306                      /lib/x86_64-linux-gnu/libpthread-2.19.so
7f3578f66000-7f3578f67000 rw-p 00019000 08:05 19306                      /lib/x86_64-linux-gnu/libpthread-2.19.so
7f3578f67000-7f3578f6b000 rw-p 00000000 00:00 0 
7f3578f6b000-7f3578f6e000 r-xp 00000000 08:05 19305                      /lib/x86_64-linux-gnu/libdl-2.19.so
7f3578f6e000-7f357916d000 ---p 00003000 08:05 19305                      /lib/x86_64-linux-gnu/libdl-2.19.so
7f357916d000-7f357916e000 r--p 00002000 08:05 19305                      /lib/x86_64-linux-gnu/libdl-2.19.so
7f357916e000-7f357916f000 rw-p 00003000 08:05 19305                      /lib/x86_64-linux-gnu/libdl-2.19.so
7f357916f000-7f3579329000 r-xp 00000000 08:05 19317                      /lib/x86_64-linux-gnu/libc-2.19.so
7f3579329000-7f3579528000 ---p 001ba000 08:05 19317                      /lib/x86_64-linux-gnu/libc-2.19.so
7f3579528000-7f357952c000 r--p 001b9000 08:05 19317                      /lib/x86_64-linux-gnu/libc-2.19.so
7f357952c000-7f357952e000 rw-p 001bd000 08:05 19317                      /lib/x86_64-linux-gnu/libc-2.19.so
7f357952e000-7f3579533000 rw-p 00000000 00:00 0 
7f3579533000-7f3579540000 r-xp 00000000 08:05 298514                     /usr/lib/jvm/java-7-openjdk-amd64/jre/lib/amd64/jli/libjli.so
7f3579540000-7f357973f000 ---p 0000d000 08:05 298514                     /usr/lib/jvm/java-7-openjdk-amd64/jre/lib/amd64/jli/libjli.so
7f357973f000-7f3579740000 r--p 0000c000 08:05 298514                     /usr/lib/jvm/java-7-openjdk-amd64/jre/lib/amd64/jli/libjli.so
7f3579740000-7f3579741000 rw-p 0000d000 08:05 298514                     /usr/lib/jvm/java-7-openjdk-amd64/jre/lib/amd64/jli/libjli.so
7f3579741000-7f3579764000 r-xp 00000000 08:05 19312                      /lib/x86_64-linux-gnu/ld-2.19.so
7f3579765000-7f3579768000 r--s 0233b000 08:07 4599929                    /home/joe/Documents/OCR Project/workspace/workspace/Tesseract/libs/tess4j.jar
7f3579768000-7f357976c000 r--s 000dc000 08:07 4599931                    /home/joe/Documents/OCR Project/workspace/workspace/Tesseract/libs/jna.jar
7f357976c000-7f357977d000 r--s 00106000 08:07 4599930                    /home/joe/Documents/OCR Project/workspace/workspace/Tesseract/libs/jai_imageio.jar
7f357977d000-7f3579787000 rw-p 00000000 00:00 0 
7f3579787000-7f357983d000 rw-p 00000000 00:00 0 
7f357983d000-7f3579840000 ---p 00000000 00:00 0 
7f3579840000-7f3579943000 rw-p 00000000 00:00 0                          [stack:2781]
7f3579944000-7f3579948000 r--s 00034000 08:05 298549                     /usr/lib/jvm/java-7-openjdk-amd64/jre/lib/ext/sunjce_provider.jar
7f3579948000-7f357994b000 r--s 0000f000 08:05 298547                     /usr/lib/jvm/java-7-openjdk-amd64/jre/lib/ext/icedtea-sound.jar
7f357994b000-7f357994e000 r--s 00086000 08:05 298550                     /usr/lib/jvm/java-7-openjdk-amd64/jre/lib/ext/localedata.jar
7f357994e000-7f3579950000 r--s 00012000 08:05 298546                     /usr/lib/jvm/java-7-openjdk-amd64/jre/lib/ext/zipfs.jar
7f3579950000-7f3579951000 r--s 00002000 08:05 298548                     /usr/lib/jvm/java-7-openjdk-amd64/jre/lib/ext/dnsns.jar
7f3579951000-7f3579953000 r--s 00006000 08:05 522850                     /usr/share/java/java-atk-wrapper.jar
7f3579953000-7f3579957000 r--s 0003c000 08:05 298545                     /usr/lib/jvm/java-7-openjdk-amd64/jre/lib/ext/sunpkcs11.jar
7f3579957000-7f357995f000 rw-s 00000000 08:05 24174                      /tmp/hsperfdata_joe/2780
7f357995f000-7f3579960000 rw-p 00000000 00:00 0 
7f3579960000-7f3579961000 r--p 00000000 00:00 0 
7f3579961000-7f3579963000 rw-p 00000000 00:00 0 
7f3579963000-7f3579964000 r--p 00022000 08:05 19312                      /lib/x86_64-linux-gnu/ld-2.19.so
7f3579964000-7f3579965000 rw-p 00023000 08:05 19312                      /lib/x86_64-linux-gnu/ld-2.19.so
7f3579965000-7f3579966000 rw-p 00000000 00:00 0 
7ffffd488000-7ffffd4a9000 rw-p 00000000 00:00 0                          [stack]
7ffffd5fc000-7ffffd5fe000 r-xp 00000000 00:00 0                          [vdso]
7ffffd5fe000-7ffffd600000 r--p 00000000 00:00 0                          [vvar]
ffffffffff600000-ffffffffff601000 r-xp 00000000 00:00 0                  [vsyscall]

VM Arguments:
jvm_args: -Dfile.encoding=UTF-8 
java_command: Main
Launcher Type: SUN_STANDARD

Environment Variables:
PATH=/home/joe/tesseract-ocr/training:/home/joe/tesseract-ocr:/usr/local/sbin:/usr/local/bin:/usr/sbin:/usr/bin:/sbin:/bin:/usr/games:/usr/local/games
SHELL=/bin/bash
DISPLAY=:0.0

Signal Handlers:
SIGSEGV: [libjvm.so+0x983740], sa_mask[0]=0x7ffbfeff, sa_flags=0x10000004
SIGBUS: [libjvm.so+0x983740], sa_mask[0]=0x7ffbfeff, sa_flags=0x10000004
SIGFPE: [libjvm.so+0x7f0180], sa_mask[0]=0x7ffbfeff, sa_flags=0x10000004
SIGPIPE: [libjvm.so+0x7f0180], sa_mask[0]=0x7ffbfeff, sa_flags=0x10000004
SIGXFSZ: [libjvm.so+0x7f0180], sa_mask[0]=0x7ffbfeff, sa_flags=0x10000004
SIGILL: [libjvm.so+0x7f0180], sa_mask[0]=0x7ffbfeff, sa_flags=0x10000004
SIGUSR1: SIG_DFL, sa_mask[0]=0x00000000, sa_flags=0x00000000
SIGUSR2: [libjvm.so+0x7f0000], sa_mask[0]=0x00000004, sa_flags=0x10000004
SIGHUP: [libjvm.so+0x7f0200], sa_mask[0]=0x7ffbfeff, sa_flags=0x10000004
SIGINT: [libjvm.so+0x7f0200], sa_mask[0]=0x7ffbfeff, sa_flags=0x10000004
SIGTERM: [libjvm.so+0x7f0200], sa_mask[0]=0x7ffbfeff, sa_flags=0x10000004
SIGQUIT: [libjvm.so+0x7f0200], sa_mask[0]=0x7ffbfeff, sa_flags=0x10000004
SIGTRAP: SIG_DFL, sa_mask[0]=0x00000000, sa_flags=0x00000000


---------------  S Y S T E M  ---------------

OS:Ubuntu 14.10 (utopic)
uname:Linux 3.16.0-23-generic #31-Ubuntu SMP Tue Oct 21 17:56:17 UTC 2014 x86_64
libc:glibc 2.19 NPTL 2.19 
rlimit: STACK 8192k, CORE 0k, NPROC 31440, NOFILE 4096, AS infinity
load average:1.50 0.47 0.16

/proc/meminfo:
MemTotal:        8070928 kB
MemFree:         6059504 kB
MemAvailable:    6533052 kB
Buffers:           54100 kB
Cached:           879640 kB
SwapCached:            0 kB
Active:          1245696 kB
Inactive:         569104 kB
Active(anon):     882784 kB
Inactive(anon):   316368 kB
Active(file):     362912 kB
Inactive(file):   252736 kB
Unevictable:           0 kB
Mlocked:               0 kB
SwapTotal:       7811068 kB
SwapFree:        7811068 kB
Dirty:              1280 kB
Writeback:             0 kB
AnonPages:        881548 kB
Mapped:           201976 kB
Shmem:            317668 kB
Slab:              81576 kB
SReclaimable:      53684 kB
SUnreclaim:        27892 kB
KernelStack:        6624 kB
PageTables:        23816 kB
NFS_Unstable:          0 kB
Bounce:                0 kB
WritebackTmp:          0 kB
CommitLimit:    11846532 kB
Committed_AS:    3375128 kB
VmallocTotal:   34359738367 kB
VmallocUsed:      557544 kB
VmallocChunk:   34359118772 kB
HardwareCorrupted:     0 kB
AnonHugePages:    448512 kB
HugePages_Total:       0
HugePages_Free:        0
HugePages_Rsvd:        0
HugePages_Surp:        0
Hugepagesize:       2048 kB
DirectMap4k:       62976 kB
DirectMap2M:     2977792 kB
DirectMap1G:     5242880 kB


CPU:total 4 (2 cores per cpu, 2 threads per core) family 6 model 69 stepping 1, cmov, cx8, fxsr, mmx, sse, sse2, sse3, ssse3, sse4.1, sse4.2, popcnt, avx, avx2, aes, erms, ht, tsc, tscinvbit

/proc/cpuinfo:
processor	: 0
vendor_id	: GenuineIntel
cpu family	: 6
model		: 69
model name	: Intel(R) Core(TM) i5-4300U CPU @ 1.90GHz
stepping	: 1
microcode	: 0x1c
cpu MHz		: 2586.425
cache size	: 3072 KB
physical id	: 0
siblings	: 4
core id		: 0
cpu cores	: 2
apicid		: 0
initial apicid	: 0
fpu		: yes
fpu_exception	: yes
cpuid level	: 13
wp		: yes
flags		: fpu vme de pse tsc msr pae mce cx8 apic sep mtrr pge mca cmov pat pse36 clflush dts acpi mmx fxsr sse sse2 ss ht tm pbe syscall nx pdpe1gb rdtscp lm constant_tsc arch_perfmon pebs bts rep_good nopl xtopology nonstop_tsc aperfmperf eagerfpu pni pclmulqdq dtes64 monitor ds_cpl vmx smx est tm2 ssse3 fma cx16 xtpr pdcm pcid sse4_1 sse4_2 x2apic movbe popcnt tsc_deadline_timer aes xsave avx f16c rdrand lahf_lm abm ida arat epb xsaveopt pln pts dtherm tpr_shadow vnmi flexpriority ept vpid fsgsbase tsc_adjust bmi1 avx2 smep bmi2 erms invpcid
bogomips	: 4988.31
clflush size	: 64
cache_alignment	: 64
address sizes	: 39 bits physical, 48 bits virtual
power management:

processor	: 1
vendor_id	: GenuineIntel
cpu family	: 6
model		: 69
model name	: Intel(R) Core(TM) i5-4300U CPU @ 1.90GHz
stepping	: 1
microcode	: 0x1c
cpu MHz		: 2592.968
cache size	: 3072 KB
physical id	: 0
siblings	: 4
core id		: 0
cpu cores	: 2
apicid		: 1
initial apicid	: 1
fpu		: yes
fpu_exception	: yes
cpuid level	: 13
wp		: yes
flags		: fpu vme de pse tsc msr pae mce cx8 apic sep mtrr pge mca cmov pat pse36 clflush dts acpi mmx fxsr sse sse2 ss ht tm pbe syscall nx pdpe1gb rdtscp lm constant_tsc arch_perfmon pebs bts rep_good nopl xtopology nonstop_tsc aperfmperf eagerfpu pni pclmulqdq dtes64 monitor ds_cpl vmx smx est tm2 ssse3 fma cx16 xtpr pdcm pcid sse4_1 sse4_2 x2apic movbe popcnt tsc_deadline_timer aes xsave avx f16c rdrand lahf_lm abm ida arat epb xsaveopt pln pts dtherm tpr_shadow vnmi flexpriority ept vpid fsgsbase tsc_adjust bmi1 avx2 smep bmi2 erms invpcid
bogomips	: 4988.31
clflush size	: 64
cache_alignment	: 64
address sizes	: 39 bits physical, 48 bits virtual
power management:

processor	: 2
vendor_id	: GenuineIntel
cpu family	: 6
model		: 69
model name	: Intel(R) Core(TM) i5-4300U CPU @ 1.90GHz
stepping	: 1
microcode	: 0x1c
cpu MHz		: 2706.445
cache size	: 3072 KB
physical id	: 0
siblings	: 4
core id		: 1
cpu cores	: 2
apicid		: 2
initial apicid	: 2
fpu		: yes
fpu_exception	: yes
cpuid level	: 13
wp		: yes
flags		: fpu vme de pse tsc msr pae mce cx8 apic sep mtrr pge mca cmov pat pse36 clflush dts acpi mmx fxsr sse sse2 ss ht tm pbe syscall nx pdpe1gb rdtscp lm constant_tsc arch_perfmon pebs bts rep_good nopl xtopology nonstop_tsc aperfmperf eagerfpu pni pclmulqdq dtes64 monitor ds_cpl vmx smx est tm2 ssse3 fma cx16 xtpr pdcm pcid sse4_1 sse4_2 x2apic movbe popcnt tsc_deadline_timer aes xsave avx f16c rdrand lahf_lm abm ida arat epb xsaveopt pln pts dtherm tpr_shadow vnmi flexpriority ept vpid fsgsbase tsc_adjust bmi1 avx2 smep bmi2 erms invpcid
bogomips	: 4988.31
clflush size	: 64
cache_alignment	: 64
address sizes	: 39 bits physical, 48 bits virtual
power management:

processor	: 3
vendor_id	: GenuineIntel
cpu family	: 6
model		: 69
model name	: Intel(R) Core(TM) i5-4300U CPU @ 1.90GHz
stepping	: 1
microcode	: 0x1c
cpu MHz		: 2543.066
cache size	: 3072 KB
physical id	: 0
siblings	: 4
core id		: 1
cpu cores	: 2
apicid		: 3
initial apicid	: 3
fpu		: yes
fpu_exception	: yes
cpuid level	: 13
wp		: yes
flags		: fpu vme de pse tsc msr pae mce cx8 apic sep mtrr pge mca cmov pat pse36 clflush dts acpi mmx fxsr sse sse2 ss ht tm pbe syscall nx pdpe1gb rdtscp lm constant_tsc arch_perfmon pebs bts rep_good nopl xtopology nonstop_tsc aperfmperf eagerfpu pni pclmulqdq dtes64 monitor ds_cpl vmx smx est tm2 ssse3 fma cx16 xtpr pdcm pcid sse4_1 sse4_2 x2apic movbe popcnt tsc_deadline_timer aes xsave avx f16c rdrand lahf_lm abm ida arat epb xsaveopt pln pts dtherm tpr_shadow vnmi flexpriority ept vpid fsgsbase tsc_adjust bmi1 avx2 smep bmi2 erms invpcid
bogomips	: 4988.31
clflush size	: 64
cache_alignment	: 64
address sizes	: 39 bits physical, 48 bits virtual
power management:



Memory: 4k page, physical 8070928k(6059504k free), swap 7811068k(7811068k free)

vm_info: OpenJDK 64-Bit Server VM (24.79-b02) for linux-amd64 JRE (1.7.0_79-b14), built on Apr 16 2015 08:25:58 by "buildd" with gcc 4.9.1

time: Tue Jun  9 13:38:41 2015
elapsed time: 0 seconds

