#
# A fatal error has been detected by the Java Runtime Environment:
#
#  SIGSEGV (0xb) at pc=0x00007f5410d171db, pid=3834, tid=139999704737536
#
# JRE version: OpenJDK Runtime Environment (7.0_79-b14) (build 1.7.0_79-b14)
# Java VM: OpenJDK 64-Bit Server VM (24.79-b02 mixed mode linux-amd64 compressed oops)
# Derivative: IcedTea 2.5.5
# Distribution: Ubuntu 14.10, package 7u79-2.5.5-0ubuntu0.14.10.2
# Problematic frame:
# C  [libtesseract.so+0x25f1db]  ERRCODE::error(char const*, TessErrorLogCode, char const*, ...) const+0x16b
#
# Failed to write core dump. Core dumps have been disabled. To enable core dumping, try "ulimit -c unlimited" before starting Java again
#
# If you would like to submit a bug report, please include
# instructions on how to reproduce the bug and visit:
#   http://icedtea.classpath.org/bugzilla
# The crash happened outside the Java Virtual Machine in native code.
# See problematic frame for where to report the bug.
#

---------------  T H R E A D  ---------------

Current thread (0x00007f543000a000):  JavaThread "main" [_thread_in_native, id=3840, stack(0x00007f54389b6000,0x00007f5438ab7000)]

siginfo:si_signo=SIGSEGV: si_errno=0, si_code=1 (SEGV_MAPERR), si_addr=0x0000000000000000

Registers:
RAX=0x000000000000004e, RBX=0x00007f5438ab3bbd, RCX=0x00007f54383d35bd, RDX=0x00007f54386a79f0
RSP=0x00007f5438ab3b70, RBP=0x00007f5438ab3b90, RSI=0x000000000000004e, RDI=0x00007f5438ab1340
R8 =0x00007f5438ab6700, R9 =0x61646120656c6966, R10=0x00007f54386a3be0, R11=0x0000000000000000
R12=0x0000000000000002, R13=0x00007f5410d22277, R14=0x00007f5410fd77c0, R15=0x00007f54305a3110
RIP=0x00007f5410d171db, EFLAGS=0x0000000000010246, CSGSFS=0x0000000000000033, ERR=0x0000000000000004
  TRAPNO=0x000000000000000e

Top of Stack: (sp=0x00007f5438ab3b70)
0x00007f5438ab3b70:   0000000000000000 0000003000000030
0x00007f5438ab3b80:   00007f5438ab4080 00007f5438ab3fa0
0x00007f5438ab3b90:   5464657470616441 736574616c706d65
0x00007f5438ab3ba0:   4c4c554e203d2120 413a726f7272453a
0x00007f5438ab3bb0:   6166207472657373 206e693a64656c69
0x00007f5438ab3bc0:   61646120656c6966 2e686374616d7470
0x00007f5438ab3bd0:   6e696c202c707063 00000a3938312065
0x00007f5438ab3be0:   0000000000000000 0000000000000000
0x00007f5438ab3bf0:   0000000000000000 0000000000000000
0x00007f5438ab3c00:   0000000000000000 0000000000000000
0x00007f5438ab3c10:   0000000000000000 0000000000000000
0x00007f5438ab3c20:   0000000000000000 0000000000000000
0x00007f5438ab3c30:   0000000000000000 0000000000000000
0x00007f5438ab3c40:   0000000000000000 0000000000000000
0x00007f5438ab3c50:   0000000000000000 0000000000000000
0x00007f5438ab3c60:   0000000000000000 0000000000000000
0x00007f5438ab3c70:   0000000000000000 0000000000000000
0x00007f5438ab3c80:   0000000000000000 0000000000000000
0x00007f5438ab3c90:   0000000000000000 0000000000000000
0x00007f5438ab3ca0:   0000000000000000 0000000000000000
0x00007f5438ab3cb0:   0000000000000000 0000000000000000
0x00007f5438ab3cc0:   0000000000000000 0000000000000000
0x00007f5438ab3cd0:   0000000000000000 0000000000000000
0x00007f5438ab3ce0:   0000000000000000 0000000000000000
0x00007f5438ab3cf0:   0000000000000000 0000000000000000
0x00007f5438ab3d00:   0000000000000000 0000000000000000
0x00007f5438ab3d10:   0000000000000000 0000000000000000
0x00007f5438ab3d20:   0000000000000000 0000000000000000
0x00007f5438ab3d30:   0000000000000000 0000000000000000
0x00007f5438ab3d40:   0000000000000000 0000000000000000
0x00007f5438ab3d50:   0000000000000000 0000000000000000
0x00007f5438ab3d60:   0000000000000000 0000000000000000 

Instructions: (pc=0x00007f5410d171db)
0x00007f5410d171bb:   be 01 00 00 00 48 8b 38 31 c0 e8 c6 91 e3 ff 41
0x00007f5410d171cb:   83 fc ff 7c 18 45 85 e4 7e 2f 41 83 fc 02 7f 0d
0x00007f5410d171db:   8b 04 25 00 00 00 00 0f 0b 0f 1f 40 00 48 8d 35
0x00007f5410d171eb:   d1 b0 01 00 48 8d 3d 92 26 50 00 31 c9 ba 02 00 

Register to memory mapping:

RAX=0x000000000000004e is an unknown value
RBX=0x00007f5438ab3bbd is pointing into the stack for thread: 0x00007f543000a000
RCX=0x00007f54383d35bd: __write+0x2d in /lib/x86_64-linux-gnu/libc.so.6 at 0x00007f54382e8000
RDX=0x00007f54386a79f0: <offset 0x3bf9f0> in /lib/x86_64-linux-gnu/libc.so.6 at 0x00007f54382e8000
RSP=0x00007f5438ab3b70 is pointing into the stack for thread: 0x00007f543000a000
RBP=0x00007f5438ab3b90 is pointing into the stack for thread: 0x00007f543000a000
RSI=0x000000000000004e is an unknown value
RDI=0x00007f5438ab1340 is pointing into the stack for thread: 0x00007f543000a000
R8 =0x00007f5438ab6700 is pointing into the stack for thread: 0x00007f543000a000
R9 =0x61646120656c6966 is an unknown value
R10=0x00007f54386a3be0: <offset 0x3bbbe0> in /lib/x86_64-linux-gnu/libc.so.6 at 0x00007f54382e8000
R11=0x0000000000000000 is an unknown value
R12=0x0000000000000002 is an unknown value
R13=0x00007f5410d22277: <offset 0x26a277> in /usr/local/lib/libtesseract.so at 0x00007f5410ab8000
R14=0x00007f5410fd77c0: <offset 0x51f7c0> in /usr/local/lib/libtesseract.so at 0x00007f5410ab8000
R15=0x00007f54305a3110 is an unknown value


Stack: [0x00007f54389b6000,0x00007f5438ab7000],  sp=0x00007f5438ab3b70,  free space=1014k
Native frames: (J=compiled Java code, j=interpreted, Vv=VM code, C=native code)
C  [libtesseract.so+0x25f1db]  ERRCODE::error(char const*, TessErrorLogCode, char const*, ...) const+0x16b

Java frames: (J=compiled Java code, j=interpreted, Vv=VM code)
j  com.sun.jna.Native.invokePointer(JI[Ljava/lang/Object;)J+0
j  com.sun.jna.Function.invokePointer(I[Ljava/lang/Object;)Lcom/sun/jna/Pointer;+6
j  com.sun.jna.Function.invoke([Ljava/lang/Object;Ljava/lang/Class;Z)Ljava/lang/Object;+426
j  com.sun.jna.Function.invoke(Ljava/lang/Class;[Ljava/lang/Object;Ljava/util/Map;)Ljava/lang/Object;+262
j  com.sun.jna.Library$Handler.invoke(Ljava/lang/Object;Ljava/lang/reflect/Method;[Ljava/lang/Object;)Ljava/lang/Object;+316
j  com.sun.proxy.$Proxy0.TessBaseAPIGetUTF8Text(Lnet/sourceforge/tess4j/ITessAPI$TessBaseAPI;)Lcom/sun/jna/Pointer;+16
j  net.sourceforge.tess4j.Tesseract.getOCRText(Ljava/lang/String;I)Ljava/lang/String;+62
j  net.sourceforge.tess4j.Tesseract.doOCR(Ljava/util/List;Ljava/lang/String;Ljava/awt/Rectangle;)Ljava/lang/String;+69
j  net.sourceforge.tess4j.Tesseract.doOCR(Ljava/io/File;Ljava/awt/Rectangle;)Ljava/lang/String;+10
j  net.sourceforge.tess4j.Tesseract.doOCR(Ljava/io/File;)Ljava/lang/String;+3
j  OCREngine.doOCR(Ljava/io/File;)Ljava/lang/String;+5
j  Main.main([Ljava/lang/String;)V+23
v  ~StubRoutines::call_stub

---------------  P R O C E S S  ---------------

Java Threads: ( => current thread )
  0x00007f54301e0800 JavaThread "Java2D Disposer" daemon [_thread_blocked, id=3854, stack(0x00007f542407d000,0x00007f542417e000)]
  0x00007f54300af000 JavaThread "Service Thread" daemon [_thread_blocked, id=3852, stack(0x00007f542751a000,0x00007f542761b000)]
  0x00007f54300ad000 JavaThread "C2 CompilerThread1" daemon [_thread_blocked, id=3851, stack(0x00007f542761b000,0x00007f542771c000)]
  0x00007f54300aa000 JavaThread "C2 CompilerThread0" daemon [_thread_in_native, id=3850, stack(0x00007f542771c000,0x00007f542781d000)]
  0x00007f54300a7800 JavaThread "Signal Dispatcher" daemon [_thread_blocked, id=3849, stack(0x00007f542781d000,0x00007f542791e000)]
  0x00007f543007c800 JavaThread "Finalizer" daemon [_thread_blocked, id=3847, stack(0x00007f542c08e000,0x00007f542c18f000)]
  0x00007f543007a000 JavaThread "Reference Handler" daemon [_thread_blocked, id=3846, stack(0x00007f542c18f000,0x00007f542c290000)]
=>0x00007f543000a000 JavaThread "main" [_thread_in_native, id=3840, stack(0x00007f54389b6000,0x00007f5438ab7000)]

Other Threads:
  0x00007f5430075800 VMThread [stack: 0x00007f542c290000,0x00007f542c391000] [id=3845]
  0x00007f54300ba000 WatcherThread [stack: 0x00007f5427419000,0x00007f542751a000] [id=3853]

VM state:not at safepoint (normal execution)

VM Mutex/Monitor currently owned by a thread: None

Heap
 PSYoungGen      total 37376K, used 14248K [0x00000007d6e80000, 0x00000007d9800000, 0x0000000800000000)
  eden space 32256K, 44% used [0x00000007d6e80000,0x00000007d7c6a008,0x00000007d8e00000)
  from space 5120K, 0% used [0x00000007d9300000,0x00000007d9300000,0x00000007d9800000)
  to   space 5120K, 0% used [0x00000007d8e00000,0x00000007d8e00000,0x00000007d9300000)
 ParOldGen       total 83968K, used 0K [0x0000000784c00000, 0x0000000789e00000, 0x00000007d6e80000)
  object space 83968K, 0% used [0x0000000784c00000,0x0000000784c00000,0x0000000789e00000)
 PSPermGen       total 21504K, used 7742K [0x000000077a600000, 0x000000077bb00000, 0x0000000784c00000)
  object space 21504K, 36% used [0x000000077a600000,0x000000077ad8fa88,0x000000077bb00000)

Card table byte_map: [0x00007f5435186000,0x00007f54355b4000] byte_map_base: 0x00007f54315b3000

Polling page: 0x00007f5438ad9000

Code Cache  [0x00007f542d000000, 0x00007f542d270000, 0x00007f5430000000)
 total_blobs=311 nmethods=36 adapters=228 free_code_cache=48643Kb largest_free_block=49794176

Compilation events (10 events):
Event: 0.379 Thread 0x00007f54300aa000   33             sun.awt.image.ByteInterleavedRaster::getByteData (851 bytes)
Event: 0.395 Thread 0x00007f54300ad000 nmethod 32% 0x00007f542d080490 code [0x00007f542d080640, 0x00007f542d080f18]
Event: 0.399 Thread 0x00007f54300ad000   34             java.lang.AbstractStringBuilder::append (48 bytes)
Event: 0.406 Thread 0x00007f54300ad000 nmethod 34 0x00007f542d079810 code [0x00007f542d079980, 0x00007f542d079d58]
Event: 0.406 Thread 0x00007f54300ad000   35             java.lang.String::getChars (62 bytes)
Event: 0.407 Thread 0x00007f54300ad000 nmethod 35 0x00007f542d07d350 code [0x00007f542d07d4a0, 0x00007f542d07d5d8]
Event: 0.420 Thread 0x00007f54300ad000   36             java.lang.StringBuilder::append (8 bytes)
Event: 0.426 Thread 0x00007f54300ad000 nmethod 36 0x00007f542d07e690 code [0x00007f542d07e800, 0x00007f542d07ebd8]
Event: 0.426 Thread 0x00007f54300ad000   37             java.util.Arrays::copyOfRange (63 bytes)
Event: 0.429 Thread 0x00007f54300ad000 nmethod 37 0x00007f542d07dfd0 code [0x00007f542d07e120, 0x00007f542d07e338]

GC Heap History (0 events):
No events

Deoptimization events (5 events):
Event: 0.308 Thread 0x00007f543000a000 Uncommon trap: reason=bimorphic action=maybe_recompile pc=0x00007f542d072c24 method=java.util.HashMap.getEntry(Ljava/lang/Object;)Ljava/util/HashMap$Entry; @ 68
Event: 0.309 Thread 0x00007f543000a000 Uncommon trap: reason=bimorphic action=maybe_recompile pc=0x00007f542d072c24 method=java.util.HashMap.getEntry(Ljava/lang/Object;)Ljava/util/HashMap$Entry; @ 68
Event: 0.310 Thread 0x00007f543000a000 Uncommon trap: reason=bimorphic action=maybe_recompile pc=0x00007f542d073c44 method=java.util.HashMap.getEntry(Ljava/lang/Object;)Ljava/util/HashMap$Entry; @ 68
Event: 0.310 Thread 0x00007f543000a000 Uncommon trap: reason=bimorphic action=maybe_recompile pc=0x00007f542d073c44 method=java.util.HashMap.getEntry(Ljava/lang/Object;)Ljava/util/HashMap$Entry; @ 68
Event: 0.310 Thread 0x00007f543000a000 Uncommon trap: reason=bimorphic action=maybe_recompile pc=0x00007f542d072c24 method=java.util.HashMap.getEntry(Ljava/lang/Object;)Ljava/util/HashMap$Entry; @ 68

Internal exceptions (10 events):
Event: 0.423 Thread 0x00007f543000a000 Threw 0x00000007d7bbb2d8 at /build/buildd/openjdk-7-7u79-2.5.5/build/openjdk/hotspot/src/share/vm/prims/jvm.cpp:1284
Event: 0.423 Thread 0x00007f543000a000 Threw 0x00000007d7bc0e28 at /build/buildd/openjdk-7-7u79-2.5.5/build/openjdk/hotspot/src/share/vm/prims/jvm.cpp:1284
Event: 0.423 Thread 0x00007f543000a000 Threw 0x00000007d7bc61d8 at /build/buildd/openjdk-7-7u79-2.5.5/build/openjdk/hotspot/src/share/vm/prims/jvm.cpp:1284
Event: 0.424 Thread 0x00007f543000a000 Threw 0x00000007d7bcc898 at /build/buildd/openjdk-7-7u79-2.5.5/build/openjdk/hotspot/src/share/vm/prims/jvm.cpp:1284
Event: 0.424 Thread 0x00007f543000a000 Threw 0x00000007d7bd1e40 at /build/buildd/openjdk-7-7u79-2.5.5/build/openjdk/hotspot/src/share/vm/prims/jvm.cpp:1284
Event: 0.425 Thread 0x00007f543000a000 Threw 0x00000007d7bd73d8 at /build/buildd/openjdk-7-7u79-2.5.5/build/openjdk/hotspot/src/share/vm/prims/jvm.cpp:1284
Event: 0.425 Thread 0x00007f543000a000 Threw 0x00000007d7bdc7f0 at /build/buildd/openjdk-7-7u79-2.5.5/build/openjdk/hotspot/src/share/vm/prims/jvm.cpp:1284
Event: 0.425 Thread 0x00007f543000a000 Threw 0x00000007d7be1c88 at /build/buildd/openjdk-7-7u79-2.5.5/build/openjdk/hotspot/src/share/vm/prims/jvm.cpp:1284
Event: 0.426 Thread 0x00007f543000a000 Threw 0x00000007d7be70e8 at /build/buildd/openjdk-7-7u79-2.5.5/build/openjdk/hotspot/src/share/vm/prims/jvm.cpp:1284
Event: 0.431 Thread 0x00007f543000a000 Threw 0x00000007d7c427a8 at /build/buildd/openjdk-7-7u79-2.5.5/build/openjdk/hotspot/src/share/vm/prims/jvm.cpp:1284

Events (10 events):
Event: 0.427 loading class 0x00007f54301af630
Event: 0.427 loading class 0x00007f54301af630 done
Event: 0.427 loading class 0x00007f54301a9c80
Event: 0.427 loading class 0x00007f54301a9c80 done
Event: 0.427 loading class 0x00007f540001ff70
Event: 0.427 loading class 0x00007f540001ff70 done
Event: 0.430 loading class 0x00007f5430011700
Event: 0.430 loading class 0x00007f5430011700 done
Event: 0.430 loading class 0x00007f543023f1b0
Event: 0.430 loading class 0x00007f543023f1b0 done


Dynamic libraries:
00400000-00401000 r-xp 00000000 08:05 298468                             /usr/lib/jvm/java-7-openjdk-amd64/jre/bin/java
00600000-00601000 r--p 00000000 08:05 298468                             /usr/lib/jvm/java-7-openjdk-amd64/jre/bin/java
00601000-00602000 rw-p 00001000 08:05 298468                             /usr/lib/jvm/java-7-openjdk-amd64/jre/bin/java
01131000-01152000 rw-p 00000000 00:00 0                                  [heap]
77a600000-77bb00000 rw-p 00000000 00:00 0 
77bb00000-784c00000 rw-p 00000000 00:00 0 
784c00000-789e00000 rw-p 00000000 00:00 0 
789e00000-7d6e80000 rw-p 00000000 00:00 0 
7d6e80000-7d9800000 rw-p 00000000 00:00 0 
7d9800000-800000000 rw-p 00000000 00:00 0 
7f53eb770000-7f53eb787000 r-xp 00000000 08:05 298523                     /usr/lib/jvm/java-7-openjdk-amd64/jre/lib/amd64/libnet.so
7f53eb787000-7f53eb986000 ---p 00017000 08:05 298523                     /usr/lib/jvm/java-7-openjdk-amd64/jre/lib/amd64/libnet.so
7f53eb986000-7f53eb987000 r--p 00016000 08:05 298523                     /usr/lib/jvm/java-7-openjdk-amd64/jre/lib/amd64/libnet.so
7f53eb987000-7f53eb988000 rw-p 00017000 08:05 298523                     /usr/lib/jvm/java-7-openjdk-amd64/jre/lib/amd64/libnet.so
7f53eb988000-7f53eb999000 r-xp 00000000 08:05 298494                     /usr/lib/jvm/java-7-openjdk-amd64/jre/lib/amd64/libnio.so
7f53eb999000-7f53ebb98000 ---p 00011000 08:05 298494                     /usr/lib/jvm/java-7-openjdk-amd64/jre/lib/amd64/libnio.so
7f53ebb98000-7f53ebb99000 r--p 00010000 08:05 298494                     /usr/lib/jvm/java-7-openjdk-amd64/jre/lib/amd64/libnio.so
7f53ebb99000-7f53ebb9a000 rw-p 00011000 08:05 298494                     /usr/lib/jvm/java-7-openjdk-amd64/jre/lib/amd64/libnio.so
7f53ebb9a000-7f53ebba5000 r-xp 00000000 08:05 275200                     /usr/lib/x86_64-linux-gnu/libjbig.so.0
7f53ebba5000-7f53ebda4000 ---p 0000b000 08:05 275200                     /usr/lib/x86_64-linux-gnu/libjbig.so.0
7f53ebda4000-7f53ebda5000 r--p 0000a000 08:05 275200                     /usr/lib/x86_64-linux-gnu/libjbig.so.0
7f53ebda5000-7f53ebda8000 rw-p 0000b000 08:05 275200                     /usr/lib/x86_64-linux-gnu/libjbig.so.0
7f53ebda8000-7f53ebdfe000 r-xp 00000000 08:05 275649                     /usr/lib/x86_64-linux-gnu/libwebp.so.5.0.1
7f53ebdfe000-7f53ebffd000 ---p 00056000 08:05 275649                     /usr/lib/x86_64-linux-gnu/libwebp.so.5.0.1
7f53ebffd000-7f53ebffe000 r--p 00055000 08:05 275649                     /usr/lib/x86_64-linux-gnu/libwebp.so.5.0.1
7f53ebffe000-7f53ec000000 rw-p 00056000 08:05 275649                     /usr/lib/x86_64-linux-gnu/libwebp.so.5.0.1
7f53ec000000-7f53ec021000 rw-p 00000000 00:00 0 
7f53ec021000-7f53f0000000 ---p 00000000 00:00 0 
7f53f0000000-7f53f0021000 rw-p 00000000 00:00 0 
7f53f0021000-7f53f4000000 ---p 00000000 00:00 0 
7f53f4000000-7f53f41e3000 rw-p 00000000 00:00 0 
7f53f41e3000-7f53f8000000 ---p 00000000 00:00 0 
7f53f8000000-7f53f8021000 rw-p 00000000 00:00 0 
7f53f8021000-7f53fc000000 ---p 00000000 00:00 0 
7f53fc000000-7f53fc021000 rw-p 00000000 00:00 0 
7f53fc021000-7f5400000000 ---p 00000000 00:00 0 
7f5400000000-7f5400371000 rw-p 00000000 00:00 0 
7f5400371000-7f5404000000 ---p 00000000 00:00 0 
7f5404000000-7f5404021000 rw-p 00000000 00:00 0 
7f5404021000-7f5408000000 ---p 00000000 00:00 0 
7f5408000000-7f5408021000 rw-p 00000000 00:00 0 
7f5408021000-7f540c000000 ---p 00000000 00:00 0 
7f540c000000-7f540c021000 rw-p 00000000 00:00 0 
7f540c021000-7f5410000000 ---p 00000000 00:00 0 
7f541000d000-7f541002e000 r-xp 00000000 08:05 5508                       /lib/x86_64-linux-gnu/liblzma.so.5.0.0
7f541002e000-7f541022d000 ---p 00021000 08:05 5508                       /lib/x86_64-linux-gnu/liblzma.so.5.0.0
7f541022d000-7f541022e000 r--p 00020000 08:05 5508                       /lib/x86_64-linux-gnu/liblzma.so.5.0.0
7f541022e000-7f541022f000 rw-p 00021000 08:05 5508                       /lib/x86_64-linux-gnu/liblzma.so.5.0.0
7f541022f000-7f541029f000 r-xp 00000000 08:05 282436                     /usr/lib/x86_64-linux-gnu/libtiff.so.5.2.0
7f541029f000-7f541049e000 ---p 00070000 08:05 282436                     /usr/lib/x86_64-linux-gnu/libtiff.so.5.2.0
7f541049e000-7f54104a0000 r--p 0006f000 08:05 282436                     /usr/lib/x86_64-linux-gnu/libtiff.so.5.2.0
7f54104a0000-7f54104a3000 rw-p 00071000 08:05 282436                     /usr/lib/x86_64-linux-gnu/libtiff.so.5.2.0
7f54104a3000-7f54104ab000 r-xp 00000000 08:05 298656                     /usr/lib/x86_64-linux-gnu/libgif.so.4.1.6
7f54104ab000-7f54106aa000 ---p 00008000 08:05 298656                     /usr/lib/x86_64-linux-gnu/libgif.so.4.1.6
7f54106aa000-7f54106ab000 r--p 00007000 08:05 298656                     /usr/lib/x86_64-linux-gnu/libgif.so.4.1.6
7f54106ab000-7f54106ac000 rw-p 00008000 08:05 298656                     /usr/lib/x86_64-linux-gnu/libgif.so.4.1.6
7f54106ac000-7f54108b1000 r-xp 00000000 08:05 310004                     /usr/lib/liblept.so.4.0.2
7f54108b1000-7f5410ab1000 ---p 00205000 08:05 310004                     /usr/lib/liblept.so.4.0.2
7f5410ab1000-7f5410ab2000 r--p 00205000 08:05 310004                     /usr/lib/liblept.so.4.0.2
7f5410ab2000-7f5410ab8000 rw-p 00206000 08:05 310004                     /usr/lib/liblept.so.4.0.2
7f5410ab8000-7f5410dc7000 r-xp 00000000 08:05 310073                     /usr/local/lib/libtesseract.so.3.0.4
7f5410dc7000-7f5410fc6000 ---p 0030f000 08:05 310073                     /usr/local/lib/libtesseract.so.3.0.4
7f5410fc6000-7f5410fcc000 r--p 0030e000 08:05 310073                     /usr/local/lib/libtesseract.so.3.0.4
7f5410fcc000-7f5410fd4000 rw-p 00314000 08:05 310073                     /usr/local/lib/libtesseract.so.3.0.4
7f5410fd4000-7f541126a000 rw-p 00000000 00:00 0 
7f541126a000-7f5411281000 r-xp 00000000 08:05 35044                      /tmp/jna-105408/jna8949186872835336025.tmp (deleted)
7f5411281000-7f5411380000 ---p 00017000 08:05 35044                      /tmp/jna-105408/jna8949186872835336025.tmp (deleted)
7f5411380000-7f5411382000 rw-p 00016000 08:05 35044                      /tmp/jna-105408/jna8949186872835336025.tmp (deleted)
7f5411382000-7f54113c5000 r-xp 00000000 08:05 275202                     /usr/lib/x86_64-linux-gnu/libjpeg.so.8.0.2
7f54113c5000-7f54115c5000 ---p 00043000 08:05 275202                     /usr/lib/x86_64-linux-gnu/libjpeg.so.8.0.2
7f54115c5000-7f54115c6000 r--p 00043000 08:05 275202                     /usr/lib/x86_64-linux-gnu/libjpeg.so.8.0.2
7f54115c6000-7f54115c7000 rw-p 00044000 08:05 275202                     /usr/lib/x86_64-linux-gnu/libjpeg.so.8.0.2
7f54115c7000-7f54115d7000 rw-p 00000000 00:00 0 
7f54115d7000-7f54115e1000 r-xp 00000000 08:05 298497                     /usr/lib/jvm/java-7-openjdk-amd64/jre/lib/amd64/libjavajpeg.so
7f54115e1000-7f54117e0000 ---p 0000a000 08:05 298497                     /usr/lib/jvm/java-7-openjdk-amd64/jre/lib/amd64/libjavajpeg.so
7f54117e0000-7f54117e1000 r--p 00009000 08:05 298497                     /usr/lib/jvm/java-7-openjdk-amd64/jre/lib/amd64/libjavajpeg.so
7f54117e1000-7f54117e2000 rw-p 0000a000 08:05 298497                     /usr/lib/jvm/java-7-openjdk-amd64/jre/lib/amd64/libjavajpeg.so
7f54117e2000-7f54117e5000 r-xp 00000000 08:05 5504                       /lib/x86_64-linux-gnu/libkeyutils.so.1.5
7f54117e5000-7f54119e4000 ---p 00003000 08:05 5504                       /lib/x86_64-linux-gnu/libkeyutils.so.1.5
7f54119e4000-7f54119e5000 r--p 00002000 08:05 5504                       /lib/x86_64-linux-gnu/libkeyutils.so.1.5
7f54119e5000-7f54119e6000 rw-p 00003000 08:05 5504                       /lib/x86_64-linux-gnu/libkeyutils.so.1.5
7f54119e6000-7f5411a52000 r-xp 00000000 08:05 5568                       /lib/x86_64-linux-gnu/libpcre.so.3.13.1
7f5411a52000-7f5411c51000 ---p 0006c000 08:05 5568                       /lib/x86_64-linux-gnu/libpcre.so.3.13.1
7f5411c51000-7f5411c52000 r--p 0006b000 08:05 5568                       /lib/x86_64-linux-gnu/libpcre.so.3.13.1
7f5411c52000-7f5411c53000 rw-p 0006c000 08:05 5568                       /lib/x86_64-linux-gnu/libpcre.so.3.13.1
7f5411c53000-7f5411c78000 r-xp 00000000 08:05 5580                       /lib/x86_64-linux-gnu/libpng12.so.0.51.0
7f5411c78000-7f5411e77000 ---p 00025000 08:05 5580                       /lib/x86_64-linux-gnu/libpng12.so.0.51.0
7f5411e77000-7f5411e78000 r--p 00024000 08:05 5580                       /lib/x86_64-linux-gnu/libpng12.so.0.51.0
7f5411e78000-7f5411e79000 rw-p 00025000 08:05 5580                       /lib/x86_64-linux-gnu/libpng12.so.0.51.0
7f5411e79000-7f5411ebf000 r-xp 00000000 08:05 20376                      /lib/x86_64-linux-gnu/libdbus-1.so.3.8.7
7f5411ebf000-7f54120be000 ---p 00046000 08:05 20376                      /lib/x86_64-linux-gnu/libdbus-1.so.3.8.7
7f54120be000-7f54120c0000 r--p 00045000 08:05 20376                      /lib/x86_64-linux-gnu/libdbus-1.so.3.8.7
7f54120c0000-7f54120c1000 rw-p 00047000 08:05 20376                      /lib/x86_64-linux-gnu/libdbus-1.so.3.8.7
7f54120c1000-7f541213f000 r-xp 00000000 08:05 274990                     /usr/lib/x86_64-linux-gnu/libgmp.so.10.2.0
7f541213f000-7f541233f000 ---p 0007e000 08:05 274990                     /usr/lib/x86_64-linux-gnu/libgmp.so.10.2.0
7f541233f000-7f5412340000 r--p 0007e000 08:05 274990                     /usr/lib/x86_64-linux-gnu/libgmp.so.10.2.0
7f5412340000-7f5412341000 rw-p 0007f000 08:05 274990                     /usr/lib/x86_64-linux-gnu/libgmp.so.10.2.0
7f5412341000-7f541236d000 r-xp 00000000 08:05 275147                     /usr/lib/x86_64-linux-gnu/libhogweed.so.2.5
7f541236d000-7f541256d000 ---p 0002c000 08:05 275147                     /usr/lib/x86_64-linux-gnu/libhogweed.so.2.5
7f541256d000-7f541256e000 r--p 0002c000 08:05 275147                     /usr/lib/x86_64-linux-gnu/libhogweed.so.2.5
7f541256e000-7f541256f000 rw-p 0002d000 08:05 275147                     /usr/lib/x86_64-linux-gnu/libhogweed.so.2.5
7f541256f000-7f541259e000 r-xp 00000000 08:05 275284                     /usr/lib/x86_64-linux-gnu/libnettle.so.4.7
7f541259e000-7f541279e000 ---p 0002f000 08:05 275284                     /usr/lib/x86_64-linux-gnu/libnettle.so.4.7
7f541279e000-7f541279f000 r--p 0002f000 08:05 275284                     /usr/lib/x86_64-linux-gnu/libnettle.so.4.7
7f541279f000-7f54127a0000 rw-p 00030000 08:05 275284                     /usr/lib/x86_64-linux-gnu/libnettle.so.4.7
7f54127a0000-7f54127b1000 r-xp 00000000 08:05 268069                     /usr/lib/x86_64-linux-gnu/libtasn1.so.6.3.0
7f54127b1000-7f54129b1000 ---p 00011000 08:05 268069                     /usr/lib/x86_64-linux-gnu/libtasn1.so.6.3.0
7f54129b1000-7f54129b2000 r--p 00011000 08:05 268069                     /usr/lib/x86_64-linux-gnu/libtasn1.so.6.3.0
7f54129b2000-7f54129b3000 rw-p 00012000 08:05 268069                     /usr/lib/x86_64-linux-gnu/libtasn1.so.6.3.0
7f54129b3000-7f54129ee000 r-xp 00000000 08:05 275334                     /usr/lib/x86_64-linux-gnu/libp11-kit.so.0.0.0
7f54129ee000-7f5412bed000 ---p 0003b000 08:05 275334                     /usr/lib/x86_64-linux-gnu/libp11-kit.so.0.0.0
7f5412bed000-7f5412bf3000 r--p 0003a000 08:05 275334                     /usr/lib/x86_64-linux-gnu/libp11-kit.so.0.0.0
7f5412bf3000-7f5412bf5000 rw-p 00040000 08:05 275334                     /usr/lib/x86_64-linux-gnu/libp11-kit.so.0.0.0
7f5412bf5000-7f5412bff000 r-xp 00000000 08:05 274434                     /usr/lib/x86_64-linux-gnu/libkrb5support.so.0.1
7f5412bff000-7f5412dfe000 ---p 0000a000 08:05 274434                     /usr/lib/x86_64-linux-gnu/libkrb5support.so.0.1
7f5412dfe000-7f5412dff000 r--p 00009000 08:05 274434                     /usr/lib/x86_64-linux-gnu/libkrb5support.so.0.1
7f5412dff000-7f5412e00000 rw-p 0000a000 08:05 274434                     /usr/lib/x86_64-linux-gnu/libkrb5support.so.0.1
7f5412e00000-7f5412e03000 r-xp 00000000 08:05 19397                      /lib/x86_64-linux-gnu/libcom_err.so.2.1
7f5412e03000-7f5413002000 ---p 00003000 08:05 19397                      /lib/x86_64-linux-gnu/libcom_err.so.2.1
7f5413002000-7f5413003000 r--p 00002000 08:05 19397                      /lib/x86_64-linux-gnu/libcom_err.so.2.1
7f5413003000-7f5413004000 rw-p 00003000 08:05 19397                      /lib/x86_64-linux-gnu/libcom_err.so.2.1
7f5413004000-7f5413031000 r-xp 00000000 08:05 274437                     /usr/lib/x86_64-linux-gnu/libk5crypto.so.3.1
7f5413031000-7f5413230000 ---p 0002d000 08:05 274437                     /usr/lib/x86_64-linux-gnu/libk5crypto.so.3.1
7f5413230000-7f5413232000 r--p 0002c000 08:05 274437                     /usr/lib/x86_64-linux-gnu/libk5crypto.so.3.1
7f5413232000-7f5413233000 rw-p 0002e000 08:05 274437                     /usr/lib/x86_64-linux-gnu/libk5crypto.so.3.1
7f5413233000-7f5413234000 rw-p 00000000 00:00 0 
7f5413234000-7f54132f4000 r-xp 00000000 08:05 274432                     /usr/lib/x86_64-linux-gnu/libkrb5.so.3.3
7f54132f4000-7f54134f4000 ---p 000c0000 08:05 274432                     /usr/lib/x86_64-linux-gnu/libkrb5.so.3.3
7f54134f4000-7f5413501000 r--p 000c0000 08:05 274432                     /usr/lib/x86_64-linux-gnu/libkrb5.so.3.3
7f5413501000-7f5413503000 rw-p 000cd000 08:05 274432                     /usr/lib/x86_64-linux-gnu/libkrb5.so.3.3
7f5413503000-7f5413508000 r-xp 00000000 08:05 274588                     /usr/lib/x86_64-linux-gnu/libXdmcp.so.6.0.0
7f5413508000-7f5413707000 ---p 00005000 08:05 274588                     /usr/lib/x86_64-linux-gnu/libXdmcp.so.6.0.0
7f5413707000-7f5413708000 r--p 00004000 08:05 274588                     /usr/lib/x86_64-linux-gnu/libXdmcp.so.6.0.0
7f5413708000-7f5413709000 rw-p 00005000 08:05 274588                     /usr/lib/x86_64-linux-gnu/libXdmcp.so.6.0.0
7f5413709000-7f541370b000 r-xp 00000000 08:05 274577                     /usr/lib/x86_64-linux-gnu/libXau.so.6.0.0
7f541370b000-7f541390b000 ---p 00002000 08:05 274577                     /usr/lib/x86_64-linux-gnu/libXau.so.6.0.0
7f541390b000-7f541390c000 r--p 00002000 08:05 274577                     /usr/lib/x86_64-linux-gnu/libXau.so.6.0.0
7f541390c000-7f541390d000 rw-p 00003000 08:05 274577                     /usr/lib/x86_64-linux-gnu/libXau.so.6.0.0
7f541390d000-7f5413914000 r-xp 00000000 08:05 274877                     /usr/lib/x86_64-linux-gnu/libffi.so.6.0.2
7f5413914000-7f5413b13000 ---p 00007000 08:05 274877                     /usr/lib/x86_64-linux-gnu/libffi.so.6.0.2
7f5413b13000-7f5413b14000 r--p 00006000 08:05 274877                     /usr/lib/x86_64-linux-gnu/libffi.so.6.0.2
7f5413b14000-7f5413b15000 rw-p 00007000 08:05 274877                     /usr/lib/x86_64-linux-gnu/libffi.so.6.0.2
7f5413b15000-7f5413b2c000 r-xp 00000000 08:05 19311                      /lib/x86_64-linux-gnu/libresolv-2.19.so
7f5413b2c000-7f5413d2c000 ---p 00017000 08:05 19311                      /lib/x86_64-linux-gnu/libresolv-2.19.so
7f5413d2c000-7f5413d2d000 r--p 00017000 08:05 19311                      /lib/x86_64-linux-gnu/libresolv-2.19.so
7f5413d2d000-7f5413d2e000 rw-p 00018000 08:05 19311                      /lib/x86_64-linux-gnu/libresolv-2.19.so
7f5413d2e000-7f5418000000 rw-p 00000000 00:00 0 
7f5418000000-7f5418021000 rw-p 00000000 00:00 0 
7f5418021000-7f541c000000 ---p 00000000 00:00 0 
7f541c000000-7f541c021000 rw-p 00000000 00:00 0 
7f541c021000-7f5420000000 ---p 00000000 00:00 0 
7f5420000000-7f5420021000 rw-p 00000000 00:00 0 
7f5420021000-7f5424000000 ---p 00000000 00:00 0 
7f542407d000-7f5424080000 ---p 00000000 00:00 0 
7f5424080000-7f542417e000 rw-p 00000000 00:00 0                          [stack:3854]
7f542417e000-7f542419f000 r-xp 00000000 08:05 5595                       /lib/x86_64-linux-gnu/libselinux.so.1
7f542419f000-7f542439e000 ---p 00021000 08:05 5595                       /lib/x86_64-linux-gnu/libselinux.so.1
7f542439e000-7f542439f000 r--p 00020000 08:05 5595                       /lib/x86_64-linux-gnu/libselinux.so.1
7f542439f000-7f54243a0000 rw-p 00021000 08:05 5595                       /lib/x86_64-linux-gnu/libselinux.so.1
7f54243a0000-7f54243a2000 rw-p 00000000 00:00 0 
7f54243a2000-7f54244ae000 r-xp 00000000 08:05 5294                       /lib/x86_64-linux-gnu/libglib-2.0.so.0.4200.1
7f54244ae000-7f54246ae000 ---p 0010c000 08:05 5294                       /lib/x86_64-linux-gnu/libglib-2.0.so.0.4200.1
7f54246ae000-7f54246af000 r--p 0010c000 08:05 5294                       /lib/x86_64-linux-gnu/libglib-2.0.so.0.4200.1
7f54246af000-7f54246b0000 rw-p 0010d000 08:05 5294                       /lib/x86_64-linux-gnu/libglib-2.0.so.0.4200.1
7f54246b0000-7f54246b1000 rw-p 00000000 00:00 0 
7f54246b1000-7f54246b4000 r-xp 00000000 08:05 268184                     /usr/lib/x86_64-linux-gnu/libgmodule-2.0.so.0.4200.1
7f54246b4000-7f54248b3000 ---p 00003000 08:05 268184                     /usr/lib/x86_64-linux-gnu/libgmodule-2.0.so.0.4200.1
7f54248b3000-7f54248b4000 r--p 00002000 08:05 268184                     /usr/lib/x86_64-linux-gnu/libgmodule-2.0.so.0.4200.1
7f54248b4000-7f54248b5000 rw-p 00003000 08:05 268184                     /usr/lib/x86_64-linux-gnu/libgmodule-2.0.so.0.4200.1
7f54248b5000-7f54248db000 r-xp 00000000 08:05 5481                       /lib/x86_64-linux-gnu/libexpat.so.1.6.0
7f54248db000-7f5424ada000 ---p 00026000 08:05 5481                       /lib/x86_64-linux-gnu/libexpat.so.1.6.0
7f5424ada000-7f5424add000 r--p 00025000 08:05 5481                       /lib/x86_64-linux-gnu/libexpat.so.1.6.0
7f5424add000-7f5424ade000 rw-p 00028000 08:05 5481                       /lib/x86_64-linux-gnu/libexpat.so.1.6.0
7f5424ade000-7f5424b80000 r-xp 00000000 08:05 267920                     /usr/lib/x86_64-linux-gnu/libfreetype.so.6.11.1
7f5424b80000-7f5424d7f000 ---p 000a2000 08:05 267920                     /usr/lib/x86_64-linux-gnu/libfreetype.so.6.11.1
7f5424d7f000-7f5424d85000 r--p 000a1000 08:05 267920                     /usr/lib/x86_64-linux-gnu/libfreetype.so.6.11.1
7f5424d85000-7f5424d86000 rw-p 000a7000 08:05 267920                     /usr/lib/x86_64-linux-gnu/libfreetype.so.6.11.1
7f5424d86000-7f5424d96000 r-xp 00000000 08:05 274681                     /usr/lib/x86_64-linux-gnu/libavahi-client.so.3.2.9
7f5424d96000-7f5424f95000 ---p 00010000 08:05 274681                     /usr/lib/x86_64-linux-gnu/libavahi-client.so.3.2.9
7f5424f95000-7f5424f96000 r--p 0000f000 08:05 274681                     /usr/lib/x86_64-linux-gnu/libavahi-client.so.3.2.9
7f5424f96000-7f5424f97000 rw-p 00010000 08:05 274681                     /usr/lib/x86_64-linux-gnu/libavahi-client.so.3.2.9
7f5424f97000-7f5424fa2000 r-xp 00000000 08:05 274683                     /usr/lib/x86_64-linux-gnu/libavahi-common.so.3.5.3
7f5424fa2000-7f54251a1000 ---p 0000b000 08:05 274683                     /usr/lib/x86_64-linux-gnu/libavahi-common.so.3.5.3
7f54251a1000-7f54251a2000 r--p 0000a000 08:05 274683                     /usr/lib/x86_64-linux-gnu/libavahi-common.so.3.5.3
7f54251a2000-7f54251a3000 rw-p 0000b000 08:05 274683                     /usr/lib/x86_64-linux-gnu/libavahi-common.so.3.5.3
7f54251a3000-7f54252a2000 r-xp 00000000 08:05 268077                     /usr/lib/x86_64-linux-gnu/libgnutls-deb0.so.28.30.7
7f54252a2000-7f54254a1000 ---p 000ff000 08:05 268077                     /usr/lib/x86_64-linux-gnu/libgnutls-deb0.so.28.30.7
7f54254a1000-7f54254aa000 r--p 000fe000 08:05 268077                     /usr/lib/x86_64-linux-gnu/libgnutls-deb0.so.28.30.7
7f54254aa000-7f54254ac000 rw-p 00107000 08:05 268077                     /usr/lib/x86_64-linux-gnu/libgnutls-deb0.so.28.30.7
7f54254ac000-7f54254f1000 r-xp 00000000 08:05 274243                     /usr/lib/x86_64-linux-gnu/libgssapi_krb5.so.2.2
7f54254f1000-7f54256f0000 ---p 00045000 08:05 274243                     /usr/lib/x86_64-linux-gnu/libgssapi_krb5.so.2.2
7f54256f0000-7f54256f2000 r--p 00044000 08:05 274243                     /usr/lib/x86_64-linux-gnu/libgssapi_krb5.so.2.2
7f54256f2000-7f54256f3000 rw-p 00046000 08:05 274243                     /usr/lib/x86_64-linux-gnu/libgssapi_krb5.so.2.2
7f54256f3000-7f54256f4000 rw-p 00000000 00:00 0 
7f54256f4000-7f5425711000 r-xp 00000000 08:05 275697                     /usr/lib/x86_64-linux-gnu/libxcb.so.1.1.0
7f5425711000-7f5425911000 ---p 0001d000 08:05 275697                     /usr/lib/x86_64-linux-gnu/libxcb.so.1.1.0
7f5425911000-7f5425912000 r--p 0001d000 08:05 275697                     /usr/lib/x86_64-linux-gnu/libxcb.so.1.1.0
7f5425912000-7f5425913000 rw-p 0001e000 08:05 275697                     /usr/lib/x86_64-linux-gnu/libxcb.so.1.1.0
7f5425913000-7f5425963000 r-xp 00000000 08:05 268182                     /usr/lib/x86_64-linux-gnu/libgobject-2.0.so.0.4200.1
7f5425963000-7f5425b63000 ---p 00050000 08:05 268182                     /usr/lib/x86_64-linux-gnu/libgobject-2.0.so.0.4200.1
7f5425b63000-7f5425b64000 r--p 00050000 08:05 268182                     /usr/lib/x86_64-linux-gnu/libgobject-2.0.so.0.4200.1
7f5425b64000-7f5425b65000 rw-p 00051000 08:05 268182                     /usr/lib/x86_64-linux-gnu/libgobject-2.0.so.0.4200.1
7f5425b65000-7f5425cd6000 r-xp 00000000 08:05 268183                     /usr/lib/x86_64-linux-gnu/libgio-2.0.so.0.4200.1
7f5425cd6000-7f5425ed6000 ---p 00171000 08:05 268183                     /usr/lib/x86_64-linux-gnu/libgio-2.0.so.0.4200.1
7f5425ed6000-7f5425eda000 r--p 00171000 08:05 268183                     /usr/lib/x86_64-linux-gnu/libgio-2.0.so.0.4200.1
7f5425eda000-7f5425edc000 rw-p 00175000 08:05 268183                     /usr/lib/x86_64-linux-gnu/libgio-2.0.so.0.4200.1
7f5425edc000-7f5425ede000 rw-p 00000000 00:00 0 
7f5425ede000-7f5425f19000 r-xp 00000000 08:05 274891                     /usr/lib/x86_64-linux-gnu/libfontconfig.so.1.8.0
7f5425f19000-7f5426118000 ---p 0003b000 08:05 274891                     /usr/lib/x86_64-linux-gnu/libfontconfig.so.1.8.0
7f5426118000-7f542611a000 r--p 0003a000 08:05 274891                     /usr/lib/x86_64-linux-gnu/libfontconfig.so.1.8.0
7f542611a000-7f542611b000 rw-p 0003c000 08:05 274891                     /usr/lib/x86_64-linux-gnu/libfontconfig.so.1.8.0
7f542611b000-7f5426188000 r-xp 00000000 08:05 263551                     /usr/lib/x86_64-linux-gnu/libcups.so.2
7f5426188000-7f5426388000 ---p 0006d000 08:05 263551                     /usr/lib/x86_64-linux-gnu/libcups.so.2
7f5426388000-7f542638f000 r--p 0006d000 08:05 263551                     /usr/lib/x86_64-linux-gnu/libcups.so.2
7f542638f000-7f5426390000 rw-p 00074000 08:05 263551                     /usr/lib/x86_64-linux-gnu/libcups.so.2
7f5426390000-7f542639f000 r-xp 00000000 08:05 274598                     /usr/lib/x86_64-linux-gnu/libXi.so.6.1.0
7f542639f000-7f542659e000 ---p 0000f000 08:05 274598                     /usr/lib/x86_64-linux-gnu/libXi.so.6.1.0
7f542659e000-7f542659f000 r--p 0000e000 08:05 274598                     /usr/lib/x86_64-linux-gnu/libXi.so.6.1.0
7f542659f000-7f54265a0000 rw-p 0000f000 08:05 274598                     /usr/lib/x86_64-linux-gnu/libXi.so.6.1.0
7f54265a0000-7f54265a5000 r-xp 00000000 08:05 274618                     /usr/lib/x86_64-linux-gnu/libXtst.so.6.1.0
7f54265a5000-7f54267a4000 ---p 00005000 08:05 274618                     /usr/lib/x86_64-linux-gnu/libXtst.so.6.1.0
7f54267a4000-7f54267a5000 r--p 00004000 08:05 274618                     /usr/lib/x86_64-linux-gnu/libXtst.so.6.1.0
7f54267a5000-7f54267a6000 rw-p 00005000 08:05 274618                     /usr/lib/x86_64-linux-gnu/libXtst.so.6.1.0
7f54267a6000-7f54267af000 r-xp 00000000 08:05 274918                     /usr/lib/x86_64-linux-gnu/libXrender.so.1.3.0
7f54267af000-7f54269ae000 ---p 00009000 08:05 274918                     /usr/lib/x86_64-linux-gnu/libXrender.so.1.3.0
7f54269ae000-7f54269af000 r--p 00008000 08:05 274918                     /usr/lib/x86_64-linux-gnu/libXrender.so.1.3.0
7f54269af000-7f54269b0000 rw-p 00009000 08:05 274918                     /usr/lib/x86_64-linux-gnu/libXrender.so.1.3.0
7f54269b0000-7f5426ae3000 r-xp 00000000 08:05 274573                     /usr/lib/x86_64-linux-gnu/libX11.so.6.3.0
7f5426ae3000-7f5426ce3000 ---p 00133000 08:05 274573                     /usr/lib/x86_64-linux-gnu/libX11.so.6.3.0
7f5426ce3000-7f5426ce4000 r--p 00133000 08:05 274573                     /usr/lib/x86_64-linux-gnu/libX11.so.6.3.0
7f5426ce4000-7f5426ce8000 rw-p 00134000 08:05 274573                     /usr/lib/x86_64-linux-gnu/libX11.so.6.3.0
7f5426ce8000-7f5426ce9000 rw-p 00000000 00:00 0 
7f5426ce9000-7f5426cfa000 r-xp 00000000 08:05 275558                     /usr/lib/x86_64-linux-gnu/libXext.so.6.4.0
7f5426cfa000-7f5426ef9000 ---p 00011000 08:05 275558                     /usr/lib/x86_64-linux-gnu/libXext.so.6.4.0
7f5426ef9000-7f5426efa000 r--p 00010000 08:05 275558                     /usr/lib/x86_64-linux-gnu/libXext.so.6.4.0
7f5426efa000-7f5426efb000 rw-p 00011000 08:05 275558                     /usr/lib/x86_64-linux-gnu/libXext.so.6.4.0
7f5426efb000-7f5426f43000 r-xp 00000000 08:05 298669                     /usr/lib/jvm/java-7-openjdk-amd64/jre/lib/amd64/xawt/libmawt.so
7f5426f43000-7f5427143000 ---p 00048000 08:05 298669                     /usr/lib/jvm/java-7-openjdk-amd64/jre/lib/amd64/xawt/libmawt.so
7f5427143000-7f5427144000 r--p 00048000 08:05 298669                     /usr/lib/jvm/java-7-openjdk-amd64/jre/lib/amd64/xawt/libmawt.so
7f5427144000-7f5427147000 rw-p 00049000 08:05 298669                     /usr/lib/jvm/java-7-openjdk-amd64/jre/lib/amd64/xawt/libmawt.so
7f5427147000-7f5427148000 rw-p 00000000 00:00 0 
7f5427148000-7f54271e8000 r-xp 00000000 08:05 298500                     /usr/lib/jvm/java-7-openjdk-amd64/jre/lib/amd64/libawt.so
7f54271e8000-7f54273e8000 ---p 000a0000 08:05 298500                     /usr/lib/jvm/java-7-openjdk-amd64/jre/lib/amd64/libawt.so
7f54273e8000-7f54273e9000 r--p 000a0000 08:05 298500                     /usr/lib/jvm/java-7-openjdk-amd64/jre/lib/amd64/libawt.so
7f54273e9000-7f54273f4000 rw-p 000a1000 08:05 298500                     /usr/lib/jvm/java-7-openjdk-amd64/jre/lib/amd64/libawt.so
7f54273f4000-7f5427419000 rw-p 00000000 00:00 0 
7f5427419000-7f542741a000 ---p 00000000 00:00 0 
7f542741a000-7f542751a000 rw-p 00000000 00:00 0                          [stack:3853]
7f542751a000-7f542751d000 ---p 00000000 00:00 0 
7f542751d000-7f542761b000 rw-p 00000000 00:00 0                          [stack:3852]
7f542761b000-7f542761e000 ---p 00000000 00:00 0 
7f542761e000-7f542771c000 rw-p 00000000 00:00 0                          [stack:3851]
7f542771c000-7f542771f000 ---p 00000000 00:00 0 
7f542771f000-7f542781d000 rw-p 00000000 00:00 0                          [stack:3850]
7f542781d000-7f5427820000 ---p 00000000 00:00 0 
7f5427820000-7f542791e000 rw-p 00000000 00:00 0                          [stack:3849]
7f542791e000-7f5428000000 r--p 00000000 08:05 272413                     /usr/lib/locale/locale-archive
7f5428000000-7f5428021000 rw-p 00000000 00:00 0 
7f5428021000-7f542c000000 ---p 00000000 00:00 0 
7f542c038000-7f542c08e000 rw-p 00000000 00:00 0 
7f542c08e000-7f542c091000 ---p 00000000 00:00 0 
7f542c091000-7f542c18f000 rw-p 00000000 00:00 0                          [stack:3847]
7f542c18f000-7f542c192000 ---p 00000000 00:00 0 
7f542c192000-7f542c290000 rw-p 00000000 00:00 0                          [stack:3846]
7f542c290000-7f542c291000 ---p 00000000 00:00 0 
7f542c291000-7f542d000000 rw-p 00000000 00:00 0                          [stack:3845]
7f542d000000-7f542d270000 rwxp 00000000 00:00 0 
7f542d270000-7f54305c2000 rw-p 00000000 00:00 0 
7f54305c2000-7f5434000000 ---p 00000000 00:00 0 
7f5434009000-7f543400e000 r--s 0004d000 08:05 298533                     /usr/lib/jvm/java-7-openjdk-amd64/jre/lib/jsse.jar
7f543400e000-7f543439c000 rw-p 00000000 00:00 0 
7f543439c000-7f543454d000 r--s 01d27000 08:05 298530                     /usr/lib/jvm/java-7-openjdk-amd64/jre/lib/rt.jar
7f543454d000-7f5434a9d000 rw-p 00000000 00:00 0 
7f5434a9d000-7f5434a9e000 ---p 00000000 00:00 0 
7f5434a9e000-7f5434b9e000 rw-p 00000000 00:00 0                          [stack:3844]
7f5434b9e000-7f5434b9f000 ---p 00000000 00:00 0 
7f5434b9f000-7f5434c9f000 rw-p 00000000 00:00 0                          [stack:3843]
7f5434c9f000-7f5434ca0000 ---p 00000000 00:00 0 
7f5434ca0000-7f5434da0000 rw-p 00000000 00:00 0                          [stack:3842]
7f5434da0000-7f5434da1000 ---p 00000000 00:00 0 
7f5434da1000-7f5434eac000 rw-p 00000000 00:00 0                          [stack:3841]
7f5434eac000-7f5434ef4000 rw-p 00000000 00:00 0 
7f5434ef4000-7f5434f1d000 rw-p 00000000 00:00 0 
7f5434f1d000-7f5435186000 rw-p 00000000 00:00 0 
7f5435186000-7f5435191000 rw-p 00000000 00:00 0 
7f5435191000-7f54351d9000 rw-p 00000000 00:00 0 
7f54351d9000-7f5435202000 rw-p 00000000 00:00 0 
7f5435202000-7f543546a000 rw-p 00000000 00:00 0 
7f543546a000-7f543547f000 rw-p 00000000 00:00 0 
7f543547f000-7f54355b3000 rw-p 00000000 00:00 0 
7f54355b3000-7f54355b4000 rw-p 00000000 00:00 0 
7f54355b4000-7f54355bc000 r-xp 00000000 08:05 298496                     /usr/lib/jvm/java-7-openjdk-amd64/jre/lib/amd64/libzip.so
7f54355bc000-7f54357bb000 ---p 00008000 08:05 298496                     /usr/lib/jvm/java-7-openjdk-amd64/jre/lib/amd64/libzip.so
7f54357bb000-7f54357bc000 r--p 00007000 08:05 298496                     /usr/lib/jvm/java-7-openjdk-amd64/jre/lib/amd64/libzip.so
7f54357bc000-7f54357bd000 rw-p 00008000 08:05 298496                     /usr/lib/jvm/java-7-openjdk-amd64/jre/lib/amd64/libzip.so
7f54357bd000-7f54357c8000 r-xp 00000000 08:05 19316                      /lib/x86_64-linux-gnu/libnss_files-2.19.so
7f54357c8000-7f54359c7000 ---p 0000b000 08:05 19316                      /lib/x86_64-linux-gnu/libnss_files-2.19.so
7f54359c7000-7f54359c8000 r--p 0000a000 08:05 19316                      /lib/x86_64-linux-gnu/libnss_files-2.19.so
7f54359c8000-7f54359c9000 rw-p 0000b000 08:05 19316                      /lib/x86_64-linux-gnu/libnss_files-2.19.so
7f54359c9000-7f54359d4000 r-xp 00000000 08:05 19318                      /lib/x86_64-linux-gnu/libnss_nis-2.19.so
7f54359d4000-7f5435bd3000 ---p 0000b000 08:05 19318                      /lib/x86_64-linux-gnu/libnss_nis-2.19.so
7f5435bd3000-7f5435bd4000 r--p 0000a000 08:05 19318                      /lib/x86_64-linux-gnu/libnss_nis-2.19.so
7f5435bd4000-7f5435bd5000 rw-p 0000b000 08:05 19318                      /lib/x86_64-linux-gnu/libnss_nis-2.19.so
7f5435bd5000-7f5435bec000 r-xp 00000000 08:05 19302                      /lib/x86_64-linux-gnu/libnsl-2.19.so
7f5435bec000-7f5435deb000 ---p 00017000 08:05 19302                      /lib/x86_64-linux-gnu/libnsl-2.19.so
7f5435deb000-7f5435dec000 r--p 00016000 08:05 19302                      /lib/x86_64-linux-gnu/libnsl-2.19.so
7f5435dec000-7f5435ded000 rw-p 00017000 08:05 19302                      /lib/x86_64-linux-gnu/libnsl-2.19.so
7f5435ded000-7f5435def000 rw-p 00000000 00:00 0 
7f5435def000-7f5435df8000 r-xp 00000000 08:05 19303                      /lib/x86_64-linux-gnu/libnss_compat-2.19.so
7f5435df8000-7f5435ff7000 ---p 00009000 08:05 19303                      /lib/x86_64-linux-gnu/libnss_compat-2.19.so
7f5435ff7000-7f5435ff8000 r--p 00008000 08:05 19303                      /lib/x86_64-linux-gnu/libnss_compat-2.19.so
7f5435ff8000-7f5435ff9000 rw-p 00009000 08:05 19303                      /lib/x86_64-linux-gnu/libnss_compat-2.19.so
7f5435ff9000-7f5436026000 r-xp 00000000 08:05 298506                     /usr/lib/jvm/java-7-openjdk-amd64/jre/lib/amd64/libjava.so
7f5436026000-7f5436225000 ---p 0002d000 08:05 298506                     /usr/lib/jvm/java-7-openjdk-amd64/jre/lib/amd64/libjava.so
7f5436225000-7f5436226000 r--p 0002c000 08:05 298506                     /usr/lib/jvm/java-7-openjdk-amd64/jre/lib/amd64/libjava.so
7f5436226000-7f5436228000 rw-p 0002d000 08:05 298506                     /usr/lib/jvm/java-7-openjdk-amd64/jre/lib/amd64/libjava.so
7f5436228000-7f5436239000 r-xp 00000000 08:05 298509                     /usr/lib/jvm/java-7-openjdk-amd64/jre/lib/amd64/libverify.so
7f5436239000-7f5436438000 ---p 00011000 08:05 298509                     /usr/lib/jvm/java-7-openjdk-amd64/jre/lib/amd64/libverify.so
7f5436438000-7f543643a000 r--p 00010000 08:05 298509                     /usr/lib/jvm/java-7-openjdk-amd64/jre/lib/amd64/libverify.so
7f543643a000-7f543643b000 rw-p 00012000 08:05 298509                     /usr/lib/jvm/java-7-openjdk-amd64/jre/lib/amd64/libverify.so
7f543643b000-7f5436442000 r-xp 00000000 08:05 19319                      /lib/x86_64-linux-gnu/librt-2.19.so
7f5436442000-7f5436641000 ---p 00007000 08:05 19319                      /lib/x86_64-linux-gnu/librt-2.19.so
7f5436641000-7f5436642000 r--p 00006000 08:05 19319                      /lib/x86_64-linux-gnu/librt-2.19.so
7f5436642000-7f5436643000 rw-p 00007000 08:05 19319                      /lib/x86_64-linux-gnu/librt-2.19.so
7f5436643000-7f5436659000 r-xp 00000000 08:05 5486                       /lib/x86_64-linux-gnu/libgcc_s.so.1
7f5436659000-7f5436858000 ---p 00016000 08:05 5486                       /lib/x86_64-linux-gnu/libgcc_s.so.1
7f5436858000-7f5436859000 r--p 00015000 08:05 5486                       /lib/x86_64-linux-gnu/libgcc_s.so.1
7f5436859000-7f543685a000 rw-p 00016000 08:05 5486                       /lib/x86_64-linux-gnu/libgcc_s.so.1
7f543685a000-7f543695f000 r-xp 00000000 08:05 19298                      /lib/x86_64-linux-gnu/libm-2.19.so
7f543695f000-7f5436b5e000 ---p 00105000 08:05 19298                      /lib/x86_64-linux-gnu/libm-2.19.so
7f5436b5e000-7f5436b5f000 r--p 00104000 08:05 19298                      /lib/x86_64-linux-gnu/libm-2.19.so
7f5436b5f000-7f5436b60000 rw-p 00105000 08:05 19298                      /lib/x86_64-linux-gnu/libm-2.19.so
7f5436b60000-7f5436c50000 r-xp 00000000 08:05 275529                     /usr/lib/x86_64-linux-gnu/libstdc++.so.6.0.20
7f5436c50000-7f5436e50000 ---p 000f0000 08:05 275529                     /usr/lib/x86_64-linux-gnu/libstdc++.so.6.0.20
7f5436e50000-7f5436e58000 r--p 000f0000 08:05 275529                     /usr/lib/x86_64-linux-gnu/libstdc++.so.6.0.20
7f5436e58000-7f5436e5a000 rw-p 000f8000 08:05 275529                     /usr/lib/x86_64-linux-gnu/libstdc++.so.6.0.20
7f5436e5a000-7f5436e6f000 rw-p 00000000 00:00 0 
7f5436e6f000-7f54379bf000 r-xp 00000000 08:05 298521                     /usr/lib/jvm/java-7-openjdk-amd64/jre/lib/amd64/server/libjvm.so
7f54379bf000-7f5437bbe000 ---p 00b50000 08:05 298521                     /usr/lib/jvm/java-7-openjdk-amd64/jre/lib/amd64/server/libjvm.so
7f5437bbe000-7f5437c5d000 r--p 00b4f000 08:05 298521                     /usr/lib/jvm/java-7-openjdk-amd64/jre/lib/amd64/server/libjvm.so
7f5437c5d000-7f5437c80000 rw-p 00bee000 08:05 298521                     /usr/lib/jvm/java-7-openjdk-amd64/jre/lib/amd64/server/libjvm.so
7f5437c80000-7f5437cad000 rw-p 00000000 00:00 0 
7f5437cad000-7f5437cc5000 r-xp 00000000 08:05 5630                       /lib/x86_64-linux-gnu/libz.so.1.2.8
7f5437cc5000-7f5437ec4000 ---p 00018000 08:05 5630                       /lib/x86_64-linux-gnu/libz.so.1.2.8
7f5437ec4000-7f5437ec5000 r--p 00017000 08:05 5630                       /lib/x86_64-linux-gnu/libz.so.1.2.8
7f5437ec5000-7f5437ec6000 rw-p 00018000 08:05 5630                       /lib/x86_64-linux-gnu/libz.so.1.2.8
7f5437ec6000-7f5437edf000 r-xp 00000000 08:05 19306                      /lib/x86_64-linux-gnu/libpthread-2.19.so
7f5437edf000-7f54380de000 ---p 00019000 08:05 19306                      /lib/x86_64-linux-gnu/libpthread-2.19.so
7f54380de000-7f54380df000 r--p 00018000 08:05 19306                      /lib/x86_64-linux-gnu/libpthread-2.19.so
7f54380df000-7f54380e0000 rw-p 00019000 08:05 19306                      /lib/x86_64-linux-gnu/libpthread-2.19.so
7f54380e0000-7f54380e4000 rw-p 00000000 00:00 0 
7f54380e4000-7f54380e7000 r-xp 00000000 08:05 19305                      /lib/x86_64-linux-gnu/libdl-2.19.so
7f54380e7000-7f54382e6000 ---p 00003000 08:05 19305                      /lib/x86_64-linux-gnu/libdl-2.19.so
7f54382e6000-7f54382e7000 r--p 00002000 08:05 19305                      /lib/x86_64-linux-gnu/libdl-2.19.so
7f54382e7000-7f54382e8000 rw-p 00003000 08:05 19305                      /lib/x86_64-linux-gnu/libdl-2.19.so
7f54382e8000-7f54384a2000 r-xp 00000000 08:05 19317                      /lib/x86_64-linux-gnu/libc-2.19.so
7f54384a2000-7f54386a1000 ---p 001ba000 08:05 19317                      /lib/x86_64-linux-gnu/libc-2.19.so
7f54386a1000-7f54386a5000 r--p 001b9000 08:05 19317                      /lib/x86_64-linux-gnu/libc-2.19.so
7f54386a5000-7f54386a7000 rw-p 001bd000 08:05 19317                      /lib/x86_64-linux-gnu/libc-2.19.so
7f54386a7000-7f54386ac000 rw-p 00000000 00:00 0 
7f54386ac000-7f54386b9000 r-xp 00000000 08:05 298514                     /usr/lib/jvm/java-7-openjdk-amd64/jre/lib/amd64/jli/libjli.so
7f54386b9000-7f54388b8000 ---p 0000d000 08:05 298514                     /usr/lib/jvm/java-7-openjdk-amd64/jre/lib/amd64/jli/libjli.so
7f54388b8000-7f54388b9000 r--p 0000c000 08:05 298514                     /usr/lib/jvm/java-7-openjdk-amd64/jre/lib/amd64/jli/libjli.so
7f54388b9000-7f54388ba000 rw-p 0000d000 08:05 298514                     /usr/lib/jvm/java-7-openjdk-amd64/jre/lib/amd64/jli/libjli.so
7f54388ba000-7f54388dd000 r-xp 00000000 08:05 19312                      /lib/x86_64-linux-gnu/ld-2.19.so
7f54388de000-7f54388e1000 r--s 0233b000 08:07 4599929                    /home/joe/Documents/OCR Project/workspace/workspace/Tesseract/libs/tess4j.jar
7f54388e1000-7f54388e5000 r--s 000dc000 08:07 4599931                    /home/joe/Documents/OCR Project/workspace/workspace/Tesseract/libs/jna.jar
7f54388e5000-7f54388f6000 r--s 00106000 08:07 4599930                    /home/joe/Documents/OCR Project/workspace/workspace/Tesseract/libs/jai_imageio.jar
7f54388f6000-7f5438900000 rw-p 00000000 00:00 0 
7f5438900000-7f54389b6000 rw-p 00000000 00:00 0 
7f54389b6000-7f54389b9000 ---p 00000000 00:00 0 
7f54389b9000-7f5438abc000 rw-p 00000000 00:00 0                          [stack:3840]
7f5438abd000-7f5438ac1000 r--s 00034000 08:05 298549                     /usr/lib/jvm/java-7-openjdk-amd64/jre/lib/ext/sunjce_provider.jar
7f5438ac1000-7f5438ac4000 r--s 0000f000 08:05 298547                     /usr/lib/jvm/java-7-openjdk-amd64/jre/lib/ext/icedtea-sound.jar
7f5438ac4000-7f5438ac7000 r--s 00086000 08:05 298550                     /usr/lib/jvm/java-7-openjdk-amd64/jre/lib/ext/localedata.jar
7f5438ac7000-7f5438ac9000 r--s 00012000 08:05 298546                     /usr/lib/jvm/java-7-openjdk-amd64/jre/lib/ext/zipfs.jar
7f5438ac9000-7f5438aca000 r--s 00002000 08:05 298548                     /usr/lib/jvm/java-7-openjdk-amd64/jre/lib/ext/dnsns.jar
7f5438aca000-7f5438acc000 r--s 00006000 08:05 522850                     /usr/share/java/java-atk-wrapper.jar
7f5438acc000-7f5438ad0000 r--s 0003c000 08:05 298545                     /usr/lib/jvm/java-7-openjdk-amd64/jre/lib/ext/sunpkcs11.jar
7f5438ad0000-7f5438ad8000 rw-s 00000000 08:05 35043                      /tmp/hsperfdata_joe/3834
7f5438ad8000-7f5438ad9000 rw-p 00000000 00:00 0 
7f5438ad9000-7f5438ada000 r--p 00000000 00:00 0 
7f5438ada000-7f5438adc000 rw-p 00000000 00:00 0 
7f5438adc000-7f5438add000 r--p 00022000 08:05 19312                      /lib/x86_64-linux-gnu/ld-2.19.so
7f5438add000-7f5438ade000 rw-p 00023000 08:05 19312                      /lib/x86_64-linux-gnu/ld-2.19.so
7f5438ade000-7f5438adf000 rw-p 00000000 00:00 0 
7fff2781f000-7fff27840000 rw-p 00000000 00:00 0                          [stack]
7fff279c9000-7fff279cb000 r-xp 00000000 00:00 0                          [vdso]
7fff279cb000-7fff279cd000 r--p 00000000 00:00 0                          [vvar]
ffffffffff600000-ffffffffff601000 r-xp 00000000 00:00 0                  [vsyscall]

VM Arguments:
jvm_args: -Dfile.encoding=UTF-8 
java_command: Main
Launcher Type: SUN_STANDARD

Environment Variables:
PATH=/home/joe/tesseract-ocr/training:/home/joe/tesseract-ocr:/usr/local/sbin:/usr/local/bin:/usr/sbin:/usr/bin:/sbin:/bin:/usr/games:/usr/local/games
SHELL=/bin/bash
DISPLAY=:0.0

Signal Handlers:
SIGSEGV: [libjvm.so+0x983740], sa_mask[0]=0x7ffbfeff, sa_flags=0x10000004
SIGBUS: [libjvm.so+0x983740], sa_mask[0]=0x7ffbfeff, sa_flags=0x10000004
SIGFPE: [libjvm.so+0x7f0180], sa_mask[0]=0x7ffbfeff, sa_flags=0x10000004
SIGPIPE: [libjvm.so+0x7f0180], sa_mask[0]=0x7ffbfeff, sa_flags=0x10000004
SIGXFSZ: [libjvm.so+0x7f0180], sa_mask[0]=0x7ffbfeff, sa_flags=0x10000004
SIGILL: [libjvm.so+0x7f0180], sa_mask[0]=0x7ffbfeff, sa_flags=0x10000004
SIGUSR1: SIG_DFL, sa_mask[0]=0x00000000, sa_flags=0x00000000
SIGUSR2: [libjvm.so+0x7f0000], sa_mask[0]=0x00000004, sa_flags=0x10000004
SIGHUP: [libjvm.so+0x7f0200], sa_mask[0]=0x7ffbfeff, sa_flags=0x10000004
SIGINT: [libjvm.so+0x7f0200], sa_mask[0]=0x7ffbfeff, sa_flags=0x10000004
SIGTERM: [libjvm.so+0x7f0200], sa_mask[0]=0x7ffbfeff, sa_flags=0x10000004
SIGQUIT: [libjvm.so+0x7f0200], sa_mask[0]=0x7ffbfeff, sa_flags=0x10000004
SIGTRAP: SIG_DFL, sa_mask[0]=0x00000000, sa_flags=0x00000000


---------------  S Y S T E M  ---------------

OS:Ubuntu 14.10 (utopic)
uname:Linux 3.16.0-23-generic #31-Ubuntu SMP Tue Oct 21 17:56:17 UTC 2014 x86_64
libc:glibc 2.19 NPTL 2.19 
rlimit: STACK 8192k, CORE 0k, NPROC 31440, NOFILE 4096, AS infinity
load average:0.37 0.36 0.28

/proc/meminfo:
MemTotal:        8070928 kB
MemFree:         5225136 kB
MemAvailable:    6015384 kB
Buffers:           66704 kB
Cached:          1395292 kB
SwapCached:            0 kB
Active:          1651168 kB
Inactive:         953364 kB
Active(anon):    1155156 kB
Inactive(anon):   528900 kB
Active(file):     496012 kB
Inactive(file):   424464 kB
Unevictable:           0 kB
Mlocked:               0 kB
SwapTotal:       7811068 kB
SwapFree:        7811068 kB
Dirty:                76 kB
Writeback:             4 kB
AnonPages:       1142808 kB
Mapped:           375924 kB
Shmem:            541272 kB
Slab:             111804 kB
SReclaimable:      77428 kB
SUnreclaim:        34376 kB
KernelStack:        7536 kB
PageTables:        34540 kB
NFS_Unstable:          0 kB
Bounce:                0 kB
WritebackTmp:          0 kB
CommitLimit:    11846532 kB
Committed_AS:    4616052 kB
VmallocTotal:   34359738367 kB
VmallocUsed:      557672 kB
VmallocChunk:   34359084440 kB
HardwareCorrupted:     0 kB
AnonHugePages:    653312 kB
HugePages_Total:       0
HugePages_Free:        0
HugePages_Rsvd:        0
HugePages_Surp:        0
Hugepagesize:       2048 kB
DirectMap4k:       62976 kB
DirectMap2M:     2977792 kB
DirectMap1G:     5242880 kB


CPU:total 4 (2 cores per cpu, 2 threads per core) family 6 model 69 stepping 1, cmov, cx8, fxsr, mmx, sse, sse2, sse3, ssse3, sse4.1, sse4.2, popcnt, avx, avx2, aes, erms, ht, tsc, tscinvbit

/proc/cpuinfo:
processor	: 0
vendor_id	: GenuineIntel
cpu family	: 6
model		: 69
model name	: Intel(R) Core(TM) i5-4300U CPU @ 1.90GHz
stepping	: 1
microcode	: 0x1c
cpu MHz		: 2600.000
cache size	: 3072 KB
physical id	: 0
siblings	: 4
core id		: 0
cpu cores	: 2
apicid		: 0
initial apicid	: 0
fpu		: yes
fpu_exception	: yes
cpuid level	: 13
wp		: yes
flags		: fpu vme de pse tsc msr pae mce cx8 apic sep mtrr pge mca cmov pat pse36 clflush dts acpi mmx fxsr sse sse2 ss ht tm pbe syscall nx pdpe1gb rdtscp lm constant_tsc arch_perfmon pebs bts rep_good nopl xtopology nonstop_tsc aperfmperf eagerfpu pni pclmulqdq dtes64 monitor ds_cpl vmx smx est tm2 ssse3 fma cx16 xtpr pdcm pcid sse4_1 sse4_2 x2apic movbe popcnt tsc_deadline_timer aes xsave avx f16c rdrand lahf_lm abm ida arat epb xsaveopt pln pts dtherm tpr_shadow vnmi flexpriority ept vpid fsgsbase tsc_adjust bmi1 avx2 smep bmi2 erms invpcid
bogomips	: 4988.31
clflush size	: 64
cache_alignment	: 64
address sizes	: 39 bits physical, 48 bits virtual
power management:

processor	: 1
vendor_id	: GenuineIntel
cpu family	: 6
model		: 69
model name	: Intel(R) Core(TM) i5-4300U CPU @ 1.90GHz
stepping	: 1
microcode	: 0x1c
cpu MHz		: 2600.000
cache size	: 3072 KB
physical id	: 0
siblings	: 4
core id		: 0
cpu cores	: 2
apicid		: 1
initial apicid	: 1
fpu		: yes
fpu_exception	: yes
cpuid level	: 13
wp		: yes
flags		: fpu vme de pse tsc msr pae mce cx8 apic sep mtrr pge mca cmov pat pse36 clflush dts acpi mmx fxsr sse sse2 ss ht tm pbe syscall nx pdpe1gb rdtscp lm constant_tsc arch_perfmon pebs bts rep_good nopl xtopology nonstop_tsc aperfmperf eagerfpu pni pclmulqdq dtes64 monitor ds_cpl vmx smx est tm2 ssse3 fma cx16 xtpr pdcm pcid sse4_1 sse4_2 x2apic movbe popcnt tsc_deadline_timer aes xsave avx f16c rdrand lahf_lm abm ida arat epb xsaveopt pln pts dtherm tpr_shadow vnmi flexpriority ept vpid fsgsbase tsc_adjust bmi1 avx2 smep bmi2 erms invpcid
bogomips	: 4988.31
clflush size	: 64
cache_alignment	: 64
address sizes	: 39 bits physical, 48 bits virtual
power management:

processor	: 2
vendor_id	: GenuineIntel
cpu family	: 6
model		: 69
model name	: Intel(R) Core(TM) i5-4300U CPU @ 1.90GHz
stepping	: 1
microcode	: 0x1c
cpu MHz		: 2600.000
cache size	: 3072 KB
physical id	: 0
siblings	: 4
core id		: 1
cpu cores	: 2
apicid		: 2
initial apicid	: 2
fpu		: yes
fpu_exception	: yes
cpuid level	: 13
wp		: yes
flags		: fpu vme de pse tsc msr pae mce cx8 apic sep mtrr pge mca cmov pat pse36 clflush dts acpi mmx fxsr sse sse2 ss ht tm pbe syscall nx pdpe1gb rdtscp lm constant_tsc arch_perfmon pebs bts rep_good nopl xtopology nonstop_tsc aperfmperf eagerfpu pni pclmulqdq dtes64 monitor ds_cpl vmx smx est tm2 ssse3 fma cx16 xtpr pdcm pcid sse4_1 sse4_2 x2apic movbe popcnt tsc_deadline_timer aes xsave avx f16c rdrand lahf_lm abm ida arat epb xsaveopt pln pts dtherm tpr_shadow vnmi flexpriority ept vpid fsgsbase tsc_adjust bmi1 avx2 smep bmi2 erms invpcid
bogomips	: 4988.31
clflush size	: 64
cache_alignment	: 64
address sizes	: 39 bits physical, 48 bits virtual
power management:

processor	: 3
vendor_id	: GenuineIntel
cpu family	: 6
model		: 69
model name	: Intel(R) Core(TM) i5-4300U CPU @ 1.90GHz
stepping	: 1
microcode	: 0x1c
cpu MHz		: 2600.000
cache size	: 3072 KB
physical id	: 0
siblings	: 4
core id		: 1
cpu cores	: 2
apicid		: 3
initial apicid	: 3
fpu		: yes
fpu_exception	: yes
cpuid level	: 13
wp		: yes
flags		: fpu vme de pse tsc msr pae mce cx8 apic sep mtrr pge mca cmov pat pse36 clflush dts acpi mmx fxsr sse sse2 ss ht tm pbe syscall nx pdpe1gb rdtscp lm constant_tsc arch_perfmon pebs bts rep_good nopl xtopology nonstop_tsc aperfmperf eagerfpu pni pclmulqdq dtes64 monitor ds_cpl vmx smx est tm2 ssse3 fma cx16 xtpr pdcm pcid sse4_1 sse4_2 x2apic movbe popcnt tsc_deadline_timer aes xsave avx f16c rdrand lahf_lm abm ida arat epb xsaveopt pln pts dtherm tpr_shadow vnmi flexpriority ept vpid fsgsbase tsc_adjust bmi1 avx2 smep bmi2 erms invpcid
bogomips	: 4988.31
clflush size	: 64
cache_alignment	: 64
address sizes	: 39 bits physical, 48 bits virtual
power management:



Memory: 4k page, physical 8070928k(5225136k free), swap 7811068k(7811068k free)

vm_info: OpenJDK 64-Bit Server VM (24.79-b02) for linux-amd64 JRE (1.7.0_79-b14), built on Apr 16 2015 08:25:58 by "buildd" with gcc 4.9.1

time: Tue Jun  9 13:58:07 2015
elapsed time: 0 seconds

