#
# A fatal error has been detected by the Java Runtime Environment:
#
#  SIGSEGV (0xb) at pc=0x00007f91167a81db, pid=3639, tid=140262329145088
#
# JRE version: OpenJDK Runtime Environment (7.0_79-b14) (build 1.7.0_79-b14)
# Java VM: OpenJDK 64-Bit Server VM (24.79-b02 mixed mode linux-amd64 compressed oops)
# Derivative: IcedTea 2.5.5
# Distribution: Ubuntu 14.10, package 7u79-2.5.5-0ubuntu0.14.10.2
# Problematic frame:
# C  [libtesseract.so+0x25f1db]  ERRCODE::error(char const*, TessErrorLogCode, char const*, ...) const+0x16b
#
# Failed to write core dump. Core dumps have been disabled. To enable core dumping, try "ulimit -c unlimited" before starting Java again
#
# If you would like to submit a bug report, please include
# instructions on how to reproduce the bug and visit:
#   http://icedtea.classpath.org/bugzilla
# The crash happened outside the Java Virtual Machine in native code.
# See problematic frame for where to report the bug.
#

---------------  T H R E A D  ---------------

Current thread (0x00007f915800a000):  JavaThread "main" [_thread_in_native, id=3645, stack(0x00007f915e3dd000,0x00007f915e4de000)]

siginfo:si_signo=SIGSEGV: si_errno=0, si_code=1 (SEGV_MAPERR), si_addr=0x0000000000000000

Registers:
RAX=0x000000000000004e, RBX=0x00007f915e4dabbd, RCX=0x00007f915ddfa5bd, RDX=0x00007f915e0ce9f0
RSP=0x00007f915e4dab70, RBP=0x00007f915e4dab90, RSI=0x000000000000004e, RDI=0x00007f915e4d8340
R8 =0x00007f915e4dd700, R9 =0x61646120656c6966, R10=0x00007f915e0cabe0, R11=0x0000000000000000
R12=0x0000000000000002, R13=0x00007f91167b3277, R14=0x00007f9116a687c0, R15=0x00007f915856a2d0
RIP=0x00007f91167a81db, EFLAGS=0x0000000000010246, CSGSFS=0x0000000000000033, ERR=0x0000000000000004
  TRAPNO=0x000000000000000e

Top of Stack: (sp=0x00007f915e4dab70)
0x00007f915e4dab70:   0000000000000000 0000003000000030
0x00007f915e4dab80:   00007f915e4db080 00007f915e4dafa0
0x00007f915e4dab90:   5464657470616441 736574616c706d65
0x00007f915e4daba0:   4c4c554e203d2120 413a726f7272453a
0x00007f915e4dabb0:   6166207472657373 206e693a64656c69
0x00007f915e4dabc0:   61646120656c6966 2e686374616d7470
0x00007f915e4dabd0:   6e696c202c707063 00000a3938312065
0x00007f915e4dabe0:   0000000000000000 0000000000000000
0x00007f915e4dabf0:   0000000000000000 0000000000000000
0x00007f915e4dac00:   0000000000000000 0000000000000000
0x00007f915e4dac10:   0000000000000000 0000000000000000
0x00007f915e4dac20:   0000000000000000 0000000000000000
0x00007f915e4dac30:   0000000000000000 0000000000000000
0x00007f915e4dac40:   0000000000000000 0000000000000000
0x00007f915e4dac50:   0000000000000000 0000000000000000
0x00007f915e4dac60:   0000000000000000 0000000000000000
0x00007f915e4dac70:   0000000000000000 0000000000000000
0x00007f915e4dac80:   0000000000000000 0000000000000000
0x00007f915e4dac90:   0000000000000000 0000000000000000
0x00007f915e4daca0:   0000000000000000 0000000000000000
0x00007f915e4dacb0:   0000000000000000 0000000000000000
0x00007f915e4dacc0:   0000000000000000 0000000000000000
0x00007f915e4dacd0:   0000000000000000 0000000000000000
0x00007f915e4dace0:   0000000000000000 0000000000000000
0x00007f915e4dacf0:   0000000000000000 0000000000000000
0x00007f915e4dad00:   0000000000000000 0000000000000000
0x00007f915e4dad10:   0000000000000000 0000000000000000
0x00007f915e4dad20:   0000000000000000 0000000000000000
0x00007f915e4dad30:   0000000000000000 0000000000000000
0x00007f915e4dad40:   0000000000000000 0000000000000000
0x00007f915e4dad50:   0000000000000000 0000000000000000
0x00007f915e4dad60:   0000000000000000 0000000000000000 

Instructions: (pc=0x00007f91167a81db)
0x00007f91167a81bb:   be 01 00 00 00 48 8b 38 31 c0 e8 c6 91 e3 ff 41
0x00007f91167a81cb:   83 fc ff 7c 18 45 85 e4 7e 2f 41 83 fc 02 7f 0d
0x00007f91167a81db:   8b 04 25 00 00 00 00 0f 0b 0f 1f 40 00 48 8d 35
0x00007f91167a81eb:   d1 b0 01 00 48 8d 3d 92 26 50 00 31 c9 ba 02 00 

Register to memory mapping:

RAX=0x000000000000004e is an unknown value
RBX=0x00007f915e4dabbd is pointing into the stack for thread: 0x00007f915800a000
RCX=0x00007f915ddfa5bd: __write+0x2d in /lib/x86_64-linux-gnu/libc.so.6 at 0x00007f915dd0f000
RDX=0x00007f915e0ce9f0: <offset 0x3bf9f0> in /lib/x86_64-linux-gnu/libc.so.6 at 0x00007f915dd0f000
RSP=0x00007f915e4dab70 is pointing into the stack for thread: 0x00007f915800a000
RBP=0x00007f915e4dab90 is pointing into the stack for thread: 0x00007f915800a000
RSI=0x000000000000004e is an unknown value
RDI=0x00007f915e4d8340 is pointing into the stack for thread: 0x00007f915800a000
R8 =0x00007f915e4dd700 is pointing into the stack for thread: 0x00007f915800a000
R9 =0x61646120656c6966 is an unknown value
R10=0x00007f915e0cabe0: <offset 0x3bbbe0> in /lib/x86_64-linux-gnu/libc.so.6 at 0x00007f915dd0f000
R11=0x0000000000000000 is an unknown value
R12=0x0000000000000002 is an unknown value
R13=0x00007f91167b3277: <offset 0x26a277> in /usr/local/lib/libtesseract.so at 0x00007f9116549000
R14=0x00007f9116a687c0: <offset 0x51f7c0> in /usr/local/lib/libtesseract.so at 0x00007f9116549000
R15=0x00007f915856a2d0 is an unknown value


Stack: [0x00007f915e3dd000,0x00007f915e4de000],  sp=0x00007f915e4dab70,  free space=1014k
Native frames: (J=compiled Java code, j=interpreted, Vv=VM code, C=native code)
C  [libtesseract.so+0x25f1db]  ERRCODE::error(char const*, TessErrorLogCode, char const*, ...) const+0x16b

Java frames: (J=compiled Java code, j=interpreted, Vv=VM code)
j  com.sun.jna.Native.invokePointer(JI[Ljava/lang/Object;)J+0
j  com.sun.jna.Function.invokePointer(I[Ljava/lang/Object;)Lcom/sun/jna/Pointer;+6
j  com.sun.jna.Function.invoke([Ljava/lang/Object;Ljava/lang/Class;Z)Ljava/lang/Object;+426
j  com.sun.jna.Function.invoke(Ljava/lang/Class;[Ljava/lang/Object;Ljava/util/Map;)Ljava/lang/Object;+262
j  com.sun.jna.Library$Handler.invoke(Ljava/lang/Object;Ljava/lang/reflect/Method;[Ljava/lang/Object;)Ljava/lang/Object;+316
j  com.sun.proxy.$Proxy0.TessBaseAPIGetUTF8Text(Lnet/sourceforge/tess4j/ITessAPI$TessBaseAPI;)Lcom/sun/jna/Pointer;+16
j  net.sourceforge.tess4j.Tesseract.getOCRText(Ljava/lang/String;I)Ljava/lang/String;+62
j  net.sourceforge.tess4j.Tesseract.doOCR(Ljava/util/List;Ljava/lang/String;Ljava/awt/Rectangle;)Ljava/lang/String;+69
j  net.sourceforge.tess4j.Tesseract.doOCR(Ljava/io/File;Ljava/awt/Rectangle;)Ljava/lang/String;+10
j  net.sourceforge.tess4j.Tesseract.doOCR(Ljava/io/File;)Ljava/lang/String;+3
j  OCREngine.doOCR(Ljava/io/File;)Ljava/lang/String;+5
j  Main.main([Ljava/lang/String;)V+23
v  ~StubRoutines::call_stub

---------------  P R O C E S S  ---------------

Java Threads: ( => current thread )
  0x00007f91581c0800 JavaThread "Java2D Disposer" daemon [_thread_blocked, id=3659, stack(0x00007f914c04a000,0x00007f914c14b000)]
  0x00007f91580b1800 JavaThread "Service Thread" daemon [_thread_blocked, id=3656, stack(0x00007f914ccf6000,0x00007f914cdf7000)]
  0x00007f91580af000 JavaThread "C2 CompilerThread1" daemon [_thread_blocked, id=3655, stack(0x00007f914cdf7000,0x00007f914cef8000)]
  0x00007f91580ac000 JavaThread "C2 CompilerThread0" daemon [_thread_blocked, id=3654, stack(0x00007f914cef8000,0x00007f914cff9000)]
  0x00007f91580a9800 JavaThread "Signal Dispatcher" daemon [_thread_blocked, id=3653, stack(0x00007f914cff9000,0x00007f914d0fa000)]
  0x00007f915807c800 JavaThread "Finalizer" daemon [_thread_blocked, id=3652, stack(0x00007f914d7dc000,0x00007f914d8dd000)]
  0x00007f915807a000 JavaThread "Reference Handler" daemon [_thread_blocked, id=3651, stack(0x00007f914d8dd000,0x00007f914d9de000)]
=>0x00007f915800a000 JavaThread "main" [_thread_in_native, id=3645, stack(0x00007f915e3dd000,0x00007f915e4de000)]

Other Threads:
  0x00007f9158075800 VMThread [stack: 0x00007f914d9de000,0x00007f914dadf000] [id=3650]
  0x00007f91580bc000 WatcherThread [stack: 0x00007f914cbf5000,0x00007f914ccf6000] [id=3657]

VM state:not at safepoint (normal execution)

VM Mutex/Monitor currently owned by a thread: None

Heap
 PSYoungGen      total 37376K, used 13560K [0x00000007d6e80000, 0x00000007d9800000, 0x0000000800000000)
  eden space 32256K, 42% used [0x00000007d6e80000,0x00000007d7bbe2a8,0x00000007d8e00000)
  from space 5120K, 0% used [0x00000007d9300000,0x00000007d9300000,0x00000007d9800000)
  to   space 5120K, 0% used [0x00000007d8e00000,0x00000007d8e00000,0x00000007d9300000)
 ParOldGen       total 83968K, used 0K [0x0000000784c00000, 0x0000000789e00000, 0x00000007d6e80000)
  object space 83968K, 0% used [0x0000000784c00000,0x0000000784c00000,0x0000000789e00000)
 PSPermGen       total 21504K, used 7742K [0x000000077a600000, 0x000000077bb00000, 0x0000000784c00000)
  object space 21504K, 36% used [0x000000077a600000,0x000000077ad8fac0,0x000000077bb00000)

Card table byte_map: [0x00007f9153b43000,0x00007f9153f71000] byte_map_base: 0x00007f914ff70000

Polling page: 0x00007f915e500000

Code Cache  [0x00007f9153f71000, 0x00007f91541e1000, 0x00007f9156f71000)
 total_blobs=312 nmethods=37 adapters=228 free_code_cache=48633Kb largest_free_block=49777536

Compilation events (10 events):
Event: 0.505 Thread 0x00007f91580af000 nmethod 32% 0x00007f9153ff1150 code [0x00007f9153ff1300, 0x00007f9153ff1bd8]
Event: 0.521 Thread 0x00007f91580af000   34             java.lang.AbstractStringBuilder::append (48 bytes)
Event: 0.527 Thread 0x00007f91580af000 nmethod 34 0x00007f9153ff2550 code [0x00007f9153ff26c0, 0x00007f9153ff2a98]
Event: 0.527 Thread 0x00007f91580af000   35             java.lang.String::getChars (62 bytes)
Event: 0.529 Thread 0x00007f91580af000 nmethod 35 0x00007f9153fef510 code [0x00007f9153fef660, 0x00007f9153fef798]
Event: 0.535 Thread 0x00007f91580ac000 nmethod 33 0x00007f9153ff5f10 code [0x00007f9153ff60e0, 0x00007f9153ff7ab8]
Event: 0.540 Thread 0x00007f91580af000   36             java.lang.StringBuilder::append (8 bytes)
Event: 0.540 Thread 0x00007f91580ac000   37             java.util.Arrays::copyOfRange (63 bytes)
Event: 0.542 Thread 0x00007f91580ac000 nmethod 37 0x00007f9153ff0c90 code [0x00007f9153ff0de0, 0x00007f9153ff0ff8]
Event: 0.545 Thread 0x00007f91580af000 nmethod 36 0x00007f9153ff0390 code [0x00007f9153ff0500, 0x00007f9153ff08d8]

GC Heap History (0 events):
No events

Deoptimization events (5 events):
Event: 0.406 Thread 0x00007f915800a000 Uncommon trap: reason=bimorphic action=maybe_recompile pc=0x00007f9153fea544 method=java.util.HashMap.getEntry(Ljava/lang/Object;)Ljava/util/HashMap$Entry; @ 68
Event: 0.406 Thread 0x00007f915800a000 Uncommon trap: reason=bimorphic action=maybe_recompile pc=0x00007f9153fea544 method=java.util.HashMap.getEntry(Ljava/lang/Object;)Ljava/util/HashMap$Entry; @ 68
Event: 0.407 Thread 0x00007f915800a000 Uncommon trap: reason=bimorphic action=maybe_recompile pc=0x00007f9153fea544 method=java.util.HashMap.getEntry(Ljava/lang/Object;)Ljava/util/HashMap$Entry; @ 68
Event: 0.407 Thread 0x00007f915800a000 Uncommon trap: reason=bimorphic action=maybe_recompile pc=0x00007f9153fea544 method=java.util.HashMap.getEntry(Ljava/lang/Object;)Ljava/util/HashMap$Entry; @ 68
Event: 0.408 Thread 0x00007f915800a000 Uncommon trap: reason=bimorphic action=maybe_recompile pc=0x00007f9153fe45a4 method=java.util.HashMap.getEntry(Ljava/lang/Object;)Ljava/util/HashMap$Entry; @ 68

Internal exceptions (10 events):
Event: 0.543 Thread 0x00007f915800a000 Threw 0x00000007d7b17d48 at /build/buildd/openjdk-7-7u79-2.5.5/build/openjdk/hotspot/src/share/vm/prims/jvm.cpp:1284
Event: 0.543 Thread 0x00007f915800a000 Threw 0x00000007d7b1d8c0 at /build/buildd/openjdk-7-7u79-2.5.5/build/openjdk/hotspot/src/share/vm/prims/jvm.cpp:1284
Event: 0.543 Thread 0x00007f915800a000 Threw 0x00000007d7b22c70 at /build/buildd/openjdk-7-7u79-2.5.5/build/openjdk/hotspot/src/share/vm/prims/jvm.cpp:1284
Event: 0.544 Thread 0x00007f915800a000 Threw 0x00000007d7b29320 at /build/buildd/openjdk-7-7u79-2.5.5/build/openjdk/hotspot/src/share/vm/prims/jvm.cpp:1284
Event: 0.545 Thread 0x00007f915800a000 Threw 0x00000007d7b2e8c8 at /build/buildd/openjdk-7-7u79-2.5.5/build/openjdk/hotspot/src/share/vm/prims/jvm.cpp:1284
Event: 0.545 Thread 0x00007f915800a000 Threw 0x00000007d7b33e60 at /build/buildd/openjdk-7-7u79-2.5.5/build/openjdk/hotspot/src/share/vm/prims/jvm.cpp:1284
Event: 0.545 Thread 0x00007f915800a000 Threw 0x00000007d7b39278 at /build/buildd/openjdk-7-7u79-2.5.5/build/openjdk/hotspot/src/share/vm/prims/jvm.cpp:1284
Event: 0.546 Thread 0x00007f915800a000 Threw 0x00000007d7b3e710 at /build/buildd/openjdk-7-7u79-2.5.5/build/openjdk/hotspot/src/share/vm/prims/jvm.cpp:1284
Event: 0.546 Thread 0x00007f915800a000 Threw 0x00000007d7b43b70 at /build/buildd/openjdk-7-7u79-2.5.5/build/openjdk/hotspot/src/share/vm/prims/jvm.cpp:1284
Event: 0.550 Thread 0x00007f915800a000 Threw 0x00000007d7b9f230 at /build/buildd/openjdk-7-7u79-2.5.5/build/openjdk/hotspot/src/share/vm/prims/jvm.cpp:1284

Events (10 events):
Event: 0.547 loading class 0x00007f91581b5a40
Event: 0.548 loading class 0x00007f91581b5a40 done
Event: 0.548 loading class 0x00007f91581a93e0
Event: 0.548 loading class 0x00007f91581a93e0 done
Event: 0.548 loading class 0x00007f912c08bf50
Event: 0.548 loading class 0x00007f912c08bf50 done
Event: 0.550 loading class 0x00007f91580b8770
Event: 0.550 loading class 0x00007f91580b8770 done
Event: 0.550 loading class 0x00007f91582712c0
Event: 0.550 loading class 0x00007f91582712c0 done


Dynamic libraries:
00400000-00401000 r-xp 00000000 08:05 298468                             /usr/lib/jvm/java-7-openjdk-amd64/jre/bin/java
00600000-00601000 r--p 00000000 08:05 298468                             /usr/lib/jvm/java-7-openjdk-amd64/jre/bin/java
00601000-00602000 rw-p 00001000 08:05 298468                             /usr/lib/jvm/java-7-openjdk-amd64/jre/bin/java
01f00000-01f21000 rw-p 00000000 00:00 0                                  [heap]
77a600000-77bb00000 rw-p 00000000 00:00 0 
77bb00000-784c00000 rw-p 00000000 00:00 0 
784c00000-789e00000 rw-p 00000000 00:00 0 
789e00000-7d6e80000 rw-p 00000000 00:00 0 
7d6e80000-7d9800000 rw-p 00000000 00:00 0 
7d9800000-800000000 rw-p 00000000 00:00 0 
7f9110000000-7f9110021000 rw-p 00000000 00:00 0 
7f9110021000-7f9114000000 ---p 00000000 00:00 0 
7f911520e000-7f9115225000 r-xp 00000000 08:05 298523                     /usr/lib/jvm/java-7-openjdk-amd64/jre/lib/amd64/libnet.so
7f9115225000-7f9115424000 ---p 00017000 08:05 298523                     /usr/lib/jvm/java-7-openjdk-amd64/jre/lib/amd64/libnet.so
7f9115424000-7f9115425000 r--p 00016000 08:05 298523                     /usr/lib/jvm/java-7-openjdk-amd64/jre/lib/amd64/libnet.so
7f9115425000-7f9115426000 rw-p 00017000 08:05 298523                     /usr/lib/jvm/java-7-openjdk-amd64/jre/lib/amd64/libnet.so
7f9115426000-7f9115437000 r-xp 00000000 08:05 298494                     /usr/lib/jvm/java-7-openjdk-amd64/jre/lib/amd64/libnio.so
7f9115437000-7f9115636000 ---p 00011000 08:05 298494                     /usr/lib/jvm/java-7-openjdk-amd64/jre/lib/amd64/libnio.so
7f9115636000-7f9115637000 r--p 00010000 08:05 298494                     /usr/lib/jvm/java-7-openjdk-amd64/jre/lib/amd64/libnio.so
7f9115637000-7f9115638000 rw-p 00011000 08:05 298494                     /usr/lib/jvm/java-7-openjdk-amd64/jre/lib/amd64/libnio.so
7f9115638000-7f9115643000 r-xp 00000000 08:05 275200                     /usr/lib/x86_64-linux-gnu/libjbig.so.0
7f9115643000-7f9115842000 ---p 0000b000 08:05 275200                     /usr/lib/x86_64-linux-gnu/libjbig.so.0
7f9115842000-7f9115843000 r--p 0000a000 08:05 275200                     /usr/lib/x86_64-linux-gnu/libjbig.so.0
7f9115843000-7f9115846000 rw-p 0000b000 08:05 275200                     /usr/lib/x86_64-linux-gnu/libjbig.so.0
7f9115846000-7f9115867000 r-xp 00000000 08:05 5508                       /lib/x86_64-linux-gnu/liblzma.so.5.0.0
7f9115867000-7f9115a66000 ---p 00021000 08:05 5508                       /lib/x86_64-linux-gnu/liblzma.so.5.0.0
7f9115a66000-7f9115a67000 r--p 00020000 08:05 5508                       /lib/x86_64-linux-gnu/liblzma.so.5.0.0
7f9115a67000-7f9115a68000 rw-p 00021000 08:05 5508                       /lib/x86_64-linux-gnu/liblzma.so.5.0.0
7f9115a68000-7f9115abe000 r-xp 00000000 08:05 275649                     /usr/lib/x86_64-linux-gnu/libwebp.so.5.0.1
7f9115abe000-7f9115cbd000 ---p 00056000 08:05 275649                     /usr/lib/x86_64-linux-gnu/libwebp.so.5.0.1
7f9115cbd000-7f9115cbe000 r--p 00055000 08:05 275649                     /usr/lib/x86_64-linux-gnu/libwebp.so.5.0.1
7f9115cbe000-7f9115cc0000 rw-p 00056000 08:05 275649                     /usr/lib/x86_64-linux-gnu/libwebp.so.5.0.1
7f9115cc0000-7f9115d30000 r-xp 00000000 08:05 282436                     /usr/lib/x86_64-linux-gnu/libtiff.so.5.2.0
7f9115d30000-7f9115f2f000 ---p 00070000 08:05 282436                     /usr/lib/x86_64-linux-gnu/libtiff.so.5.2.0
7f9115f2f000-7f9115f31000 r--p 0006f000 08:05 282436                     /usr/lib/x86_64-linux-gnu/libtiff.so.5.2.0
7f9115f31000-7f9115f34000 rw-p 00071000 08:05 282436                     /usr/lib/x86_64-linux-gnu/libtiff.so.5.2.0
7f9115f34000-7f9115f3c000 r-xp 00000000 08:05 298656                     /usr/lib/x86_64-linux-gnu/libgif.so.4.1.6
7f9115f3c000-7f911613b000 ---p 00008000 08:05 298656                     /usr/lib/x86_64-linux-gnu/libgif.so.4.1.6
7f911613b000-7f911613c000 r--p 00007000 08:05 298656                     /usr/lib/x86_64-linux-gnu/libgif.so.4.1.6
7f911613c000-7f911613d000 rw-p 00008000 08:05 298656                     /usr/lib/x86_64-linux-gnu/libgif.so.4.1.6
7f911613d000-7f9116342000 r-xp 00000000 08:05 310004                     /usr/lib/liblept.so.4.0.2
7f9116342000-7f9116542000 ---p 00205000 08:05 310004                     /usr/lib/liblept.so.4.0.2
7f9116542000-7f9116543000 r--p 00205000 08:05 310004                     /usr/lib/liblept.so.4.0.2
7f9116543000-7f9116549000 rw-p 00206000 08:05 310004                     /usr/lib/liblept.so.4.0.2
7f9116549000-7f9116858000 r-xp 00000000 08:05 310073                     /usr/local/lib/libtesseract.so.3.0.4
7f9116858000-7f9116a57000 ---p 0030f000 08:05 310073                     /usr/local/lib/libtesseract.so.3.0.4
7f9116a57000-7f9116a5d000 r--p 0030e000 08:05 310073                     /usr/local/lib/libtesseract.so.3.0.4
7f9116a5d000-7f9116a65000 rw-p 00314000 08:05 310073                     /usr/local/lib/libtesseract.so.3.0.4
7f9116a65000-7f9116cfb000 rw-p 00000000 00:00 0 
7f9116cfb000-7f9116d12000 r-xp 00000000 08:05 35042                      /tmp/jna-105408/jna1960256056435631965.tmp (deleted)
7f9116d12000-7f9116e11000 ---p 00017000 08:05 35042                      /tmp/jna-105408/jna1960256056435631965.tmp (deleted)
7f9116e11000-7f9116e13000 rw-p 00016000 08:05 35042                      /tmp/jna-105408/jna1960256056435631965.tmp (deleted)
7f9116e13000-7f9116e56000 r-xp 00000000 08:05 275202                     /usr/lib/x86_64-linux-gnu/libjpeg.so.8.0.2
7f9116e56000-7f9117056000 ---p 00043000 08:05 275202                     /usr/lib/x86_64-linux-gnu/libjpeg.so.8.0.2
7f9117056000-7f9117057000 r--p 00043000 08:05 275202                     /usr/lib/x86_64-linux-gnu/libjpeg.so.8.0.2
7f9117057000-7f9117058000 rw-p 00044000 08:05 275202                     /usr/lib/x86_64-linux-gnu/libjpeg.so.8.0.2
7f9117058000-7f9117068000 rw-p 00000000 00:00 0 
7f9117068000-7f9117072000 r-xp 00000000 08:05 298497                     /usr/lib/jvm/java-7-openjdk-amd64/jre/lib/amd64/libjavajpeg.so
7f9117072000-7f9117271000 ---p 0000a000 08:05 298497                     /usr/lib/jvm/java-7-openjdk-amd64/jre/lib/amd64/libjavajpeg.so
7f9117271000-7f9117272000 r--p 00009000 08:05 298497                     /usr/lib/jvm/java-7-openjdk-amd64/jre/lib/amd64/libjavajpeg.so
7f9117272000-7f9117273000 rw-p 0000a000 08:05 298497                     /usr/lib/jvm/java-7-openjdk-amd64/jre/lib/amd64/libjavajpeg.so
7f9117273000-7f9117276000 r-xp 00000000 08:05 5504                       /lib/x86_64-linux-gnu/libkeyutils.so.1.5
7f9117276000-7f9117475000 ---p 00003000 08:05 5504                       /lib/x86_64-linux-gnu/libkeyutils.so.1.5
7f9117475000-7f9117476000 r--p 00002000 08:05 5504                       /lib/x86_64-linux-gnu/libkeyutils.so.1.5
7f9117476000-7f9117477000 rw-p 00003000 08:05 5504                       /lib/x86_64-linux-gnu/libkeyutils.so.1.5
7f9117477000-7f91174e3000 r-xp 00000000 08:05 5568                       /lib/x86_64-linux-gnu/libpcre.so.3.13.1
7f91174e3000-7f91176e2000 ---p 0006c000 08:05 5568                       /lib/x86_64-linux-gnu/libpcre.so.3.13.1
7f91176e2000-7f91176e3000 r--p 0006b000 08:05 5568                       /lib/x86_64-linux-gnu/libpcre.so.3.13.1
7f91176e3000-7f91176e4000 rw-p 0006c000 08:05 5568                       /lib/x86_64-linux-gnu/libpcre.so.3.13.1
7f91176e4000-7f9117709000 r-xp 00000000 08:05 5580                       /lib/x86_64-linux-gnu/libpng12.so.0.51.0
7f9117709000-7f9117908000 ---p 00025000 08:05 5580                       /lib/x86_64-linux-gnu/libpng12.so.0.51.0
7f9117908000-7f9117909000 r--p 00024000 08:05 5580                       /lib/x86_64-linux-gnu/libpng12.so.0.51.0
7f9117909000-7f911790a000 rw-p 00025000 08:05 5580                       /lib/x86_64-linux-gnu/libpng12.so.0.51.0
7f911790a000-7f9117950000 r-xp 00000000 08:05 20376                      /lib/x86_64-linux-gnu/libdbus-1.so.3.8.7
7f9117950000-7f9117b4f000 ---p 00046000 08:05 20376                      /lib/x86_64-linux-gnu/libdbus-1.so.3.8.7
7f9117b4f000-7f9117b51000 r--p 00045000 08:05 20376                      /lib/x86_64-linux-gnu/libdbus-1.so.3.8.7
7f9117b51000-7f9117b52000 rw-p 00047000 08:05 20376                      /lib/x86_64-linux-gnu/libdbus-1.so.3.8.7
7f9117b52000-7f9117bd0000 r-xp 00000000 08:05 274990                     /usr/lib/x86_64-linux-gnu/libgmp.so.10.2.0
7f9117bd0000-7f9117dd0000 ---p 0007e000 08:05 274990                     /usr/lib/x86_64-linux-gnu/libgmp.so.10.2.0
7f9117dd0000-7f9117dd1000 r--p 0007e000 08:05 274990                     /usr/lib/x86_64-linux-gnu/libgmp.so.10.2.0
7f9117dd1000-7f9117dd2000 rw-p 0007f000 08:05 274990                     /usr/lib/x86_64-linux-gnu/libgmp.so.10.2.0
7f9117dd2000-7f9117dfe000 r-xp 00000000 08:05 275147                     /usr/lib/x86_64-linux-gnu/libhogweed.so.2.5
7f9117dfe000-7f9117ffe000 ---p 0002c000 08:05 275147                     /usr/lib/x86_64-linux-gnu/libhogweed.so.2.5
7f9117ffe000-7f9117fff000 r--p 0002c000 08:05 275147                     /usr/lib/x86_64-linux-gnu/libhogweed.so.2.5
7f9117fff000-7f9118000000 rw-p 0002d000 08:05 275147                     /usr/lib/x86_64-linux-gnu/libhogweed.so.2.5
7f9118000000-7f9118021000 rw-p 00000000 00:00 0 
7f9118021000-7f911c000000 ---p 00000000 00:00 0 
7f911c00d000-7f911c03c000 r-xp 00000000 08:05 275284                     /usr/lib/x86_64-linux-gnu/libnettle.so.4.7
7f911c03c000-7f911c23c000 ---p 0002f000 08:05 275284                     /usr/lib/x86_64-linux-gnu/libnettle.so.4.7
7f911c23c000-7f911c23d000 r--p 0002f000 08:05 275284                     /usr/lib/x86_64-linux-gnu/libnettle.so.4.7
7f911c23d000-7f911c23e000 rw-p 00030000 08:05 275284                     /usr/lib/x86_64-linux-gnu/libnettle.so.4.7
7f911c23e000-7f911c24f000 r-xp 00000000 08:05 268069                     /usr/lib/x86_64-linux-gnu/libtasn1.so.6.3.0
7f911c24f000-7f911c44f000 ---p 00011000 08:05 268069                     /usr/lib/x86_64-linux-gnu/libtasn1.so.6.3.0
7f911c44f000-7f911c450000 r--p 00011000 08:05 268069                     /usr/lib/x86_64-linux-gnu/libtasn1.so.6.3.0
7f911c450000-7f911c451000 rw-p 00012000 08:05 268069                     /usr/lib/x86_64-linux-gnu/libtasn1.so.6.3.0
7f911c451000-7f911c48c000 r-xp 00000000 08:05 275334                     /usr/lib/x86_64-linux-gnu/libp11-kit.so.0.0.0
7f911c48c000-7f911c68b000 ---p 0003b000 08:05 275334                     /usr/lib/x86_64-linux-gnu/libp11-kit.so.0.0.0
7f911c68b000-7f911c691000 r--p 0003a000 08:05 275334                     /usr/lib/x86_64-linux-gnu/libp11-kit.so.0.0.0
7f911c691000-7f911c693000 rw-p 00040000 08:05 275334                     /usr/lib/x86_64-linux-gnu/libp11-kit.so.0.0.0
7f911c693000-7f911c69d000 r-xp 00000000 08:05 274434                     /usr/lib/x86_64-linux-gnu/libkrb5support.so.0.1
7f911c69d000-7f911c89c000 ---p 0000a000 08:05 274434                     /usr/lib/x86_64-linux-gnu/libkrb5support.so.0.1
7f911c89c000-7f911c89d000 r--p 00009000 08:05 274434                     /usr/lib/x86_64-linux-gnu/libkrb5support.so.0.1
7f911c89d000-7f911c89e000 rw-p 0000a000 08:05 274434                     /usr/lib/x86_64-linux-gnu/libkrb5support.so.0.1
7f911c89e000-7f911c8a1000 r-xp 00000000 08:05 19397                      /lib/x86_64-linux-gnu/libcom_err.so.2.1
7f911c8a1000-7f911caa0000 ---p 00003000 08:05 19397                      /lib/x86_64-linux-gnu/libcom_err.so.2.1
7f911caa0000-7f911caa1000 r--p 00002000 08:05 19397                      /lib/x86_64-linux-gnu/libcom_err.so.2.1
7f911caa1000-7f911caa2000 rw-p 00003000 08:05 19397                      /lib/x86_64-linux-gnu/libcom_err.so.2.1
7f911caa2000-7f911cacf000 r-xp 00000000 08:05 274437                     /usr/lib/x86_64-linux-gnu/libk5crypto.so.3.1
7f911cacf000-7f911ccce000 ---p 0002d000 08:05 274437                     /usr/lib/x86_64-linux-gnu/libk5crypto.so.3.1
7f911ccce000-7f911ccd0000 r--p 0002c000 08:05 274437                     /usr/lib/x86_64-linux-gnu/libk5crypto.so.3.1
7f911ccd0000-7f911ccd1000 rw-p 0002e000 08:05 274437                     /usr/lib/x86_64-linux-gnu/libk5crypto.so.3.1
7f911ccd1000-7f911ccd2000 rw-p 00000000 00:00 0 
7f911ccd2000-7f911cd92000 r-xp 00000000 08:05 274432                     /usr/lib/x86_64-linux-gnu/libkrb5.so.3.3
7f911cd92000-7f911cf92000 ---p 000c0000 08:05 274432                     /usr/lib/x86_64-linux-gnu/libkrb5.so.3.3
7f911cf92000-7f911cf9f000 r--p 000c0000 08:05 274432                     /usr/lib/x86_64-linux-gnu/libkrb5.so.3.3
7f911cf9f000-7f911cfa1000 rw-p 000cd000 08:05 274432                     /usr/lib/x86_64-linux-gnu/libkrb5.so.3.3
7f911cfa1000-7f911cfa6000 r-xp 00000000 08:05 274588                     /usr/lib/x86_64-linux-gnu/libXdmcp.so.6.0.0
7f911cfa6000-7f911d1a5000 ---p 00005000 08:05 274588                     /usr/lib/x86_64-linux-gnu/libXdmcp.so.6.0.0
7f911d1a5000-7f911d1a6000 r--p 00004000 08:05 274588                     /usr/lib/x86_64-linux-gnu/libXdmcp.so.6.0.0
7f911d1a6000-7f911d1a7000 rw-p 00005000 08:05 274588                     /usr/lib/x86_64-linux-gnu/libXdmcp.so.6.0.0
7f911d1a7000-7f911d1a9000 r-xp 00000000 08:05 274577                     /usr/lib/x86_64-linux-gnu/libXau.so.6.0.0
7f911d1a9000-7f911d3a9000 ---p 00002000 08:05 274577                     /usr/lib/x86_64-linux-gnu/libXau.so.6.0.0
7f911d3a9000-7f911d3aa000 r--p 00002000 08:05 274577                     /usr/lib/x86_64-linux-gnu/libXau.so.6.0.0
7f911d3aa000-7f911d3ab000 rw-p 00003000 08:05 274577                     /usr/lib/x86_64-linux-gnu/libXau.so.6.0.0
7f911d3ab000-7f911d3b2000 r-xp 00000000 08:05 274877                     /usr/lib/x86_64-linux-gnu/libffi.so.6.0.2
7f911d3b2000-7f911d5b1000 ---p 00007000 08:05 274877                     /usr/lib/x86_64-linux-gnu/libffi.so.6.0.2
7f911d5b1000-7f911d5b2000 r--p 00006000 08:05 274877                     /usr/lib/x86_64-linux-gnu/libffi.so.6.0.2
7f911d5b2000-7f911d5b3000 rw-p 00007000 08:05 274877                     /usr/lib/x86_64-linux-gnu/libffi.so.6.0.2
7f911d5b3000-7f911d5ca000 r-xp 00000000 08:05 19311                      /lib/x86_64-linux-gnu/libresolv-2.19.so
7f911d5ca000-7f911d7ca000 ---p 00017000 08:05 19311                      /lib/x86_64-linux-gnu/libresolv-2.19.so
7f911d7ca000-7f911d7cb000 r--p 00017000 08:05 19311                      /lib/x86_64-linux-gnu/libresolv-2.19.so
7f911d7cb000-7f911d7cc000 rw-p 00018000 08:05 19311                      /lib/x86_64-linux-gnu/libresolv-2.19.so
7f911d7cc000-7f911d7ce000 rw-p 00000000 00:00 0 
7f911d7ce000-7f911d7ef000 r-xp 00000000 08:05 5595                       /lib/x86_64-linux-gnu/libselinux.so.1
7f911d7ef000-7f911d9ee000 ---p 00021000 08:05 5595                       /lib/x86_64-linux-gnu/libselinux.so.1
7f911d9ee000-7f911d9ef000 r--p 00020000 08:05 5595                       /lib/x86_64-linux-gnu/libselinux.so.1
7f911d9ef000-7f911d9f0000 rw-p 00021000 08:05 5595                       /lib/x86_64-linux-gnu/libselinux.so.1
7f911d9f0000-7f911d9f2000 rw-p 00000000 00:00 0 
7f911d9f2000-7f911dafe000 r-xp 00000000 08:05 5294                       /lib/x86_64-linux-gnu/libglib-2.0.so.0.4200.1
7f911dafe000-7f911dcfe000 ---p 0010c000 08:05 5294                       /lib/x86_64-linux-gnu/libglib-2.0.so.0.4200.1
7f911dcfe000-7f911dcff000 r--p 0010c000 08:05 5294                       /lib/x86_64-linux-gnu/libglib-2.0.so.0.4200.1
7f911dcff000-7f911dd00000 rw-p 0010d000 08:05 5294                       /lib/x86_64-linux-gnu/libglib-2.0.so.0.4200.1
7f911dd00000-7f911dd01000 rw-p 00000000 00:00 0 
7f911dd01000-7f911dd04000 r-xp 00000000 08:05 268184                     /usr/lib/x86_64-linux-gnu/libgmodule-2.0.so.0.4200.1
7f911dd04000-7f911df03000 ---p 00003000 08:05 268184                     /usr/lib/x86_64-linux-gnu/libgmodule-2.0.so.0.4200.1
7f911df03000-7f911df04000 r--p 00002000 08:05 268184                     /usr/lib/x86_64-linux-gnu/libgmodule-2.0.so.0.4200.1
7f911df04000-7f911df05000 rw-p 00003000 08:05 268184                     /usr/lib/x86_64-linux-gnu/libgmodule-2.0.so.0.4200.1
7f911df05000-7f911df2b000 r-xp 00000000 08:05 5481                       /lib/x86_64-linux-gnu/libexpat.so.1.6.0
7f911df2b000-7f911e12a000 ---p 00026000 08:05 5481                       /lib/x86_64-linux-gnu/libexpat.so.1.6.0
7f911e12a000-7f911e12d000 r--p 00025000 08:05 5481                       /lib/x86_64-linux-gnu/libexpat.so.1.6.0
7f911e12d000-7f911e12e000 rw-p 00028000 08:05 5481                       /lib/x86_64-linux-gnu/libexpat.so.1.6.0
7f911e12e000-7f911e1d0000 r-xp 00000000 08:05 267920                     /usr/lib/x86_64-linux-gnu/libfreetype.so.6.11.1
7f911e1d0000-7f911e3cf000 ---p 000a2000 08:05 267920                     /usr/lib/x86_64-linux-gnu/libfreetype.so.6.11.1
7f911e3cf000-7f911e3d5000 r--p 000a1000 08:05 267920                     /usr/lib/x86_64-linux-gnu/libfreetype.so.6.11.1
7f911e3d5000-7f911e3d6000 rw-p 000a7000 08:05 267920                     /usr/lib/x86_64-linux-gnu/libfreetype.so.6.11.1
7f911e3d6000-7f911e3e6000 r-xp 00000000 08:05 274681                     /usr/lib/x86_64-linux-gnu/libavahi-client.so.3.2.9
7f911e3e6000-7f911e5e5000 ---p 00010000 08:05 274681                     /usr/lib/x86_64-linux-gnu/libavahi-client.so.3.2.9
7f911e5e5000-7f911e5e6000 r--p 0000f000 08:05 274681                     /usr/lib/x86_64-linux-gnu/libavahi-client.so.3.2.9
7f911e5e6000-7f911e5e7000 rw-p 00010000 08:05 274681                     /usr/lib/x86_64-linux-gnu/libavahi-client.so.3.2.9
7f911e5e7000-7f911e5f2000 r-xp 00000000 08:05 274683                     /usr/lib/x86_64-linux-gnu/libavahi-common.so.3.5.3
7f911e5f2000-7f911e7f1000 ---p 0000b000 08:05 274683                     /usr/lib/x86_64-linux-gnu/libavahi-common.so.3.5.3
7f911e7f1000-7f911e7f2000 r--p 0000a000 08:05 274683                     /usr/lib/x86_64-linux-gnu/libavahi-common.so.3.5.3
7f911e7f2000-7f911e7f3000 rw-p 0000b000 08:05 274683                     /usr/lib/x86_64-linux-gnu/libavahi-common.so.3.5.3
7f911e7f3000-7f911e8f2000 r-xp 00000000 08:05 268077                     /usr/lib/x86_64-linux-gnu/libgnutls-deb0.so.28.30.7
7f911e8f2000-7f911eaf1000 ---p 000ff000 08:05 268077                     /usr/lib/x86_64-linux-gnu/libgnutls-deb0.so.28.30.7
7f911eaf1000-7f911eafa000 r--p 000fe000 08:05 268077                     /usr/lib/x86_64-linux-gnu/libgnutls-deb0.so.28.30.7
7f911eafa000-7f911eafc000 rw-p 00107000 08:05 268077                     /usr/lib/x86_64-linux-gnu/libgnutls-deb0.so.28.30.7
7f911eafc000-7f911eb41000 r-xp 00000000 08:05 274243                     /usr/lib/x86_64-linux-gnu/libgssapi_krb5.so.2.2
7f911eb41000-7f911ed40000 ---p 00045000 08:05 274243                     /usr/lib/x86_64-linux-gnu/libgssapi_krb5.so.2.2
7f911ed40000-7f911ed42000 r--p 00044000 08:05 274243                     /usr/lib/x86_64-linux-gnu/libgssapi_krb5.so.2.2
7f911ed42000-7f911ed43000 rw-p 00046000 08:05 274243                     /usr/lib/x86_64-linux-gnu/libgssapi_krb5.so.2.2
7f911ed43000-7f911ed44000 rw-p 00000000 00:00 0 
7f911ed44000-7f911ed61000 r-xp 00000000 08:05 275697                     /usr/lib/x86_64-linux-gnu/libxcb.so.1.1.0
7f911ed61000-7f911ef61000 ---p 0001d000 08:05 275697                     /usr/lib/x86_64-linux-gnu/libxcb.so.1.1.0
7f911ef61000-7f911ef62000 r--p 0001d000 08:05 275697                     /usr/lib/x86_64-linux-gnu/libxcb.so.1.1.0
7f911ef62000-7f911ef63000 rw-p 0001e000 08:05 275697                     /usr/lib/x86_64-linux-gnu/libxcb.so.1.1.0
7f911ef63000-7f911efb3000 r-xp 00000000 08:05 268182                     /usr/lib/x86_64-linux-gnu/libgobject-2.0.so.0.4200.1
7f911efb3000-7f911f1b3000 ---p 00050000 08:05 268182                     /usr/lib/x86_64-linux-gnu/libgobject-2.0.so.0.4200.1
7f911f1b3000-7f911f1b4000 r--p 00050000 08:05 268182                     /usr/lib/x86_64-linux-gnu/libgobject-2.0.so.0.4200.1
7f911f1b4000-7f911f1b5000 rw-p 00051000 08:05 268182                     /usr/lib/x86_64-linux-gnu/libgobject-2.0.so.0.4200.1
7f911f1b5000-7f911f326000 r-xp 00000000 08:05 268183                     /usr/lib/x86_64-linux-gnu/libgio-2.0.so.0.4200.1
7f911f326000-7f911f526000 ---p 00171000 08:05 268183                     /usr/lib/x86_64-linux-gnu/libgio-2.0.so.0.4200.1
7f911f526000-7f911f52a000 r--p 00171000 08:05 268183                     /usr/lib/x86_64-linux-gnu/libgio-2.0.so.0.4200.1
7f911f52a000-7f911f52c000 rw-p 00175000 08:05 268183                     /usr/lib/x86_64-linux-gnu/libgio-2.0.so.0.4200.1
7f911f52c000-7f911f52e000 rw-p 00000000 00:00 0 
7f911f52e000-7f911f569000 r-xp 00000000 08:05 274891                     /usr/lib/x86_64-linux-gnu/libfontconfig.so.1.8.0
7f911f569000-7f911f768000 ---p 0003b000 08:05 274891                     /usr/lib/x86_64-linux-gnu/libfontconfig.so.1.8.0
7f911f768000-7f911f76a000 r--p 0003a000 08:05 274891                     /usr/lib/x86_64-linux-gnu/libfontconfig.so.1.8.0
7f911f76a000-7f911f76b000 rw-p 0003c000 08:05 274891                     /usr/lib/x86_64-linux-gnu/libfontconfig.so.1.8.0
7f911f76b000-7f911f7d8000 r-xp 00000000 08:05 263551                     /usr/lib/x86_64-linux-gnu/libcups.so.2
7f911f7d8000-7f911f9d8000 ---p 0006d000 08:05 263551                     /usr/lib/x86_64-linux-gnu/libcups.so.2
7f911f9d8000-7f911f9df000 r--p 0006d000 08:05 263551                     /usr/lib/x86_64-linux-gnu/libcups.so.2
7f911f9df000-7f911f9e0000 rw-p 00074000 08:05 263551                     /usr/lib/x86_64-linux-gnu/libcups.so.2
7f911f9e0000-7f911f9ef000 r-xp 00000000 08:05 274598                     /usr/lib/x86_64-linux-gnu/libXi.so.6.1.0
7f911f9ef000-7f911fbee000 ---p 0000f000 08:05 274598                     /usr/lib/x86_64-linux-gnu/libXi.so.6.1.0
7f911fbee000-7f911fbef000 r--p 0000e000 08:05 274598                     /usr/lib/x86_64-linux-gnu/libXi.so.6.1.0
7f911fbef000-7f911fbf0000 rw-p 0000f000 08:05 274598                     /usr/lib/x86_64-linux-gnu/libXi.so.6.1.0
7f911fbf0000-7f911fbf5000 r-xp 00000000 08:05 274618                     /usr/lib/x86_64-linux-gnu/libXtst.so.6.1.0
7f911fbf5000-7f911fdf4000 ---p 00005000 08:05 274618                     /usr/lib/x86_64-linux-gnu/libXtst.so.6.1.0
7f911fdf4000-7f911fdf5000 r--p 00004000 08:05 274618                     /usr/lib/x86_64-linux-gnu/libXtst.so.6.1.0
7f911fdf5000-7f911fdf6000 rw-p 00005000 08:05 274618                     /usr/lib/x86_64-linux-gnu/libXtst.so.6.1.0
7f911fdf6000-7f911fdff000 r-xp 00000000 08:05 274918                     /usr/lib/x86_64-linux-gnu/libXrender.so.1.3.0
7f911fdff000-7f911fffe000 ---p 00009000 08:05 274918                     /usr/lib/x86_64-linux-gnu/libXrender.so.1.3.0
7f911fffe000-7f911ffff000 r--p 00008000 08:05 274918                     /usr/lib/x86_64-linux-gnu/libXrender.so.1.3.0
7f911ffff000-7f9120000000 rw-p 00009000 08:05 274918                     /usr/lib/x86_64-linux-gnu/libXrender.so.1.3.0
7f9120000000-7f91201f7000 rw-p 00000000 00:00 0 
7f91201f7000-7f9124000000 ---p 00000000 00:00 0 
7f9124000000-7f9124021000 rw-p 00000000 00:00 0 
7f9124021000-7f9128000000 ---p 00000000 00:00 0 
7f9128000000-7f9128021000 rw-p 00000000 00:00 0 
7f9128021000-7f912c000000 ---p 00000000 00:00 0 
7f912c000000-7f912c310000 rw-p 00000000 00:00 0 
7f912c310000-7f9130000000 ---p 00000000 00:00 0 
7f9130000000-7f9130021000 rw-p 00000000 00:00 0 
7f9130021000-7f9134000000 ---p 00000000 00:00 0 
7f9134000000-7f9134021000 rw-p 00000000 00:00 0 
7f9134021000-7f9138000000 ---p 00000000 00:00 0 
7f9138000000-7f9138021000 rw-p 00000000 00:00 0 
7f9138021000-7f913c000000 ---p 00000000 00:00 0 
7f913c000000-7f913c021000 rw-p 00000000 00:00 0 
7f913c021000-7f9140000000 ---p 00000000 00:00 0 
7f9140000000-7f9140021000 rw-p 00000000 00:00 0 
7f9140021000-7f9144000000 ---p 00000000 00:00 0 
7f9144000000-7f9144021000 rw-p 00000000 00:00 0 
7f9144021000-7f9148000000 ---p 00000000 00:00 0 
7f9148000000-7f9148021000 rw-p 00000000 00:00 0 
7f9148021000-7f914c000000 ---p 00000000 00:00 0 
7f914c04a000-7f914c04d000 ---p 00000000 00:00 0 
7f914c04d000-7f914c14b000 rw-p 00000000 00:00 0                          [stack:3659]
7f914c16e000-7f914c2a1000 r-xp 00000000 08:05 274573                     /usr/lib/x86_64-linux-gnu/libX11.so.6.3.0
7f914c2a1000-7f914c4a1000 ---p 00133000 08:05 274573                     /usr/lib/x86_64-linux-gnu/libX11.so.6.3.0
7f914c4a1000-7f914c4a2000 r--p 00133000 08:05 274573                     /usr/lib/x86_64-linux-gnu/libX11.so.6.3.0
7f914c4a2000-7f914c4a6000 rw-p 00134000 08:05 274573                     /usr/lib/x86_64-linux-gnu/libX11.so.6.3.0
7f914c4a6000-7f914c4a7000 rw-p 00000000 00:00 0 
7f914c4a7000-7f914c4b8000 r-xp 00000000 08:05 275558                     /usr/lib/x86_64-linux-gnu/libXext.so.6.4.0
7f914c4b8000-7f914c6b7000 ---p 00011000 08:05 275558                     /usr/lib/x86_64-linux-gnu/libXext.so.6.4.0
7f914c6b7000-7f914c6b8000 r--p 00010000 08:05 275558                     /usr/lib/x86_64-linux-gnu/libXext.so.6.4.0
7f914c6b8000-7f914c6b9000 rw-p 00011000 08:05 275558                     /usr/lib/x86_64-linux-gnu/libXext.so.6.4.0
7f914c6d7000-7f914c71f000 r-xp 00000000 08:05 298669                     /usr/lib/jvm/java-7-openjdk-amd64/jre/lib/amd64/xawt/libmawt.so
7f914c71f000-7f914c91f000 ---p 00048000 08:05 298669                     /usr/lib/jvm/java-7-openjdk-amd64/jre/lib/amd64/xawt/libmawt.so
7f914c91f000-7f914c920000 r--p 00048000 08:05 298669                     /usr/lib/jvm/java-7-openjdk-amd64/jre/lib/amd64/xawt/libmawt.so
7f914c920000-7f914c923000 rw-p 00049000 08:05 298669                     /usr/lib/jvm/java-7-openjdk-amd64/jre/lib/amd64/xawt/libmawt.so
7f914c923000-7f914c924000 rw-p 00000000 00:00 0 
7f914c924000-7f914c9c4000 r-xp 00000000 08:05 298500                     /usr/lib/jvm/java-7-openjdk-amd64/jre/lib/amd64/libawt.so
7f914c9c4000-7f914cbc4000 ---p 000a0000 08:05 298500                     /usr/lib/jvm/java-7-openjdk-amd64/jre/lib/amd64/libawt.so
7f914cbc4000-7f914cbc5000 r--p 000a0000 08:05 298500                     /usr/lib/jvm/java-7-openjdk-amd64/jre/lib/amd64/libawt.so
7f914cbc5000-7f914cbd0000 rw-p 000a1000 08:05 298500                     /usr/lib/jvm/java-7-openjdk-amd64/jre/lib/amd64/libawt.so
7f914cbd0000-7f914cbf5000 rw-p 00000000 00:00 0 
7f914cbf5000-7f914cbf6000 ---p 00000000 00:00 0 
7f914cbf6000-7f914ccf6000 rw-p 00000000 00:00 0                          [stack:3657]
7f914ccf6000-7f914ccf9000 ---p 00000000 00:00 0 
7f914ccf9000-7f914cdf7000 rw-p 00000000 00:00 0                          [stack:3656]
7f914cdf7000-7f914cdfa000 ---p 00000000 00:00 0 
7f914cdfa000-7f914cef8000 rw-p 00000000 00:00 0                          [stack:3655]
7f914cef8000-7f914cefb000 ---p 00000000 00:00 0 
7f914cefb000-7f914cff9000 rw-p 00000000 00:00 0                          [stack:3654]
7f914cff9000-7f914cffc000 ---p 00000000 00:00 0 
7f914cffc000-7f914d0fa000 rw-p 00000000 00:00 0                          [stack:3653]
7f914d0fa000-7f914d7dc000 r--p 00000000 08:05 272413                     /usr/lib/locale/locale-archive
7f914d7dc000-7f914d7df000 ---p 00000000 00:00 0 
7f914d7df000-7f914d8dd000 rw-p 00000000 00:00 0                          [stack:3652]
7f914d8dd000-7f914d8e0000 ---p 00000000 00:00 0 
7f914d8e0000-7f914d9de000 rw-p 00000000 00:00 0                          [stack:3651]
7f914d9de000-7f914d9df000 ---p 00000000 00:00 0 
7f914d9df000-7f914eadc000 rw-p 00000000 00:00 0                          [stack:3650]
7f914eadc000-7f914ec8d000 r--s 01d27000 08:05 298530                     /usr/lib/jvm/java-7-openjdk-amd64/jre/lib/rt.jar
7f914ec8d000-7f91534ad000 rw-p 00000000 00:00 0 
7f91534ad000-7f91534ae000 ---p 00000000 00:00 0 
7f91534ae000-7f91535ae000 rw-p 00000000 00:00 0                          [stack:3649]
7f91535ae000-7f91535af000 ---p 00000000 00:00 0 
7f91535af000-7f91536af000 rw-p 00000000 00:00 0                          [stack:3648]
7f91536af000-7f91536b0000 ---p 00000000 00:00 0 
7f91536b0000-7f91537b0000 rw-p 00000000 00:00 0                          [stack:3647]
7f91537b0000-7f91537b1000 ---p 00000000 00:00 0 
7f91537b1000-7f91538da000 rw-p 00000000 00:00 0                          [stack:3646]
7f91538da000-7f9153b43000 rw-p 00000000 00:00 0 
7f9153b43000-7f9153b4e000 rw-p 00000000 00:00 0 
7f9153b4e000-7f9153b96000 rw-p 00000000 00:00 0 
7f9153b96000-7f9153bbf000 rw-p 00000000 00:00 0 
7f9153bbf000-7f9153e27000 rw-p 00000000 00:00 0 
7f9153e27000-7f9153e3c000 rw-p 00000000 00:00 0 
7f9153e3c000-7f9153f70000 rw-p 00000000 00:00 0 
7f9153f70000-7f9153f71000 rw-p 00000000 00:00 0 
7f9153f71000-7f91541e1000 rwxp 00000000 00:00 0 
7f91541e1000-7f9156f71000 rw-p 00000000 00:00 0 
7f9156f71000-7f9156f79000 r-xp 00000000 08:05 298496                     /usr/lib/jvm/java-7-openjdk-amd64/jre/lib/amd64/libzip.so
7f9156f79000-7f9157178000 ---p 00008000 08:05 298496                     /usr/lib/jvm/java-7-openjdk-amd64/jre/lib/amd64/libzip.so
7f9157178000-7f9157179000 r--p 00007000 08:05 298496                     /usr/lib/jvm/java-7-openjdk-amd64/jre/lib/amd64/libzip.so
7f9157179000-7f915717a000 rw-p 00008000 08:05 298496                     /usr/lib/jvm/java-7-openjdk-amd64/jre/lib/amd64/libzip.so
7f915717a000-7f9157185000 r-xp 00000000 08:05 19316                      /lib/x86_64-linux-gnu/libnss_files-2.19.so
7f9157185000-7f9157384000 ---p 0000b000 08:05 19316                      /lib/x86_64-linux-gnu/libnss_files-2.19.so
7f9157384000-7f9157385000 r--p 0000a000 08:05 19316                      /lib/x86_64-linux-gnu/libnss_files-2.19.so
7f9157385000-7f9157386000 rw-p 0000b000 08:05 19316                      /lib/x86_64-linux-gnu/libnss_files-2.19.so
7f9157386000-7f9157391000 r-xp 00000000 08:05 19318                      /lib/x86_64-linux-gnu/libnss_nis-2.19.so
7f9157391000-7f9157590000 ---p 0000b000 08:05 19318                      /lib/x86_64-linux-gnu/libnss_nis-2.19.so
7f9157590000-7f9157591000 r--p 0000a000 08:05 19318                      /lib/x86_64-linux-gnu/libnss_nis-2.19.so
7f9157591000-7f9157592000 rw-p 0000b000 08:05 19318                      /lib/x86_64-linux-gnu/libnss_nis-2.19.so
7f9157592000-7f91575a9000 r-xp 00000000 08:05 19302                      /lib/x86_64-linux-gnu/libnsl-2.19.so
7f91575a9000-7f91577a8000 ---p 00017000 08:05 19302                      /lib/x86_64-linux-gnu/libnsl-2.19.so
7f91577a8000-7f91577a9000 r--p 00016000 08:05 19302                      /lib/x86_64-linux-gnu/libnsl-2.19.so
7f91577a9000-7f91577aa000 rw-p 00017000 08:05 19302                      /lib/x86_64-linux-gnu/libnsl-2.19.so
7f91577aa000-7f91577ac000 rw-p 00000000 00:00 0 
7f91577ac000-7f91577b5000 r-xp 00000000 08:05 19303                      /lib/x86_64-linux-gnu/libnss_compat-2.19.so
7f91577b5000-7f91579b4000 ---p 00009000 08:05 19303                      /lib/x86_64-linux-gnu/libnss_compat-2.19.so
7f91579b4000-7f91579b5000 r--p 00008000 08:05 19303                      /lib/x86_64-linux-gnu/libnss_compat-2.19.so
7f91579b5000-7f91579b6000 rw-p 00009000 08:05 19303                      /lib/x86_64-linux-gnu/libnss_compat-2.19.so
7f91579b6000-7f91579e3000 r-xp 00000000 08:05 298506                     /usr/lib/jvm/java-7-openjdk-amd64/jre/lib/amd64/libjava.so
7f91579e3000-7f9157be2000 ---p 0002d000 08:05 298506                     /usr/lib/jvm/java-7-openjdk-amd64/jre/lib/amd64/libjava.so
7f9157be2000-7f9157be3000 r--p 0002c000 08:05 298506                     /usr/lib/jvm/java-7-openjdk-amd64/jre/lib/amd64/libjava.so
7f9157be3000-7f9157be5000 rw-p 0002d000 08:05 298506                     /usr/lib/jvm/java-7-openjdk-amd64/jre/lib/amd64/libjava.so
7f9157be5000-7f9157bf6000 r-xp 00000000 08:05 298509                     /usr/lib/jvm/java-7-openjdk-amd64/jre/lib/amd64/libverify.so
7f9157bf6000-7f9157df5000 ---p 00011000 08:05 298509                     /usr/lib/jvm/java-7-openjdk-amd64/jre/lib/amd64/libverify.so
7f9157df5000-7f9157df7000 r--p 00010000 08:05 298509                     /usr/lib/jvm/java-7-openjdk-amd64/jre/lib/amd64/libverify.so
7f9157df7000-7f9157df8000 rw-p 00012000 08:05 298509                     /usr/lib/jvm/java-7-openjdk-amd64/jre/lib/amd64/libverify.so
7f9157df8000-7f9157dff000 r-xp 00000000 08:05 19319                      /lib/x86_64-linux-gnu/librt-2.19.so
7f9157dff000-7f9157ffe000 ---p 00007000 08:05 19319                      /lib/x86_64-linux-gnu/librt-2.19.so
7f9157ffe000-7f9157fff000 r--p 00006000 08:05 19319                      /lib/x86_64-linux-gnu/librt-2.19.so
7f9157fff000-7f9158000000 rw-p 00007000 08:05 19319                      /lib/x86_64-linux-gnu/librt-2.19.so
7f9158000000-7f91585b5000 rw-p 00000000 00:00 0 
7f91585b5000-7f915c000000 ---p 00000000 00:00 0 
7f915c012000-7f915c017000 r--s 0004d000 08:05 298533                     /usr/lib/jvm/java-7-openjdk-amd64/jre/lib/jsse.jar
7f915c017000-7f915c022000 rw-p 00000000 00:00 0 
7f915c022000-7f915c06a000 rw-p 00000000 00:00 0 
7f915c06a000-7f915c080000 r-xp 00000000 08:05 5486                       /lib/x86_64-linux-gnu/libgcc_s.so.1
7f915c080000-7f915c27f000 ---p 00016000 08:05 5486                       /lib/x86_64-linux-gnu/libgcc_s.so.1
7f915c27f000-7f915c280000 r--p 00015000 08:05 5486                       /lib/x86_64-linux-gnu/libgcc_s.so.1
7f915c280000-7f915c281000 rw-p 00016000 08:05 5486                       /lib/x86_64-linux-gnu/libgcc_s.so.1
7f915c281000-7f915c386000 r-xp 00000000 08:05 19298                      /lib/x86_64-linux-gnu/libm-2.19.so
7f915c386000-7f915c585000 ---p 00105000 08:05 19298                      /lib/x86_64-linux-gnu/libm-2.19.so
7f915c585000-7f915c586000 r--p 00104000 08:05 19298                      /lib/x86_64-linux-gnu/libm-2.19.so
7f915c586000-7f915c587000 rw-p 00105000 08:05 19298                      /lib/x86_64-linux-gnu/libm-2.19.so
7f915c587000-7f915c677000 r-xp 00000000 08:05 275529                     /usr/lib/x86_64-linux-gnu/libstdc++.so.6.0.20
7f915c677000-7f915c877000 ---p 000f0000 08:05 275529                     /usr/lib/x86_64-linux-gnu/libstdc++.so.6.0.20
7f915c877000-7f915c87f000 r--p 000f0000 08:05 275529                     /usr/lib/x86_64-linux-gnu/libstdc++.so.6.0.20
7f915c87f000-7f915c881000 rw-p 000f8000 08:05 275529                     /usr/lib/x86_64-linux-gnu/libstdc++.so.6.0.20
7f915c881000-7f915c896000 rw-p 00000000 00:00 0 
7f915c896000-7f915d3e6000 r-xp 00000000 08:05 298521                     /usr/lib/jvm/java-7-openjdk-amd64/jre/lib/amd64/server/libjvm.so
7f915d3e6000-7f915d5e5000 ---p 00b50000 08:05 298521                     /usr/lib/jvm/java-7-openjdk-amd64/jre/lib/amd64/server/libjvm.so
7f915d5e5000-7f915d684000 r--p 00b4f000 08:05 298521                     /usr/lib/jvm/java-7-openjdk-amd64/jre/lib/amd64/server/libjvm.so
7f915d684000-7f915d6a7000 rw-p 00bee000 08:05 298521                     /usr/lib/jvm/java-7-openjdk-amd64/jre/lib/amd64/server/libjvm.so
7f915d6a7000-7f915d6d4000 rw-p 00000000 00:00 0 
7f915d6d4000-7f915d6ec000 r-xp 00000000 08:05 5630                       /lib/x86_64-linux-gnu/libz.so.1.2.8
7f915d6ec000-7f915d8eb000 ---p 00018000 08:05 5630                       /lib/x86_64-linux-gnu/libz.so.1.2.8
7f915d8eb000-7f915d8ec000 r--p 00017000 08:05 5630                       /lib/x86_64-linux-gnu/libz.so.1.2.8
7f915d8ec000-7f915d8ed000 rw-p 00018000 08:05 5630                       /lib/x86_64-linux-gnu/libz.so.1.2.8
7f915d8ed000-7f915d906000 r-xp 00000000 08:05 19306                      /lib/x86_64-linux-gnu/libpthread-2.19.so
7f915d906000-7f915db05000 ---p 00019000 08:05 19306                      /lib/x86_64-linux-gnu/libpthread-2.19.so
7f915db05000-7f915db06000 r--p 00018000 08:05 19306                      /lib/x86_64-linux-gnu/libpthread-2.19.so
7f915db06000-7f915db07000 rw-p 00019000 08:05 19306                      /lib/x86_64-linux-gnu/libpthread-2.19.so
7f915db07000-7f915db0b000 rw-p 00000000 00:00 0 
7f915db0b000-7f915db0e000 r-xp 00000000 08:05 19305                      /lib/x86_64-linux-gnu/libdl-2.19.so
7f915db0e000-7f915dd0d000 ---p 00003000 08:05 19305                      /lib/x86_64-linux-gnu/libdl-2.19.so
7f915dd0d000-7f915dd0e000 r--p 00002000 08:05 19305                      /lib/x86_64-linux-gnu/libdl-2.19.so
7f915dd0e000-7f915dd0f000 rw-p 00003000 08:05 19305                      /lib/x86_64-linux-gnu/libdl-2.19.so
7f915dd0f000-7f915dec9000 r-xp 00000000 08:05 19317                      /lib/x86_64-linux-gnu/libc-2.19.so
7f915dec9000-7f915e0c8000 ---p 001ba000 08:05 19317                      /lib/x86_64-linux-gnu/libc-2.19.so
7f915e0c8000-7f915e0cc000 r--p 001b9000 08:05 19317                      /lib/x86_64-linux-gnu/libc-2.19.so
7f915e0cc000-7f915e0ce000 rw-p 001bd000 08:05 19317                      /lib/x86_64-linux-gnu/libc-2.19.so
7f915e0ce000-7f915e0d3000 rw-p 00000000 00:00 0 
7f915e0d3000-7f915e0e0000 r-xp 00000000 08:05 298514                     /usr/lib/jvm/java-7-openjdk-amd64/jre/lib/amd64/jli/libjli.so
7f915e0e0000-7f915e2df000 ---p 0000d000 08:05 298514                     /usr/lib/jvm/java-7-openjdk-amd64/jre/lib/amd64/jli/libjli.so
7f915e2df000-7f915e2e0000 r--p 0000c000 08:05 298514                     /usr/lib/jvm/java-7-openjdk-amd64/jre/lib/amd64/jli/libjli.so
7f915e2e0000-7f915e2e1000 rw-p 0000d000 08:05 298514                     /usr/lib/jvm/java-7-openjdk-amd64/jre/lib/amd64/jli/libjli.so
7f915e2e1000-7f915e304000 r-xp 00000000 08:05 19312                      /lib/x86_64-linux-gnu/ld-2.19.so
7f915e305000-7f915e308000 r--s 0233b000 08:07 4599929                    /home/joe/Documents/OCR Project/workspace/workspace/Tesseract/libs/tess4j.jar
7f915e308000-7f915e30c000 r--s 000dc000 08:07 4599931                    /home/joe/Documents/OCR Project/workspace/workspace/Tesseract/libs/jna.jar
7f915e30c000-7f915e31d000 r--s 00106000 08:07 4599930                    /home/joe/Documents/OCR Project/workspace/workspace/Tesseract/libs/jai_imageio.jar
7f915e31d000-7f915e327000 rw-p 00000000 00:00 0 
7f915e327000-7f915e3dd000 rw-p 00000000 00:00 0 
7f915e3dd000-7f915e3e0000 ---p 00000000 00:00 0 
7f915e3e0000-7f915e4e3000 rw-p 00000000 00:00 0                          [stack:3645]
7f915e4e4000-7f915e4e8000 r--s 00034000 08:05 298549                     /usr/lib/jvm/java-7-openjdk-amd64/jre/lib/ext/sunjce_provider.jar
7f915e4e8000-7f915e4eb000 r--s 0000f000 08:05 298547                     /usr/lib/jvm/java-7-openjdk-amd64/jre/lib/ext/icedtea-sound.jar
7f915e4eb000-7f915e4ee000 r--s 00086000 08:05 298550                     /usr/lib/jvm/java-7-openjdk-amd64/jre/lib/ext/localedata.jar
7f915e4ee000-7f915e4f0000 r--s 00012000 08:05 298546                     /usr/lib/jvm/java-7-openjdk-amd64/jre/lib/ext/zipfs.jar
7f915e4f0000-7f915e4f1000 r--s 00002000 08:05 298548                     /usr/lib/jvm/java-7-openjdk-amd64/jre/lib/ext/dnsns.jar
7f915e4f1000-7f915e4f3000 r--s 00006000 08:05 522850                     /usr/share/java/java-atk-wrapper.jar
7f915e4f3000-7f915e4f7000 r--s 0003c000 08:05 298545                     /usr/lib/jvm/java-7-openjdk-amd64/jre/lib/ext/sunpkcs11.jar
7f915e4f7000-7f915e4ff000 rw-s 00000000 08:05 35041                      /tmp/hsperfdata_joe/3639
7f915e4ff000-7f915e500000 rw-p 00000000 00:00 0 
7f915e500000-7f915e501000 r--p 00000000 00:00 0 
7f915e501000-7f915e503000 rw-p 00000000 00:00 0 
7f915e503000-7f915e504000 r--p 00022000 08:05 19312                      /lib/x86_64-linux-gnu/ld-2.19.so
7f915e504000-7f915e505000 rw-p 00023000 08:05 19312                      /lib/x86_64-linux-gnu/ld-2.19.so
7f915e505000-7f915e506000 rw-p 00000000 00:00 0 
7fff782b5000-7fff782d6000 rw-p 00000000 00:00 0                          [stack]
7fff78342000-7fff78344000 r-xp 00000000 00:00 0                          [vdso]
7fff78344000-7fff78346000 r--p 00000000 00:00 0                          [vvar]
ffffffffff600000-ffffffffff601000 r-xp 00000000 00:00 0                  [vsyscall]

VM Arguments:
jvm_args: -Dfile.encoding=UTF-8 
java_command: Main
Launcher Type: SUN_STANDARD

Environment Variables:
PATH=/home/joe/tesseract-ocr/training:/home/joe/tesseract-ocr:/usr/local/sbin:/usr/local/bin:/usr/sbin:/usr/bin:/sbin:/bin:/usr/games:/usr/local/games
SHELL=/bin/bash
DISPLAY=:0.0

Signal Handlers:
SIGSEGV: [libjvm.so+0x983740], sa_mask[0]=0x7ffbfeff, sa_flags=0x10000004
SIGBUS: [libjvm.so+0x983740], sa_mask[0]=0x7ffbfeff, sa_flags=0x10000004
SIGFPE: [libjvm.so+0x7f0180], sa_mask[0]=0x7ffbfeff, sa_flags=0x10000004
SIGPIPE: [libjvm.so+0x7f0180], sa_mask[0]=0x7ffbfeff, sa_flags=0x10000004
SIGXFSZ: [libjvm.so+0x7f0180], sa_mask[0]=0x7ffbfeff, sa_flags=0x10000004
SIGILL: [libjvm.so+0x7f0180], sa_mask[0]=0x7ffbfeff, sa_flags=0x10000004
SIGUSR1: SIG_DFL, sa_mask[0]=0x00000000, sa_flags=0x00000000
SIGUSR2: [libjvm.so+0x7f0000], sa_mask[0]=0x00000004, sa_flags=0x10000004
SIGHUP: [libjvm.so+0x7f0200], sa_mask[0]=0x7ffbfeff, sa_flags=0x10000004
SIGINT: [libjvm.so+0x7f0200], sa_mask[0]=0x7ffbfeff, sa_flags=0x10000004
SIGTERM: [libjvm.so+0x7f0200], sa_mask[0]=0x7ffbfeff, sa_flags=0x10000004
SIGQUIT: [libjvm.so+0x7f0200], sa_mask[0]=0x7ffbfeff, sa_flags=0x10000004
SIGTRAP: SIG_DFL, sa_mask[0]=0x00000000, sa_flags=0x00000000


---------------  S Y S T E M  ---------------

OS:Ubuntu 14.10 (utopic)
uname:Linux 3.16.0-23-generic #31-Ubuntu SMP Tue Oct 21 17:56:17 UTC 2014 x86_64
libc:glibc 2.19 NPTL 2.19 
rlimit: STACK 8192k, CORE 0k, NPROC 31440, NOFILE 4096, AS infinity
load average:0.46 0.31 0.25

/proc/meminfo:
MemTotal:        8070928 kB
MemFree:         5291704 kB
MemAvailable:    6035908 kB
Buffers:           66176 kB
Cached:          1337096 kB
SwapCached:            0 kB
Active:          1631788 kB
Inactive:         904924 kB
Active(anon):    1141996 kB
Inactive(anon):   519860 kB
Active(file):     489792 kB
Inactive(file):   385064 kB
Unevictable:           0 kB
Mlocked:               0 kB
SwapTotal:       7811068 kB
SwapFree:        7811068 kB
Dirty:                88 kB
Writeback:             0 kB
AnonPages:       1133640 kB
Mapped:           368212 kB
Shmem:            528424 kB
Slab:             110620 kB
SReclaimable:      76580 kB
SUnreclaim:        34040 kB
KernelStack:        7968 kB
PageTables:        36064 kB
NFS_Unstable:          0 kB
Bounce:                0 kB
WritebackTmp:          0 kB
CommitLimit:    11846532 kB
Committed_AS:    4809312 kB
VmallocTotal:   34359738367 kB
VmallocUsed:      557672 kB
VmallocChunk:   34359084440 kB
HardwareCorrupted:     0 kB
AnonHugePages:    651264 kB
HugePages_Total:       0
HugePages_Free:        0
HugePages_Rsvd:        0
HugePages_Surp:        0
Hugepagesize:       2048 kB
DirectMap4k:       62976 kB
DirectMap2M:     2977792 kB
DirectMap1G:     5242880 kB


CPU:total 4 (2 cores per cpu, 2 threads per core) family 6 model 69 stepping 1, cmov, cx8, fxsr, mmx, sse, sse2, sse3, ssse3, sse4.1, sse4.2, popcnt, avx, avx2, aes, erms, ht, tsc, tscinvbit

/proc/cpuinfo:
processor	: 0
vendor_id	: GenuineIntel
cpu family	: 6
model		: 69
model name	: Intel(R) Core(TM) i5-4300U CPU @ 1.90GHz
stepping	: 1
microcode	: 0x1c
cpu MHz		: 2826.074
cache size	: 3072 KB
physical id	: 0
siblings	: 4
core id		: 0
cpu cores	: 2
apicid		: 0
initial apicid	: 0
fpu		: yes
fpu_exception	: yes
cpuid level	: 13
wp		: yes
flags		: fpu vme de pse tsc msr pae mce cx8 apic sep mtrr pge mca cmov pat pse36 clflush dts acpi mmx fxsr sse sse2 ss ht tm pbe syscall nx pdpe1gb rdtscp lm constant_tsc arch_perfmon pebs bts rep_good nopl xtopology nonstop_tsc aperfmperf eagerfpu pni pclmulqdq dtes64 monitor ds_cpl vmx smx est tm2 ssse3 fma cx16 xtpr pdcm pcid sse4_1 sse4_2 x2apic movbe popcnt tsc_deadline_timer aes xsave avx f16c rdrand lahf_lm abm ida arat epb xsaveopt pln pts dtherm tpr_shadow vnmi flexpriority ept vpid fsgsbase tsc_adjust bmi1 avx2 smep bmi2 erms invpcid
bogomips	: 4988.31
clflush size	: 64
cache_alignment	: 64
address sizes	: 39 bits physical, 48 bits virtual
power management:

processor	: 1
vendor_id	: GenuineIntel
cpu family	: 6
model		: 69
model name	: Intel(R) Core(TM) i5-4300U CPU @ 1.90GHz
stepping	: 1
microcode	: 0x1c
cpu MHz		: 2612.011
cache size	: 3072 KB
physical id	: 0
siblings	: 4
core id		: 0
cpu cores	: 2
apicid		: 1
initial apicid	: 1
fpu		: yes
fpu_exception	: yes
cpuid level	: 13
wp		: yes
flags		: fpu vme de pse tsc msr pae mce cx8 apic sep mtrr pge mca cmov pat pse36 clflush dts acpi mmx fxsr sse sse2 ss ht tm pbe syscall nx pdpe1gb rdtscp lm constant_tsc arch_perfmon pebs bts rep_good nopl xtopology nonstop_tsc aperfmperf eagerfpu pni pclmulqdq dtes64 monitor ds_cpl vmx smx est tm2 ssse3 fma cx16 xtpr pdcm pcid sse4_1 sse4_2 x2apic movbe popcnt tsc_deadline_timer aes xsave avx f16c rdrand lahf_lm abm ida arat epb xsaveopt pln pts dtherm tpr_shadow vnmi flexpriority ept vpid fsgsbase tsc_adjust bmi1 avx2 smep bmi2 erms invpcid
bogomips	: 4988.31
clflush size	: 64
cache_alignment	: 64
address sizes	: 39 bits physical, 48 bits virtual
power management:

processor	: 2
vendor_id	: GenuineIntel
cpu family	: 6
model		: 69
model name	: Intel(R) Core(TM) i5-4300U CPU @ 1.90GHz
stepping	: 1
microcode	: 0x1c
cpu MHz		: 2600.000
cache size	: 3072 KB
physical id	: 0
siblings	: 4
core id		: 1
cpu cores	: 2
apicid		: 2
initial apicid	: 2
fpu		: yes
fpu_exception	: yes
cpuid level	: 13
wp		: yes
flags		: fpu vme de pse tsc msr pae mce cx8 apic sep mtrr pge mca cmov pat pse36 clflush dts acpi mmx fxsr sse sse2 ss ht tm pbe syscall nx pdpe1gb rdtscp lm constant_tsc arch_perfmon pebs bts rep_good nopl xtopology nonstop_tsc aperfmperf eagerfpu pni pclmulqdq dtes64 monitor ds_cpl vmx smx est tm2 ssse3 fma cx16 xtpr pdcm pcid sse4_1 sse4_2 x2apic movbe popcnt tsc_deadline_timer aes xsave avx f16c rdrand lahf_lm abm ida arat epb xsaveopt pln pts dtherm tpr_shadow vnmi flexpriority ept vpid fsgsbase tsc_adjust bmi1 avx2 smep bmi2 erms invpcid
bogomips	: 4988.31
clflush size	: 64
cache_alignment	: 64
address sizes	: 39 bits physical, 48 bits virtual
power management:

processor	: 3
vendor_id	: GenuineIntel
cpu family	: 6
model		: 69
model name	: Intel(R) Core(TM) i5-4300U CPU @ 1.90GHz
stepping	: 1
microcode	: 0x1c
cpu MHz		: 2600.000
cache size	: 3072 KB
physical id	: 0
siblings	: 4
core id		: 1
cpu cores	: 2
apicid		: 3
initial apicid	: 3
fpu		: yes
fpu_exception	: yes
cpuid level	: 13
wp		: yes
flags		: fpu vme de pse tsc msr pae mce cx8 apic sep mtrr pge mca cmov pat pse36 clflush dts acpi mmx fxsr sse sse2 ss ht tm pbe syscall nx pdpe1gb rdtscp lm constant_tsc arch_perfmon pebs bts rep_good nopl xtopology nonstop_tsc aperfmperf eagerfpu pni pclmulqdq dtes64 monitor ds_cpl vmx smx est tm2 ssse3 fma cx16 xtpr pdcm pcid sse4_1 sse4_2 x2apic movbe popcnt tsc_deadline_timer aes xsave avx f16c rdrand lahf_lm abm ida arat epb xsaveopt pln pts dtherm tpr_shadow vnmi flexpriority ept vpid fsgsbase tsc_adjust bmi1 avx2 smep bmi2 erms invpcid
bogomips	: 4988.31
clflush size	: 64
cache_alignment	: 64
address sizes	: 39 bits physical, 48 bits virtual
power management:



Memory: 4k page, physical 8070928k(5291704k free), swap 7811068k(7811068k free)

vm_info: OpenJDK 64-Bit Server VM (24.79-b02) for linux-amd64 JRE (1.7.0_79-b14), built on Apr 16 2015 08:25:58 by "buildd" with gcc 4.9.1

time: Tue Jun  9 13:55:44 2015
elapsed time: 0 seconds

