#
# A fatal error has been detected by the Java Runtime Environment:
#
#  SIGSEGV (0xb) at pc=0x00007fe0f5e161db, pid=3670, tid=140605381261056
#
# JRE version: OpenJDK Runtime Environment (7.0_79-b14) (build 1.7.0_79-b14)
# Java VM: OpenJDK 64-Bit Server VM (24.79-b02 mixed mode linux-amd64 compressed oops)
# Derivative: IcedTea 2.5.5
# Distribution: Ubuntu 14.10, package 7u79-2.5.5-0ubuntu0.14.10.2
# Problematic frame:
# C  [libtesseract.so+0x25f1db]  ERRCODE::error(char const*, TessErrorLogCode, char const*, ...) const+0x16b
#
# Failed to write core dump. Core dumps have been disabled. To enable core dumping, try "ulimit -c unlimited" before starting Java again
#
# If you would like to submit a bug report, please include
# instructions on how to reproduce the bug and visit:
#   http://icedtea.classpath.org/bugzilla
# The crash happened outside the Java Virtual Machine in native code.
# See problematic frame for where to report the bug.
#

---------------  T H R E A D  ---------------

Current thread (0x00007fe13400a000):  JavaThread "main" [_thread_in_native, id=3675, stack(0x00007fe13dbdb000,0x00007fe13dcdc000)]

siginfo:si_signo=SIGSEGV: si_errno=0, si_code=1 (SEGV_MAPERR), si_addr=0x0000000000000000

Registers:
RAX=0x000000000000004e, RBX=0x00007fe13dcd8bbd, RCX=0x00007fe13d5f85bd, RDX=0x00007fe13d8cc9f0
RSP=0x00007fe13dcd8b70, RBP=0x00007fe13dcd8b90, RSI=0x000000000000004e, RDI=0x00007fe13dcd6340
R8 =0x00007fe13dcdb700, R9 =0x61646120656c6966, R10=0x00007fe13d8c8be0, R11=0x0000000000000000
R12=0x0000000000000002, R13=0x00007fe0f5e21277, R14=0x00007fe0f60d67c0, R15=0x00007fe134553210
RIP=0x00007fe0f5e161db, EFLAGS=0x0000000000010246, CSGSFS=0x0000000000000033, ERR=0x0000000000000004
  TRAPNO=0x000000000000000e

Top of Stack: (sp=0x00007fe13dcd8b70)
0x00007fe13dcd8b70:   0000000000000000 0000003000000030
0x00007fe13dcd8b80:   00007fe13dcd9080 00007fe13dcd8fa0
0x00007fe13dcd8b90:   5464657470616441 736574616c706d65
0x00007fe13dcd8ba0:   4c4c554e203d2120 413a726f7272453a
0x00007fe13dcd8bb0:   6166207472657373 206e693a64656c69
0x00007fe13dcd8bc0:   61646120656c6966 2e686374616d7470
0x00007fe13dcd8bd0:   6e696c202c707063 00000a3938312065
0x00007fe13dcd8be0:   0000000000000000 0000000000000000
0x00007fe13dcd8bf0:   0000000000000000 0000000000000000
0x00007fe13dcd8c00:   0000000000000000 0000000000000000
0x00007fe13dcd8c10:   0000000000000000 0000000000000000
0x00007fe13dcd8c20:   0000000000000000 0000000000000000
0x00007fe13dcd8c30:   0000000000000000 0000000000000000
0x00007fe13dcd8c40:   0000000000000000 0000000000000000
0x00007fe13dcd8c50:   0000000000000000 0000000000000000
0x00007fe13dcd8c60:   0000000000000000 0000000000000000
0x00007fe13dcd8c70:   0000000000000000 0000000000000000
0x00007fe13dcd8c80:   0000000000000000 0000000000000000
0x00007fe13dcd8c90:   0000000000000000 0000000000000000
0x00007fe13dcd8ca0:   0000000000000000 0000000000000000
0x00007fe13dcd8cb0:   0000000000000000 0000000000000000
0x00007fe13dcd8cc0:   0000000000000000 0000000000000000
0x00007fe13dcd8cd0:   0000000000000000 0000000000000000
0x00007fe13dcd8ce0:   0000000000000000 0000000000000000
0x00007fe13dcd8cf0:   0000000000000000 0000000000000000
0x00007fe13dcd8d00:   0000000000000000 0000000000000000
0x00007fe13dcd8d10:   0000000000000000 0000000000000000
0x00007fe13dcd8d20:   0000000000000000 0000000000000000
0x00007fe13dcd8d30:   0000000000000000 0000000000000000
0x00007fe13dcd8d40:   0000000000000000 0000000000000000
0x00007fe13dcd8d50:   0000000000000000 0000000000000000
0x00007fe13dcd8d60:   0000000000000000 0000000000000000 

Instructions: (pc=0x00007fe0f5e161db)
0x00007fe0f5e161bb:   be 01 00 00 00 48 8b 38 31 c0 e8 c6 91 e3 ff 41
0x00007fe0f5e161cb:   83 fc ff 7c 18 45 85 e4 7e 2f 41 83 fc 02 7f 0d
0x00007fe0f5e161db:   8b 04 25 00 00 00 00 0f 0b 0f 1f 40 00 48 8d 35
0x00007fe0f5e161eb:   d1 b0 01 00 48 8d 3d 92 26 50 00 31 c9 ba 02 00 

Register to memory mapping:

RAX=0x000000000000004e is an unknown value
RBX=0x00007fe13dcd8bbd is pointing into the stack for thread: 0x00007fe13400a000
RCX=0x00007fe13d5f85bd: __write+0x2d in /lib/x86_64-linux-gnu/libc.so.6 at 0x00007fe13d50d000
RDX=0x00007fe13d8cc9f0: <offset 0x3bf9f0> in /lib/x86_64-linux-gnu/libc.so.6 at 0x00007fe13d50d000
RSP=0x00007fe13dcd8b70 is pointing into the stack for thread: 0x00007fe13400a000
RBP=0x00007fe13dcd8b90 is pointing into the stack for thread: 0x00007fe13400a000
RSI=0x000000000000004e is an unknown value
RDI=0x00007fe13dcd6340 is pointing into the stack for thread: 0x00007fe13400a000
R8 =0x00007fe13dcdb700 is pointing into the stack for thread: 0x00007fe13400a000
R9 =0x61646120656c6966 is an unknown value
R10=0x00007fe13d8c8be0: <offset 0x3bbbe0> in /lib/x86_64-linux-gnu/libc.so.6 at 0x00007fe13d50d000
R11=0x0000000000000000 is an unknown value
R12=0x0000000000000002 is an unknown value
R13=0x00007fe0f5e21277: <offset 0x26a277> in /usr/local/lib/libtesseract.so at 0x00007fe0f5bb7000
R14=0x00007fe0f60d67c0: <offset 0x51f7c0> in /usr/local/lib/libtesseract.so at 0x00007fe0f5bb7000
R15=0x00007fe134553210 is an unknown value


Stack: [0x00007fe13dbdb000,0x00007fe13dcdc000],  sp=0x00007fe13dcd8b70,  free space=1014k
Native frames: (J=compiled Java code, j=interpreted, Vv=VM code, C=native code)
C  [libtesseract.so+0x25f1db]  ERRCODE::error(char const*, TessErrorLogCode, char const*, ...) const+0x16b

Java frames: (J=compiled Java code, j=interpreted, Vv=VM code)
j  com.sun.jna.Native.invokePointer(JI[Ljava/lang/Object;)J+0
j  com.sun.jna.Function.invokePointer(I[Ljava/lang/Object;)Lcom/sun/jna/Pointer;+6
j  com.sun.jna.Function.invoke([Ljava/lang/Object;Ljava/lang/Class;Z)Ljava/lang/Object;+426
j  com.sun.jna.Function.invoke(Ljava/lang/Class;[Ljava/lang/Object;Ljava/util/Map;)Ljava/lang/Object;+262
j  com.sun.jna.Library$Handler.invoke(Ljava/lang/Object;Ljava/lang/reflect/Method;[Ljava/lang/Object;)Ljava/lang/Object;+316
j  com.sun.proxy.$Proxy0.TessBaseAPIGetUTF8Text(Lnet/sourceforge/tess4j/ITessAPI$TessBaseAPI;)Lcom/sun/jna/Pointer;+16
j  net.sourceforge.tess4j.Tesseract.getOCRText(Ljava/lang/String;I)Ljava/lang/String;+62
j  net.sourceforge.tess4j.Tesseract.doOCR(Ljava/util/List;Ljava/lang/String;Ljava/awt/Rectangle;)Ljava/lang/String;+69
j  net.sourceforge.tess4j.Tesseract.doOCR(Ljava/io/File;Ljava/awt/Rectangle;)Ljava/lang/String;+10
j  net.sourceforge.tess4j.Tesseract.doOCR(Ljava/io/File;)Ljava/lang/String;+3
j  OCREngine.doOCR(Ljava/io/File;)Ljava/lang/String;+5
j  Main.main([Ljava/lang/String;)V+23
v  ~StubRoutines::call_stub

---------------  P R O C E S S  ---------------

Java Threads: ( => current thread )
  0x00007fe1341b8800 JavaThread "Java2D Disposer" daemon [_thread_blocked, id=3688, stack(0x00007fe0f6481000,0x00007fe0f6582000)]
  0x00007fe1340af800 JavaThread "Service Thread" daemon [_thread_blocked, id=3686, stack(0x00007fe13071c000,0x00007fe13081d000)]
  0x00007fe1340ad000 JavaThread "C2 CompilerThread1" daemon [_thread_blocked, id=3685, stack(0x00007fe13081d000,0x00007fe13091e000)]
  0x00007fe1340aa000 JavaThread "C2 CompilerThread0" daemon [_thread_blocked, id=3684, stack(0x00007fe1380bf000,0x00007fe1381c0000)]
  0x00007fe1340a7800 JavaThread "Signal Dispatcher" daemon [_thread_blocked, id=3683, stack(0x00007fe1381c0000,0x00007fe1382c1000)]
  0x00007fe13407c800 JavaThread "Finalizer" daemon [_thread_blocked, id=3682, stack(0x00007fe1382c1000,0x00007fe1383c2000)]
  0x00007fe13407a000 JavaThread "Reference Handler" daemon [_thread_blocked, id=3681, stack(0x00007fe1383c2000,0x00007fe1384c3000)]
=>0x00007fe13400a000 JavaThread "main" [_thread_in_native, id=3675, stack(0x00007fe13dbdb000,0x00007fe13dcdc000)]

Other Threads:
  0x00007fe134075800 VMThread [stack: 0x00007fe1384c3000,0x00007fe1385c4000] [id=3680]
  0x00007fe1340ba000 WatcherThread [stack: 0x00007fe13061b000,0x00007fe13071c000] [id=3687]

VM state:not at safepoint (normal execution)

VM Mutex/Monitor currently owned by a thread: None

Heap
 PSYoungGen      total 37376K, used 14247K [0x00000007d6e80000, 0x00000007d9800000, 0x0000000800000000)
  eden space 32256K, 44% used [0x00000007d6e80000,0x00000007d7c69e20,0x00000007d8e00000)
  from space 5120K, 0% used [0x00000007d9300000,0x00000007d9300000,0x00000007d9800000)
  to   space 5120K, 0% used [0x00000007d8e00000,0x00000007d8e00000,0x00000007d9300000)
 ParOldGen       total 83968K, used 0K [0x0000000784c00000, 0x0000000789e00000, 0x00000007d6e80000)
  object space 83968K, 0% used [0x0000000784c00000,0x0000000784c00000,0x0000000789e00000)
 PSPermGen       total 21504K, used 7742K [0x000000077a600000, 0x000000077bb00000, 0x0000000784c00000)
  object space 21504K, 36% used [0x000000077a600000,0x000000077ad8fa18,0x000000077bb00000)

Card table byte_map: [0x00007fe13a3ab000,0x00007fe13a7d9000] byte_map_base: 0x00007fe1367d8000

Polling page: 0x00007fe13dcfe000

Code Cache  [0x00007fe131000000, 0x00007fe131270000, 0x00007fe134000000)
 total_blobs=312 nmethods=37 adapters=228 free_code_cache=48633Kb largest_free_block=49776896

Compilation events (10 events):
Event: 0.466 Thread 0x00007fe1340aa000 nmethod 32% 0x00007fe131080c50 code [0x00007fe131080e00, 0x00007fe1310816d8]
Event: 0.484 Thread 0x00007fe1340aa000   34             java.lang.AbstractStringBuilder::append (48 bytes)
Event: 0.493 Thread 0x00007fe1340aa000 nmethod 34 0x00007fe13107b890 code [0x00007fe13107ba00, 0x00007fe13107bdf8]
Event: 0.493 Thread 0x00007fe1340aa000   35             java.lang.String::getChars (62 bytes)
Event: 0.494 Thread 0x00007fe1340aa000 nmethod 35 0x00007fe13107b490 code [0x00007fe13107b5e0, 0x00007fe13107b718]
Event: 0.496 Thread 0x00007fe1340ad000 nmethod 33 0x00007fe131085190 code [0x00007fe131085360, 0x00007fe131086d38]
Event: 0.503 Thread 0x00007fe1340aa000   36             java.lang.StringBuilder::append (8 bytes)
Event: 0.504 Thread 0x00007fe1340ad000   37             java.util.Arrays::copyOfRange (63 bytes)
Event: 0.506 Thread 0x00007fe1340ad000 nmethod 37 0x00007fe131080790 code [0x00007fe1310808e0, 0x00007fe131080af8]
Event: 0.509 Thread 0x00007fe1340aa000 nmethod 36 0x00007fe131084890 code [0x00007fe131084a00, 0x00007fe131084df8]

GC Heap History (0 events):
No events

Deoptimization events (5 events):
Event: 0.366 Thread 0x00007fe13400a000 Uncommon trap: reason=bimorphic action=maybe_recompile pc=0x00007fe131079484 method=java.util.HashMap.getEntry(Ljava/lang/Object;)Ljava/util/HashMap$Entry; @ 68
Event: 0.367 Thread 0x00007fe13400a000 Uncommon trap: reason=bimorphic action=maybe_recompile pc=0x00007fe131079484 method=java.util.HashMap.getEntry(Ljava/lang/Object;)Ljava/util/HashMap$Entry; @ 68
Event: 0.368 Thread 0x00007fe13400a000 Uncommon trap: reason=bimorphic action=maybe_recompile pc=0x00007fe131079484 method=java.util.HashMap.getEntry(Ljava/lang/Object;)Ljava/util/HashMap$Entry; @ 68
Event: 0.369 Thread 0x00007fe13400a000 Uncommon trap: reason=bimorphic action=maybe_recompile pc=0x00007fe131079484 method=java.util.HashMap.getEntry(Ljava/lang/Object;)Ljava/util/HashMap$Entry; @ 68
Event: 0.370 Thread 0x00007fe13400a000 Uncommon trap: reason=bimorphic action=maybe_recompile pc=0x00007fe131072de4 method=java.util.HashMap.getEntry(Ljava/lang/Object;)Ljava/util/HashMap$Entry; @ 68

Internal exceptions (10 events):
Event: 0.506 Thread 0x00007fe13400a000 Threw 0x00000007d7bbb0f0 at /build/buildd/openjdk-7-7u79-2.5.5/build/openjdk/hotspot/src/share/vm/prims/jvm.cpp:1284
Event: 0.507 Thread 0x00007fe13400a000 Threw 0x00000007d7bc0c40 at /build/buildd/openjdk-7-7u79-2.5.5/build/openjdk/hotspot/src/share/vm/prims/jvm.cpp:1284
Event: 0.507 Thread 0x00007fe13400a000 Threw 0x00000007d7bc5ff0 at /build/buildd/openjdk-7-7u79-2.5.5/build/openjdk/hotspot/src/share/vm/prims/jvm.cpp:1284
Event: 0.508 Thread 0x00007fe13400a000 Threw 0x00000007d7bcc6b0 at /build/buildd/openjdk-7-7u79-2.5.5/build/openjdk/hotspot/src/share/vm/prims/jvm.cpp:1284
Event: 0.509 Thread 0x00007fe13400a000 Threw 0x00000007d7bd1c58 at /build/buildd/openjdk-7-7u79-2.5.5/build/openjdk/hotspot/src/share/vm/prims/jvm.cpp:1284
Event: 0.509 Thread 0x00007fe13400a000 Threw 0x00000007d7bd71f0 at /build/buildd/openjdk-7-7u79-2.5.5/build/openjdk/hotspot/src/share/vm/prims/jvm.cpp:1284
Event: 0.509 Thread 0x00007fe13400a000 Threw 0x00000007d7bdc608 at /build/buildd/openjdk-7-7u79-2.5.5/build/openjdk/hotspot/src/share/vm/prims/jvm.cpp:1284
Event: 0.510 Thread 0x00007fe13400a000 Threw 0x00000007d7be1aa0 at /build/buildd/openjdk-7-7u79-2.5.5/build/openjdk/hotspot/src/share/vm/prims/jvm.cpp:1284
Event: 0.510 Thread 0x00007fe13400a000 Threw 0x00000007d7be6f00 at /build/buildd/openjdk-7-7u79-2.5.5/build/openjdk/hotspot/src/share/vm/prims/jvm.cpp:1284
Event: 0.515 Thread 0x00007fe13400a000 Threw 0x00000007d7c425c0 at /build/buildd/openjdk-7-7u79-2.5.5/build/openjdk/hotspot/src/share/vm/prims/jvm.cpp:1284

Events (10 events):
Event: 0.511 loading class 0x00007fe134187760
Event: 0.511 loading class 0x00007fe134187760 done
Event: 0.511 loading class 0x00007fe134181db0
Event: 0.511 loading class 0x00007fe134181db0 done
Event: 0.511 loading class 0x00007fe1000b4220
Event: 0.511 loading class 0x00007fe1000b4220 done
Event: 0.514 loading class 0x00007fe134011700
Event: 0.514 loading class 0x00007fe134011700 done
Event: 0.515 loading class 0x00007fe13422f290
Event: 0.515 loading class 0x00007fe13422f290 done


Dynamic libraries:
00400000-00401000 r-xp 00000000 08:05 298468                             /usr/lib/jvm/java-7-openjdk-amd64/jre/bin/java
00600000-00601000 r--p 00000000 08:05 298468                             /usr/lib/jvm/java-7-openjdk-amd64/jre/bin/java
00601000-00602000 rw-p 00001000 08:05 298468                             /usr/lib/jvm/java-7-openjdk-amd64/jre/bin/java
01107000-01128000 rw-p 00000000 00:00 0                                  [heap]
77a600000-77bb00000 rw-p 00000000 00:00 0 
77bb00000-784c00000 rw-p 00000000 00:00 0 
784c00000-789e00000 rw-p 00000000 00:00 0 
789e00000-7d6e80000 rw-p 00000000 00:00 0 
7d6e80000-7d9800000 rw-p 00000000 00:00 0 
7d9800000-800000000 rw-p 00000000 00:00 0 
7fe0f0000000-7fe0f0021000 rw-p 00000000 00:00 0 
7fe0f0021000-7fe0f4000000 ---p 00000000 00:00 0 
7fe0f487c000-7fe0f4893000 r-xp 00000000 08:05 298523                     /usr/lib/jvm/java-7-openjdk-amd64/jre/lib/amd64/libnet.so
7fe0f4893000-7fe0f4a92000 ---p 00017000 08:05 298523                     /usr/lib/jvm/java-7-openjdk-amd64/jre/lib/amd64/libnet.so
7fe0f4a92000-7fe0f4a93000 r--p 00016000 08:05 298523                     /usr/lib/jvm/java-7-openjdk-amd64/jre/lib/amd64/libnet.so
7fe0f4a93000-7fe0f4a94000 rw-p 00017000 08:05 298523                     /usr/lib/jvm/java-7-openjdk-amd64/jre/lib/amd64/libnet.so
7fe0f4a94000-7fe0f4aa5000 r-xp 00000000 08:05 298494                     /usr/lib/jvm/java-7-openjdk-amd64/jre/lib/amd64/libnio.so
7fe0f4aa5000-7fe0f4ca4000 ---p 00011000 08:05 298494                     /usr/lib/jvm/java-7-openjdk-amd64/jre/lib/amd64/libnio.so
7fe0f4ca4000-7fe0f4ca5000 r--p 00010000 08:05 298494                     /usr/lib/jvm/java-7-openjdk-amd64/jre/lib/amd64/libnio.so
7fe0f4ca5000-7fe0f4ca6000 rw-p 00011000 08:05 298494                     /usr/lib/jvm/java-7-openjdk-amd64/jre/lib/amd64/libnio.so
7fe0f4ca6000-7fe0f4cb1000 r-xp 00000000 08:05 275200                     /usr/lib/x86_64-linux-gnu/libjbig.so.0
7fe0f4cb1000-7fe0f4eb0000 ---p 0000b000 08:05 275200                     /usr/lib/x86_64-linux-gnu/libjbig.so.0
7fe0f4eb0000-7fe0f4eb1000 r--p 0000a000 08:05 275200                     /usr/lib/x86_64-linux-gnu/libjbig.so.0
7fe0f4eb1000-7fe0f4eb4000 rw-p 0000b000 08:05 275200                     /usr/lib/x86_64-linux-gnu/libjbig.so.0
7fe0f4eb4000-7fe0f4ed5000 r-xp 00000000 08:05 5508                       /lib/x86_64-linux-gnu/liblzma.so.5.0.0
7fe0f4ed5000-7fe0f50d4000 ---p 00021000 08:05 5508                       /lib/x86_64-linux-gnu/liblzma.so.5.0.0
7fe0f50d4000-7fe0f50d5000 r--p 00020000 08:05 5508                       /lib/x86_64-linux-gnu/liblzma.so.5.0.0
7fe0f50d5000-7fe0f50d6000 rw-p 00021000 08:05 5508                       /lib/x86_64-linux-gnu/liblzma.so.5.0.0
7fe0f50d6000-7fe0f512c000 r-xp 00000000 08:05 275649                     /usr/lib/x86_64-linux-gnu/libwebp.so.5.0.1
7fe0f512c000-7fe0f532b000 ---p 00056000 08:05 275649                     /usr/lib/x86_64-linux-gnu/libwebp.so.5.0.1
7fe0f532b000-7fe0f532c000 r--p 00055000 08:05 275649                     /usr/lib/x86_64-linux-gnu/libwebp.so.5.0.1
7fe0f532c000-7fe0f532e000 rw-p 00056000 08:05 275649                     /usr/lib/x86_64-linux-gnu/libwebp.so.5.0.1
7fe0f532e000-7fe0f539e000 r-xp 00000000 08:05 282436                     /usr/lib/x86_64-linux-gnu/libtiff.so.5.2.0
7fe0f539e000-7fe0f559d000 ---p 00070000 08:05 282436                     /usr/lib/x86_64-linux-gnu/libtiff.so.5.2.0
7fe0f559d000-7fe0f559f000 r--p 0006f000 08:05 282436                     /usr/lib/x86_64-linux-gnu/libtiff.so.5.2.0
7fe0f559f000-7fe0f55a2000 rw-p 00071000 08:05 282436                     /usr/lib/x86_64-linux-gnu/libtiff.so.5.2.0
7fe0f55a2000-7fe0f55aa000 r-xp 00000000 08:05 298656                     /usr/lib/x86_64-linux-gnu/libgif.so.4.1.6
7fe0f55aa000-7fe0f57a9000 ---p 00008000 08:05 298656                     /usr/lib/x86_64-linux-gnu/libgif.so.4.1.6
7fe0f57a9000-7fe0f57aa000 r--p 00007000 08:05 298656                     /usr/lib/x86_64-linux-gnu/libgif.so.4.1.6
7fe0f57aa000-7fe0f57ab000 rw-p 00008000 08:05 298656                     /usr/lib/x86_64-linux-gnu/libgif.so.4.1.6
7fe0f57ab000-7fe0f59b0000 r-xp 00000000 08:05 310004                     /usr/lib/liblept.so.4.0.2
7fe0f59b0000-7fe0f5bb0000 ---p 00205000 08:05 310004                     /usr/lib/liblept.so.4.0.2
7fe0f5bb0000-7fe0f5bb1000 r--p 00205000 08:05 310004                     /usr/lib/liblept.so.4.0.2
7fe0f5bb1000-7fe0f5bb7000 rw-p 00206000 08:05 310004                     /usr/lib/liblept.so.4.0.2
7fe0f5bb7000-7fe0f5ec6000 r-xp 00000000 08:05 310073                     /usr/local/lib/libtesseract.so.3.0.4
7fe0f5ec6000-7fe0f60c5000 ---p 0030f000 08:05 310073                     /usr/local/lib/libtesseract.so.3.0.4
7fe0f60c5000-7fe0f60cb000 r--p 0030e000 08:05 310073                     /usr/local/lib/libtesseract.so.3.0.4
7fe0f60cb000-7fe0f60d3000 rw-p 00314000 08:05 310073                     /usr/local/lib/libtesseract.so.3.0.4
7fe0f60d3000-7fe0f6369000 rw-p 00000000 00:00 0 
7fe0f6369000-7fe0f6380000 r-xp 00000000 08:05 35042                      /tmp/jna-105408/jna676133282084388773.tmp (deleted)
7fe0f6380000-7fe0f647f000 ---p 00017000 08:05 35042                      /tmp/jna-105408/jna676133282084388773.tmp (deleted)
7fe0f647f000-7fe0f6481000 rw-p 00016000 08:05 35042                      /tmp/jna-105408/jna676133282084388773.tmp (deleted)
7fe0f6481000-7fe0f6484000 ---p 00000000 00:00 0 
7fe0f6484000-7fe0f6582000 rw-p 00000000 00:00 0                          [stack:3688]
7fe0f6582000-7fe0f65c5000 r-xp 00000000 08:05 275202                     /usr/lib/x86_64-linux-gnu/libjpeg.so.8.0.2
7fe0f65c5000-7fe0f67c5000 ---p 00043000 08:05 275202                     /usr/lib/x86_64-linux-gnu/libjpeg.so.8.0.2
7fe0f67c5000-7fe0f67c6000 r--p 00043000 08:05 275202                     /usr/lib/x86_64-linux-gnu/libjpeg.so.8.0.2
7fe0f67c6000-7fe0f67c7000 rw-p 00044000 08:05 275202                     /usr/lib/x86_64-linux-gnu/libjpeg.so.8.0.2
7fe0f67c7000-7fe0f67d7000 rw-p 00000000 00:00 0 
7fe0f67d7000-7fe0f67e1000 r-xp 00000000 08:05 298497                     /usr/lib/jvm/java-7-openjdk-amd64/jre/lib/amd64/libjavajpeg.so
7fe0f67e1000-7fe0f69e0000 ---p 0000a000 08:05 298497                     /usr/lib/jvm/java-7-openjdk-amd64/jre/lib/amd64/libjavajpeg.so
7fe0f69e0000-7fe0f69e1000 r--p 00009000 08:05 298497                     /usr/lib/jvm/java-7-openjdk-amd64/jre/lib/amd64/libjavajpeg.so
7fe0f69e1000-7fe0f69e2000 rw-p 0000a000 08:05 298497                     /usr/lib/jvm/java-7-openjdk-amd64/jre/lib/amd64/libjavajpeg.so
7fe0f69e2000-7fe0f69e5000 r-xp 00000000 08:05 5504                       /lib/x86_64-linux-gnu/libkeyutils.so.1.5
7fe0f69e5000-7fe0f6be4000 ---p 00003000 08:05 5504                       /lib/x86_64-linux-gnu/libkeyutils.so.1.5
7fe0f6be4000-7fe0f6be5000 r--p 00002000 08:05 5504                       /lib/x86_64-linux-gnu/libkeyutils.so.1.5
7fe0f6be5000-7fe0f6be6000 rw-p 00003000 08:05 5504                       /lib/x86_64-linux-gnu/libkeyutils.so.1.5
7fe0f6be6000-7fe0f6c52000 r-xp 00000000 08:05 5568                       /lib/x86_64-linux-gnu/libpcre.so.3.13.1
7fe0f6c52000-7fe0f6e51000 ---p 0006c000 08:05 5568                       /lib/x86_64-linux-gnu/libpcre.so.3.13.1
7fe0f6e51000-7fe0f6e52000 r--p 0006b000 08:05 5568                       /lib/x86_64-linux-gnu/libpcre.so.3.13.1
7fe0f6e52000-7fe0f6e53000 rw-p 0006c000 08:05 5568                       /lib/x86_64-linux-gnu/libpcre.so.3.13.1
7fe0f6e53000-7fe0f6e78000 r-xp 00000000 08:05 5580                       /lib/x86_64-linux-gnu/libpng12.so.0.51.0
7fe0f6e78000-7fe0f7077000 ---p 00025000 08:05 5580                       /lib/x86_64-linux-gnu/libpng12.so.0.51.0
7fe0f7077000-7fe0f7078000 r--p 00024000 08:05 5580                       /lib/x86_64-linux-gnu/libpng12.so.0.51.0
7fe0f7078000-7fe0f7079000 rw-p 00025000 08:05 5580                       /lib/x86_64-linux-gnu/libpng12.so.0.51.0
7fe0f7079000-7fe0f70bf000 r-xp 00000000 08:05 20376                      /lib/x86_64-linux-gnu/libdbus-1.so.3.8.7
7fe0f70bf000-7fe0f72be000 ---p 00046000 08:05 20376                      /lib/x86_64-linux-gnu/libdbus-1.so.3.8.7
7fe0f72be000-7fe0f72c0000 r--p 00045000 08:05 20376                      /lib/x86_64-linux-gnu/libdbus-1.so.3.8.7
7fe0f72c0000-7fe0f72c1000 rw-p 00047000 08:05 20376                      /lib/x86_64-linux-gnu/libdbus-1.so.3.8.7
7fe0f72c1000-7fe0f733f000 r-xp 00000000 08:05 274990                     /usr/lib/x86_64-linux-gnu/libgmp.so.10.2.0
7fe0f733f000-7fe0f753f000 ---p 0007e000 08:05 274990                     /usr/lib/x86_64-linux-gnu/libgmp.so.10.2.0
7fe0f753f000-7fe0f7540000 r--p 0007e000 08:05 274990                     /usr/lib/x86_64-linux-gnu/libgmp.so.10.2.0
7fe0f7540000-7fe0f7541000 rw-p 0007f000 08:05 274990                     /usr/lib/x86_64-linux-gnu/libgmp.so.10.2.0
7fe0f7541000-7fe0f756d000 r-xp 00000000 08:05 275147                     /usr/lib/x86_64-linux-gnu/libhogweed.so.2.5
7fe0f756d000-7fe0f776d000 ---p 0002c000 08:05 275147                     /usr/lib/x86_64-linux-gnu/libhogweed.so.2.5
7fe0f776d000-7fe0f776e000 r--p 0002c000 08:05 275147                     /usr/lib/x86_64-linux-gnu/libhogweed.so.2.5
7fe0f776e000-7fe0f776f000 rw-p 0002d000 08:05 275147                     /usr/lib/x86_64-linux-gnu/libhogweed.so.2.5
7fe0f776f000-7fe0f779e000 r-xp 00000000 08:05 275284                     /usr/lib/x86_64-linux-gnu/libnettle.so.4.7
7fe0f779e000-7fe0f799e000 ---p 0002f000 08:05 275284                     /usr/lib/x86_64-linux-gnu/libnettle.so.4.7
7fe0f799e000-7fe0f799f000 r--p 0002f000 08:05 275284                     /usr/lib/x86_64-linux-gnu/libnettle.so.4.7
7fe0f799f000-7fe0f79a0000 rw-p 00030000 08:05 275284                     /usr/lib/x86_64-linux-gnu/libnettle.so.4.7
7fe0f79a0000-7fe0f79b1000 r-xp 00000000 08:05 268069                     /usr/lib/x86_64-linux-gnu/libtasn1.so.6.3.0
7fe0f79b1000-7fe0f7bb1000 ---p 00011000 08:05 268069                     /usr/lib/x86_64-linux-gnu/libtasn1.so.6.3.0
7fe0f7bb1000-7fe0f7bb2000 r--p 00011000 08:05 268069                     /usr/lib/x86_64-linux-gnu/libtasn1.so.6.3.0
7fe0f7bb2000-7fe0f7bb3000 rw-p 00012000 08:05 268069                     /usr/lib/x86_64-linux-gnu/libtasn1.so.6.3.0
7fe0f7bb3000-7fe0f7bee000 r-xp 00000000 08:05 275334                     /usr/lib/x86_64-linux-gnu/libp11-kit.so.0.0.0
7fe0f7bee000-7fe0f7ded000 ---p 0003b000 08:05 275334                     /usr/lib/x86_64-linux-gnu/libp11-kit.so.0.0.0
7fe0f7ded000-7fe0f7df3000 r--p 0003a000 08:05 275334                     /usr/lib/x86_64-linux-gnu/libp11-kit.so.0.0.0
7fe0f7df3000-7fe0f7df5000 rw-p 00040000 08:05 275334                     /usr/lib/x86_64-linux-gnu/libp11-kit.so.0.0.0
7fe0f7df5000-7fe0f7dff000 r-xp 00000000 08:05 274434                     /usr/lib/x86_64-linux-gnu/libkrb5support.so.0.1
7fe0f7dff000-7fe0f7ffe000 ---p 0000a000 08:05 274434                     /usr/lib/x86_64-linux-gnu/libkrb5support.so.0.1
7fe0f7ffe000-7fe0f7fff000 r--p 00009000 08:05 274434                     /usr/lib/x86_64-linux-gnu/libkrb5support.so.0.1
7fe0f7fff000-7fe0f8000000 rw-p 0000a000 08:05 274434                     /usr/lib/x86_64-linux-gnu/libkrb5support.so.0.1
7fe0f8000000-7fe0f8021000 rw-p 00000000 00:00 0 
7fe0f8021000-7fe0fc000000 ---p 00000000 00:00 0 
7fe0fc000000-7fe0fc021000 rw-p 00000000 00:00 0 
7fe0fc021000-7fe100000000 ---p 00000000 00:00 0 
7fe100000000-7fe100225000 rw-p 00000000 00:00 0 
7fe100225000-7fe104000000 ---p 00000000 00:00 0 
7fe104000000-7fe1042d2000 rw-p 00000000 00:00 0 
7fe1042d2000-7fe108000000 ---p 00000000 00:00 0 
7fe108000000-7fe108021000 rw-p 00000000 00:00 0 
7fe108021000-7fe10c000000 ---p 00000000 00:00 0 
7fe10c000000-7fe10c021000 rw-p 00000000 00:00 0 
7fe10c021000-7fe110000000 ---p 00000000 00:00 0 
7fe110000000-7fe110021000 rw-p 00000000 00:00 0 
7fe110021000-7fe114000000 ---p 00000000 00:00 0 
7fe114083000-7fe114086000 r-xp 00000000 08:05 19397                      /lib/x86_64-linux-gnu/libcom_err.so.2.1
7fe114086000-7fe114285000 ---p 00003000 08:05 19397                      /lib/x86_64-linux-gnu/libcom_err.so.2.1
7fe114285000-7fe114286000 r--p 00002000 08:05 19397                      /lib/x86_64-linux-gnu/libcom_err.so.2.1
7fe114286000-7fe114287000 rw-p 00003000 08:05 19397                      /lib/x86_64-linux-gnu/libcom_err.so.2.1
7fe114287000-7fe1142b4000 r-xp 00000000 08:05 274437                     /usr/lib/x86_64-linux-gnu/libk5crypto.so.3.1
7fe1142b4000-7fe1144b3000 ---p 0002d000 08:05 274437                     /usr/lib/x86_64-linux-gnu/libk5crypto.so.3.1
7fe1144b3000-7fe1144b5000 r--p 0002c000 08:05 274437                     /usr/lib/x86_64-linux-gnu/libk5crypto.so.3.1
7fe1144b5000-7fe1144b6000 rw-p 0002e000 08:05 274437                     /usr/lib/x86_64-linux-gnu/libk5crypto.so.3.1
7fe1144b6000-7fe1144b7000 rw-p 00000000 00:00 0 
7fe1144b7000-7fe114577000 r-xp 00000000 08:05 274432                     /usr/lib/x86_64-linux-gnu/libkrb5.so.3.3
7fe114577000-7fe114777000 ---p 000c0000 08:05 274432                     /usr/lib/x86_64-linux-gnu/libkrb5.so.3.3
7fe114777000-7fe114784000 r--p 000c0000 08:05 274432                     /usr/lib/x86_64-linux-gnu/libkrb5.so.3.3
7fe114784000-7fe114786000 rw-p 000cd000 08:05 274432                     /usr/lib/x86_64-linux-gnu/libkrb5.so.3.3
7fe114786000-7fe11478b000 r-xp 00000000 08:05 274588                     /usr/lib/x86_64-linux-gnu/libXdmcp.so.6.0.0
7fe11478b000-7fe11498a000 ---p 00005000 08:05 274588                     /usr/lib/x86_64-linux-gnu/libXdmcp.so.6.0.0
7fe11498a000-7fe11498b000 r--p 00004000 08:05 274588                     /usr/lib/x86_64-linux-gnu/libXdmcp.so.6.0.0
7fe11498b000-7fe11498c000 rw-p 00005000 08:05 274588                     /usr/lib/x86_64-linux-gnu/libXdmcp.so.6.0.0
7fe11498c000-7fe11498e000 r-xp 00000000 08:05 274577                     /usr/lib/x86_64-linux-gnu/libXau.so.6.0.0
7fe11498e000-7fe114b8e000 ---p 00002000 08:05 274577                     /usr/lib/x86_64-linux-gnu/libXau.so.6.0.0
7fe114b8e000-7fe114b8f000 r--p 00002000 08:05 274577                     /usr/lib/x86_64-linux-gnu/libXau.so.6.0.0
7fe114b8f000-7fe114b90000 rw-p 00003000 08:05 274577                     /usr/lib/x86_64-linux-gnu/libXau.so.6.0.0
7fe114b90000-7fe114b97000 r-xp 00000000 08:05 274877                     /usr/lib/x86_64-linux-gnu/libffi.so.6.0.2
7fe114b97000-7fe114d96000 ---p 00007000 08:05 274877                     /usr/lib/x86_64-linux-gnu/libffi.so.6.0.2
7fe114d96000-7fe114d97000 r--p 00006000 08:05 274877                     /usr/lib/x86_64-linux-gnu/libffi.so.6.0.2
7fe114d97000-7fe114d98000 rw-p 00007000 08:05 274877                     /usr/lib/x86_64-linux-gnu/libffi.so.6.0.2
7fe114d98000-7fe114daf000 r-xp 00000000 08:05 19311                      /lib/x86_64-linux-gnu/libresolv-2.19.so
7fe114daf000-7fe114faf000 ---p 00017000 08:05 19311                      /lib/x86_64-linux-gnu/libresolv-2.19.so
7fe114faf000-7fe114fb0000 r--p 00017000 08:05 19311                      /lib/x86_64-linux-gnu/libresolv-2.19.so
7fe114fb0000-7fe114fb1000 rw-p 00018000 08:05 19311                      /lib/x86_64-linux-gnu/libresolv-2.19.so
7fe114fb1000-7fe114fb3000 rw-p 00000000 00:00 0 
7fe114fb3000-7fe114fd4000 r-xp 00000000 08:05 5595                       /lib/x86_64-linux-gnu/libselinux.so.1
7fe114fd4000-7fe1151d3000 ---p 00021000 08:05 5595                       /lib/x86_64-linux-gnu/libselinux.so.1
7fe1151d3000-7fe1151d4000 r--p 00020000 08:05 5595                       /lib/x86_64-linux-gnu/libselinux.so.1
7fe1151d4000-7fe1151d5000 rw-p 00021000 08:05 5595                       /lib/x86_64-linux-gnu/libselinux.so.1
7fe1151d5000-7fe1151d7000 rw-p 00000000 00:00 0 
7fe1151d7000-7fe1152e3000 r-xp 00000000 08:05 5294                       /lib/x86_64-linux-gnu/libglib-2.0.so.0.4200.1
7fe1152e3000-7fe1154e3000 ---p 0010c000 08:05 5294                       /lib/x86_64-linux-gnu/libglib-2.0.so.0.4200.1
7fe1154e3000-7fe1154e4000 r--p 0010c000 08:05 5294                       /lib/x86_64-linux-gnu/libglib-2.0.so.0.4200.1
7fe1154e4000-7fe1154e5000 rw-p 0010d000 08:05 5294                       /lib/x86_64-linux-gnu/libglib-2.0.so.0.4200.1
7fe1154e5000-7fe1154e6000 rw-p 00000000 00:00 0 
7fe1154e6000-7fe1154e9000 r-xp 00000000 08:05 268184                     /usr/lib/x86_64-linux-gnu/libgmodule-2.0.so.0.4200.1
7fe1154e9000-7fe1156e8000 ---p 00003000 08:05 268184                     /usr/lib/x86_64-linux-gnu/libgmodule-2.0.so.0.4200.1
7fe1156e8000-7fe1156e9000 r--p 00002000 08:05 268184                     /usr/lib/x86_64-linux-gnu/libgmodule-2.0.so.0.4200.1
7fe1156e9000-7fe1156ea000 rw-p 00003000 08:05 268184                     /usr/lib/x86_64-linux-gnu/libgmodule-2.0.so.0.4200.1
7fe1156ea000-7fe115710000 r-xp 00000000 08:05 5481                       /lib/x86_64-linux-gnu/libexpat.so.1.6.0
7fe115710000-7fe11590f000 ---p 00026000 08:05 5481                       /lib/x86_64-linux-gnu/libexpat.so.1.6.0
7fe11590f000-7fe115912000 r--p 00025000 08:05 5481                       /lib/x86_64-linux-gnu/libexpat.so.1.6.0
7fe115912000-7fe115913000 rw-p 00028000 08:05 5481                       /lib/x86_64-linux-gnu/libexpat.so.1.6.0
7fe115913000-7fe1159b5000 r-xp 00000000 08:05 267920                     /usr/lib/x86_64-linux-gnu/libfreetype.so.6.11.1
7fe1159b5000-7fe115bb4000 ---p 000a2000 08:05 267920                     /usr/lib/x86_64-linux-gnu/libfreetype.so.6.11.1
7fe115bb4000-7fe115bba000 r--p 000a1000 08:05 267920                     /usr/lib/x86_64-linux-gnu/libfreetype.so.6.11.1
7fe115bba000-7fe115bbb000 rw-p 000a7000 08:05 267920                     /usr/lib/x86_64-linux-gnu/libfreetype.so.6.11.1
7fe115bbb000-7fe115bcb000 r-xp 00000000 08:05 274681                     /usr/lib/x86_64-linux-gnu/libavahi-client.so.3.2.9
7fe115bcb000-7fe115dca000 ---p 00010000 08:05 274681                     /usr/lib/x86_64-linux-gnu/libavahi-client.so.3.2.9
7fe115dca000-7fe115dcb000 r--p 0000f000 08:05 274681                     /usr/lib/x86_64-linux-gnu/libavahi-client.so.3.2.9
7fe115dcb000-7fe115dcc000 rw-p 00010000 08:05 274681                     /usr/lib/x86_64-linux-gnu/libavahi-client.so.3.2.9
7fe115dcc000-7fe115dd7000 r-xp 00000000 08:05 274683                     /usr/lib/x86_64-linux-gnu/libavahi-common.so.3.5.3
7fe115dd7000-7fe115fd6000 ---p 0000b000 08:05 274683                     /usr/lib/x86_64-linux-gnu/libavahi-common.so.3.5.3
7fe115fd6000-7fe115fd7000 r--p 0000a000 08:05 274683                     /usr/lib/x86_64-linux-gnu/libavahi-common.so.3.5.3
7fe115fd7000-7fe115fd8000 rw-p 0000b000 08:05 274683                     /usr/lib/x86_64-linux-gnu/libavahi-common.so.3.5.3
7fe115fd8000-7fe1160d7000 r-xp 00000000 08:05 268077                     /usr/lib/x86_64-linux-gnu/libgnutls-deb0.so.28.30.7
7fe1160d7000-7fe1162d6000 ---p 000ff000 08:05 268077                     /usr/lib/x86_64-linux-gnu/libgnutls-deb0.so.28.30.7
7fe1162d6000-7fe1162df000 r--p 000fe000 08:05 268077                     /usr/lib/x86_64-linux-gnu/libgnutls-deb0.so.28.30.7
7fe1162df000-7fe1162e1000 rw-p 00107000 08:05 268077                     /usr/lib/x86_64-linux-gnu/libgnutls-deb0.so.28.30.7
7fe1162e1000-7fe116326000 r-xp 00000000 08:05 274243                     /usr/lib/x86_64-linux-gnu/libgssapi_krb5.so.2.2
7fe116326000-7fe116525000 ---p 00045000 08:05 274243                     /usr/lib/x86_64-linux-gnu/libgssapi_krb5.so.2.2
7fe116525000-7fe116527000 r--p 00044000 08:05 274243                     /usr/lib/x86_64-linux-gnu/libgssapi_krb5.so.2.2
7fe116527000-7fe116528000 rw-p 00046000 08:05 274243                     /usr/lib/x86_64-linux-gnu/libgssapi_krb5.so.2.2
7fe116528000-7fe116529000 rw-p 00000000 00:00 0 
7fe116529000-7fe116546000 r-xp 00000000 08:05 275697                     /usr/lib/x86_64-linux-gnu/libxcb.so.1.1.0
7fe116546000-7fe116746000 ---p 0001d000 08:05 275697                     /usr/lib/x86_64-linux-gnu/libxcb.so.1.1.0
7fe116746000-7fe116747000 r--p 0001d000 08:05 275697                     /usr/lib/x86_64-linux-gnu/libxcb.so.1.1.0
7fe116747000-7fe116748000 rw-p 0001e000 08:05 275697                     /usr/lib/x86_64-linux-gnu/libxcb.so.1.1.0
7fe116748000-7fe116798000 r-xp 00000000 08:05 268182                     /usr/lib/x86_64-linux-gnu/libgobject-2.0.so.0.4200.1
7fe116798000-7fe116998000 ---p 00050000 08:05 268182                     /usr/lib/x86_64-linux-gnu/libgobject-2.0.so.0.4200.1
7fe116998000-7fe116999000 r--p 00050000 08:05 268182                     /usr/lib/x86_64-linux-gnu/libgobject-2.0.so.0.4200.1
7fe116999000-7fe11699a000 rw-p 00051000 08:05 268182                     /usr/lib/x86_64-linux-gnu/libgobject-2.0.so.0.4200.1
7fe11699a000-7fe116b0b000 r-xp 00000000 08:05 268183                     /usr/lib/x86_64-linux-gnu/libgio-2.0.so.0.4200.1
7fe116b0b000-7fe116d0b000 ---p 00171000 08:05 268183                     /usr/lib/x86_64-linux-gnu/libgio-2.0.so.0.4200.1
7fe116d0b000-7fe116d0f000 r--p 00171000 08:05 268183                     /usr/lib/x86_64-linux-gnu/libgio-2.0.so.0.4200.1
7fe116d0f000-7fe116d11000 rw-p 00175000 08:05 268183                     /usr/lib/x86_64-linux-gnu/libgio-2.0.so.0.4200.1
7fe116d11000-7fe116d13000 rw-p 00000000 00:00 0 
7fe116d13000-7fe116d4e000 r-xp 00000000 08:05 274891                     /usr/lib/x86_64-linux-gnu/libfontconfig.so.1.8.0
7fe116d4e000-7fe116f4d000 ---p 0003b000 08:05 274891                     /usr/lib/x86_64-linux-gnu/libfontconfig.so.1.8.0
7fe116f4d000-7fe116f4f000 r--p 0003a000 08:05 274891                     /usr/lib/x86_64-linux-gnu/libfontconfig.so.1.8.0
7fe116f4f000-7fe116f50000 rw-p 0003c000 08:05 274891                     /usr/lib/x86_64-linux-gnu/libfontconfig.so.1.8.0
7fe116f50000-7fe116fbd000 r-xp 00000000 08:05 263551                     /usr/lib/x86_64-linux-gnu/libcups.so.2
7fe116fbd000-7fe1171bd000 ---p 0006d000 08:05 263551                     /usr/lib/x86_64-linux-gnu/libcups.so.2
7fe1171bd000-7fe1171c4000 r--p 0006d000 08:05 263551                     /usr/lib/x86_64-linux-gnu/libcups.so.2
7fe1171c4000-7fe1171c5000 rw-p 00074000 08:05 263551                     /usr/lib/x86_64-linux-gnu/libcups.so.2
7fe1171c5000-7fe1171d4000 r-xp 00000000 08:05 274598                     /usr/lib/x86_64-linux-gnu/libXi.so.6.1.0
7fe1171d4000-7fe1173d3000 ---p 0000f000 08:05 274598                     /usr/lib/x86_64-linux-gnu/libXi.so.6.1.0
7fe1173d3000-7fe1173d4000 r--p 0000e000 08:05 274598                     /usr/lib/x86_64-linux-gnu/libXi.so.6.1.0
7fe1173d4000-7fe1173d5000 rw-p 0000f000 08:05 274598                     /usr/lib/x86_64-linux-gnu/libXi.so.6.1.0
7fe1173d5000-7fe1173da000 r-xp 00000000 08:05 274618                     /usr/lib/x86_64-linux-gnu/libXtst.so.6.1.0
7fe1173da000-7fe1175d9000 ---p 00005000 08:05 274618                     /usr/lib/x86_64-linux-gnu/libXtst.so.6.1.0
7fe1175d9000-7fe1175da000 r--p 00004000 08:05 274618                     /usr/lib/x86_64-linux-gnu/libXtst.so.6.1.0
7fe1175da000-7fe1175db000 rw-p 00005000 08:05 274618                     /usr/lib/x86_64-linux-gnu/libXtst.so.6.1.0
7fe1175db000-7fe1175e4000 r-xp 00000000 08:05 274918                     /usr/lib/x86_64-linux-gnu/libXrender.so.1.3.0
7fe1175e4000-7fe1177e3000 ---p 00009000 08:05 274918                     /usr/lib/x86_64-linux-gnu/libXrender.so.1.3.0
7fe1177e3000-7fe1177e4000 r--p 00008000 08:05 274918                     /usr/lib/x86_64-linux-gnu/libXrender.so.1.3.0
7fe1177e4000-7fe1177e5000 rw-p 00009000 08:05 274918                     /usr/lib/x86_64-linux-gnu/libXrender.so.1.3.0
7fe1177e5000-7fe117918000 r-xp 00000000 08:05 274573                     /usr/lib/x86_64-linux-gnu/libX11.so.6.3.0
7fe117918000-7fe117b18000 ---p 00133000 08:05 274573                     /usr/lib/x86_64-linux-gnu/libX11.so.6.3.0
7fe117b18000-7fe117b19000 r--p 00133000 08:05 274573                     /usr/lib/x86_64-linux-gnu/libX11.so.6.3.0
7fe117b19000-7fe117b1d000 rw-p 00134000 08:05 274573                     /usr/lib/x86_64-linux-gnu/libX11.so.6.3.0
7fe117b1d000-7fe117b1e000 rw-p 00000000 00:00 0 
7fe117b1e000-7fe117b2f000 r-xp 00000000 08:05 275558                     /usr/lib/x86_64-linux-gnu/libXext.so.6.4.0
7fe117b2f000-7fe117d2e000 ---p 00011000 08:05 275558                     /usr/lib/x86_64-linux-gnu/libXext.so.6.4.0
7fe117d2e000-7fe117d2f000 r--p 00010000 08:05 275558                     /usr/lib/x86_64-linux-gnu/libXext.so.6.4.0
7fe117d2f000-7fe117d30000 rw-p 00011000 08:05 275558                     /usr/lib/x86_64-linux-gnu/libXext.so.6.4.0
7fe117d30000-7fe11c000000 rw-p 00000000 00:00 0 
7fe11c000000-7fe11c021000 rw-p 00000000 00:00 0 
7fe11c021000-7fe120000000 ---p 00000000 00:00 0 
7fe120000000-7fe120021000 rw-p 00000000 00:00 0 
7fe120021000-7fe124000000 ---p 00000000 00:00 0 
7fe124000000-7fe124021000 rw-p 00000000 00:00 0 
7fe124021000-7fe128000000 ---p 00000000 00:00 0 
7fe128000000-7fe128021000 rw-p 00000000 00:00 0 
7fe128021000-7fe12c000000 ---p 00000000 00:00 0 
7fe12c000000-7fe12c021000 rw-p 00000000 00:00 0 
7fe12c021000-7fe130000000 ---p 00000000 00:00 0 
7fe1300fd000-7fe130145000 r-xp 00000000 08:05 298669                     /usr/lib/jvm/java-7-openjdk-amd64/jre/lib/amd64/xawt/libmawt.so
7fe130145000-7fe130345000 ---p 00048000 08:05 298669                     /usr/lib/jvm/java-7-openjdk-amd64/jre/lib/amd64/xawt/libmawt.so
7fe130345000-7fe130346000 r--p 00048000 08:05 298669                     /usr/lib/jvm/java-7-openjdk-amd64/jre/lib/amd64/xawt/libmawt.so
7fe130346000-7fe130349000 rw-p 00049000 08:05 298669                     /usr/lib/jvm/java-7-openjdk-amd64/jre/lib/amd64/xawt/libmawt.so
7fe130349000-7fe13034a000 rw-p 00000000 00:00 0 
7fe13034a000-7fe1303ea000 r-xp 00000000 08:05 298500                     /usr/lib/jvm/java-7-openjdk-amd64/jre/lib/amd64/libawt.so
7fe1303ea000-7fe1305ea000 ---p 000a0000 08:05 298500                     /usr/lib/jvm/java-7-openjdk-amd64/jre/lib/amd64/libawt.so
7fe1305ea000-7fe1305eb000 r--p 000a0000 08:05 298500                     /usr/lib/jvm/java-7-openjdk-amd64/jre/lib/amd64/libawt.so
7fe1305eb000-7fe1305f6000 rw-p 000a1000 08:05 298500                     /usr/lib/jvm/java-7-openjdk-amd64/jre/lib/amd64/libawt.so
7fe1305f6000-7fe13061b000 rw-p 00000000 00:00 0 
7fe13061b000-7fe13061c000 ---p 00000000 00:00 0 
7fe13061c000-7fe13071c000 rw-p 00000000 00:00 0                          [stack:3687]
7fe13071c000-7fe13071f000 ---p 00000000 00:00 0 
7fe13071f000-7fe13081d000 rw-p 00000000 00:00 0                          [stack:3686]
7fe13081d000-7fe130820000 ---p 00000000 00:00 0 
7fe130820000-7fe13091e000 rw-p 00000000 00:00 0                          [stack:3685]
7fe13091e000-7fe131000000 r--p 00000000 08:05 272413                     /usr/lib/locale/locale-archive
7fe131000000-7fe131270000 rwxp 00000000 00:00 0 
7fe131270000-7fe134571000 rw-p 00000000 00:00 0 
7fe134571000-7fe138000000 ---p 00000000 00:00 0 
7fe1380ba000-7fe1380bf000 r--s 0004d000 08:05 298533                     /usr/lib/jvm/java-7-openjdk-amd64/jre/lib/jsse.jar
7fe1380bf000-7fe1380c2000 ---p 00000000 00:00 0 
7fe1380c2000-7fe1381c0000 rw-p 00000000 00:00 0                          [stack:3684]
7fe1381c0000-7fe1381c3000 ---p 00000000 00:00 0 
7fe1381c3000-7fe1382c1000 rw-p 00000000 00:00 0                          [stack:3683]
7fe1382c1000-7fe1382c4000 ---p 00000000 00:00 0 
7fe1382c4000-7fe1383c2000 rw-p 00000000 00:00 0                          [stack:3682]
7fe1383c2000-7fe1383c5000 ---p 00000000 00:00 0 
7fe1383c5000-7fe1384c3000 rw-p 00000000 00:00 0                          [stack:3681]
7fe1384c3000-7fe1384c4000 ---p 00000000 00:00 0 
7fe1384c4000-7fe1395c1000 rw-p 00000000 00:00 0                          [stack:3680]
7fe1395c1000-7fe139772000 r--s 01d27000 08:05 298530                     /usr/lib/jvm/java-7-openjdk-amd64/jre/lib/rt.jar
7fe139772000-7fe139cc2000 rw-p 00000000 00:00 0 
7fe139cc2000-7fe139cc3000 ---p 00000000 00:00 0 
7fe139cc3000-7fe139dc3000 rw-p 00000000 00:00 0                          [stack:3679]
7fe139dc3000-7fe139dc4000 ---p 00000000 00:00 0 
7fe139dc4000-7fe139ec4000 rw-p 00000000 00:00 0                          [stack:3678]
7fe139ec4000-7fe139ec5000 ---p 00000000 00:00 0 
7fe139ec5000-7fe139fc5000 rw-p 00000000 00:00 0                          [stack:3677]
7fe139fc5000-7fe139fc6000 ---p 00000000 00:00 0 
7fe139fc6000-7fe13a0d1000 rw-p 00000000 00:00 0                          [stack:3676]
7fe13a0d1000-7fe13a119000 rw-p 00000000 00:00 0 
7fe13a119000-7fe13a142000 rw-p 00000000 00:00 0 
7fe13a142000-7fe13a3ab000 rw-p 00000000 00:00 0 
7fe13a3ab000-7fe13a3b6000 rw-p 00000000 00:00 0 
7fe13a3b6000-7fe13a3fe000 rw-p 00000000 00:00 0 
7fe13a3fe000-7fe13a427000 rw-p 00000000 00:00 0 
7fe13a427000-7fe13a68f000 rw-p 00000000 00:00 0 
7fe13a68f000-7fe13a6a4000 rw-p 00000000 00:00 0 
7fe13a6a4000-7fe13a7d8000 rw-p 00000000 00:00 0 
7fe13a7d8000-7fe13a7d9000 rw-p 00000000 00:00 0 
7fe13a7d9000-7fe13a7e1000 r-xp 00000000 08:05 298496                     /usr/lib/jvm/java-7-openjdk-amd64/jre/lib/amd64/libzip.so
7fe13a7e1000-7fe13a9e0000 ---p 00008000 08:05 298496                     /usr/lib/jvm/java-7-openjdk-amd64/jre/lib/amd64/libzip.so
7fe13a9e0000-7fe13a9e1000 r--p 00007000 08:05 298496                     /usr/lib/jvm/java-7-openjdk-amd64/jre/lib/amd64/libzip.so
7fe13a9e1000-7fe13a9e2000 rw-p 00008000 08:05 298496                     /usr/lib/jvm/java-7-openjdk-amd64/jre/lib/amd64/libzip.so
7fe13a9e2000-7fe13a9ed000 r-xp 00000000 08:05 19316                      /lib/x86_64-linux-gnu/libnss_files-2.19.so
7fe13a9ed000-7fe13abec000 ---p 0000b000 08:05 19316                      /lib/x86_64-linux-gnu/libnss_files-2.19.so
7fe13abec000-7fe13abed000 r--p 0000a000 08:05 19316                      /lib/x86_64-linux-gnu/libnss_files-2.19.so
7fe13abed000-7fe13abee000 rw-p 0000b000 08:05 19316                      /lib/x86_64-linux-gnu/libnss_files-2.19.so
7fe13abee000-7fe13abf9000 r-xp 00000000 08:05 19318                      /lib/x86_64-linux-gnu/libnss_nis-2.19.so
7fe13abf9000-7fe13adf8000 ---p 0000b000 08:05 19318                      /lib/x86_64-linux-gnu/libnss_nis-2.19.so
7fe13adf8000-7fe13adf9000 r--p 0000a000 08:05 19318                      /lib/x86_64-linux-gnu/libnss_nis-2.19.so
7fe13adf9000-7fe13adfa000 rw-p 0000b000 08:05 19318                      /lib/x86_64-linux-gnu/libnss_nis-2.19.so
7fe13adfa000-7fe13ae11000 r-xp 00000000 08:05 19302                      /lib/x86_64-linux-gnu/libnsl-2.19.so
7fe13ae11000-7fe13b010000 ---p 00017000 08:05 19302                      /lib/x86_64-linux-gnu/libnsl-2.19.so
7fe13b010000-7fe13b011000 r--p 00016000 08:05 19302                      /lib/x86_64-linux-gnu/libnsl-2.19.so
7fe13b011000-7fe13b012000 rw-p 00017000 08:05 19302                      /lib/x86_64-linux-gnu/libnsl-2.19.so
7fe13b012000-7fe13b014000 rw-p 00000000 00:00 0 
7fe13b014000-7fe13b01d000 r-xp 00000000 08:05 19303                      /lib/x86_64-linux-gnu/libnss_compat-2.19.so
7fe13b01d000-7fe13b21c000 ---p 00009000 08:05 19303                      /lib/x86_64-linux-gnu/libnss_compat-2.19.so
7fe13b21c000-7fe13b21d000 r--p 00008000 08:05 19303                      /lib/x86_64-linux-gnu/libnss_compat-2.19.so
7fe13b21d000-7fe13b21e000 rw-p 00009000 08:05 19303                      /lib/x86_64-linux-gnu/libnss_compat-2.19.so
7fe13b21e000-7fe13b24b000 r-xp 00000000 08:05 298506                     /usr/lib/jvm/java-7-openjdk-amd64/jre/lib/amd64/libjava.so
7fe13b24b000-7fe13b44a000 ---p 0002d000 08:05 298506                     /usr/lib/jvm/java-7-openjdk-amd64/jre/lib/amd64/libjava.so
7fe13b44a000-7fe13b44b000 r--p 0002c000 08:05 298506                     /usr/lib/jvm/java-7-openjdk-amd64/jre/lib/amd64/libjava.so
7fe13b44b000-7fe13b44d000 rw-p 0002d000 08:05 298506                     /usr/lib/jvm/java-7-openjdk-amd64/jre/lib/amd64/libjava.so
7fe13b44d000-7fe13b45e000 r-xp 00000000 08:05 298509                     /usr/lib/jvm/java-7-openjdk-amd64/jre/lib/amd64/libverify.so
7fe13b45e000-7fe13b65d000 ---p 00011000 08:05 298509                     /usr/lib/jvm/java-7-openjdk-amd64/jre/lib/amd64/libverify.so
7fe13b65d000-7fe13b65f000 r--p 00010000 08:05 298509                     /usr/lib/jvm/java-7-openjdk-amd64/jre/lib/amd64/libverify.so
7fe13b65f000-7fe13b660000 rw-p 00012000 08:05 298509                     /usr/lib/jvm/java-7-openjdk-amd64/jre/lib/amd64/libverify.so
7fe13b660000-7fe13b667000 r-xp 00000000 08:05 19319                      /lib/x86_64-linux-gnu/librt-2.19.so
7fe13b667000-7fe13b866000 ---p 00007000 08:05 19319                      /lib/x86_64-linux-gnu/librt-2.19.so
7fe13b866000-7fe13b867000 r--p 00006000 08:05 19319                      /lib/x86_64-linux-gnu/librt-2.19.so
7fe13b867000-7fe13b868000 rw-p 00007000 08:05 19319                      /lib/x86_64-linux-gnu/librt-2.19.so
7fe13b868000-7fe13b87e000 r-xp 00000000 08:05 5486                       /lib/x86_64-linux-gnu/libgcc_s.so.1
7fe13b87e000-7fe13ba7d000 ---p 00016000 08:05 5486                       /lib/x86_64-linux-gnu/libgcc_s.so.1
7fe13ba7d000-7fe13ba7e000 r--p 00015000 08:05 5486                       /lib/x86_64-linux-gnu/libgcc_s.so.1
7fe13ba7e000-7fe13ba7f000 rw-p 00016000 08:05 5486                       /lib/x86_64-linux-gnu/libgcc_s.so.1
7fe13ba7f000-7fe13bb84000 r-xp 00000000 08:05 19298                      /lib/x86_64-linux-gnu/libm-2.19.so
7fe13bb84000-7fe13bd83000 ---p 00105000 08:05 19298                      /lib/x86_64-linux-gnu/libm-2.19.so
7fe13bd83000-7fe13bd84000 r--p 00104000 08:05 19298                      /lib/x86_64-linux-gnu/libm-2.19.so
7fe13bd84000-7fe13bd85000 rw-p 00105000 08:05 19298                      /lib/x86_64-linux-gnu/libm-2.19.so
7fe13bd85000-7fe13be75000 r-xp 00000000 08:05 275529                     /usr/lib/x86_64-linux-gnu/libstdc++.so.6.0.20
7fe13be75000-7fe13c075000 ---p 000f0000 08:05 275529                     /usr/lib/x86_64-linux-gnu/libstdc++.so.6.0.20
7fe13c075000-7fe13c07d000 r--p 000f0000 08:05 275529                     /usr/lib/x86_64-linux-gnu/libstdc++.so.6.0.20
7fe13c07d000-7fe13c07f000 rw-p 000f8000 08:05 275529                     /usr/lib/x86_64-linux-gnu/libstdc++.so.6.0.20
7fe13c07f000-7fe13c094000 rw-p 00000000 00:00 0 
7fe13c094000-7fe13cbe4000 r-xp 00000000 08:05 298521                     /usr/lib/jvm/java-7-openjdk-amd64/jre/lib/amd64/server/libjvm.so
7fe13cbe4000-7fe13cde3000 ---p 00b50000 08:05 298521                     /usr/lib/jvm/java-7-openjdk-amd64/jre/lib/amd64/server/libjvm.so
7fe13cde3000-7fe13ce82000 r--p 00b4f000 08:05 298521                     /usr/lib/jvm/java-7-openjdk-amd64/jre/lib/amd64/server/libjvm.so
7fe13ce82000-7fe13cea5000 rw-p 00bee000 08:05 298521                     /usr/lib/jvm/java-7-openjdk-amd64/jre/lib/amd64/server/libjvm.so
7fe13cea5000-7fe13ced2000 rw-p 00000000 00:00 0 
7fe13ced2000-7fe13ceea000 r-xp 00000000 08:05 5630                       /lib/x86_64-linux-gnu/libz.so.1.2.8
7fe13ceea000-7fe13d0e9000 ---p 00018000 08:05 5630                       /lib/x86_64-linux-gnu/libz.so.1.2.8
7fe13d0e9000-7fe13d0ea000 r--p 00017000 08:05 5630                       /lib/x86_64-linux-gnu/libz.so.1.2.8
7fe13d0ea000-7fe13d0eb000 rw-p 00018000 08:05 5630                       /lib/x86_64-linux-gnu/libz.so.1.2.8
7fe13d0eb000-7fe13d104000 r-xp 00000000 08:05 19306                      /lib/x86_64-linux-gnu/libpthread-2.19.so
7fe13d104000-7fe13d303000 ---p 00019000 08:05 19306                      /lib/x86_64-linux-gnu/libpthread-2.19.so
7fe13d303000-7fe13d304000 r--p 00018000 08:05 19306                      /lib/x86_64-linux-gnu/libpthread-2.19.so
7fe13d304000-7fe13d305000 rw-p 00019000 08:05 19306                      /lib/x86_64-linux-gnu/libpthread-2.19.so
7fe13d305000-7fe13d309000 rw-p 00000000 00:00 0 
7fe13d309000-7fe13d30c000 r-xp 00000000 08:05 19305                      /lib/x86_64-linux-gnu/libdl-2.19.so
7fe13d30c000-7fe13d50b000 ---p 00003000 08:05 19305                      /lib/x86_64-linux-gnu/libdl-2.19.so
7fe13d50b000-7fe13d50c000 r--p 00002000 08:05 19305                      /lib/x86_64-linux-gnu/libdl-2.19.so
7fe13d50c000-7fe13d50d000 rw-p 00003000 08:05 19305                      /lib/x86_64-linux-gnu/libdl-2.19.so
7fe13d50d000-7fe13d6c7000 r-xp 00000000 08:05 19317                      /lib/x86_64-linux-gnu/libc-2.19.so
7fe13d6c7000-7fe13d8c6000 ---p 001ba000 08:05 19317                      /lib/x86_64-linux-gnu/libc-2.19.so
7fe13d8c6000-7fe13d8ca000 r--p 001b9000 08:05 19317                      /lib/x86_64-linux-gnu/libc-2.19.so
7fe13d8ca000-7fe13d8cc000 rw-p 001bd000 08:05 19317                      /lib/x86_64-linux-gnu/libc-2.19.so
7fe13d8cc000-7fe13d8d1000 rw-p 00000000 00:00 0 
7fe13d8d1000-7fe13d8de000 r-xp 00000000 08:05 298514                     /usr/lib/jvm/java-7-openjdk-amd64/jre/lib/amd64/jli/libjli.so
7fe13d8de000-7fe13dadd000 ---p 0000d000 08:05 298514                     /usr/lib/jvm/java-7-openjdk-amd64/jre/lib/amd64/jli/libjli.so
7fe13dadd000-7fe13dade000 r--p 0000c000 08:05 298514                     /usr/lib/jvm/java-7-openjdk-amd64/jre/lib/amd64/jli/libjli.so
7fe13dade000-7fe13dadf000 rw-p 0000d000 08:05 298514                     /usr/lib/jvm/java-7-openjdk-amd64/jre/lib/amd64/jli/libjli.so
7fe13dadf000-7fe13db02000 r-xp 00000000 08:05 19312                      /lib/x86_64-linux-gnu/ld-2.19.so
7fe13db03000-7fe13db06000 r--s 0233b000 08:07 4599929                    /home/joe/Documents/OCR Project/workspace/workspace/Tesseract/libs/tess4j.jar
7fe13db06000-7fe13db0a000 r--s 000dc000 08:07 4599931                    /home/joe/Documents/OCR Project/workspace/workspace/Tesseract/libs/jna.jar
7fe13db0a000-7fe13db1b000 r--s 00106000 08:07 4599930                    /home/joe/Documents/OCR Project/workspace/workspace/Tesseract/libs/jai_imageio.jar
7fe13db1b000-7fe13db25000 rw-p 00000000 00:00 0 
7fe13db25000-7fe13dbdb000 rw-p 00000000 00:00 0 
7fe13dbdb000-7fe13dbde000 ---p 00000000 00:00 0 
7fe13dbde000-7fe13dce1000 rw-p 00000000 00:00 0                          [stack:3675]
7fe13dce2000-7fe13dce6000 r--s 00034000 08:05 298549                     /usr/lib/jvm/java-7-openjdk-amd64/jre/lib/ext/sunjce_provider.jar
7fe13dce6000-7fe13dce9000 r--s 0000f000 08:05 298547                     /usr/lib/jvm/java-7-openjdk-amd64/jre/lib/ext/icedtea-sound.jar
7fe13dce9000-7fe13dcec000 r--s 00086000 08:05 298550                     /usr/lib/jvm/java-7-openjdk-amd64/jre/lib/ext/localedata.jar
7fe13dcec000-7fe13dcee000 r--s 00012000 08:05 298546                     /usr/lib/jvm/java-7-openjdk-amd64/jre/lib/ext/zipfs.jar
7fe13dcee000-7fe13dcef000 r--s 00002000 08:05 298548                     /usr/lib/jvm/java-7-openjdk-amd64/jre/lib/ext/dnsns.jar
7fe13dcef000-7fe13dcf1000 r--s 00006000 08:05 522850                     /usr/share/java/java-atk-wrapper.jar
7fe13dcf1000-7fe13dcf5000 r--s 0003c000 08:05 298545                     /usr/lib/jvm/java-7-openjdk-amd64/jre/lib/ext/sunpkcs11.jar
7fe13dcf5000-7fe13dcfd000 rw-s 00000000 08:05 35041                      /tmp/hsperfdata_joe/3670
7fe13dcfd000-7fe13dcfe000 rw-p 00000000 00:00 0 
7fe13dcfe000-7fe13dcff000 r--p 00000000 00:00 0 
7fe13dcff000-7fe13dd01000 rw-p 00000000 00:00 0 
7fe13dd01000-7fe13dd02000 r--p 00022000 08:05 19312                      /lib/x86_64-linux-gnu/ld-2.19.so
7fe13dd02000-7fe13dd03000 rw-p 00023000 08:05 19312                      /lib/x86_64-linux-gnu/ld-2.19.so
7fe13dd03000-7fe13dd04000 rw-p 00000000 00:00 0 
7fff99c8e000-7fff99caf000 rw-p 00000000 00:00 0                          [stack]
7fff99cc3000-7fff99cc5000 r-xp 00000000 00:00 0                          [vdso]
7fff99cc5000-7fff99cc7000 r--p 00000000 00:00 0                          [vvar]
ffffffffff600000-ffffffffff601000 r-xp 00000000 00:00 0                  [vsyscall]

VM Arguments:
jvm_args: -Dfile.encoding=UTF-8 
java_command: Main
Launcher Type: SUN_STANDARD

Environment Variables:
PATH=/home/joe/tesseract-ocr/training:/home/joe/tesseract-ocr:/usr/local/sbin:/usr/local/bin:/usr/sbin:/usr/bin:/sbin:/bin:/usr/games:/usr/local/games
SHELL=/bin/bash
DISPLAY=:0.0

Signal Handlers:
SIGSEGV: [libjvm.so+0x983740], sa_mask[0]=0x7ffbfeff, sa_flags=0x10000004
SIGBUS: [libjvm.so+0x983740], sa_mask[0]=0x7ffbfeff, sa_flags=0x10000004
SIGFPE: [libjvm.so+0x7f0180], sa_mask[0]=0x7ffbfeff, sa_flags=0x10000004
SIGPIPE: [libjvm.so+0x7f0180], sa_mask[0]=0x7ffbfeff, sa_flags=0x10000004
SIGXFSZ: [libjvm.so+0x7f0180], sa_mask[0]=0x7ffbfeff, sa_flags=0x10000004
SIGILL: [libjvm.so+0x7f0180], sa_mask[0]=0x7ffbfeff, sa_flags=0x10000004
SIGUSR1: SIG_DFL, sa_mask[0]=0x00000000, sa_flags=0x00000000
SIGUSR2: [libjvm.so+0x7f0000], sa_mask[0]=0x00000004, sa_flags=0x10000004
SIGHUP: [libjvm.so+0x7f0200], sa_mask[0]=0x7ffbfeff, sa_flags=0x10000004
SIGINT: [libjvm.so+0x7f0200], sa_mask[0]=0x7ffbfeff, sa_flags=0x10000004
SIGTERM: [libjvm.so+0x7f0200], sa_mask[0]=0x7ffbfeff, sa_flags=0x10000004
SIGQUIT: [libjvm.so+0x7f0200], sa_mask[0]=0x7ffbfeff, sa_flags=0x10000004
SIGTRAP: SIG_DFL, sa_mask[0]=0x00000000, sa_flags=0x00000000


---------------  S Y S T E M  ---------------

OS:Ubuntu 14.10 (utopic)
uname:Linux 3.16.0-23-generic #31-Ubuntu SMP Tue Oct 21 17:56:17 UTC 2014 x86_64
libc:glibc 2.19 NPTL 2.19 
rlimit: STACK 8192k, CORE 0k, NPROC 31440, NOFILE 4096, AS infinity
load average:0.46 0.31 0.25

/proc/meminfo:
MemTotal:        8070928 kB
MemFree:         5287268 kB
MemAvailable:    6031584 kB
Buffers:           66204 kB
Cached:          1338204 kB
SwapCached:            0 kB
Active:          1635012 kB
Inactive:         905936 kB
Active(anon):    1144988 kB
Inactive(anon):   521000 kB
Active(file):     490024 kB
Inactive(file):   384936 kB
Unevictable:           0 kB
Mlocked:               0 kB
SwapTotal:       7811068 kB
SwapFree:        7811068 kB
Dirty:                28 kB
Writeback:             0 kB
AnonPages:       1136812 kB
Mapped:           368748 kB
Shmem:            529452 kB
Slab:             110760 kB
SReclaimable:      76596 kB
SUnreclaim:        34164 kB
KernelStack:        7984 kB
PageTables:        35816 kB
NFS_Unstable:          0 kB
Bounce:                0 kB
WritebackTmp:          0 kB
CommitLimit:    11846532 kB
Committed_AS:    4810188 kB
VmallocTotal:   34359738367 kB
VmallocUsed:      557672 kB
VmallocChunk:   34359084440 kB
HardwareCorrupted:     0 kB
AnonHugePages:    651264 kB
HugePages_Total:       0
HugePages_Free:        0
HugePages_Rsvd:        0
HugePages_Surp:        0
Hugepagesize:       2048 kB
DirectMap4k:       62976 kB
DirectMap2M:     2977792 kB
DirectMap1G:     5242880 kB


CPU:total 4 (2 cores per cpu, 2 threads per core) family 6 model 69 stepping 1, cmov, cx8, fxsr, mmx, sse, sse2, sse3, ssse3, sse4.1, sse4.2, popcnt, avx, avx2, aes, erms, ht, tsc, tscinvbit

/proc/cpuinfo:
processor	: 0
vendor_id	: GenuineIntel
cpu family	: 6
model		: 69
model name	: Intel(R) Core(TM) i5-4300U CPU @ 1.90GHz
stepping	: 1
microcode	: 0x1c
cpu MHz		: 2608.984
cache size	: 3072 KB
physical id	: 0
siblings	: 4
core id		: 0
cpu cores	: 2
apicid		: 0
initial apicid	: 0
fpu		: yes
fpu_exception	: yes
cpuid level	: 13
wp		: yes
flags		: fpu vme de pse tsc msr pae mce cx8 apic sep mtrr pge mca cmov pat pse36 clflush dts acpi mmx fxsr sse sse2 ss ht tm pbe syscall nx pdpe1gb rdtscp lm constant_tsc arch_perfmon pebs bts rep_good nopl xtopology nonstop_tsc aperfmperf eagerfpu pni pclmulqdq dtes64 monitor ds_cpl vmx smx est tm2 ssse3 fma cx16 xtpr pdcm pcid sse4_1 sse4_2 x2apic movbe popcnt tsc_deadline_timer aes xsave avx f16c rdrand lahf_lm abm ida arat epb xsaveopt pln pts dtherm tpr_shadow vnmi flexpriority ept vpid fsgsbase tsc_adjust bmi1 avx2 smep bmi2 erms invpcid
bogomips	: 4988.31
clflush size	: 64
cache_alignment	: 64
address sizes	: 39 bits physical, 48 bits virtual
power management:

processor	: 1
vendor_id	: GenuineIntel
cpu family	: 6
model		: 69
model name	: Intel(R) Core(TM) i5-4300U CPU @ 1.90GHz
stepping	: 1
microcode	: 0x1c
cpu MHz		: 2793.359
cache size	: 3072 KB
physical id	: 0
siblings	: 4
core id		: 0
cpu cores	: 2
apicid		: 1
initial apicid	: 1
fpu		: yes
fpu_exception	: yes
cpuid level	: 13
wp		: yes
flags		: fpu vme de pse tsc msr pae mce cx8 apic sep mtrr pge mca cmov pat pse36 clflush dts acpi mmx fxsr sse sse2 ss ht tm pbe syscall nx pdpe1gb rdtscp lm constant_tsc arch_perfmon pebs bts rep_good nopl xtopology nonstop_tsc aperfmperf eagerfpu pni pclmulqdq dtes64 monitor ds_cpl vmx smx est tm2 ssse3 fma cx16 xtpr pdcm pcid sse4_1 sse4_2 x2apic movbe popcnt tsc_deadline_timer aes xsave avx f16c rdrand lahf_lm abm ida arat epb xsaveopt pln pts dtherm tpr_shadow vnmi flexpriority ept vpid fsgsbase tsc_adjust bmi1 avx2 smep bmi2 erms invpcid
bogomips	: 4988.31
clflush size	: 64
cache_alignment	: 64
address sizes	: 39 bits physical, 48 bits virtual
power management:

processor	: 2
vendor_id	: GenuineIntel
cpu family	: 6
model		: 69
model name	: Intel(R) Core(TM) i5-4300U CPU @ 1.90GHz
stepping	: 1
microcode	: 0x1c
cpu MHz		: 2600.000
cache size	: 3072 KB
physical id	: 0
siblings	: 4
core id		: 1
cpu cores	: 2
apicid		: 2
initial apicid	: 2
fpu		: yes
fpu_exception	: yes
cpuid level	: 13
wp		: yes
flags		: fpu vme de pse tsc msr pae mce cx8 apic sep mtrr pge mca cmov pat pse36 clflush dts acpi mmx fxsr sse sse2 ss ht tm pbe syscall nx pdpe1gb rdtscp lm constant_tsc arch_perfmon pebs bts rep_good nopl xtopology nonstop_tsc aperfmperf eagerfpu pni pclmulqdq dtes64 monitor ds_cpl vmx smx est tm2 ssse3 fma cx16 xtpr pdcm pcid sse4_1 sse4_2 x2apic movbe popcnt tsc_deadline_timer aes xsave avx f16c rdrand lahf_lm abm ida arat epb xsaveopt pln pts dtherm tpr_shadow vnmi flexpriority ept vpid fsgsbase tsc_adjust bmi1 avx2 smep bmi2 erms invpcid
bogomips	: 4988.31
clflush size	: 64
cache_alignment	: 64
address sizes	: 39 bits physical, 48 bits virtual
power management:

processor	: 3
vendor_id	: GenuineIntel
cpu family	: 6
model		: 69
model name	: Intel(R) Core(TM) i5-4300U CPU @ 1.90GHz
stepping	: 1
microcode	: 0x1c
cpu MHz		: 2600.292
cache size	: 3072 KB
physical id	: 0
siblings	: 4
core id		: 1
cpu cores	: 2
apicid		: 3
initial apicid	: 3
fpu		: yes
fpu_exception	: yes
cpuid level	: 13
wp		: yes
flags		: fpu vme de pse tsc msr pae mce cx8 apic sep mtrr pge mca cmov pat pse36 clflush dts acpi mmx fxsr sse sse2 ss ht tm pbe syscall nx pdpe1gb rdtscp lm constant_tsc arch_perfmon pebs bts rep_good nopl xtopology nonstop_tsc aperfmperf eagerfpu pni pclmulqdq dtes64 monitor ds_cpl vmx smx est tm2 ssse3 fma cx16 xtpr pdcm pcid sse4_1 sse4_2 x2apic movbe popcnt tsc_deadline_timer aes xsave avx f16c rdrand lahf_lm abm ida arat epb xsaveopt pln pts dtherm tpr_shadow vnmi flexpriority ept vpid fsgsbase tsc_adjust bmi1 avx2 smep bmi2 erms invpcid
bogomips	: 4988.31
clflush size	: 64
cache_alignment	: 64
address sizes	: 39 bits physical, 48 bits virtual
power management:



Memory: 4k page, physical 8070928k(5287268k free), swap 7811068k(7811068k free)

vm_info: OpenJDK 64-Bit Server VM (24.79-b02) for linux-amd64 JRE (1.7.0_79-b14), built on Apr 16 2015 08:25:58 by "buildd" with gcc 4.9.1

time: Tue Jun  9 13:55:55 2015
elapsed time: 0 seconds

