#
# A fatal error has been detected by the Java Runtime Environment:
#
#  Internal Error (javaClasses.cpp:139), pid=5600, tid=140583654467328
#  fatal error: Invalid layout of preloaded class
#
# JRE version:  (7.0_79-b14) (build )
# Java VM: OpenJDK 64-Bit Server VM (24.79-b02 mixed mode linux-amd64 compressed oops)
# Derivative: IcedTea 2.5.5
# Distribution: Ubuntu 14.10, package 7u79-2.5.5-0ubuntu0.14.10.2
# Failed to write core dump. Core dumps have been disabled. To enable core dumping, try "ulimit -c unlimited" before starting Java again
#
# If you would like to submit a bug report, please include
# instructions on how to reproduce the bug and visit:
#   http://icedtea.classpath.org/bugzilla
#

---------------  T H R E A D  ---------------

Current thread (0x00007fdc2800a800):  JavaThread "Unknown thread" [_thread_in_vm, id=5601, stack(0x00007fdc2eb92000,0x00007fdc2ec93000)]

Stack: [0x00007fdc2eb92000,0x00007fdc2ec93000],  sp=0x00007fdc2ec91900,  free space=1022k
Native frames: (J=compiled Java code, j=interpreted, Vv=VM code, C=native code)
V  [libjvm.so+0x982c56]  VMError::report_and_die()+0x186
V  [libjvm.so+0x48fa52]  report_fatal(char const*, int, char const*)+0x62
V  [libjvm.so+0x5fd25f]  compute_offset(int&, klassOopDesc*, Symbol*, Symbol*, bool) [clone .constprop.61]+0xcf
V  [libjvm.so+0x5fd346]  java_lang_String::compute_offsets()+0x36
V  [libjvm.so+0x9003ac]  SystemDictionary::initialize_preloaded_classes(Thread*)+0xdc
V  [libjvm.so+0x94bb68]  Universe::genesis(Thread*)+0x468
V  [libjvm.so+0x94c173]  universe2_init()+0x33
V  [libjvm.so+0x5b0228]  init_globals()+0xb8
V  [libjvm.so+0x92d73f]  Threads::create_vm(JavaVMInitArgs*, bool*)+0x36f
V  [libjvm.so+0x61f2d0]  JNI_CreateJavaVM+0x60
C  [libjli.so+0x2b8e]


---------------  P R O C E S S  ---------------

Java Threads: ( => current thread )

Other Threads:

=>0x00007fdc2800a800 (exited) JavaThread "Unknown thread" [_thread_in_vm, id=5601, stack(0x00007fdc2eb92000,0x00007fdc2ec93000)]

VM state:not at safepoint (not fully initialized)

VM Mutex/Monitor currently owned by a thread: None

GC Heap History (0 events):
No events

Deoptimization events (0 events):
No events

Internal exceptions (0 events):
No events

Events (10 events):
Event: 0.010 loading class 0x00007fdc1f4a0710 done
Event: 0.010 loading class 0x00007fdc1f4a0110 done
Event: 0.010 loading class 0x00007fdc1f4a00f0
Event: 0.010 loading class 0x00007fdc1f4a81e0
Event: 0.010 loading class 0x00007fdc1f4a81e0 done
Event: 0.010 loading class 0x00007fdc1f4a8210
Event: 0.010 loading class 0x00007fdc1f4a8210 done
Event: 0.010 loading class 0x00007fdc1f4a8240
Event: 0.010 loading class 0x00007fdc1f4a8240 done
Event: 0.010 loading class 0x00007fdc1f4a00f0 done


Dynamic libraries:
00400000-00401000 r-xp 00000000 08:05 298468                             /usr/lib/jvm/java-7-openjdk-amd64/jre/bin/java
00600000-00601000 r--p 00000000 08:05 298468                             /usr/lib/jvm/java-7-openjdk-amd64/jre/bin/java
00601000-00602000 rw-p 00001000 08:05 298468                             /usr/lib/jvm/java-7-openjdk-amd64/jre/bin/java
014a3000-014c4000 rw-p 00000000 00:00 0                                  [heap]
77a600000-77bb00000 rw-p 00000000 00:00 0 
77bb00000-784c00000 rw-p 00000000 00:00 0 
784c00000-789e00000 rw-p 00000000 00:00 0 
789e00000-7d6e80000 rw-p 00000000 00:00 0 
7d6e80000-7d9800000 rw-p 00000000 00:00 0 
7d9800000-800000000 rw-p 00000000 00:00 0 
7fdc10000000-7fdc10021000 rw-p 00000000 00:00 0 
7fdc10021000-7fdc14000000 ---p 00000000 00:00 0 
7fdc14000000-7fdc14021000 rw-p 00000000 00:00 0 
7fdc14021000-7fdc18000000 ---p 00000000 00:00 0 
7fdc18000000-7fdc18021000 rw-p 00000000 00:00 0 
7fdc18021000-7fdc1c000000 ---p 00000000 00:00 0 
7fdc1f0fb000-7fdc1f334000 rw-p 00000000 00:00 0 
7fdc1f334000-7fdc1f42a000 r--s 017b0000 08:07 1464546                    /home/joe/Documents/OCR Project/Android/Sdk/platforms/android-21/android.jar
7fdc1f42a000-7fdc23bf8000 rw-p 00000000 00:00 0 
7fdc23bf8000-7fdc23bf9000 ---p 00000000 00:00 0 
7fdc23bf9000-7fdc23cf9000 rw-p 00000000 00:00 0                          [stack:5605]
7fdc23cf9000-7fdc23cfa000 ---p 00000000 00:00 0 
7fdc23cfa000-7fdc23dfa000 rw-p 00000000 00:00 0                          [stack:5604]
7fdc23dfa000-7fdc23dfb000 ---p 00000000 00:00 0 
7fdc23dfb000-7fdc23f24000 rw-p 00000000 00:00 0                          [stack:5603]
7fdc23f24000-7fdc2418d000 rw-p 00000000 00:00 0 
7fdc2418d000-7fdc24198000 rw-p 00000000 00:00 0 
7fdc24198000-7fdc241e0000 rw-p 00000000 00:00 0 
7fdc241e0000-7fdc24209000 rw-p 00000000 00:00 0 
7fdc24209000-7fdc24471000 rw-p 00000000 00:00 0 
7fdc24471000-7fdc24486000 rw-p 00000000 00:00 0 
7fdc24486000-7fdc245ba000 rw-p 00000000 00:00 0 
7fdc245ba000-7fdc245bb000 rw-p 00000000 00:00 0 
7fdc245bb000-7fdc2482b000 rwxp 00000000 00:00 0 
7fdc2482b000-7fdc275bb000 rw-p 00000000 00:00 0 
7fdc275bb000-7fdc275c3000 r-xp 00000000 08:05 298496                     /usr/lib/jvm/java-7-openjdk-amd64/jre/lib/amd64/libzip.so
7fdc275c3000-7fdc277c2000 ---p 00008000 08:05 298496                     /usr/lib/jvm/java-7-openjdk-amd64/jre/lib/amd64/libzip.so
7fdc277c2000-7fdc277c3000 r--p 00007000 08:05 298496                     /usr/lib/jvm/java-7-openjdk-amd64/jre/lib/amd64/libzip.so
7fdc277c3000-7fdc277c4000 rw-p 00008000 08:05 298496                     /usr/lib/jvm/java-7-openjdk-amd64/jre/lib/amd64/libzip.so
7fdc277c4000-7fdc277cf000 r-xp 00000000 08:05 19316                      /lib/x86_64-linux-gnu/libnss_files-2.19.so
7fdc277cf000-7fdc279ce000 ---p 0000b000 08:05 19316                      /lib/x86_64-linux-gnu/libnss_files-2.19.so
7fdc279ce000-7fdc279cf000 r--p 0000a000 08:05 19316                      /lib/x86_64-linux-gnu/libnss_files-2.19.so
7fdc279cf000-7fdc279d0000 rw-p 0000b000 08:05 19316                      /lib/x86_64-linux-gnu/libnss_files-2.19.so
7fdc279d0000-7fdc279db000 r-xp 00000000 08:05 19318                      /lib/x86_64-linux-gnu/libnss_nis-2.19.so
7fdc279db000-7fdc27bda000 ---p 0000b000 08:05 19318                      /lib/x86_64-linux-gnu/libnss_nis-2.19.so
7fdc27bda000-7fdc27bdb000 r--p 0000a000 08:05 19318                      /lib/x86_64-linux-gnu/libnss_nis-2.19.so
7fdc27bdb000-7fdc27bdc000 rw-p 0000b000 08:05 19318                      /lib/x86_64-linux-gnu/libnss_nis-2.19.so
7fdc27bdc000-7fdc27bf3000 r-xp 00000000 08:05 19302                      /lib/x86_64-linux-gnu/libnsl-2.19.so
7fdc27bf3000-7fdc27df2000 ---p 00017000 08:05 19302                      /lib/x86_64-linux-gnu/libnsl-2.19.so
7fdc27df2000-7fdc27df3000 r--p 00016000 08:05 19302                      /lib/x86_64-linux-gnu/libnsl-2.19.so
7fdc27df3000-7fdc27df4000 rw-p 00017000 08:05 19302                      /lib/x86_64-linux-gnu/libnsl-2.19.so
7fdc27df4000-7fdc27df6000 rw-p 00000000 00:00 0 
7fdc27df6000-7fdc27dff000 r-xp 00000000 08:05 19303                      /lib/x86_64-linux-gnu/libnss_compat-2.19.so
7fdc27dff000-7fdc27ffe000 ---p 00009000 08:05 19303                      /lib/x86_64-linux-gnu/libnss_compat-2.19.so
7fdc27ffe000-7fdc27fff000 r--p 00008000 08:05 19303                      /lib/x86_64-linux-gnu/libnss_compat-2.19.so
7fdc27fff000-7fdc28000000 rw-p 00009000 08:05 19303                      /lib/x86_64-linux-gnu/libnss_compat-2.19.so
7fdc28000000-7fdc28057000 rw-p 00000000 00:00 0 
7fdc28057000-7fdc2c000000 ---p 00000000 00:00 0 
7fdc2c002000-7fdc2c07f000 rw-p 00000000 00:00 0 
7fdc2c07f000-7fdc2c080000 ---p 00000000 00:00 0 
7fdc2c080000-7fdc2c18b000 rw-p 00000000 00:00 0                          [stack:5602]
7fdc2c18b000-7fdc2c1d3000 rw-p 00000000 00:00 0 
7fdc2c1d3000-7fdc2c200000 r-xp 00000000 08:05 298506                     /usr/lib/jvm/java-7-openjdk-amd64/jre/lib/amd64/libjava.so
7fdc2c200000-7fdc2c3ff000 ---p 0002d000 08:05 298506                     /usr/lib/jvm/java-7-openjdk-amd64/jre/lib/amd64/libjava.so
7fdc2c3ff000-7fdc2c400000 r--p 0002c000 08:05 298506                     /usr/lib/jvm/java-7-openjdk-amd64/jre/lib/amd64/libjava.so
7fdc2c400000-7fdc2c402000 rw-p 0002d000 08:05 298506                     /usr/lib/jvm/java-7-openjdk-amd64/jre/lib/amd64/libjava.so
7fdc2c402000-7fdc2c413000 r-xp 00000000 08:05 298509                     /usr/lib/jvm/java-7-openjdk-amd64/jre/lib/amd64/libverify.so
7fdc2c413000-7fdc2c612000 ---p 00011000 08:05 298509                     /usr/lib/jvm/java-7-openjdk-amd64/jre/lib/amd64/libverify.so
7fdc2c612000-7fdc2c614000 r--p 00010000 08:05 298509                     /usr/lib/jvm/java-7-openjdk-amd64/jre/lib/amd64/libverify.so
7fdc2c614000-7fdc2c615000 rw-p 00012000 08:05 298509                     /usr/lib/jvm/java-7-openjdk-amd64/jre/lib/amd64/libverify.so
7fdc2c615000-7fdc2c61c000 r-xp 00000000 08:05 19319                      /lib/x86_64-linux-gnu/librt-2.19.so
7fdc2c61c000-7fdc2c81b000 ---p 00007000 08:05 19319                      /lib/x86_64-linux-gnu/librt-2.19.so
7fdc2c81b000-7fdc2c81c000 r--p 00006000 08:05 19319                      /lib/x86_64-linux-gnu/librt-2.19.so
7fdc2c81c000-7fdc2c81d000 rw-p 00007000 08:05 19319                      /lib/x86_64-linux-gnu/librt-2.19.so
7fdc2c81d000-7fdc2c833000 r-xp 00000000 08:05 5486                       /lib/x86_64-linux-gnu/libgcc_s.so.1
7fdc2c833000-7fdc2ca32000 ---p 00016000 08:05 5486                       /lib/x86_64-linux-gnu/libgcc_s.so.1
7fdc2ca32000-7fdc2ca33000 r--p 00015000 08:05 5486                       /lib/x86_64-linux-gnu/libgcc_s.so.1
7fdc2ca33000-7fdc2ca34000 rw-p 00016000 08:05 5486                       /lib/x86_64-linux-gnu/libgcc_s.so.1
7fdc2ca34000-7fdc2cb39000 r-xp 00000000 08:05 19298                      /lib/x86_64-linux-gnu/libm-2.19.so
7fdc2cb39000-7fdc2cd38000 ---p 00105000 08:05 19298                      /lib/x86_64-linux-gnu/libm-2.19.so
7fdc2cd38000-7fdc2cd39000 r--p 00104000 08:05 19298                      /lib/x86_64-linux-gnu/libm-2.19.so
7fdc2cd39000-7fdc2cd3a000 rw-p 00105000 08:05 19298                      /lib/x86_64-linux-gnu/libm-2.19.so
7fdc2cd3a000-7fdc2ce2a000 r-xp 00000000 08:05 275529                     /usr/lib/x86_64-linux-gnu/libstdc++.so.6.0.20
7fdc2ce2a000-7fdc2d02a000 ---p 000f0000 08:05 275529                     /usr/lib/x86_64-linux-gnu/libstdc++.so.6.0.20
7fdc2d02a000-7fdc2d032000 r--p 000f0000 08:05 275529                     /usr/lib/x86_64-linux-gnu/libstdc++.so.6.0.20
7fdc2d032000-7fdc2d034000 rw-p 000f8000 08:05 275529                     /usr/lib/x86_64-linux-gnu/libstdc++.so.6.0.20
7fdc2d034000-7fdc2d049000 rw-p 00000000 00:00 0 
7fdc2d049000-7fdc2db99000 r-xp 00000000 08:05 298521                     /usr/lib/jvm/java-7-openjdk-amd64/jre/lib/amd64/server/libjvm.so
7fdc2db99000-7fdc2dd98000 ---p 00b50000 08:05 298521                     /usr/lib/jvm/java-7-openjdk-amd64/jre/lib/amd64/server/libjvm.so
7fdc2dd98000-7fdc2de37000 r--p 00b4f000 08:05 298521                     /usr/lib/jvm/java-7-openjdk-amd64/jre/lib/amd64/server/libjvm.so
7fdc2de37000-7fdc2de5a000 rw-p 00bee000 08:05 298521                     /usr/lib/jvm/java-7-openjdk-amd64/jre/lib/amd64/server/libjvm.so
7fdc2de5a000-7fdc2de87000 rw-p 00000000 00:00 0 
7fdc2de87000-7fdc2de9f000 r-xp 00000000 08:05 5630                       /lib/x86_64-linux-gnu/libz.so.1.2.8
7fdc2de9f000-7fdc2e09e000 ---p 00018000 08:05 5630                       /lib/x86_64-linux-gnu/libz.so.1.2.8
7fdc2e09e000-7fdc2e09f000 r--p 00017000 08:05 5630                       /lib/x86_64-linux-gnu/libz.so.1.2.8
7fdc2e09f000-7fdc2e0a0000 rw-p 00018000 08:05 5630                       /lib/x86_64-linux-gnu/libz.so.1.2.8
7fdc2e0a0000-7fdc2e0b9000 r-xp 00000000 08:05 19306                      /lib/x86_64-linux-gnu/libpthread-2.19.so
7fdc2e0b9000-7fdc2e2b8000 ---p 00019000 08:05 19306                      /lib/x86_64-linux-gnu/libpthread-2.19.so
7fdc2e2b8000-7fdc2e2b9000 r--p 00018000 08:05 19306                      /lib/x86_64-linux-gnu/libpthread-2.19.so
7fdc2e2b9000-7fdc2e2ba000 rw-p 00019000 08:05 19306                      /lib/x86_64-linux-gnu/libpthread-2.19.so
7fdc2e2ba000-7fdc2e2be000 rw-p 00000000 00:00 0 
7fdc2e2be000-7fdc2e2c1000 r-xp 00000000 08:05 19305                      /lib/x86_64-linux-gnu/libdl-2.19.so
7fdc2e2c1000-7fdc2e4c0000 ---p 00003000 08:05 19305                      /lib/x86_64-linux-gnu/libdl-2.19.so
7fdc2e4c0000-7fdc2e4c1000 r--p 00002000 08:05 19305                      /lib/x86_64-linux-gnu/libdl-2.19.so
7fdc2e4c1000-7fdc2e4c2000 rw-p 00003000 08:05 19305                      /lib/x86_64-linux-gnu/libdl-2.19.so
7fdc2e4c2000-7fdc2e67c000 r-xp 00000000 08:05 19317                      /lib/x86_64-linux-gnu/libc-2.19.so
7fdc2e67c000-7fdc2e87b000 ---p 001ba000 08:05 19317                      /lib/x86_64-linux-gnu/libc-2.19.so
7fdc2e87b000-7fdc2e87f000 r--p 001b9000 08:05 19317                      /lib/x86_64-linux-gnu/libc-2.19.so
7fdc2e87f000-7fdc2e881000 rw-p 001bd000 08:05 19317                      /lib/x86_64-linux-gnu/libc-2.19.so
7fdc2e881000-7fdc2e886000 rw-p 00000000 00:00 0 
7fdc2e886000-7fdc2e893000 r-xp 00000000 08:05 298514                     /usr/lib/jvm/java-7-openjdk-amd64/jre/lib/amd64/jli/libjli.so
7fdc2e893000-7fdc2ea92000 ---p 0000d000 08:05 298514                     /usr/lib/jvm/java-7-openjdk-amd64/jre/lib/amd64/jli/libjli.so
7fdc2ea92000-7fdc2ea93000 r--p 0000c000 08:05 298514                     /usr/lib/jvm/java-7-openjdk-amd64/jre/lib/amd64/jli/libjli.so
7fdc2ea93000-7fdc2ea94000 rw-p 0000d000 08:05 298514                     /usr/lib/jvm/java-7-openjdk-amd64/jre/lib/amd64/jli/libjli.so
7fdc2ea94000-7fdc2eab7000 r-xp 00000000 08:05 19312                      /lib/x86_64-linux-gnu/ld-2.19.so
7fdc2ead2000-7fdc2eadc000 rw-p 00000000 00:00 0 
7fdc2eadc000-7fdc2eb92000 rw-p 00000000 00:00 0 
7fdc2eb92000-7fdc2eb95000 ---p 00000000 00:00 0 
7fdc2eb95000-7fdc2ec98000 rw-p 00000000 00:00 0                          [stack:5601]
7fdc2eca8000-7fdc2ecaa000 rw-p 00000000 00:00 0 
7fdc2ecaa000-7fdc2ecb2000 rw-s 00000000 08:05 24175                      /tmp/hsperfdata_joe/5600
7fdc2ecb2000-7fdc2ecb3000 rw-p 00000000 00:00 0 
7fdc2ecb3000-7fdc2ecb4000 r--p 00000000 00:00 0 
7fdc2ecb4000-7fdc2ecb6000 rw-p 00000000 00:00 0 
7fdc2ecb6000-7fdc2ecb7000 r--p 00022000 08:05 19312                      /lib/x86_64-linux-gnu/ld-2.19.so
7fdc2ecb7000-7fdc2ecb8000 rw-p 00023000 08:05 19312                      /lib/x86_64-linux-gnu/ld-2.19.so
7fdc2ecb8000-7fdc2ecb9000 rw-p 00000000 00:00 0 
7fff5e2b0000-7fff5e2d1000 rw-p 00000000 00:00 0                          [stack]
7fff5e3fc000-7fff5e3fe000 r-xp 00000000 00:00 0                          [vdso]
7fff5e3fe000-7fff5e400000 r--p 00000000 00:00 0                          [vvar]
ffffffffff600000-ffffffffff601000 r-xp 00000000 00:00 0                  [vsyscall]

VM Arguments:
jvm_args: -Dfile.encoding=UTF-8 -Xbootclasspath:/home/joe/Documents/OCR Project/Android/Sdk/platforms/android-21/android.jar:/home/joe/Documents/OCR Project/Android/Sdk/add-ons/addon-google_apis-google-21/libs/effects.jar:/home/joe/Documents/OCR Project/Android/Sdk/add-ons/addon-google_apis-google-21/libs/usb.jar:/home/joe/Documents/OCR Project/Android/Sdk/add-ons/addon-google_apis-google-21/libs/maps.jar 
java_command: com.sf.odometersnap.util.DisjointSets
Launcher Type: SUN_STANDARD

Environment Variables:
PATH=/usr/local/sbin:/usr/local/bin:/usr/sbin:/usr/bin:/sbin:/bin:/usr/games:/usr/local/games
SHELL=/bin/bash
DISPLAY=:0.0

Signal Handlers:
SIGSEGV: [libjvm.so+0x983740], sa_mask[0]=0x7ffbfeff, sa_flags=0x10000004
SIGBUS: [libjvm.so+0x983740], sa_mask[0]=0x7ffbfeff, sa_flags=0x10000004
SIGFPE: [libjvm.so+0x7f0180], sa_mask[0]=0x7ffbfeff, sa_flags=0x10000004
SIGPIPE: [libjvm.so+0x7f0180], sa_mask[0]=0x7ffbfeff, sa_flags=0x10000004
SIGXFSZ: [libjvm.so+0x7f0180], sa_mask[0]=0x7ffbfeff, sa_flags=0x10000004
SIGILL: [libjvm.so+0x7f0180], sa_mask[0]=0x7ffbfeff, sa_flags=0x10000004
SIGUSR1: SIG_DFL, sa_mask[0]=0x00000000, sa_flags=0x00000000
SIGUSR2: [libjvm.so+0x7f0000], sa_mask[0]=0x00000004, sa_flags=0x10000004
SIGHUP: SIG_DFL, sa_mask[0]=0x00000000, sa_flags=0x00000000
SIGINT: SIG_DFL, sa_mask[0]=0x00000000, sa_flags=0x00000000
SIGTERM: SIG_DFL, sa_mask[0]=0x00000000, sa_flags=0x00000000
SIGQUIT: SIG_DFL, sa_mask[0]=0x00000000, sa_flags=0x00000000
SIGTRAP: SIG_DFL, sa_mask[0]=0x00000000, sa_flags=0x00000000


---------------  S Y S T E M  ---------------

OS:Ubuntu 14.10 (utopic)
uname:Linux 3.16.0-23-generic #31-Ubuntu SMP Tue Oct 21 17:56:17 UTC 2014 x86_64
libc:glibc 2.19 NPTL 2.19 
rlimit: STACK 8192k, CORE 0k, NPROC 31440, NOFILE 4096, AS infinity
load average:0.50 0.51 0.46

/proc/meminfo:
MemTotal:        8070928 kB
MemFree:         5129936 kB
MemAvailable:    6318580 kB
Buffers:          258448 kB
Cached:          1324716 kB
SwapCached:            0 kB
Active:          1918524 kB
Inactive:         729716 kB
Active(anon):    1077916 kB
Inactive(anon):   284808 kB
Active(file):     840608 kB
Inactive(file):   444908 kB
Unevictable:           0 kB
Mlocked:               0 kB
SwapTotal:       7811068 kB
SwapFree:        7811068 kB
Dirty:               120 kB
Writeback:             0 kB
AnonPages:       1065040 kB
Mapped:           289116 kB
Shmem:            297656 kB
Slab:             175720 kB
SReclaimable:     144140 kB
SUnreclaim:        31580 kB
KernelStack:        6672 kB
PageTables:        25220 kB
NFS_Unstable:          0 kB
Bounce:                0 kB
WritebackTmp:          0 kB
CommitLimit:    11846532 kB
Committed_AS:    3770228 kB
VmallocTotal:   34359738367 kB
VmallocUsed:      556296 kB
VmallocChunk:   34359161848 kB
HardwareCorrupted:     0 kB
AnonHugePages:    778240 kB
HugePages_Total:       0
HugePages_Free:        0
HugePages_Rsvd:        0
HugePages_Surp:        0
Hugepagesize:       2048 kB
DirectMap4k:       81408 kB
DirectMap2M:     4007936 kB
DirectMap1G:     4194304 kB


CPU:total 4 (2 cores per cpu, 2 threads per core) family 6 model 69 stepping 1, cmov, cx8, fxsr, mmx, sse, sse2, sse3, ssse3, sse4.1, sse4.2, popcnt, avx, avx2, aes, erms, ht, tsc, tscinvbit

/proc/cpuinfo:
processor	: 0
vendor_id	: GenuineIntel
cpu family	: 6
model		: 69
model name	: Intel(R) Core(TM) i5-4300U CPU @ 1.90GHz
stepping	: 1
microcode	: 0x1c
cpu MHz		: 2600.000
cache size	: 3072 KB
physical id	: 0
siblings	: 4
core id		: 0
cpu cores	: 2
apicid		: 0
initial apicid	: 0
fpu		: yes
fpu_exception	: yes
cpuid level	: 13
wp		: yes
flags		: fpu vme de pse tsc msr pae mce cx8 apic sep mtrr pge mca cmov pat pse36 clflush dts acpi mmx fxsr sse sse2 ss ht tm pbe syscall nx pdpe1gb rdtscp lm constant_tsc arch_perfmon pebs bts rep_good nopl xtopology nonstop_tsc aperfmperf eagerfpu pni pclmulqdq dtes64 monitor ds_cpl vmx smx est tm2 ssse3 fma cx16 xtpr pdcm pcid sse4_1 sse4_2 x2apic movbe popcnt tsc_deadline_timer aes xsave avx f16c rdrand lahf_lm abm ida arat epb xsaveopt pln pts dtherm tpr_shadow vnmi flexpriority ept vpid fsgsbase tsc_adjust bmi1 avx2 smep bmi2 erms invpcid
bogomips	: 4988.19
clflush size	: 64
cache_alignment	: 64
address sizes	: 39 bits physical, 48 bits virtual
power management:

processor	: 1
vendor_id	: GenuineIntel
cpu family	: 6
model		: 69
model name	: Intel(R) Core(TM) i5-4300U CPU @ 1.90GHz
stepping	: 1
microcode	: 0x1c
cpu MHz		: 2600.000
cache size	: 3072 KB
physical id	: 0
siblings	: 4
core id		: 0
cpu cores	: 2
apicid		: 1
initial apicid	: 1
fpu		: yes
fpu_exception	: yes
cpuid level	: 13
wp		: yes
flags		: fpu vme de pse tsc msr pae mce cx8 apic sep mtrr pge mca cmov pat pse36 clflush dts acpi mmx fxsr sse sse2 ss ht tm pbe syscall nx pdpe1gb rdtscp lm constant_tsc arch_perfmon pebs bts rep_good nopl xtopology nonstop_tsc aperfmperf eagerfpu pni pclmulqdq dtes64 monitor ds_cpl vmx smx est tm2 ssse3 fma cx16 xtpr pdcm pcid sse4_1 sse4_2 x2apic movbe popcnt tsc_deadline_timer aes xsave avx f16c rdrand lahf_lm abm ida arat epb xsaveopt pln pts dtherm tpr_shadow vnmi flexpriority ept vpid fsgsbase tsc_adjust bmi1 avx2 smep bmi2 erms invpcid
bogomips	: 4988.19
clflush size	: 64
cache_alignment	: 64
address sizes	: 39 bits physical, 48 bits virtual
power management:

processor	: 2
vendor_id	: GenuineIntel
cpu family	: 6
model		: 69
model name	: Intel(R) Core(TM) i5-4300U CPU @ 1.90GHz
stepping	: 1
microcode	: 0x1c
cpu MHz		: 2600.585
cache size	: 3072 KB
physical id	: 0
siblings	: 4
core id		: 1
cpu cores	: 2
apicid		: 2
initial apicid	: 2
fpu		: yes
fpu_exception	: yes
cpuid level	: 13
wp		: yes
flags		: fpu vme de pse tsc msr pae mce cx8 apic sep mtrr pge mca cmov pat pse36 clflush dts acpi mmx fxsr sse sse2 ss ht tm pbe syscall nx pdpe1gb rdtscp lm constant_tsc arch_perfmon pebs bts rep_good nopl xtopology nonstop_tsc aperfmperf eagerfpu pni pclmulqdq dtes64 monitor ds_cpl vmx smx est tm2 ssse3 fma cx16 xtpr pdcm pcid sse4_1 sse4_2 x2apic movbe popcnt tsc_deadline_timer aes xsave avx f16c rdrand lahf_lm abm ida arat epb xsaveopt pln pts dtherm tpr_shadow vnmi flexpriority ept vpid fsgsbase tsc_adjust bmi1 avx2 smep bmi2 erms invpcid
bogomips	: 4988.19
clflush size	: 64
cache_alignment	: 64
address sizes	: 39 bits physical, 48 bits virtual
power management:

processor	: 3
vendor_id	: GenuineIntel
cpu family	: 6
model		: 69
model name	: Intel(R) Core(TM) i5-4300U CPU @ 1.90GHz
stepping	: 1
microcode	: 0x1c
cpu MHz		: 2600.488
cache size	: 3072 KB
physical id	: 0
siblings	: 4
core id		: 1
cpu cores	: 2
apicid		: 3
initial apicid	: 3
fpu		: yes
fpu_exception	: yes
cpuid level	: 13
wp		: yes
flags		: fpu vme de pse tsc msr pae mce cx8 apic sep mtrr pge mca cmov pat pse36 clflush dts acpi mmx fxsr sse sse2 ss ht tm pbe syscall nx pdpe1gb rdtscp lm constant_tsc arch_perfmon pebs bts rep_good nopl xtopology nonstop_tsc aperfmperf eagerfpu pni pclmulqdq dtes64 monitor ds_cpl vmx smx est tm2 ssse3 fma cx16 xtpr pdcm pcid sse4_1 sse4_2 x2apic movbe popcnt tsc_deadline_timer aes xsave avx f16c rdrand lahf_lm abm ida arat epb xsaveopt pln pts dtherm tpr_shadow vnmi flexpriority ept vpid fsgsbase tsc_adjust bmi1 avx2 smep bmi2 erms invpcid
bogomips	: 4988.19
clflush size	: 64
cache_alignment	: 64
address sizes	: 39 bits physical, 48 bits virtual
power management:



Memory: 4k page, physical 8070928k(5129936k free), swap 7811068k(7811068k free)

vm_info: OpenJDK 64-Bit Server VM (24.79-b02) for linux-amd64 JRE (1.7.0_79-b14), built on Apr 16 2015 08:25:58 by "buildd" with gcc 4.9.1

time: Thu May 28 14:53:24 2015
elapsed time: 0 seconds

